#
# There is insufficient memory for the Java Runtime Environment to continue.
# Native memory allocation (mmap) failed to map 38797312 bytes for Failed to commit area from 0x000000008b700000 to 0x000000008dc00000 of length 38797312.
# Possible reasons:
#   The system is out of physical RAM or swap space
#   The process is running with CompressedOops enabled, and the Java Heap may be blocking the growth of the native heap
# Possible solutions:
#   Reduce memory load on the system
#   Increase physical memory or swap space
#   Check if swap backing store is full
#   Decrease Java heap size (-Xmx/-Xms)
#   Decrease number of Java threads
#   Decrease Java thread stack sizes (-Xss)
#   Set larger code cache with -XX:ReservedCodeCacheSize=
#   JVM is running with Unscaled Compressed Oops mode in which the Java heap is
#     placed in the first 4GB address space. The Java Heap base address is the
#     maximum limit for the native heap growth. Please use -XX:HeapBaseMinAddress
#     to set the Java Heap base and to place the Java Heap above 4GB virtual address.
# This output file may be truncated or incomplete.
#
#  Out of Memory Error (./src/hotspot/os/windows/os_windows.cpp:3303), pid=5832, tid=7044
#
# JRE version: OpenJDK Runtime Environment (11.0.8+10) (build 11.0.8+10-b944.6842174)
# Java VM: OpenJDK 64-Bit Server VM (11.0.8+10-b944.6842174, mixed mode, tiered, compressed oops, g1 gc, windows-amd64)
# No core dump will be written. Minidumps are not enabled by default on client versions of Windows
#

---------------  S U M M A R Y ------------

Command Line: --add-opens=java.base/java.util=ALL-UNNAMED --add-opens=java.base/java.lang=ALL-UNNAMED --add-opens=java.base/java.lang.invoke=ALL-UNNAMED --add-opens=java.prefs/java.util.prefs=ALL-UNNAMED -Xmx2048m -Dfile.encoding=UTF-8 -Duser.country=RU -Duser.language=ru -Duser.variant org.gradle.launcher.daemon.bootstrap.GradleDaemon 6.5

Host: Intel(R) Core(TM) i7-1065G7 CPU @ 1.30GHz, 8 cores, 7G,  Windows 10 , 64 bit Build 18362 (10.0.18362.329)
Time: Sun May 30 08:35:22 2021 Caiaaiay Acey (ceia) elapsed time: 21 seconds (0d 0h 0m 21s)

---------------  T H R E A D  ---------------

Current thread (0x000001ba8060d000):  VMThread "VM Thread" [stack: 0x0000009a57000000,0x0000009a57100000] [id=7044]

Stack: [0x0000009a57000000,0x0000009a57100000]
[error occurred during error reporting (printing stack bounds), id 0xc0000005, EXCEPTION_ACCESS_VIOLATION (0xc0000005) at pc=0x000001bae9bc0f67]

Native frames: (J=compiled Java code, j=interpreted, Vv=VM code, C=native code)
V  [jvm.dll+0x5de50a]
V  [jvm.dll+0x7122f5]
V  [jvm.dll+0x71384d]
V  [jvm.dll+0x713e65]
V  [jvm.dll+0x713e1b]
V  [jvm.dll+0x5dd958]
V  [jvm.dll+0x5de0f8]
C  [ntdll.dll+0xa11ff]
C  [ntdll.dll+0x6a289]
C  [ntdll.dll+0x9fe6e]
C  0x000001bae9bc0f67

VM_Operation (0x0000009a60bfdfe0): G1CollectForAllocation, mode: safepoint, requested by thread 0x000001ba83c04800


---------------  P R O C E S S  ---------------

Threads class SMR info:
_java_thread_list=0x000001ba867654a0, length=146, elements={
0x000001bae6249000, 0x000001ba80610000, 0x000001ba80613800, 0x000001ba8062e000,
0x000001ba80630000, 0x000001ba80631000, 0x000001ba80636000, 0x000001ba80f82800,
0x000001ba810e8800, 0x000001ba8112a000, 0x000001ba823d9000, 0x000001ba830b9800,
0x000001ba82089800, 0x000001ba8237a800, 0x000001ba8237b800, 0x000001ba83150000,
0x000001ba81d7f800, 0x000001ba8313c000, 0x000001ba82596000, 0x000001ba81d81000,
0x000001ba830cd800, 0x000001ba830c8800, 0x000001ba830cb000, 0x000001ba830cd000,
0x000001ba830ce800, 0x000001ba830cf000, 0x000001ba830c9800, 0x000001ba830ca800,
0x000001ba830cc000, 0x000001ba835c5800, 0x000001ba835c9000, 0x000001ba835ca800,
0x000001ba835c6800, 0x000001ba835c5000, 0x000001ba835c9800, 0x000001ba835cd000,
0x000001ba835cb800, 0x000001ba835d1000, 0x000001ba835d2000, 0x000001ba835d0000,
0x000001ba835ce000, 0x000001ba835ce800, 0x000001ba835cc000, 0x000001ba835cf800,
0x000001ba85b91800, 0x000001ba85b8f000, 0x000001ba85b90000, 0x000001ba85b91000,
0x000001ba85b94000, 0x000001ba85b92800, 0x000001ba85b93800, 0x000001ba85b8e800,
0x000001ba85b97800, 0x000001ba85b9a000, 0x000001ba85b99000, 0x000001ba85b9a800,
0x000001ba85b95000, 0x000001ba85b9b800, 0x000001ba85b95800, 0x000001ba85b9c800,
0x000001ba85b98000, 0x000001ba85b96800, 0x000001ba85b9d000, 0x000001ba85b5e800,
0x000001ba85b62000, 0x000001ba85b5f800, 0x000001ba85b5c800, 0x000001ba85b60800,
0x000001ba85b5e000, 0x000001ba85b61000, 0x000001ba85b63000, 0x000001ba85b5d000,
0x000001ba85b67800, 0x000001ba85b69800, 0x000001ba85b68800, 0x000001ba85b63800,
0x000001ba85b66000, 0x000001ba85b6a000, 0x000001ba85b64800, 0x000001ba85b6b000,
0x000001ba85b65800, 0x000001ba85b67000, 0x000001ba85bfa000, 0x000001ba85bf8800,
0x000001ba85bfe000, 0x000001ba85bfb000, 0x000001ba85bff000, 0x000001ba85bf9800,
0x000001ba85c00800, 0x000001ba85c01800, 0x000001ba85bfc000, 0x000001ba85bfd800,
0x000001ba85c02800, 0x000001ba85c00000, 0x000001ba85bfc800, 0x000001ba85c06800,
0x000001ba85c05800, 0x000001ba85c07000, 0x000001ba85c03000, 0x000001ba85c04000,
0x000001ba85c05000, 0x000001ba85b08000, 0x000001ba85b02800, 0x000001ba85b04000,
0x000001ba85b04800, 0x000001ba85b07000, 0x000001ba85b09000, 0x000001ba85b03000,
0x000001ba85b0b800, 0x000001ba85b06800, 0x000001ba85b09800, 0x000001ba85b05800,
0x000001ba85b0d000, 0x000001ba85b0e800, 0x000001ba85b0f800, 0x000001ba85b0d800,
0x000001ba85b10000, 0x000001ba85b0a800, 0x000001ba85b11000, 0x000001ba85b0c000,
0x000001ba856f3800, 0x000001ba856ee800, 0x000001ba856f1000, 0x000001ba856f0000,
0x000001ba856f1800, 0x000001ba856ef000, 0x000001ba856f2800, 0x000001ba856ed800,
0x000001ba856f5000, 0x000001ba856fa000, 0x000001ba856f6000, 0x000001ba856f6800,
0x000001ba856f4000, 0x000001ba856fa800, 0x000001ba856fb800, 0x000001ba856fc800,
0x000001ba83c06000, 0x000001ba83c00800, 0x000001ba83c02000, 0x000001ba83c02800,
0x000001ba834a5000, 0x000001ba89186800, 0x000001ba83c07000, 0x000001ba83c04800,
0x000001ba83c01000, 0x000001ba834e7800
}

Java Threads: ( => current thread )
  0x000001bae6249000 JavaThread "main" [_thread_blocked, id=476, stack(0x0000009a56a00000,0x0000009a56b00000)]
  0x000001ba80610000 JavaThread "Reference Handler" daemon [_thread_blocked, id=4052, stack(0x0000009a57100000,0x0000009a57200000)]
  0x000001ba80613800 JavaThread "Finalizer" daemon [_thread_blocked, id=6948, stack(0x0000009a57200000,0x0000009a57300000)]
  0x000001ba8062e000 JavaThread "Signal Dispatcher" daemon [_thread_blocked, id=7732, stack(0x0000009a57300000,0x0000009a57400000)]
  0x000001ba80630000 JavaThread "Attach Listener" daemon [_thread_blocked, id=9204, stack(0x0000009a57400000,0x0000009a57500000)]
  0x000001ba80631000 JavaThread "C2 CompilerThread0" daemon [_thread_blocked, id=1724, stack(0x0000009a57500000,0x0000009a57600000)]
  0x000001ba80636000 JavaThread "C1 CompilerThread0" daemon [_thread_blocked, id=8872, stack(0x0000009a57600000,0x0000009a57700000)]
  0x000001ba80f82800 JavaThread "Sweeper thread" daemon [_thread_blocked, id=6968, stack(0x0000009a57700000,0x0000009a57800000)]
  0x000001ba810e8800 JavaThread "Common-Cleaner" daemon [_thread_blocked, id=2436, stack(0x0000009a57800000,0x0000009a57900000)]
  0x000001ba8112a000 JavaThread "Service Thread" daemon [_thread_blocked, id=8212, stack(0x0000009a57900000,0x0000009a57a00000)]
  0x000001ba823d9000 JavaThread "Daemon health stats" [_thread_blocked, id=1360, stack(0x0000009a57e00000,0x0000009a57f00000)]
  0x000001ba830b9800 JavaThread "Incoming local TCP Connector on port 54906" [_thread_in_native, id=7176, stack(0x0000009a57b00000,0x0000009a57c00000)]
  0x000001ba82089800 JavaThread "Daemon periodic checks" [_thread_blocked, id=9024, stack(0x0000009a58100000,0x0000009a58200000)]
  0x000001ba8237a800 JavaThread "Daemon" [_thread_blocked, id=8552, stack(0x0000009a58200000,0x0000009a58300000)]
  0x000001ba8237b800 JavaThread "Handler for socket connection from /127.0.0.1:54906 to /127.0.0.1:54907" [_thread_in_native, id=8764, stack(0x0000009a58300000,0x0000009a58400000)]
  0x000001ba83150000 JavaThread "Cancel handler" [_thread_blocked, id=5504, stack(0x0000009a58400000,0x0000009a58500000)]
  0x000001ba81d7f800 JavaThread "Daemon worker" [_thread_blocked, id=3388, stack(0x0000009a58500000,0x0000009a58600000)]
  0x000001ba8313c000 JavaThread "Asynchronous log dispatcher for DefaultDaemonConnection: socket connection from /127.0.0.1:54906 to /127.0.0.1:54907" [_thread_blocked, id=4676, stack(0x0000009a58600000,0x0000009a58700000)]
  0x000001ba82596000 JavaThread "Stdin handler" [_thread_blocked, id=4992, stack(0x0000009a58700000,0x0000009a58800000)]
  0x000001ba81d81000 JavaThread "Thread-8" [_thread_blocked, id=1436, stack(0x0000009a58800000,0x0000009a58900000)]
  0x000001ba830cd800 JavaThread "Cache worker for journal cache (C:\Users\asus\.gradle\caches\journal-1)" [_thread_blocked, id=7128, stack(0x0000009a58e00000,0x0000009a58f00000)]
  0x000001ba830c8800 JavaThread "File lock request listener" [_thread_in_native, id=4952, stack(0x0000009a58f00000,0x0000009a59000000)]
  0x000001ba830cb000 JavaThread "Cache worker for file hash cache (C:\Users\asus\.gradle\caches\6.5\fileHashes)" [_thread_blocked, id=9200, stack(0x0000009a59000000,0x0000009a59100000)]
  0x000001ba830cd000 JavaThread "Cache worker for file hash cache (D:\Android projects\Puzzle15_v1\.gradle\6.5\fileHashes)" [_thread_blocked, id=7288, stack(0x0000009a59300000,0x0000009a59400000)]
  0x000001ba830ce800 JavaThread "Cache worker for checksums cache (D:\Android projects\Puzzle15_v1\.gradle\checksums)" [_thread_blocked, id=3936, stack(0x0000009a59400000,0x0000009a59500000)]
  0x000001ba830cf000 JavaThread "Cache worker for cache directory md-supplier (C:\Users\asus\.gradle\caches\6.5\md-supplier)" [_thread_blocked, id=8852, stack(0x0000009a59500000,0x0000009a59600000)]
  0x000001ba830c9800 JavaThread "Cache worker for cache directory md-rule (C:\Users\asus\.gradle\caches\6.5\md-rule)" [_thread_blocked, id=388, stack(0x0000009a59600000,0x0000009a59700000)]
  0x000001ba830ca800 JavaThread "Cache worker for execution history cache (C:\Users\asus\.gradle\caches\6.5\executionHistory)" [_thread_blocked, id=900, stack(0x0000009a59800000,0x0000009a59900000)]
  0x000001ba830cc000 JavaThread "jar transforms" [_thread_blocked, id=2840, stack(0x0000009a59900000,0x0000009a59a00000)]
  0x000001ba835c5800 JavaThread "Cache worker for file content cache (C:\Users\asus\.gradle\caches\6.5\fileContent)" [_thread_blocked, id=5904, stack(0x0000009a59a00000,0x0000009a59b00000)]
  0x000001ba835c9000 JavaThread "Build operations" [_thread_blocked, id=9096, stack(0x0000009a59b00000,0x0000009a59c00000)]
  0x000001ba835ca800 JavaThread "Build operations Thread 2" [_thread_blocked, id=9008, stack(0x0000009a59c00000,0x0000009a59d00000)]
  0x000001ba835c6800 JavaThread "Build operations Thread 3" [_thread_blocked, id=9092, stack(0x0000009a59d00000,0x0000009a59e00000)]
  0x000001ba835c5000 JavaThread "Build operations Thread 4" [_thread_blocked, id=1732, stack(0x0000009a59e00000,0x0000009a59f00000)]
  0x000001ba835c9800 JavaThread "Build operations Thread 5" [_thread_blocked, id=5288, stack(0x0000009a59f00000,0x0000009a5a000000)]
  0x000001ba835cd000 JavaThread "Build operations Thread 6" [_thread_blocked, id=6344, stack(0x0000009a5a000000,0x0000009a5a100000)]
  0x000001ba835cb800 JavaThread "Build operations Thread 7" [_thread_blocked, id=3024, stack(0x0000009a5a100000,0x0000009a5a200000)]
  0x000001ba835d1000 JavaThread "Build operations Thread 8" [_thread_blocked, id=8848, stack(0x0000009a5a200000,0x0000009a5a300000)]
  0x000001ba835d2000 JavaThread "jar transforms Thread 2" [_thread_blocked, id=1944, stack(0x0000009a5a300000,0x0000009a5a400000)]
  0x000001ba835d0000 JavaThread "jar transforms Thread 3" [_thread_blocked, id=936, stack(0x0000009a5a400000,0x0000009a5a500000)]
  0x000001ba835ce000 JavaThread "jar transforms Thread 4" [_thread_blocked, id=8224, stack(0x0000009a5a500000,0x0000009a5a600000)]
  0x000001ba835ce800 JavaThread "jar transforms Thread 5" [_thread_blocked, id=8216, stack(0x0000009a5a600000,0x0000009a5a700000)]
  0x000001ba835cc000 JavaThread "jar transforms Thread 6" [_thread_blocked, id=4012, stack(0x0000009a5a700000,0x0000009a5a800000)]
  0x000001ba835cf800 JavaThread "jar transforms Thread 7" [_thread_blocked, id=5264, stack(0x0000009a5a800000,0x0000009a5a900000)]
  0x000001ba85b91800 JavaThread "jar transforms Thread 8" [_thread_blocked, id=7512, stack(0x0000009a5a900000,0x0000009a5aa00000)]
  0x000001ba85b8f000 JavaThread "jar transforms Thread 9" [_thread_blocked, id=8892, stack(0x0000009a5aa00000,0x0000009a5ab00000)]
  0x000001ba85b90000 JavaThread "jar transforms Thread 10" [_thread_blocked, id=5764, stack(0x0000009a5ab00000,0x0000009a5ac00000)]
  0x000001ba85b91000 JavaThread "jar transforms Thread 11" [_thread_blocked, id=6888, stack(0x0000009a5ac00000,0x0000009a5ad00000)]
  0x000001ba85b94000 JavaThread "jar transforms Thread 12" [_thread_blocked, id=7712, stack(0x0000009a5ad00000,0x0000009a5ae00000)]
  0x000001ba85b92800 JavaThread "jar transforms Thread 13" [_thread_blocked, id=3080, stack(0x0000009a5ae00000,0x0000009a5af00000)]
  0x000001ba85b93800 JavaThread "jar transforms Thread 14" [_thread_blocked, id=7000, stack(0x0000009a5af00000,0x0000009a5b000000)]
  0x000001ba85b8e800 JavaThread "jar transforms Thread 15" [_thread_blocked, id=2136, stack(0x0000009a5b000000,0x0000009a5b100000)]
  0x000001ba85b97800 JavaThread "jar transforms Thread 16" [_thread_blocked, id=9072, stack(0x0000009a5b100000,0x0000009a5b200000)]
  0x000001ba85b9a000 JavaThread "jar transforms Thread 17" [_thread_blocked, id=7240, stack(0x0000009a5b200000,0x0000009a5b300000)]
  0x000001ba85b99000 JavaThread "jar transforms Thread 18" [_thread_blocked, id=8560, stack(0x0000009a5b300000,0x0000009a5b400000)]
  0x000001ba85b9a800 JavaThread "jar transforms Thread 19" [_thread_blocked, id=7728, stack(0x0000009a5b400000,0x0000009a5b500000)]
  0x000001ba85b95000 JavaThread "jar transforms Thread 20" [_thread_blocked, id=2192, stack(0x0000009a5b500000,0x0000009a5b600000)]
  0x000001ba85b9b800 JavaThread "jar transforms Thread 21" [_thread_blocked, id=7952, stack(0x0000009a5b600000,0x0000009a5b700000)]
  0x000001ba85b95800 JavaThread "jar transforms Thread 22" [_thread_blocked, id=7924, stack(0x0000009a5b700000,0x0000009a5b800000)]
  0x000001ba85b9c800 JavaThread "jar transforms Thread 23" [_thread_blocked, id=128, stack(0x0000009a5b800000,0x0000009a5b900000)]
  0x000001ba85b98000 JavaThread "jar transforms Thread 24" [_thread_blocked, id=5708, stack(0x0000009a5b900000,0x0000009a5ba00000)]
  0x000001ba85b96800 JavaThread "jar transforms Thread 25" [_thread_blocked, id=8396, stack(0x0000009a5ba00000,0x0000009a5bb00000)]
  0x000001ba85b9d000 JavaThread "jar transforms Thread 26" [_thread_blocked, id=7756, stack(0x0000009a5bb00000,0x0000009a5bc00000)]
  0x000001ba85b5e800 JavaThread "jar transforms Thread 27" [_thread_blocked, id=4060, stack(0x0000009a5bc00000,0x0000009a5bd00000)]
  0x000001ba85b62000 JavaThread "jar transforms Thread 28" [_thread_blocked, id=4520, stack(0x0000009a5bd00000,0x0000009a5be00000)]
  0x000001ba85b5f800 JavaThread "jar transforms Thread 29" [_thread_blocked, id=7564, stack(0x0000009a5be00000,0x0000009a5bf00000)]
  0x000001ba85b5c800 JavaThread "jar transforms Thread 30" [_thread_blocked, id=8752, stack(0x0000009a5bf00000,0x0000009a5c000000)]
  0x000001ba85b60800 JavaThread "jar transforms Thread 31" [_thread_blocked, id=9012, stack(0x0000009a5c000000,0x0000009a5c100000)]
  0x000001ba85b5e000 JavaThread "jar transforms Thread 32" [_thread_blocked, id=4608, stack(0x0000009a5c100000,0x0000009a5c200000)]
  0x000001ba85b61000 JavaThread "jar transforms Thread 33" [_thread_blocked, id=8496, stack(0x0000009a5c200000,0x0000009a5c300000)]
  0x000001ba85b63000 JavaThread "jar transforms Thread 34" [_thread_blocked, id=8548, stack(0x0000009a5c300000,0x0000009a5c400000)]
  0x000001ba85b5d000 JavaThread "jar transforms Thread 35" [_thread_blocked, id=2360, stack(0x0000009a5c400000,0x0000009a5c500000)]
  0x000001ba85b67800 JavaThread "jar transforms Thread 36" [_thread_blocked, id=8908, stack(0x0000009a5c500000,0x0000009a5c600000)]
  0x000001ba85b69800 JavaThread "jar transforms Thread 37" [_thread_blocked, id=8592, stack(0x0000009a5c600000,0x0000009a5c700000)]
  0x000001ba85b68800 JavaThread "jar transforms Thread 38" [_thread_blocked, id=6056, stack(0x0000009a5c700000,0x0000009a5c800000)]
  0x000001ba85b63800 JavaThread "jar transforms Thread 39" [_thread_blocked, id=4300, stack(0x0000009a5c800000,0x0000009a5c900000)]
  0x000001ba85b66000 JavaThread "jar transforms Thread 40" [_thread_blocked, id=3360, stack(0x0000009a5c900000,0x0000009a5ca00000)]
  0x000001ba85b6a000 JavaThread "jar transforms Thread 41" [_thread_blocked, id=4668, stack(0x0000009a5ca00000,0x0000009a5cb00000)]
  0x000001ba85b64800 JavaThread "jar transforms Thread 42" [_thread_blocked, id=7928, stack(0x0000009a5cb00000,0x0000009a5cc00000)]
  0x000001ba85b6b000 JavaThread "jar transforms Thread 43" [_thread_blocked, id=9040, stack(0x0000009a5cc00000,0x0000009a5cd00000)]
  0x000001ba85b65800 JavaThread "jar transforms Thread 44" [_thread_blocked, id=8220, stack(0x0000009a5cd00000,0x0000009a5ce00000)]
  0x000001ba85b67000 JavaThread "jar transforms Thread 45" [_thread_blocked, id=4296, stack(0x0000009a5ce00000,0x0000009a5cf00000)]
  0x000001ba85bfa000 JavaThread "jar transforms Thread 46" [_thread_blocked, id=5536, stack(0x0000009a5cf00000,0x0000009a5d000000)]
  0x000001ba85bf8800 JavaThread "jar transforms Thread 47" [_thread_blocked, id=8796, stack(0x0000009a5d000000,0x0000009a5d100000)]
  0x000001ba85bfe000 JavaThread "jar transforms Thread 48" [_thread_blocked, id=5496, stack(0x0000009a5d100000,0x0000009a5d200000)]
  0x000001ba85bfb000 JavaThread "jar transforms Thread 49" [_thread_blocked, id=5232, stack(0x0000009a5d200000,0x0000009a5d300000)]
  0x000001ba85bff000 JavaThread "jar transforms Thread 50" [_thread_blocked, id=5000, stack(0x0000009a5d300000,0x0000009a5d400000)]
  0x000001ba85bf9800 JavaThread "jar transforms Thread 51" [_thread_blocked, id=1300, stack(0x0000009a5d400000,0x0000009a5d500000)]
  0x000001ba85c00800 JavaThread "jar transforms Thread 52" [_thread_blocked, id=3160, stack(0x0000009a5d500000,0x0000009a5d600000)]
  0x000001ba85c01800 JavaThread "jar transforms Thread 53" [_thread_blocked, id=4000, stack(0x0000009a5d600000,0x0000009a5d700000)]
  0x000001ba85bfc000 JavaThread "jar transforms Thread 54" [_thread_blocked, id=8484, stack(0x0000009a5d700000,0x0000009a5d800000)]
  0x000001ba85bfd800 JavaThread "jar transforms Thread 55" [_thread_blocked, id=7804, stack(0x0000009a5d800000,0x0000009a5d900000)]
  0x000001ba85c02800 JavaThread "jar transforms Thread 56" [_thread_blocked, id=5600, stack(0x0000009a5d900000,0x0000009a5da00000)]
  0x000001ba85c00000 JavaThread "jar transforms Thread 57" [_thread_blocked, id=5724, stack(0x0000009a5da00000,0x0000009a5db00000)]
  0x000001ba85bfc800 JavaThread "jar transforms Thread 58" [_thread_blocked, id=8580, stack(0x0000009a5db00000,0x0000009a5dc00000)]
  0x000001ba85c06800 JavaThread "jar transforms Thread 59" [_thread_blocked, id=7876, stack(0x0000009a5dc00000,0x0000009a5dd00000)]
  0x000001ba85c05800 JavaThread "jar transforms Thread 60" [_thread_blocked, id=8624, stack(0x0000009a5dd00000,0x0000009a5de00000)]
  0x000001ba85c07000 JavaThread "jar transforms Thread 61" [_thread_blocked, id=8704, stack(0x0000009a5de00000,0x0000009a5df00000)]
  0x000001ba85c03000 JavaThread "jar transforms Thread 62" [_thread_blocked, id=6376, stack(0x0000009a5df00000,0x0000009a5e000000)]
  0x000001ba85c04000 JavaThread "jar transforms Thread 63" [_thread_blocked, id=2988, stack(0x0000009a5e000000,0x0000009a5e100000)]
  0x000001ba85c05000 JavaThread "jar transforms Thread 64" [_thread_blocked, id=8740, stack(0x0000009a5e100000,0x0000009a5e200000)]
  0x000001ba85b08000 JavaThread "jar transforms Thread 65" [_thread_blocked, id=1372, stack(0x0000009a5e200000,0x0000009a5e300000)]
  0x000001ba85b02800 JavaThread "jar transforms Thread 66" [_thread_blocked, id=5876, stack(0x0000009a5e300000,0x0000009a5e400000)]
  0x000001ba85b04000 JavaThread "jar transforms Thread 67" [_thread_blocked, id=8248, stack(0x0000009a5e400000,0x0000009a5e500000)]
  0x000001ba85b04800 JavaThread "jar transforms Thread 68" [_thread_blocked, id=6084, stack(0x0000009a5e500000,0x0000009a5e600000)]
  0x000001ba85b07000 JavaThread "jar transforms Thread 69" [_thread_blocked, id=8304, stack(0x0000009a5e600000,0x0000009a5e700000)]
  0x000001ba85b09000 JavaThread "jar transforms Thread 70" [_thread_blocked, id=2188, stack(0x0000009a5e700000,0x0000009a5e800000)]
  0x000001ba85b03000 JavaThread "jar transforms Thread 71" [_thread_blocked, id=1980, stack(0x0000009a5e800000,0x0000009a5e900000)]
  0x000001ba85b0b800 JavaThread "jar transforms Thread 72" [_thread_blocked, id=872, stack(0x0000009a5e900000,0x0000009a5ea00000)]
  0x000001ba85b06800 JavaThread "jar transforms Thread 73" [_thread_blocked, id=8404, stack(0x0000009a5ea00000,0x0000009a5eb00000)]
  0x000001ba85b09800 JavaThread "jar transforms Thread 74" [_thread_blocked, id=672, stack(0x0000009a5eb00000,0x0000009a5ec00000)]
  0x000001ba85b05800 JavaThread "jar transforms Thread 75" [_thread_blocked, id=2060, stack(0x0000009a5ec00000,0x0000009a5ed00000)]
  0x000001ba85b0d000 JavaThread "jar transforms Thread 76" [_thread_blocked, id=7780, stack(0x0000009a5ed00000,0x0000009a5ee00000)]
  0x000001ba85b0e800 JavaThread "jar transforms Thread 77" [_thread_blocked, id=256, stack(0x0000009a5ee00000,0x0000009a5ef00000)]
  0x000001ba85b0f800 JavaThread "jar transforms Thread 78" [_thread_blocked, id=1728, stack(0x0000009a5ef00000,0x0000009a5f000000)]
  0x000001ba85b0d800 JavaThread "jar transforms Thread 79" [_thread_blocked, id=4308, stack(0x0000009a5f000000,0x0000009a5f100000)]
  0x000001ba85b10000 JavaThread "jar transforms Thread 80" [_thread_blocked, id=6812, stack(0x0000009a5f100000,0x0000009a5f200000)]
  0x000001ba85b0a800 JavaThread "jar transforms Thread 81" [_thread_blocked, id=2992, stack(0x0000009a5f200000,0x0000009a5f300000)]
  0x000001ba85b11000 JavaThread "jar transforms Thread 82" [_thread_blocked, id=4684, stack(0x0000009a5f300000,0x0000009a5f400000)]
  0x000001ba85b0c000 JavaThread "jar transforms Thread 83" [_thread_blocked, id=2472, stack(0x0000009a5f400000,0x0000009a5f500000)]
  0x000001ba856f3800 JavaThread "jar transforms Thread 84" [_thread_blocked, id=1512, stack(0x0000009a5f500000,0x0000009a5f600000)]
  0x000001ba856ee800 JavaThread "jar transforms Thread 85" [_thread_blocked, id=1228, stack(0x0000009a5f600000,0x0000009a5f700000)]
  0x000001ba856f1000 JavaThread "jar transforms Thread 86" [_thread_blocked, id=8708, stack(0x0000009a5f700000,0x0000009a5f800000)]
  0x000001ba856f0000 JavaThread "jar transforms Thread 87" [_thread_blocked, id=3412, stack(0x0000009a5f800000,0x0000009a5f900000)]
  0x000001ba856f1800 JavaThread "jar transforms Thread 88" [_thread_blocked, id=6364, stack(0x0000009a5f900000,0x0000009a5fa00000)]
  0x000001ba856ef000 JavaThread "jar transforms Thread 89" [_thread_blocked, id=3416, stack(0x0000009a5fa00000,0x0000009a5fb00000)]
  0x000001ba856f2800 JavaThread "jar transforms Thread 90" [_thread_blocked, id=8948, stack(0x0000009a5fb00000,0x0000009a5fc00000)]
  0x000001ba856ed800 JavaThread "jar transforms Thread 91" [_thread_blocked, id=5256, stack(0x0000009a5fc00000,0x0000009a5fd00000)]
  0x000001ba856f5000 JavaThread "jar transforms Thread 92" [_thread_blocked, id=7456, stack(0x0000009a5fd00000,0x0000009a5fe00000)]
  0x000001ba856fa000 JavaThread "Cache worker for Build Output Cleanup Cache (D:\Android projects\Puzzle15_v1\.gradle\buildOutputCleanup)" [_thread_blocked, id=1460, stack(0x0000009a5ff00000,0x0000009a60000000)]
  0x000001ba856f6000 JavaThread "Memory manager" [_thread_blocked, id=5660, stack(0x0000009a60000000,0x0000009a60100000)]
  0x000001ba856f6800 JavaThread "Cache worker for file content cache (D:\Android projects\Puzzle15_v1\.gradle\6.5\fileContent)" [_thread_blocked, id=6308, stack(0x0000009a60100000,0x0000009a60200000)]
  0x000001ba856f4000 JavaThread "Execution worker for ':'" [_thread_blocked, id=9196, stack(0x0000009a60200000,0x0000009a60300000)]
  0x000001ba856fa800 JavaThread "Execution worker for ':' Thread 2" [_thread_blocked, id=2216, stack(0x0000009a60300000,0x0000009a60400000)]
  0x000001ba856fb800 JavaThread "Execution worker for ':' Thread 3" [_thread_blocked, id=8584, stack(0x0000009a60400000,0x0000009a60500000)]
  0x000001ba856fc800 JavaThread "Execution worker for ':' Thread 4" [_thread_blocked, id=2324, stack(0x0000009a60500000,0x0000009a60600000)]
  0x000001ba83c06000 JavaThread "Execution worker for ':' Thread 5" [_thread_blocked, id=8320, stack(0x0000009a60600000,0x0000009a60700000)]
  0x000001ba83c00800 JavaThread "Execution worker for ':' Thread 6" [_thread_blocked, id=8328, stack(0x0000009a60700000,0x0000009a60800000)]
  0x000001ba83c02000 JavaThread "Execution worker for ':' Thread 7" [_thread_blocked, id=8676, stack(0x0000009a60800000,0x0000009a60900000)]
  0x000001ba83c02800 JavaThread "Cache worker for execution history cache (D:\Android projects\Puzzle15_v1\.gradle\6.5\executionHistory)" [_thread_blocked, id=5644, stack(0x0000009a60900000,0x0000009a60a00000)]
  0x000001ba834a5000 JavaThread "C2 CompilerThread1" daemon [_thread_in_native, id=8716, stack(0x0000009a59200000,0x0000009a59300000)]
  0x000001ba89186800 JavaThread "C2 CompilerThread2" daemon [_thread_blocked, id=5564, stack(0x0000009a59700000,0x0000009a59800000)]
  0x000001ba83c07000 JavaThread "ForkJoinPool-3-worker-3" daemon [_thread_blocked, id=8760, stack(0x0000009a60a00000,0x0000009a60b00000)]
  0x000001ba83c04800 JavaThread "ForkJoinPool-3-worker-5" daemon [_thread_blocked, id=7844, stack(0x0000009a60b00000,0x0000009a60c00000)]
  0x000001ba83c01000 JavaThread "ForkJoinPool-3-worker-7" daemon [_thread_blocked, id=1924, stack(0x0000009a60c00000,0x0000009a60d00000)]
  0x000001ba834e7800 JavaThread "ForkJoinPool-3-worker-1" daemon [_thread_blocked, id=4592, stack(0x0000009a60d00000,0x0000009a60e00000)]

Other Threads:
=>0x000001ba8060d000 VMThread "VM Thread" [stack: 0x0000009a57000000,0x0000009a57100000] [id=7044]
  0x000001ba8112b800 WatcherThread [stack: 0x0000009a57a00000,0x0000009a57b00000] [id=5316]
  0x000001bae6262000 GCTaskThread "GC Thread#0" [stack: 0x0000009a56b00000,0x0000009a56c00000] [id=8372]
  0x000001ba81b81000 GCTaskThread "GC Thread#1" [stack: 0x0000009a57c00000,0x0000009a57d00000] [id=5836]
  0x000001ba81bdd000 GCTaskThread "GC Thread#2" [stack: 0x0000009a57d00000,0x0000009a57e00000] [id=7688]
  0x000001ba830e8800 GCTaskThread "GC Thread#3" [stack: 0x0000009a58900000,0x0000009a58a00000] [id=4328]
  0x000001ba822bd800 GCTaskThread "GC Thread#4" [stack: 0x0000009a58a00000,0x0000009a58b00000] [id=7532]
  0x000001ba8299b800 GCTaskThread "GC Thread#5" [stack: 0x0000009a58b00000,0x0000009a58c00000] [id=1596]
  0x000001ba830ec000 GCTaskThread "GC Thread#6" [stack: 0x0000009a58c00000,0x0000009a58d00000] [id=8816]
  0x000001ba8325d800 GCTaskThread "GC Thread#7" [stack: 0x0000009a58d00000,0x0000009a58e00000] [id=2232]
  0x000001bae6292000 ConcurrentGCThread "G1 Main Marker" [stack: 0x0000009a56c00000,0x0000009a56d00000] [id=3944]
  0x000001bae6294000 ConcurrentGCThread "G1 Conc#0" [stack: 0x0000009a56d00000,0x0000009a56e00000] [id=8244]
  0x000001ba83260000 ConcurrentGCThread "G1 Conc#1" [stack: 0x0000009a59100000,0x0000009a59200000] [id=676]
  0x000001ba80458800 ConcurrentGCThread "G1 Refine#0" [stack: 0x0000009a56e00000,0x0000009a56f00000] [id=2796]
  0x000001ba88891800 ConcurrentGCThread "G1 Refine#1" [stack: 0x0000009a5fe00000,0x0000009a5ff00000] [id=7596]
  0x000001ba80459800 ConcurrentGCThread "G1 Young RemSet Sampling" [stack: 0x0000009a56f00000,0x0000009a57000000] [id=4888]

Threads with active compile tasks:
C2 CompilerThread0  21977 13270       4       com.android.tools.r8.graph.I0$d::c (802 bytes)
C2 CompilerThread1  21977 13234       4       com.android.tools.r8.graph.H0::c (177 bytes)
C2 CompilerThread2  21977 13268       4       com.android.tools.r8.graph.I0$d::<init> (189 bytes)

VM state:at safepoint (normal execution)

VM Mutex/Monitor currently owned by a thread:  ([mutex/lock_event])
[0x000001bae62485c0] Threads_lock - owner thread: 0x000001ba8060d000
[0x000001bae6246fd0] Heap_lock - owner thread: 0x000001ba83c04800

Heap address: 0x0000000080000000, size: 2048 MB, Compressed Oops mode: 32-bit
Narrow klass base: 0x0000000000000000, Narrow klass shift: 3
Compressed class space size: 1073741824 Address: 0x0000000100000000

Heap:
 garbage-first heap   total 225280K, used 132932K [0x0000000080000000, 0x0000000100000000)
  region size 1024K, 5 young (5120K), 5 survivors (5120K)
 Metaspace       used 129928K, capacity 132770K, committed 132884K, reserved 1165312K
  class space    used 16379K, capacity 17416K, committed 17520K, reserved 1048576K
Heap Regions: E=young(eden), S=young(survivor), O=old, HS=humongous(starts), HC=humongous(continues), CS=collection set, F=free, A=archive, TAMS=top-at-mark-start (previous, next)
|   0|0x0000000080000000, 0x0000000080100000, 0x0000000080100000|100%|HS|  |TAMS 0x0000000080100000, 0x0000000080100000| Complete 
|   1|0x0000000080100000, 0x0000000080200000, 0x0000000080200000|100%| O|  |TAMS 0x0000000080200000, 0x0000000080200000| Untracked 
|   2|0x0000000080200000, 0x0000000080300000, 0x0000000080300000|100%| O|  |TAMS 0x0000000080300000, 0x0000000080300000| Untracked 
|   3|0x0000000080300000, 0x0000000080400000, 0x0000000080400000|100%|HS|  |TAMS 0x0000000080400000, 0x0000000080400000| Complete 
|   4|0x0000000080400000, 0x0000000080500000, 0x0000000080500000|100%|HC|  |TAMS 0x0000000080500000, 0x0000000080500000| Complete 
|   5|0x0000000080500000, 0x0000000080600000, 0x0000000080600000|100%|HC|  |TAMS 0x0000000080600000, 0x0000000080600000| Complete 
|   6|0x0000000080600000, 0x0000000080700000, 0x0000000080700000|100%| O|  |TAMS 0x0000000080700000, 0x0000000080700000| Untracked 
|   7|0x0000000080700000, 0x0000000080800000, 0x0000000080800000|100%| O|  |TAMS 0x0000000080800000, 0x0000000080800000| Untracked 
|   8|0x0000000080800000, 0x0000000080900000, 0x0000000080900000|100%| O|  |TAMS 0x0000000080900000, 0x0000000080900000| Untracked 
|   9|0x0000000080900000, 0x0000000080a00000, 0x0000000080a00000|100%| O|  |TAMS 0x0000000080a00000, 0x0000000080a00000| Untracked 
|  10|0x0000000080a00000, 0x0000000080b00000, 0x0000000080b00000|100%| O|  |TAMS 0x0000000080b00000, 0x0000000080b00000| Untracked 
|  11|0x0000000080b00000, 0x0000000080c00000, 0x0000000080c00000|100%| O|  |TAMS 0x0000000080c00000, 0x0000000080c00000| Untracked 
|  12|0x0000000080c00000, 0x0000000080d00000, 0x0000000080d00000|100%| O|  |TAMS 0x0000000080d00000, 0x0000000080d00000| Untracked 
|  13|0x0000000080d00000, 0x0000000080e00000, 0x0000000080e00000|100%| O|  |TAMS 0x0000000080e00000, 0x0000000080e00000| Untracked 
|  14|0x0000000080e00000, 0x0000000080f00000, 0x0000000080f00000|100%| O|  |TAMS 0x0000000080f00000, 0x0000000080f00000| Untracked 
|  15|0x0000000080f00000, 0x0000000081000000, 0x0000000081000000|100%| O|  |TAMS 0x0000000081000000, 0x0000000081000000| Untracked 
|  16|0x0000000081000000, 0x0000000081100000, 0x0000000081100000|100%|HS|  |TAMS 0x0000000081100000, 0x0000000081100000| Complete 
|  17|0x0000000081100000, 0x0000000081200000, 0x0000000081200000|100%|HC|  |TAMS 0x0000000081200000, 0x0000000081200000| Complete 
|  18|0x0000000081200000, 0x0000000081300000, 0x0000000081300000|100%| O|  |TAMS 0x0000000081300000, 0x0000000081300000| Untracked 
|  19|0x0000000081300000, 0x0000000081400000, 0x0000000081400000|100%| O|  |TAMS 0x0000000081400000, 0x0000000081400000| Untracked 
|  20|0x0000000081400000, 0x0000000081500000, 0x0000000081500000|100%| O|  |TAMS 0x0000000081500000, 0x0000000081500000| Untracked 
|  21|0x0000000081500000, 0x0000000081600000, 0x0000000081600000|100%| O|  |TAMS 0x0000000081600000, 0x0000000081600000| Untracked 
|  22|0x0000000081600000, 0x0000000081700000, 0x0000000081700000|100%| O|  |TAMS 0x0000000081700000, 0x0000000081700000| Untracked 
|  23|0x0000000081700000, 0x0000000081800000, 0x0000000081800000|100%| O|  |TAMS 0x0000000081800000, 0x0000000081800000| Untracked 
|  24|0x0000000081800000, 0x0000000081900000, 0x0000000081900000|100%| O|  |TAMS 0x0000000081900000, 0x0000000081900000| Untracked 
|  25|0x0000000081900000, 0x0000000081a00000, 0x0000000081a00000|100%| O|  |TAMS 0x0000000081a00000, 0x0000000081a00000| Untracked 
|  26|0x0000000081a00000, 0x0000000081b00000, 0x0000000081b00000|100%| O|  |TAMS 0x0000000081b00000, 0x0000000081b00000| Untracked 
|  27|0x0000000081b00000, 0x0000000081c00000, 0x0000000081c00000|100%| O|  |TAMS 0x0000000081c00000, 0x0000000081c00000| Untracked 
|  28|0x0000000081c00000, 0x0000000081d00000, 0x0000000081d00000|100%| O|  |TAMS 0x0000000081d00000, 0x0000000081d00000| Untracked 
|  29|0x0000000081d00000, 0x0000000081e00000, 0x0000000081e00000|100%| O|  |TAMS 0x0000000081e00000, 0x0000000081e00000| Untracked 
|  30|0x0000000081e00000, 0x0000000081f00000, 0x0000000081f00000|100%| O|  |TAMS 0x0000000081f00000, 0x0000000081f00000| Untracked 
|  31|0x0000000081f00000, 0x0000000082000000, 0x0000000082000000|100%| O|  |TAMS 0x0000000082000000, 0x0000000082000000| Untracked 
|  32|0x0000000082000000, 0x0000000082100000, 0x0000000082100000|100%| O|  |TAMS 0x0000000082100000, 0x0000000082100000| Untracked 
|  33|0x0000000082100000, 0x0000000082200000, 0x0000000082200000|100%| O|  |TAMS 0x0000000082200000, 0x0000000082200000| Untracked 
|  34|0x0000000082200000, 0x0000000082300000, 0x0000000082300000|100%| O|  |TAMS 0x0000000082300000, 0x0000000082300000| Untracked 
|  35|0x0000000082300000, 0x0000000082400000, 0x0000000082400000|100%| O|  |TAMS 0x0000000082400000, 0x0000000082400000| Untracked 
|  36|0x0000000082400000, 0x0000000082500000, 0x0000000082500000|100%| O|  |TAMS 0x0000000082500000, 0x0000000082500000| Untracked 
|  37|0x0000000082500000, 0x0000000082600000, 0x0000000082600000|100%| O|  |TAMS 0x0000000082600000, 0x0000000082600000| Untracked 
|  38|0x0000000082600000, 0x0000000082700000, 0x0000000082700000|100%| O|  |TAMS 0x0000000082700000, 0x0000000082700000| Untracked 
|  39|0x0000000082700000, 0x0000000082800000, 0x0000000082800000|100%| O|  |TAMS 0x0000000082800000, 0x0000000082800000| Untracked 
|  40|0x0000000082800000, 0x0000000082900000, 0x0000000082900000|100%| O|  |TAMS 0x0000000082900000, 0x0000000082900000| Untracked 
|  41|0x0000000082900000, 0x0000000082a00000, 0x0000000082a00000|100%| O|  |TAMS 0x0000000082a00000, 0x0000000082a00000| Untracked 
|  42|0x0000000082a00000, 0x0000000082b00000, 0x0000000082b00000|100%| O|  |TAMS 0x0000000082b00000, 0x0000000082b00000| Untracked 
|  43|0x0000000082b00000, 0x0000000082c00000, 0x0000000082c00000|100%| O|  |TAMS 0x0000000082c00000, 0x0000000082c00000| Untracked 
|  44|0x0000000082c00000, 0x0000000082d00000, 0x0000000082d00000|100%| O|  |TAMS 0x0000000082d00000, 0x0000000082d00000| Untracked 
|  45|0x0000000082d00000, 0x0000000082e00000, 0x0000000082e00000|100%| O|  |TAMS 0x0000000082e00000, 0x0000000082e00000| Untracked 
|  46|0x0000000082e00000, 0x0000000082f00000, 0x0000000082f00000|100%| O|  |TAMS 0x0000000082f00000, 0x0000000082f00000| Untracked 
|  47|0x0000000082f00000, 0x0000000083000000, 0x0000000083000000|100%| O|  |TAMS 0x0000000083000000, 0x0000000083000000| Untracked 
|  48|0x0000000083000000, 0x0000000083100000, 0x0000000083100000|100%| O|  |TAMS 0x0000000083100000, 0x0000000083100000| Untracked 
|  49|0x0000000083100000, 0x0000000083200000, 0x0000000083200000|100%|HS|  |TAMS 0x0000000083200000, 0x0000000083200000| Complete 
|  50|0x0000000083200000, 0x0000000083300000, 0x0000000083300000|100%| O|  |TAMS 0x0000000083300000, 0x0000000083300000| Untracked 
|  51|0x0000000083300000, 0x0000000083400000, 0x0000000083400000|100%| O|  |TAMS 0x0000000083400000, 0x0000000083400000| Untracked 
|  52|0x0000000083400000, 0x0000000083500000, 0x0000000083500000|100%| O|  |TAMS 0x0000000083500000, 0x0000000083500000| Untracked 
|  53|0x0000000083500000, 0x0000000083600000, 0x0000000083600000|100%| O|  |TAMS 0x0000000083600000, 0x0000000083600000| Untracked 
|  54|0x0000000083600000, 0x0000000083700000, 0x0000000083700000|100%| O|  |TAMS 0x0000000083700000, 0x0000000083700000| Untracked 
|  55|0x0000000083700000, 0x0000000083800000, 0x0000000083800000|100%| O|  |TAMS 0x0000000083800000, 0x0000000083800000| Untracked 
|  56|0x0000000083800000, 0x0000000083900000, 0x0000000083900000|100%| O|  |TAMS 0x0000000083900000, 0x0000000083900000| Untracked 
|  57|0x0000000083900000, 0x0000000083a00000, 0x0000000083a00000|100%| O|  |TAMS 0x0000000083a00000, 0x0000000083a00000| Untracked 
|  58|0x0000000083a00000, 0x0000000083b00000, 0x0000000083b00000|100%| O|  |TAMS 0x0000000083b00000, 0x0000000083b00000| Untracked 
|  59|0x0000000083b00000, 0x0000000083c00000, 0x0000000083c00000|100%|HS|  |TAMS 0x0000000083c00000, 0x0000000083c00000| Complete 
|  60|0x0000000083c00000, 0x0000000083d00000, 0x0000000083d00000|100%|HC|  |TAMS 0x0000000083d00000, 0x0000000083d00000| Complete 
|  61|0x0000000083d00000, 0x0000000083e00000, 0x0000000083e00000|100%| O|  |TAMS 0x0000000083e00000, 0x0000000083e00000| Untracked 
|  62|0x0000000083e00000, 0x0000000083f00000, 0x0000000083f00000|100%| O|  |TAMS 0x0000000083f00000, 0x0000000083f00000| Untracked 
|  63|0x0000000083f00000, 0x0000000084000000, 0x0000000084000000|100%| O|  |TAMS 0x0000000084000000, 0x0000000084000000| Untracked 
|  64|0x0000000084000000, 0x0000000084100000, 0x0000000084100000|100%| O|  |TAMS 0x0000000084100000, 0x0000000084100000| Untracked 
|  65|0x0000000084100000, 0x0000000084200000, 0x0000000084200000|100%| O|  |TAMS 0x0000000084200000, 0x0000000084200000| Untracked 
|  66|0x0000000084200000, 0x0000000084300000, 0x0000000084300000|100%| O|  |TAMS 0x0000000084300000, 0x0000000084300000| Untracked 
|  67|0x0000000084300000, 0x0000000084400000, 0x0000000084400000|100%| O|  |TAMS 0x0000000084400000, 0x0000000084400000| Untracked 
|  68|0x0000000084400000, 0x0000000084500000, 0x0000000084500000|100%| O|  |TAMS 0x0000000084500000, 0x0000000084500000| Untracked 
|  69|0x0000000084500000, 0x0000000084600000, 0x0000000084600000|100%| O|  |TAMS 0x0000000084600000, 0x0000000084600000| Untracked 
|  70|0x0000000084600000, 0x0000000084700000, 0x0000000084700000|100%| O|  |TAMS 0x0000000084700000, 0x0000000084700000| Untracked 
|  71|0x0000000084700000, 0x0000000084800000, 0x0000000084800000|100%|HS|  |TAMS 0x0000000084800000, 0x0000000084800000| Complete 
|  72|0x0000000084800000, 0x0000000084900000, 0x0000000084900000|100%|HC|  |TAMS 0x0000000084900000, 0x0000000084900000| Complete 
|  73|0x0000000084900000, 0x0000000084a00000, 0x0000000084a00000|100%| O|  |TAMS 0x0000000084a00000, 0x0000000084a00000| Untracked 
|  74|0x0000000084a00000, 0x0000000084b00000, 0x0000000084b00000|100%| O|  |TAMS 0x0000000084b00000, 0x0000000084b00000| Untracked 
|  75|0x0000000084b00000, 0x0000000084c00000, 0x0000000084c00000|100%| O|  |TAMS 0x0000000084c00000, 0x0000000084c00000| Untracked 
|  76|0x0000000084c00000, 0x0000000084d00000, 0x0000000084d00000|100%| O|  |TAMS 0x0000000084d00000, 0x0000000084d00000| Untracked 
|  77|0x0000000084d00000, 0x0000000084e00000, 0x0000000084e00000|100%| O|  |TAMS 0x0000000084e00000, 0x0000000084e00000| Untracked 
|  78|0x0000000084e00000, 0x0000000084f00000, 0x0000000084f00000|100%| O|  |TAMS 0x0000000084f00000, 0x0000000084f00000| Untracked 
|  79|0x0000000084f00000, 0x0000000085000000, 0x0000000085000000|100%| O|  |TAMS 0x0000000085000000, 0x0000000085000000| Untracked 
|  80|0x0000000085000000, 0x0000000085100000, 0x0000000085100000|100%| O|  |TAMS 0x0000000085100000, 0x0000000085100000| Untracked 
|  81|0x0000000085100000, 0x0000000085200000, 0x0000000085200000|100%| O|  |TAMS 0x0000000085200000, 0x0000000085200000| Untracked 
|  82|0x0000000085200000, 0x0000000085300000, 0x0000000085300000|100%| O|  |TAMS 0x0000000085300000, 0x0000000085300000| Untracked 
|  83|0x0000000085300000, 0x0000000085400000, 0x0000000085400000|100%| O|  |TAMS 0x0000000085400000, 0x0000000085400000| Untracked 
|  84|0x0000000085400000, 0x0000000085500000, 0x0000000085500000|100%| O|  |TAMS 0x0000000085500000, 0x0000000085500000| Untracked 
|  85|0x0000000085500000, 0x0000000085600000, 0x0000000085600000|100%| O|  |TAMS 0x0000000085600000, 0x0000000085600000| Untracked 
|  86|0x0000000085600000, 0x0000000085700000, 0x0000000085700000|100%| O|  |TAMS 0x0000000085700000, 0x0000000085700000| Untracked 
|  87|0x0000000085700000, 0x0000000085800000, 0x0000000085800000|100%| O|  |TAMS 0x0000000085800000, 0x0000000085800000| Untracked 
|  88|0x0000000085800000, 0x0000000085900000, 0x0000000085900000|100%| O|  |TAMS 0x0000000085900000, 0x0000000085900000| Untracked 
|  89|0x0000000085900000, 0x0000000085a00000, 0x0000000085a00000|100%| O|  |TAMS 0x0000000085a00000, 0x0000000085a00000| Untracked 
|  90|0x0000000085a00000, 0x0000000085b00000, 0x0000000085b00000|100%| O|  |TAMS 0x0000000085b00000, 0x0000000085b00000| Untracked 
|  91|0x0000000085b00000, 0x0000000085c00000, 0x0000000085c00000|100%| O|  |TAMS 0x0000000085c00000, 0x0000000085c00000| Untracked 
|  92|0x0000000085c00000, 0x0000000085d00000, 0x0000000085d00000|100%| O|  |TAMS 0x0000000085d00000, 0x0000000085d00000| Untracked 
|  93|0x0000000085d00000, 0x0000000085e00000, 0x0000000085e00000|100%| O|  |TAMS 0x0000000085e00000, 0x0000000085e00000| Untracked 
|  94|0x0000000085e00000, 0x0000000085f00000, 0x0000000085f00000|100%| O|  |TAMS 0x0000000085eaec00, 0x0000000085f00000| Untracked 
|  95|0x0000000085f00000, 0x0000000086000000, 0x0000000086000000|100%|HS|  |TAMS 0x0000000085f00000, 0x0000000086000000| Complete 
|  96|0x0000000086000000, 0x0000000086100000, 0x0000000086100000|100%|HC|  |TAMS 0x0000000086000000, 0x0000000086100000| Complete 
|  97|0x0000000086100000, 0x0000000086200000, 0x0000000086200000|100%| O|  |TAMS 0x0000000086100000, 0x0000000086200000| Untracked 
|  98|0x0000000086200000, 0x0000000086300000, 0x0000000086300000|100%| O|  |TAMS 0x0000000086200000, 0x0000000086300000| Untracked 
|  99|0x0000000086300000, 0x0000000086400000, 0x0000000086400000|100%| O|  |TAMS 0x0000000086300000, 0x0000000086400000| Untracked 
| 100|0x0000000086400000, 0x0000000086500000, 0x0000000086500000|100%| O|  |TAMS 0x0000000086400000, 0x0000000086500000| Untracked 
| 101|0x0000000086500000, 0x0000000086600000, 0x0000000086600000|100%| O|  |TAMS 0x0000000086500000, 0x0000000086600000| Untracked 
| 102|0x0000000086600000, 0x0000000086700000, 0x0000000086700000|100%| O|  |TAMS 0x0000000086600000, 0x0000000086700000| Untracked 
| 103|0x0000000086700000, 0x0000000086800000, 0x0000000086800000|100%| O|  |TAMS 0x0000000086700000, 0x0000000086800000| Untracked 
| 104|0x0000000086800000, 0x0000000086900000, 0x0000000086900000|100%| O|  |TAMS 0x0000000086800000, 0x0000000086900000| Untracked 
| 105|0x0000000086900000, 0x0000000086a00000, 0x0000000086a00000|100%| O|  |TAMS 0x0000000086900000, 0x0000000086a00000| Untracked 
| 106|0x0000000086a00000, 0x0000000086b00000, 0x0000000086b00000|100%| O|  |TAMS 0x0000000086a00000, 0x0000000086b00000| Untracked 
| 107|0x0000000086b00000, 0x0000000086c00000, 0x0000000086c00000|100%| O|  |TAMS 0x0000000086b00000, 0x0000000086c00000| Untracked 
| 108|0x0000000086c00000, 0x0000000086d00000, 0x0000000086d00000|100%| O|  |TAMS 0x0000000086c00000, 0x0000000086d00000| Untracked 
| 109|0x0000000086d00000, 0x0000000086e00000, 0x0000000086e00000|100%| O|  |TAMS 0x0000000086d00000, 0x0000000086e00000| Untracked 
| 110|0x0000000086e00000, 0x0000000086f00000, 0x0000000086f00000|100%| O|  |TAMS 0x0000000086e00000, 0x0000000086f00000| Untracked 
| 111|0x0000000086f00000, 0x0000000087000000, 0x0000000087000000|100%| O|  |TAMS 0x0000000086f00000, 0x0000000087000000| Untracked 
| 112|0x0000000087000000, 0x0000000087100000, 0x0000000087100000|100%| O|  |TAMS 0x0000000087000000, 0x0000000087100000| Untracked 
| 113|0x0000000087100000, 0x0000000087200000, 0x0000000087200000|100%| O|  |TAMS 0x0000000087100000, 0x0000000087200000| Untracked 
| 114|0x0000000087200000, 0x0000000087300000, 0x0000000087300000|100%| O|  |TAMS 0x0000000087200000, 0x0000000087300000| Untracked 
| 115|0x0000000087300000, 0x0000000087400000, 0x0000000087400000|100%| O|  |TAMS 0x0000000087300000, 0x0000000087400000| Untracked 
| 116|0x0000000087400000, 0x0000000087500000, 0x0000000087500000|100%| O|  |TAMS 0x0000000087400000, 0x000000008744cc00| Untracked 
| 117|0x0000000087500000, 0x0000000087600000, 0x0000000087600000|100%| O|  |TAMS 0x0000000087500000, 0x0000000087500000| Untracked 
| 118|0x0000000087600000, 0x0000000087700000, 0x0000000087700000|100%| O|  |TAMS 0x0000000087600000, 0x0000000087600000| Untracked 
| 119|0x0000000087700000, 0x0000000087800000, 0x0000000087800000|100%| O|  |TAMS 0x0000000087700000, 0x0000000087700000| Untracked 
| 120|0x0000000087800000, 0x0000000087900000, 0x0000000087900000|100%| O|  |TAMS 0x0000000087800000, 0x0000000087800000| Untracked 
| 121|0x0000000087900000, 0x0000000087a00000, 0x0000000087a00000|100%| O|  |TAMS 0x0000000087900000, 0x0000000087900000| Untracked 
| 122|0x0000000087a00000, 0x0000000087b00000, 0x0000000087b00000|100%| O|  |TAMS 0x0000000087a00000, 0x0000000087a00000| Untracked 
| 123|0x0000000087b00000, 0x0000000087c00000, 0x0000000087c00000|100%| O|  |TAMS 0x0000000087b00000, 0x0000000087b00000| Untracked 
| 124|0x0000000087c00000, 0x0000000087cd1000, 0x0000000087d00000| 81%| O|  |TAMS 0x0000000087c00000, 0x0000000087c00000| Untracked 
| 125|0x0000000087d00000, 0x0000000087d00000, 0x0000000087e00000|  0%| F|  |TAMS 0x0000000087d00000, 0x0000000087d00000| Untracked 
| 126|0x0000000087e00000, 0x0000000087e00000, 0x0000000087f00000|  0%| F|  |TAMS 0x0000000087e00000, 0x0000000087e00000| Untracked 
| 127|0x0000000087f00000, 0x0000000087f00000, 0x0000000088000000|  0%| F|  |TAMS 0x0000000087f00000, 0x0000000087f00000| Untracked 
| 128|0x0000000088000000, 0x0000000088000000, 0x0000000088100000|  0%| F|  |TAMS 0x0000000088000000, 0x0000000088000000| Untracked 
| 129|0x0000000088100000, 0x0000000088100000, 0x0000000088200000|  0%| F|  |TAMS 0x0000000088100000, 0x0000000088100000| Untracked 
| 130|0x0000000088200000, 0x0000000088200000, 0x0000000088300000|  0%| F|  |TAMS 0x0000000088200000, 0x0000000088200000| Untracked 
| 131|0x0000000088300000, 0x0000000088300000, 0x0000000088400000|  0%| F|  |TAMS 0x0000000088300000, 0x0000000088300000| Untracked 
| 132|0x0000000088400000, 0x0000000088400000, 0x0000000088500000|  0%| F|  |TAMS 0x0000000088400000, 0x0000000088400000| Untracked 
| 133|0x0000000088500000, 0x0000000088500000, 0x0000000088600000|  0%| F|  |TAMS 0x0000000088500000, 0x0000000088500000| Untracked 
| 134|0x0000000088600000, 0x0000000088600000, 0x0000000088700000|  0%| F|  |TAMS 0x0000000088600000, 0x0000000088600000| Untracked 
| 135|0x0000000088700000, 0x0000000088700000, 0x0000000088800000|  0%| F|  |TAMS 0x0000000088700000, 0x0000000088700000| Untracked 
| 136|0x0000000088800000, 0x0000000088800000, 0x0000000088900000|  0%| F|  |TAMS 0x0000000088800000, 0x0000000088800000| Untracked 
| 137|0x0000000088900000, 0x0000000088900000, 0x0000000088a00000|  0%| F|  |TAMS 0x0000000088900000, 0x0000000088900000| Untracked 
| 138|0x0000000088a00000, 0x0000000088a00000, 0x0000000088b00000|  0%| F|  |TAMS 0x0000000088a00000, 0x0000000088a00000| Untracked 
| 139|0x0000000088b00000, 0x0000000088b00000, 0x0000000088c00000|  0%| F|  |TAMS 0x0000000088b00000, 0x0000000088b00000| Untracked 
| 140|0x0000000088c00000, 0x0000000088c00000, 0x0000000088d00000|  0%| F|  |TAMS 0x0000000088c00000, 0x0000000088c00000| Untracked 
| 141|0x0000000088d00000, 0x0000000088d00000, 0x0000000088e00000|  0%| F|  |TAMS 0x0000000088d00000, 0x0000000088d00000| Untracked 
| 142|0x0000000088e00000, 0x0000000088e00000, 0x0000000088f00000|  0%| F|  |TAMS 0x0000000088e00000, 0x0000000088e00000| Untracked 
| 143|0x0000000088f00000, 0x0000000088f00000, 0x0000000089000000|  0%| F|  |TAMS 0x0000000088f00000, 0x0000000088f00000| Untracked 
| 144|0x0000000089000000, 0x0000000089000000, 0x0000000089100000|  0%| F|  |TAMS 0x0000000089000000, 0x0000000089000000| Untracked 
| 145|0x0000000089100000, 0x0000000089100000, 0x0000000089200000|  0%| F|  |TAMS 0x0000000089100000, 0x0000000089100000| Untracked 
| 146|0x0000000089200000, 0x0000000089200000, 0x0000000089300000|  0%| F|  |TAMS 0x0000000089200000, 0x0000000089200000| Untracked 
| 147|0x0000000089300000, 0x0000000089300000, 0x0000000089400000|  0%| F|  |TAMS 0x0000000089300000, 0x0000000089300000| Untracked 
| 148|0x0000000089400000, 0x0000000089400000, 0x0000000089500000|  0%| F|  |TAMS 0x0000000089400000, 0x0000000089400000| Untracked 
| 149|0x0000000089500000, 0x0000000089500000, 0x0000000089600000|  0%| F|  |TAMS 0x0000000089500000, 0x0000000089500000| Untracked 
| 150|0x0000000089600000, 0x0000000089700000, 0x0000000089700000|100%| S|CS|TAMS 0x0000000089600000, 0x0000000089600000| Complete 
| 151|0x0000000089700000, 0x0000000089800000, 0x0000000089800000|100%| S|CS|TAMS 0x0000000089700000, 0x0000000089700000| Complete 
| 152|0x0000000089800000, 0x0000000089900000, 0x0000000089900000|100%| S|CS|TAMS 0x0000000089800000, 0x0000000089800000| Complete 
| 153|0x0000000089900000, 0x0000000089a00000, 0x0000000089a00000|100%| S|CS|TAMS 0x0000000089900000, 0x0000000089900000| Complete 
| 154|0x0000000089a00000, 0x0000000089b00000, 0x0000000089b00000|100%| S|CS|TAMS 0x0000000089a00000, 0x0000000089a00000| Complete 
| 155|0x0000000089b00000, 0x0000000089b00000, 0x0000000089c00000|  0%| F|  |TAMS 0x0000000089b00000, 0x0000000089b00000| Untracked 
| 156|0x0000000089c00000, 0x0000000089c00000, 0x0000000089d00000|  0%| F|  |TAMS 0x0000000089c00000, 0x0000000089c00000| Untracked 
| 157|0x0000000089d00000, 0x0000000089d00000, 0x0000000089e00000|  0%| F|  |TAMS 0x0000000089d00000, 0x0000000089d00000| Untracked 
| 158|0x0000000089e00000, 0x0000000089e00000, 0x0000000089f00000|  0%| F|  |TAMS 0x0000000089e00000, 0x0000000089e00000| Untracked 
| 159|0x0000000089f00000, 0x0000000089f00000, 0x000000008a000000|  0%| F|  |TAMS 0x0000000089f00000, 0x0000000089f00000| Untracked 
| 160|0x000000008a000000, 0x000000008a000000, 0x000000008a100000|  0%| F|  |TAMS 0x000000008a000000, 0x000000008a000000| Untracked 
| 161|0x000000008a100000, 0x000000008a100000, 0x000000008a200000|  0%| F|  |TAMS 0x000000008a100000, 0x000000008a100000| Untracked 
| 162|0x000000008a200000, 0x000000008a200000, 0x000000008a300000|  0%| F|  |TAMS 0x000000008a200000, 0x000000008a200000| Untracked 
| 163|0x000000008a300000, 0x000000008a300000, 0x000000008a400000|  0%| F|  |TAMS 0x000000008a300000, 0x000000008a300000| Untracked 
| 164|0x000000008a400000, 0x000000008a400000, 0x000000008a500000|  0%| F|  |TAMS 0x000000008a400000, 0x000000008a400000| Untracked 
| 165|0x000000008a500000, 0x000000008a500000, 0x000000008a600000|  0%| F|  |TAMS 0x000000008a500000, 0x000000008a500000| Untracked 
| 166|0x000000008a600000, 0x000000008a600000, 0x000000008a700000|  0%| F|  |TAMS 0x000000008a600000, 0x000000008a600000| Untracked 
| 167|0x000000008a700000, 0x000000008a700000, 0x000000008a800000|  0%| F|  |TAMS 0x000000008a700000, 0x000000008a700000| Untracked 
| 168|0x000000008a800000, 0x000000008a800000, 0x000000008a900000|  0%| F|  |TAMS 0x000000008a800000, 0x000000008a800000| Untracked 
| 169|0x000000008a900000, 0x000000008a900000, 0x000000008aa00000|  0%| F|  |TAMS 0x000000008a900000, 0x000000008a900000| Untracked 
| 170|0x000000008aa00000, 0x000000008aa00000, 0x000000008ab00000|  0%| F|  |TAMS 0x000000008aa00000, 0x000000008aa00000| Untracked 
| 171|0x000000008ab00000, 0x000000008ab00000, 0x000000008ac00000|  0%| F|  |TAMS 0x000000008ab00000, 0x000000008ab00000| Untracked 
| 172|0x000000008ac00000, 0x000000008ac00000, 0x000000008ad00000|  0%| F|  |TAMS 0x000000008ac00000, 0x000000008ac00000| Untracked 
| 173|0x000000008ad00000, 0x000000008ad00000, 0x000000008ae00000|  0%| F|  |TAMS 0x000000008ad00000, 0x000000008ad00000| Untracked 
| 174|0x000000008ae00000, 0x000000008ae00000, 0x000000008af00000|  0%| F|  |TAMS 0x000000008ae00000, 0x000000008ae00000| Untracked 
| 175|0x000000008af00000, 0x000000008af00000, 0x000000008b000000|  0%| F|  |TAMS 0x000000008af00000, 0x000000008af00000| Untracked 
| 176|0x000000008b000000, 0x000000008b000000, 0x000000008b100000|  0%| F|  |TAMS 0x000000008b000000, 0x000000008b000000| Untracked 
| 177|0x000000008b100000, 0x000000008b100000, 0x000000008b200000|  0%| F|  |TAMS 0x000000008b100000, 0x000000008b100000| Untracked 
| 178|0x000000008b200000, 0x000000008b200000, 0x000000008b300000|  0%| F|  |TAMS 0x000000008b200000, 0x000000008b200000| Untracked 
| 179|0x000000008b300000, 0x000000008b300000, 0x000000008b400000|  0%| F|  |TAMS 0x000000008b300000, 0x000000008b300000| Untracked 
| 180|0x000000008b400000, 0x000000008b400000, 0x000000008b500000|  0%| F|  |TAMS 0x000000008b400000, 0x000000008b400000| Untracked 
| 181|0x000000008b500000, 0x000000008b500000, 0x000000008b600000|  0%| F|  |TAMS 0x000000008b500000, 0x000000008b500000| Untracked 
| 182|0x000000008b600000, 0x000000008b600000, 0x000000008b700000|  0%| F|  |TAMS 0x000000008b600000, 0x000000008b600000| Untracked 

Card table byte_map: [0x000001baf9300000,0x000001baf9700000] _byte_map_base: 0x000001baf8f00000

Marking Bits (Prev, Next): (CMBitMap*) 0x000001bae6289360, (CMBitMap*) 0x000001bae6289328
 Prev Bits: [0x000001bafbb00000, 0x000001bafdb00000)
 Next Bits: [0x000001baf9b00000, 0x000001bafbb00000)

Polling page: 0x000001bae3fe0000

Metaspace:

Usage:
  Non-class:    112.65 MB capacity,   110.89 MB ( 98%) used,     1.46 MB (  1%) free+waste,   312.94 KB ( <1%) overhead. 
      Class:     17.01 MB capacity,    16.00 MB ( 94%) used,   892.24 KB (  5%) free+waste,   143.81 KB ( <1%) overhead. 
       Both:    129.66 MB capacity,   126.88 MB ( 98%) used,     2.33 MB (  2%) free+waste,   456.75 KB ( <1%) overhead. 

Virtual space:
  Non-class space:      114.00 MB reserved,     112.66 MB ( 99%) committed 
      Class space:        1.00 GB reserved,      17.11 MB (  2%) committed 
             Both:        1.11 GB reserved,     129.77 MB ( 11%) committed 

Chunk freelists:
   Non-Class:  10.00 KB
       Class:  0 bytes
        Both:  10.00 KB

MaxMetaspaceSize: 17179869184.00 GB
CompressedClassSpaceSize: 1.00 GB

CodeHeap 'non-profiled nmethods': size=120000Kb used=8227Kb max_used=8227Kb free=111772Kb
 bounds [0x000001baf1690000, 0x000001baf1ea0000, 0x000001baf8bc0000]
CodeHeap 'profiled nmethods': size=120000Kb used=28124Kb max_used=28124Kb free=91875Kb
 bounds [0x000001baea160000, 0x000001baebce0000, 0x000001baf1690000]
CodeHeap 'non-nmethods': size=5760Kb used=2347Kb max_used=2391Kb free=3412Kb
 bounds [0x000001bae9bc0000, 0x000001bae9e30000, 0x000001baea160000]
 total_blobs=13870 nmethods=12917 adapters=863
 compilation: enabled
              stopped_count=0, restarted_count=0
 full_count=0

Compilation events (20 events):
Event: 21.906 Thread 0x000001ba80636000 13274       2       com.android.tools.r8.graph.I0$a::a (731 bytes)
Event: 21.911 Thread 0x000001ba89186800 nmethod 13154 0x000001baf1e95590 code [0x000001baf1e95840, 0x000001baf1e97c58]
Event: 21.911 Thread 0x000001ba80636000 nmethod 13274 0x000001baebccf390 code [0x000001baebccf8a0, 0x000001baebcd2738]
Event: 21.911 Thread 0x000001ba89186800 13268       4       com.android.tools.r8.graph.I0$d::<init> (189 bytes)
Event: 21.911 Thread 0x000001ba80636000 13277   !   3       java.util.concurrent.ConcurrentHashMap::computeIfAbsent (576 bytes)
Event: 21.919 Thread 0x000001ba80636000 nmethod 13277 0x000001baebcd3910 code [0x000001baebcd3d80, 0x000001baebcd6988]
Event: 21.919 Thread 0x000001ba80636000 13276       2       com.android.tools.r8.utils.Y::d (147 bytes)
Event: 21.919 Thread 0x000001ba80636000 nmethod 13276 0x000001baebcd7b90 code [0x000001baebcd7d40, 0x000001baebcd7f18]
Event: 21.919 Thread 0x000001ba80636000 13275       2       com.android.tools.r8.graph.I0$c::a (40 bytes)
Event: 21.920 Thread 0x000001ba80636000 nmethod 13275 0x000001baebcd7f90 code [0x000001baebcd8160, 0x000001baebcd83c8]
Event: 21.920 Thread 0x000001ba80636000 13279       2       com.android.tools.r8.graph.I0$b::a (78 bytes)
Event: 21.921 Thread 0x000001ba80636000 nmethod 13279 0x000001baebcd8510 code [0x000001baebcd8720, 0x000001baebcd8ce8]
Event: 21.921 Thread 0x000001ba80636000 13271       2       com.android.tools.r8.t.a.a.a.h.k::<init> (5 bytes)
Event: 21.921 Thread 0x000001ba80636000 nmethod 13271 0x000001baebcd9090 code [0x000001baebcd9240, 0x000001baebcd9338]
Event: 21.921 Thread 0x000001ba80636000 13272       2       com.android.tools.r8.t.a.a.a.h.j::<init> (5 bytes)
Event: 21.921 Thread 0x000001ba80636000 nmethod 13272 0x000001baebcd9410 code [0x000001baebcd95c0, 0x000001baebcd96b8]
Event: 21.935 Thread 0x000001ba80636000 13282       2       com.android.tools.r8.t.a.a.a.h.r::<init> (5 bytes)
Event: 21.935 Thread 0x000001ba80636000 nmethod 13282 0x000001baebcd9790 code [0x000001baebcd9940, 0x000001baebcd9a38]
Event: 21.935 Thread 0x000001ba80636000 13283       2       com.android.tools.r8.t.a.a.a.h.l::<init> (5 bytes)
Event: 21.935 Thread 0x000001ba80636000 nmethod 13283 0x000001baebcd9b10 code [0x000001baebcd9cc0, 0x000001baebcd9db8]

GC Heap History (20 events):
Event: 15.186 GC heap after
{Heap after GC invocations=20 (full 0):
 garbage-first heap   total 187392K, used 76886K [0x0000000080000000, 0x0000000100000000)
  region size 1024K, 5 young (5120K), 5 survivors (5120K)
 Metaspace       used 87565K, capacity 89951K, committed 90148K, reserved 1128448K
  class space    used 11265K, capacity 12148K, committed 12160K, reserved 1048576K
}
Event: 16.715 GC heap before
{Heap before GC invocations=20 (full 0):
 garbage-first heap   total 187392K, used 152662K [0x0000000080000000, 0x0000000100000000)
  region size 1024K, 77 young (78848K), 5 survivors (5120K)
 Metaspace       used 95164K, capacity 97612K, committed 97700K, reserved 1134592K
  class space    used 12110K, capacity 13048K, committed 13056K, reserved 1048576K
}
Event: 16.720 GC heap after
{Heap after GC invocations=21 (full 0):
 garbage-first heap   total 187392K, used 80147K [0x0000000080000000, 0x0000000100000000)
  region size 1024K, 6 young (6144K), 6 survivors (6144K)
 Metaspace       used 95164K, capacity 97612K, committed 97700K, reserved 1134592K
  class space    used 12110K, capacity 13048K, committed 13056K, reserved 1048576K
}
Event: 17.063 GC heap before
{Heap before GC invocations=21 (full 0):
 garbage-first heap   total 187392K, used 102675K [0x0000000080000000, 0x0000000100000000)
  region size 1024K, 27 young (27648K), 6 survivors (6144K)
 Metaspace       used 97356K, capacity 100015K, committed 100116K, reserved 1136640K
  class space    used 12379K, capacity 13336K, committed 13424K, reserved 1048576K
}
Event: 17.080 GC heap after
{Heap after GC invocations=22 (full 0):
 garbage-first heap   total 187392K, used 85444K [0x0000000080000000, 0x0000000100000000)
  region size 1024K, 9 young (9216K), 9 survivors (9216K)
 Metaspace       used 97356K, capacity 100015K, committed 100116K, reserved 1136640K
  class space    used 12379K, capacity 13336K, committed 13424K, reserved 1048576K
}
Event: 18.789 GC heap before
{Heap before GC invocations=23 (full 0):
 garbage-first heap   total 187392K, used 157124K [0x0000000080000000, 0x0000000100000000)
  region size 1024K, 77 young (78848K), 9 survivors (9216K)
 Metaspace       used 114513K, capacity 117244K, committed 117652K, reserved 1150976K
  class space    used 14808K, capacity 15746K, committed 15856K, reserved 1048576K
}
Event: 18.825 GC heap after
{Heap after GC invocations=24 (full 0):
 garbage-first heap   total 187392K, used 91024K [0x0000000080000000, 0x0000000100000000)
  region size 1024K, 10 young (10240K), 10 survivors (10240K)
 Metaspace       used 114513K, capacity 117244K, committed 117652K, reserved 1150976K
  class space    used 14808K, capacity 15746K, committed 15856K, reserved 1048576K
}
Event: 19.675 GC heap before
{Heap before GC invocations=25 (full 0):
 garbage-first heap   total 187392K, used 154512K [0x0000000080000000, 0x0000000100000000)
  region size 1024K, 72 young (73728K), 10 survivors (10240K)
 Metaspace       used 117979K, capacity 120626K, committed 120852K, reserved 1155072K
  class space    used 15253K, capacity 16210K, committed 16240K, reserved 1048576K
}
Event: 19.687 GC heap after
{Heap after GC invocations=26 (full 0):
 garbage-first heap   total 187392K, used 101935K [0x0000000080000000, 0x0000000100000000)
  region size 1024K, 9 young (9216K), 9 survivors (9216K)
 Metaspace       used 117979K, capacity 120626K, committed 120852K, reserved 1155072K
  class space    used 15253K, capacity 16210K, committed 16240K, reserved 1048576K
}
Event: 20.000 GC heap before
{Heap before GC invocations=26 (full 0):
 garbage-first heap   total 187392K, used 130607K [0x0000000080000000, 0x0000000100000000)
  region size 1024K, 39 young (39936K), 9 survivors (9216K)
 Metaspace       used 120490K, capacity 123132K, committed 123412K, reserved 1157120K
  class space    used 15511K, capacity 16469K, committed 16496K, reserved 1048576K
}
Event: 20.007 GC heap after
{Heap after GC invocations=27 (full 0):
 garbage-first heap   total 187392K, used 97362K [0x0000000080000000, 0x0000000100000000)
  region size 1024K, 3 young (3072K), 3 survivors (3072K)
 Metaspace       used 120490K, capacity 123132K, committed 123412K, reserved 1157120K
  class space    used 15511K, capacity 16469K, committed 16496K, reserved 1048576K
}
Event: 20.974 GC heap before
{Heap before GC invocations=28 (full 0):
 garbage-first heap   total 187392K, used 155730K [0x0000000080000000, 0x0000000100000000)
  region size 1024K, 58 young (59392K), 3 survivors (3072K)
 Metaspace       used 127525K, capacity 130219K, committed 130452K, reserved 1163264K
  class space    used 16056K, capacity 17018K, committed 17136K, reserved 1048576K
}
Event: 20.979 GC heap after
{Heap after GC invocations=29 (full 0):
 garbage-first heap   total 187392K, used 97554K [0x0000000080000000, 0x0000000100000000)
  region size 1024K, 5 young (5120K), 5 survivors (5120K)
 Metaspace       used 127525K, capacity 130219K, committed 130452K, reserved 1163264K
  class space    used 16056K, capacity 17018K, committed 17136K, reserved 1048576K
}
Event: 21.249 GC heap before
{Heap before GC invocations=29 (full 0):
 garbage-first heap   total 187392K, used 152850K [0x0000000080000000, 0x0000000100000000)
  region size 1024K, 60 young (61440K), 5 survivors (5120K)
 Metaspace       used 127981K, capacity 130699K, committed 130836K, reserved 1163264K
  class space    used 16120K, capacity 17134K, committed 17264K, reserved 1048576K
}
Event: 21.257 GC heap after
{Heap after GC invocations=30 (full 0):
 garbage-first heap   total 187392K, used 105147K [0x0000000080000000, 0x0000000100000000)
  region size 1024K, 8 young (8192K), 8 survivors (8192K)
 Metaspace       used 127981K, capacity 130699K, committed 130836K, reserved 1163264K
  class space    used 16120K, capacity 17134K, committed 17264K, reserved 1048576K
}
Event: 21.618 GC heap before
{Heap before GC invocations=31 (full 0):
 garbage-first heap   total 187392K, used 154299K [0x0000000080000000, 0x0000000100000000)
  region size 1024K, 55 young (56320K), 8 survivors (8192K)
 Metaspace       used 129726K, capacity 132562K, committed 132884K, reserved 1165312K
  class space    used 16378K, capacity 17415K, committed 17520K, reserved 1048576K
}
Event: 21.631 GC heap after
{Heap after GC invocations=32 (full 0):
 garbage-first heap   total 187392K, used 116017K [0x0000000080000000, 0x0000000100000000)
  region size 1024K, 7 young (7168K), 7 survivors (7168K)
 Metaspace       used 129726K, capacity 132562K, committed 132884K, reserved 1165312K
  class space    used 16378K, capacity 17415K, committed 17520K, reserved 1048576K
}
Event: 21.815 GC heap before
{Heap before GC invocations=32 (full 0):
 garbage-first heap   total 187392K, used 152881K [0x0000000080000000, 0x0000000100000000)
  region size 1024K, 43 young (44032K), 7 survivors (7168K)
 Metaspace       used 129910K, capacity 132766K, committed 132884K, reserved 1165312K
  class space    used 16379K, capacity 17416K, committed 17520K, reserved 1048576K
}
Event: 21.837 GC heap after
{Heap after GC invocations=33 (full 0):
 garbage-first heap   total 187392K, used 125235K [0x0000000080000000, 0x0000000100000000)
  region size 1024K, 6 young (6144K), 6 survivors (6144K)
 Metaspace       used 129910K, capacity 132766K, committed 132884K, reserved 1165312K
  class space    used 16379K, capacity 17416K, committed 17520K, reserved 1048576K
}
Event: 21.945 GC heap before
{Heap before GC invocations=33 (full 0):
 garbage-first heap   total 187392K, used 152883K [0x0000000080000000, 0x0000000100000000)
  region size 1024K, 34 young (34816K), 6 survivors (6144K)
 Metaspace       used 129928K, capacity 132770K, committed 132884K, reserved 1165312K
  class space    used 16379K, capacity 17416K, committed 17520K, reserved 1048576K
}

Deoptimization events (20 events):
Event: 21.854 Thread 0x000001ba82089800 Uncommon trap: trap_request=0xffffff6e fr.pc=0x000001baf1b64b88 relative=0x00000000000001c8
Event: 21.854 Thread 0x000001ba82089800 Uncommon trap: reason=speculate_class_check action=maybe_recompile pc=0x000001baf1b64b88 method=java.util.AbstractList.listIterator()Ljava/util/ListIterator; @ 2 c2
Event: 21.854 Thread 0x000001ba82089800 DEOPT PACKING pc=0x000001baf1b64b88 sp=0x0000009a581fe990
Event: 21.854 Thread 0x000001ba82089800 DEOPT UNPACKING pc=0x000001bae9bc822f sp=0x0000009a581fe8e8 mode 2
Event: 21.851 Thread 0x000001ba834e7800 DEOPT PACKING pc=0x000001baebc5e85e sp=0x0000009a60dfecf0
Event: 21.854 Thread 0x000001ba834e7800 DEOPT UNPACKING pc=0x000001bae9be8ade sp=0x0000009a60dfe220 mode 0
Event: 21.857 Thread 0x000001ba83c07000 DEOPT PACKING pc=0x000001baebc5e85e sp=0x0000009a60afe6a0
Event: 21.857 Thread 0x000001ba83c07000 DEOPT UNPACKING pc=0x000001bae9be8ade sp=0x0000009a60afdbd0 mode 0
Event: 21.863 Thread 0x000001ba834e7800 DEOPT PACKING pc=0x000001baebc5e85e sp=0x0000009a60dfecf0
Event: 21.863 Thread 0x000001ba834e7800 DEOPT UNPACKING pc=0x000001bae9be8ade sp=0x0000009a60dfe220 mode 0
Event: 21.868 Thread 0x000001ba83c04800 DEOPT PACKING pc=0x000001baebc5e85e sp=0x0000009a60bfe980
Event: 21.868 Thread 0x000001ba83c04800 DEOPT UNPACKING pc=0x000001bae9be8ade sp=0x0000009a60bfdeb0 mode 0
Event: 21.873 Thread 0x000001ba83c07000 DEOPT PACKING pc=0x000001baebc5e85e sp=0x0000009a60afe6a0
Event: 21.873 Thread 0x000001ba83c07000 DEOPT UNPACKING pc=0x000001bae9be8ade sp=0x0000009a60afdbd0 mode 0
Event: 21.876 Thread 0x000001ba83c07000 DEOPT PACKING pc=0x000001baebc5e85e sp=0x0000009a60afe6a0
Event: 21.877 Thread 0x000001ba83c07000 DEOPT UNPACKING pc=0x000001bae9be8ade sp=0x0000009a60afdbd0 mode 0
Event: 21.908 Thread 0x000001ba83c01000 Uncommon trap: trap_request=0xffffff4d fr.pc=0x000001baf1e5ff38 relative=0x0000000000000098
Event: 21.908 Thread 0x000001ba83c01000 Uncommon trap: reason=unstable_if action=reinterpret pc=0x000001baf1e5ff38 method=com.android.tools.r8.utils.Y.d(I)Z @ 45 c2
Event: 21.908 Thread 0x000001ba83c01000 DEOPT PACKING pc=0x000001baf1e5ff38 sp=0x0000009a60cfdbd0
Event: 21.908 Thread 0x000001ba83c01000 DEOPT UNPACKING pc=0x000001bae9bc822f sp=0x0000009a60cfdb60 mode 2

Classes redefined (0 events):
No events

Internal exceptions (20 events):
Event: 21.156 Thread 0x000001ba856fb800 Exception <a 'sun/nio/fs/WindowsException'{0x000000008a283308}> (0x000000008a283308) thrown at [./src/hotspot/share/prims/jni.cpp, line 615]
Event: 21.156 Thread 0x000001ba856fb800 Exception <a 'sun/nio/fs/WindowsException'{0x000000008a283588}> (0x000000008a283588) thrown at [./src/hotspot/share/prims/jni.cpp, line 615]
Event: 21.157 Thread 0x000001ba856fb800 Exception <a 'sun/nio/fs/WindowsException'{0x000000008a284130}> (0x000000008a284130) thrown at [./src/hotspot/share/prims/jni.cpp, line 615]
Event: 21.157 Thread 0x000001ba856fb800 Exception <a 'sun/nio/fs/WindowsException'{0x000000008a2843b0}> (0x000000008a2843b0) thrown at [./src/hotspot/share/prims/jni.cpp, line 615]
Event: 21.157 Thread 0x000001ba856fb800 Exception <a 'sun/nio/fs/WindowsException'{0x000000008a284f58}> (0x000000008a284f58) thrown at [./src/hotspot/share/prims/jni.cpp, line 615]
Event: 21.161 Thread 0x000001ba856fb800 Exception <a 'sun/nio/fs/WindowsException'{0x000000008a2d4c50}> (0x000000008a2d4c50) thrown at [./src/hotspot/share/prims/jni.cpp, line 615]
Event: 21.183 Thread 0x000001ba856fb800 Exception <a 'java/lang/NoSuchMethodError'{0x000000008a1ae160}: 'void java.lang.invoke.DirectMethodHandle$Holder.invokeSpecial(java.lang.Object, java.lang.Object, int)'> (0x000000008a1ae160) thrown at [./src/hotspot/share/interpreter/linkResolver.cpp, line 773]
Event: 21.184 Thread 0x000001ba856fb800 Exception <a 'sun/nio/fs/WindowsException'{0x000000008a1ba358}> (0x000000008a1ba358) thrown at [./src/hotspot/share/prims/jni.cpp, line 615]
Event: 21.188 Thread 0x000001ba856fb800 Exception <a 'sun/nio/fs/WindowsException'{0x000000008a1d74c0}> (0x000000008a1d74c0) thrown at [./src/hotspot/share/prims/jni.cpp, line 615]
Event: 21.188 Thread 0x000001ba856fb800 Exception <a 'sun/nio/fs/WindowsException'{0x000000008a1d7598}> (0x000000008a1d7598) thrown at [./src/hotspot/share/prims/jni.cpp, line 615]
Event: 21.188 Thread 0x000001ba856fb800 Exception <a 'sun/nio/fs/WindowsException'{0x000000008a1d7670}> (0x000000008a1d7670) thrown at [./src/hotspot/share/prims/jni.cpp, line 615]
Event: 21.188 Thread 0x000001ba856fb800 Exception <a 'sun/nio/fs/WindowsException'{0x000000008a1d7758}> (0x000000008a1d7758) thrown at [./src/hotspot/share/prims/jni.cpp, line 615]
Event: 21.188 Thread 0x000001ba856fb800 Exception <a 'sun/nio/fs/WindowsException'{0x000000008a1d7ba0}> (0x000000008a1d7ba0) thrown at [./src/hotspot/share/prims/jni.cpp, line 615]
Event: 21.502 Thread 0x000001ba856fb800 Exception <a 'java/lang/IncompatibleClassChangeError'{0x0000000088fe5180}: Found class java.lang.Object, but interface was expected> (0x0000000088fe5180) thrown at [./src/hotspot/share/interpreter/linkResolver.cpp, line 839]
Event: 21.570 Thread 0x000001ba83c04800 Exception <a 'java/lang/NoSuchMethodError'{0x0000000088cccc50}: 'long java.lang.invoke.DirectMethodHandle$Holder.invokeStatic(java.lang.Object, java.lang.Object)'> (0x0000000088cccc50) thrown at [./src/hotspot/share/interpreter/linkResolver.cpp, line 773]
Event: 21.570 Thread 0x000001ba83c01000 Exception <a 'java/lang/NoSuchMethodError'{0x0000000088cd9060}: 'long java.lang.invoke.DirectMethodHandle$Holder.invokeStatic(java.lang.Object, java.lang.Object)'> (0x0000000088cd9060) thrown at [./src/hotspot/share/interpreter/linkResolver.cpp, line 773]
Event: 21.570 Thread 0x000001ba834e7800 Exception <a 'java/lang/NoSuchMethodError'{0x0000000088c39358}: 'long java.lang.invoke.DirectMethodHandle$Holder.invokeStatic(java.lang.Object, java.lang.Object)'> (0x0000000088c39358) thrown at [./src/hotspot/share/interpreter/linkResolver.cpp, line 773]
Event: 21.570 Thread 0x000001ba83c04800 Exception <a 'java/lang/NoSuchMethodError'{0x0000000088ccf7d0}: 'long java.lang.invoke.DirectMethodHandle$Holder.invokeStaticInit(java.lang.Object, java.lang.Object)'> (0x0000000088ccf7d0) thrown at [./src/hotspot/share/interpreter/linkResolver.cpp, line 773]
Event: 21.570 Thread 0x000001ba83c01000 Exception <a 'java/lang/NoSuchMethodError'{0x0000000088cdbbb8}: 'long java.lang.invoke.DirectMethodHandle$Holder.invokeStaticInit(java.lang.Object, java.lang.Object)'> (0x0000000088cdbbb8) thrown at [./src/hotspot/share/interpreter/linkResolver.cpp, line 773]
Event: 21.570 Thread 0x000001ba834e7800 Exception <a 'java/lang/NoSuchMethodError'{0x0000000088c3beb0}: 'long java.lang.invoke.DirectMethodHandle$Holder.invokeStaticInit(java.lang.Object, java.lang.Object)'> (0x0000000088c3beb0) thrown at [./src/hotspot/share/interpreter/linkResolver.cpp, line 773]

Events (20 events):
Event: 21.866 Executing VM operation: RevokeBias done
Event: 21.872 Executing VM operation: RevokeBias
Event: 21.873 Executing VM operation: RevokeBias done
Event: 21.887 Executing VM operation: RevokeBias
Event: 21.887 Executing VM operation: RevokeBias done
Event: 21.914 Executing VM operation: RevokeBias
Event: 21.915 Executing VM operation: RevokeBias done
Event: 21.915 Executing VM operation: RevokeBias
Event: 21.916 Executing VM operation: RevokeBias done
Event: 21.923 Executing VM operation: RevokeBias
Event: 21.923 Executing VM operation: RevokeBias done
Event: 21.924 Executing VM operation: RevokeBias
Event: 21.925 Executing VM operation: RevokeBias done
Event: 21.928 Executing VM operation: RevokeBias
Event: 21.929 Executing VM operation: RevokeBias done
Event: 21.940 Executing VM operation: RevokeBias
Event: 21.940 Executing VM operation: RevokeBias done
Event: 21.941 Executing VM operation: BulkRevokeBias
Event: 21.943 Executing VM operation: BulkRevokeBias done
Event: 21.945 Executing VM operation: G1CollectForAllocation


Dynamic libraries:
0x00007ff726470000 - 0x00007ff72647a000 	D:\Program Files\Android\jre\bin\java.exe
0x00007ffd67be0000 - 0x00007ffd67dd0000 	C:\Windows\SYSTEM32\ntdll.dll
0x00007ffd670d0000 - 0x00007ffd67182000 	C:\Windows\System32\KERNEL32.DLL
0x00007ffd65500000 - 0x00007ffd657a3000 	C:\Windows\System32\KERNELBASE.dll
0x00007ffd65a30000 - 0x00007ffd65b2a000 	C:\Windows\System32\ucrtbase.dll
0x00007ffd5c910000 - 0x00007ffd5c929000 	D:\Program Files\Android\jre\bin\jli.dll
0x00007ffd54210000 - 0x00007ffd54227000 	D:\Program Files\Android\jre\bin\VCRUNTIME140.dll
0x00007ffd67430000 - 0x00007ffd675c4000 	C:\Windows\System32\USER32.dll
0x00007ffd65480000 - 0x00007ffd654a1000 	C:\Windows\System32\win32u.dll
0x00007ffd51f40000 - 0x00007ffd521c5000 	C:\Windows\WinSxS\amd64_microsoft.windows.common-controls_6595b64144ccf1df_6.0.18362.535_none_e6c3b34713100821\COMCTL32.dll
0x00007ffd663f0000 - 0x00007ffd66416000 	C:\Windows\System32\GDI32.dll
0x00007ffd65b30000 - 0x00007ffd65cc4000 	C:\Windows\System32\gdi32full.dll
0x00007ffd67030000 - 0x00007ffd670ce000 	C:\Windows\System32\msvcrt.dll
0x00007ffd64bb0000 - 0x00007ffd64c4e000 	C:\Windows\System32\msvcp_win.dll
0x00007ffd675d0000 - 0x00007ffd67906000 	C:\Windows\System32\combase.dll
0x00007ffd67310000 - 0x00007ffd67430000 	C:\Windows\System32\RPCRT4.dll
0x00007ffd65900000 - 0x00007ffd65980000 	C:\Windows\System32\bcryptPrimitives.dll
0x00007ffd663c0000 - 0x00007ffd663ee000 	C:\Windows\System32\IMM32.DLL
0x00007ffd54170000 - 0x00007ffd5420d000 	D:\Program Files\Android\jre\bin\msvcp140.dll
0x00007ffd21c60000 - 0x00007ffd2271c000 	D:\Program Files\Android\jre\bin\server\jvm.dll
0x00007ffd67910000 - 0x00007ffd679b3000 	C:\Windows\System32\ADVAPI32.dll
0x00007ffd67270000 - 0x00007ffd67307000 	C:\Windows\System32\sechost.dll
0x00007ffd66700000 - 0x00007ffd66708000 	C:\Windows\System32\PSAPI.DLL
0x00007ffd5e980000 - 0x00007ffd5e98a000 	C:\Windows\SYSTEM32\VERSION.dll
0x00007ffd61170000 - 0x00007ffd61179000 	C:\Windows\SYSTEM32\WSOCK32.dll
0x00007ffd626c0000 - 0x00007ffd626e4000 	C:\Windows\SYSTEM32\WINMM.dll
0x00007ffd67b70000 - 0x00007ffd67bdf000 	C:\Windows\System32\WS2_32.dll
0x00007ffd62690000 - 0x00007ffd626bd000 	C:\Windows\SYSTEM32\WINMMBASE.dll
0x00007ffd654b0000 - 0x00007ffd654fa000 	C:\Windows\System32\cfgmgr32.dll
0x00007ffd64b00000 - 0x00007ffd64b11000 	C:\Windows\System32\kernel.appcore.dll
0x00007ffd61150000 - 0x00007ffd61161000 	D:\Program Files\Android\jre\bin\verify.dll
0x00007ffd63410000 - 0x00007ffd63604000 	C:\Windows\SYSTEM32\DBGHELP.DLL
0x00007ffd377f0000 - 0x00007ffd3781a000 	C:\Windows\SYSTEM32\dbgcore.DLL
0x00007ffd61120000 - 0x00007ffd61149000 	D:\Program Files\Android\jre\bin\java.dll
0x00007ffd61110000 - 0x00007ffd6111b000 	D:\Program Files\Android\jre\bin\jimage.dll
0x00007ffd60490000 - 0x00007ffd604a8000 	D:\Program Files\Android\jre\bin\zip.dll
0x00007ffd65cd0000 - 0x00007ffd663b5000 	C:\Windows\System32\SHELL32.dll
0x00007ffd66420000 - 0x00007ffd664c9000 	C:\Windows\System32\shcore.dll
0x00007ffd64c80000 - 0x00007ffd653ff000 	C:\Windows\System32\windows.storage.dll
0x00007ffd64b20000 - 0x00007ffd64b3f000 	C:\Windows\System32\profapi.dll
0x00007ffd64b60000 - 0x00007ffd64baa000 	C:\Windows\System32\powrprof.dll
0x00007ffd64af0000 - 0x00007ffd64b00000 	C:\Windows\System32\UMPDC.dll
0x00007ffd66dd0000 - 0x00007ffd66e22000 	C:\Windows\System32\shlwapi.dll
0x00007ffd65460000 - 0x00007ffd65477000 	C:\Windows\System32\cryptsp.dll
0x00007ffd60470000 - 0x00007ffd6048a000 	D:\Program Files\Android\jre\bin\net.dll
0x00007ffd57050000 - 0x00007ffd57140000 	C:\Windows\SYSTEM32\WINHTTP.dll
0x00007ffd64360000 - 0x00007ffd643c7000 	C:\Windows\system32\mswsock.dll
0x00007ffd60110000 - 0x00007ffd60124000 	D:\Program Files\Android\jre\bin\nio.dll
0x00007ffd4b270000 - 0x00007ffd4b297000 	C:\Users\asus\.gradle\native\f6784746aeab05261644944871eae4fe03e0ef1612fff0a4a95f87b438bc6780\windows-amd64\native-platform.dll
0x00007ffd61100000 - 0x00007ffd6110a000 	D:\Program Files\Android\jre\bin\management.dll
0x00007ffd610c0000 - 0x00007ffd610cc000 	D:\Program Files\Android\jre\bin\management_ext.dll
0x00007ffd63ed0000 - 0x00007ffd63f03000 	C:\Windows\system32\rsaenh.dll
0x00007ffd64c50000 - 0x00007ffd64c76000 	C:\Windows\System32\bcrypt.dll
0x00007ffd649e0000 - 0x00007ffd64a05000 	C:\Windows\SYSTEM32\USERENV.dll
0x00007ffd64530000 - 0x00007ffd6453c000 	C:\Windows\SYSTEM32\CRYPTBASE.dll
0x00007ffd64070000 - 0x00007ffd640aa000 	C:\Windows\SYSTEM32\IPHLPAPI.DLL
0x00007ffd67190000 - 0x00007ffd67198000 	C:\Windows\System32\NSI.dll
0x00007ffd5aa00000 - 0x00007ffd5aa16000 	C:\Windows\SYSTEM32\dhcpcsvc6.DLL
0x00007ffd5c5f0000 - 0x00007ffd5c60c000 	C:\Windows\SYSTEM32\dhcpcsvc.DLL
0x00007ffd640b0000 - 0x00007ffd6417a000 	C:\Windows\SYSTEM32\DNSAPI.dll
0x00007ffd5c900000 - 0x00007ffd5c90b000 	C:\Windows\SYSTEM32\WINNSI.DLL

dbghelp: loaded successfully - version: 4.0.5 - missing functions: none
symbol engine: initialized successfully - sym options: 0x614 - pdb path: .;D:\Program Files\Android\jre\bin;C:\Windows\SYSTEM32;C:\Windows\WinSxS\amd64_microsoft.windows.common-controls_6595b64144ccf1df_6.0.18362.535_none_e6c3b34713100821;D:\Program Files\Android\jre\bin\server;C:\Users\asus\.gradle\native\f6784746aeab05261644944871eae4fe03e0ef1612fff0a4a95f87b438bc6780\windows-amd64

VM Arguments:
jvm_args: --add-opens=java.base/java.util=ALL-UNNAMED --add-opens=java.base/java.lang=ALL-UNNAMED --add-opens=java.base/java.lang.invoke=ALL-UNNAMED --add-opens=java.prefs/java.util.prefs=ALL-UNNAMED -Xmx2048m -Dfile.encoding=UTF-8 -Duser.country=RU -Duser.language=ru -Duser.variant 
java_command: org.gradle.launcher.daemon.bootstrap.GradleDaemon 6.5
java_class_path (initial): C:\Users\asus\.gradle\wrapper\dists\gradle-6.5-bin\6nifqtx7604sqp1q6g8wikw7p\gradle-6.5\lib\gradle-launcher-6.5.jar
Launcher Type: SUN_STANDARD

[Global flags]
     intx CICompilerCount                          = 4                                         {product} {ergonomic}
     uint ConcGCThreads                            = 2                                         {product} {ergonomic}
     uint G1ConcRefinementThreads                  = 8                                         {product} {ergonomic}
   size_t G1HeapRegionSize                         = 1048576                                   {product} {ergonomic}
    uintx GCDrainStackTargetSize                   = 64                                        {product} {ergonomic}
   size_t InitialHeapSize                          = 132120576                                 {product} {ergonomic}
   size_t MarkStackSize                            = 4194304                                   {product} {ergonomic}
   size_t MaxHeapSize                              = 2147483648                                {product} {command line}
   size_t MaxNewSize                               = 1287651328                                {product} {ergonomic}
   size_t MinHeapDeltaBytes                        = 1048576                                   {product} {ergonomic}
    uintx NonNMethodCodeHeapSize                   = 5836300                                {pd product} {ergonomic}
    uintx NonProfiledCodeHeapSize                  = 122910970                              {pd product} {ergonomic}
    uintx ProfiledCodeHeapSize                     = 122910970                              {pd product} {ergonomic}
    uintx ReservedCodeCacheSize                    = 251658240                              {pd product} {ergonomic}
     bool SegmentedCodeCache                       = true                                      {product} {ergonomic}
     bool UseCompressedClassPointers               = true                                 {lp64_product} {ergonomic}
     bool UseCompressedOops                        = true                                 {lp64_product} {ergonomic}
     bool UseG1GC                                  = true                                      {product} {ergonomic}
     bool UseLargePagesIndividualAllocation        = false                                  {pd product} {ergonomic}

Logging:
Log output configuration:
 #0: stdout all=warning uptime,level,tags
 #1: stderr all=off uptime,level,tags

Environment Variables:
JAVA_HOME=D:\Program Files\Java
PATH=C:\PROGRA~2\Borland\CBUILD~1\Bin;C:\PROGRA~2\Borland\CBUILD~1\Projects\Bpl;C:\Program Files\Common Files\Oracle\Java\javapath;C:\Windows\system32;C:\Windows;C:\Windows\System32\Wbem;C:\Windows\System32\WindowsPowerShell\v1.0\;C:\Program Files (x86)\NVIDIA Corporation\PhysX\Common;C:\Program Files\NVIDIA Corporation\NVIDIA NvDLISR;C:\Program Files\Microsoft\Web Platform Installer\;C:\Program Files (x86)\Microsoft ASP.NET\ASP.NET Web Pages\v1.0\;C:\Program Files\Microsoft SQL Server\110\Tools\Binn\;C:\Program Files\Git\cmd;C:\Users\asus\AppData\Local\Microsoft\WindowsApps;;D:\Program Files\JetBrains\IntelliJ IDEA Community Edition 2020.3\bin;
USERNAME=asus
OS=Windows_NT
PROCESSOR_IDENTIFIER=Intel64 Family 6 Model 126 Stepping 5, GenuineIntel



---------------  S Y S T E M  ---------------

OS: Windows 10 , 64 bit Build 18362 (10.0.18362.329)
OS uptime: 0 days 3:15 hours

CPU:total 8 (initial active 8) (4 cores per cpu, 2 threads per core) family 6 model 126 stepping 5, cmov, cx8, fxsr, mmx, sse, sse2, sse3, ssse3, sse4.1, sse4.2, popcnt, avx, avx2, aes, clmul, erms, 3dnowpref, lzcnt, ht, tsc, tscinvbit, bmi1, bmi2, adx, evex, sha, fma

Memory: 4k page, system-wide physical 7997M (890M free)
TotalPageFile size 7997M (AvailPageFile size 12M)
current process WorkingSet (physical memory assigned to process): 515M, peak: 519M
current process commit charge ("private bytes"): 556M, peak: 590M

vm_info: OpenJDK 64-Bit Server VM (11.0.8+10-b944.6842174) for windows-amd64 JRE (11.0.8+10-b944.6842174), built on Sep 19 2020 01:11:42 by "builder" with MS VC++ 14.0 (VS2015)

END.
