#
# There is insufficient memory for the Java Runtime Environment to continue.
# Native memory allocation (mmap) failed to map 38797312 bytes for Failed to commit area from 0x000000008b700000 to 0x000000008dc00000 of length 38797312.
# Possible reasons:
#   The system is out of physical RAM or swap space
#   The process is running with CompressedOops enabled, and the Java Heap may be blocking the growth of the native heap
# Possible solutions:
#   Reduce memory load on the system
#   Increase physical memory or swap space
#   Check if swap backing store is full
#   Decrease Java heap size (-Xmx/-Xms)
#   Decrease number of Java threads
#   Decrease Java thread stack sizes (-Xss)
#   Set larger code cache with -XX:ReservedCodeCacheSize=
#   JVM is running with Unscaled Compressed Oops mode in which the Java heap is
#     placed in the first 4GB address space. The Java Heap base address is the
#     maximum limit for the native heap growth. Please use -XX:HeapBaseMinAddress
#     to set the Java Heap base and to place the Java Heap above 4GB virtual address.
# This output file may be truncated or incomplete.
#
#  Out of Memory Error (./src/hotspot/os/windows/os_windows.cpp:3303), pid=2256, tid=1440
#
# JRE version: OpenJDK Runtime Environment (11.0.8+10) (build 11.0.8+10-b944.6842174)
# Java VM: OpenJDK 64-Bit Server VM (11.0.8+10-b944.6842174, mixed mode, tiered, compressed oops, g1 gc, windows-amd64)
# No core dump will be written. Minidumps are not enabled by default on client versions of Windows
#

---------------  S U M M A R Y ------------

Command Line: --add-opens=java.base/java.util=ALL-UNNAMED --add-opens=java.base/java.lang=ALL-UNNAMED --add-opens=java.base/java.lang.invoke=ALL-UNNAMED --add-opens=java.prefs/java.util.prefs=ALL-UNNAMED -Xmx2048m -Dfile.encoding=UTF-8 -Duser.country=RU -Duser.language=ru -Duser.variant org.gradle.launcher.daemon.bootstrap.GradleDaemon 6.5

Host: Intel(R) Core(TM) i7-1065G7 CPU @ 1.30GHz, 8 cores, 7G,  Windows 10 , 64 bit Build 18362 (10.0.18362.329)
Time: Sun May 30 08:31:24 2021 Caiaaiay Acey (ceia) elapsed time: 968 seconds (0d 0h 16m 8s)

---------------  T H R E A D  ---------------

Current thread (0x00000216e3745800):  VMThread "VM Thread" [stack: 0x00000016e0200000,0x00000016e0300000] [id=1440]

Stack: [0x00000016e0200000,0x00000016e0300000]
[error occurred during error reporting (printing stack bounds), id 0xc0000005, EXCEPTION_ACCESS_VIOLATION (0xc0000005) at pc=0x00000216ccd20f67]

Native frames: (J=compiled Java code, j=interpreted, Vv=VM code, C=native code)
V  [jvm.dll+0x5de50a]
V  [jvm.dll+0x7122f5]
V  [jvm.dll+0x71384d]
V  [jvm.dll+0x713e65]
V  [jvm.dll+0x713e1b]
V  [jvm.dll+0x5dd958]
V  [jvm.dll+0x5de0f8]
C  [ntdll.dll+0xa11ff]
C  [ntdll.dll+0x6a289]
C  [ntdll.dll+0x9fe6e]
C  0x00000216ccd20f67

VM_Operation (0x00000016e9efd670): G1CollectForAllocation, mode: safepoint, requested by thread 0x00000216f36d4000


---------------  P R O C E S S  ---------------

Threads class SMR info:
_java_thread_list=0x00000216f28b2940, length=151, elements={
0x00000216c93b1800, 0x00000216e3f71800, 0x00000216e3f72800, 0x00000216e3fcc800,
0x00000216e3fcd800, 0x00000216e3fce800, 0x00000216e3fd3000, 0x00000216e374a800,
0x00000216e415b000, 0x00000216e4179800, 0x00000216e583f800, 0x00000216e422f800,
0x00000216e5e66800, 0x00000216e60ec000, 0x00000216e60ed000, 0x00000216e60e7800,
0x00000216e8d44800, 0x00000216e8d42000, 0x00000216e4ec3800, 0x00000216e4ec4000,
0x00000216e68f1800, 0x00000216e4ec1800, 0x00000216e4ec5000, 0x00000216e4ec2800,
0x00000216e4ebf000, 0x00000216e4ec5800, 0x00000216e4ec0000, 0x00000216e4ec6800,
0x00000216e4ec1000, 0x00000216e4ecb800, 0x00000216e4ec9000, 0x00000216e4ecc800,
0x00000216e4ecd000, 0x00000216e4eca000, 0x00000216e4ec7800, 0x00000216e4ec8000,
0x00000216e4eca800, 0x00000216e68ef800, 0x00000216e68ef000, 0x00000216e68f0800,
0x00000216e68ed000, 0x00000216e68ea800, 0x00000216e68f2000, 0x00000216e68ec800,
0x00000216e68f7000, 0x00000216e68f8800, 0x00000216e68f8000, 0x00000216e68f3000,
0x00000216e68f9800, 0x00000216e68f3800, 0x00000216e68f5800, 0x00000216e68f4800,
0x00000216e68f6000, 0x00000216ebacf000, 0x00000216ebacf800, 0x00000216ebad1800,
0x00000216ebacc800, 0x00000216ebace000, 0x00000216ebad0800, 0x00000216ebad2000,
0x00000216ebad3000, 0x00000216ebacd000, 0x00000216ebad9800, 0x00000216ebad6000,
0x00000216ebad7000, 0x00000216ebad8800, 0x00000216ebad3800, 0x00000216ebad4800,
0x00000216ebadb000, 0x00000216e8d40800, 0x00000216e8d45800, 0x00000216e8d41800,
0x00000216e8d3f800, 0x00000216e8d47000, 0x00000216e8d4a800, 0x00000216e8d4b000,
0x00000216e8d4c000, 0x00000216e8d46000, 0x00000216e8d4c800, 0x00000216e8d4d800,
0x00000216e8d48000, 0x00000216e8d48800, 0x00000216e8d4e800, 0x00000216e8d49800,
0x00000216e60ea800, 0x00000216e60e9000, 0x00000216e60e9800, 0x00000216e60ee000,
0x00000216e60eb800, 0x00000216e60e8000, 0x00000216e4537000, 0x00000216e4538000,
0x00000216e4539000, 0x00000216e4536800, 0x00000216e4535800, 0x00000216e4535000,
0x00000216e453d000, 0x00000216e453d800, 0x00000216e453c000, 0x00000216e453e800,
0x00000216e4539800, 0x00000216e453f800, 0x00000216e4540000, 0x00000216e453a800,
0x00000216e4541000, 0x00000216e453b800, 0x00000216e4542800, 0x00000216e4542000,
0x00000216e4543800, 0x00000216e9de5000, 0x00000216e9de7800, 0x00000216e9de9800,
0x00000216e9de8800, 0x00000216e9dea000, 0x00000216e9de4800, 0x00000216e9deb000,
0x00000216e9dec000, 0x00000216e9de6000, 0x00000216e9dec800, 0x00000216e9de7000,
0x00000216e9def000, 0x00000216e9df3000, 0x00000216e9df2800, 0x00000216e9df1800,
0x00000216e9df0000, 0x00000216e9ded800, 0x00000216e9df0800, 0x00000216e9dee000,
0x00000216ee0c6000, 0x00000216ee0c3800, 0x00000216ee0c6800, 0x00000216ee0c1000,
0x00000216ee0c5000, 0x00000216ee0c1800, 0x00000216ee0c2800, 0x00000216ee0c4000,
0x00000216f36d3000, 0x00000216f36d7000, 0x00000216f36d8000, 0x00000216f36d2000,
0x00000216f36d5800, 0x00000216f36d6800, 0x00000216f36d9000, 0x00000216f36d9800,
0x00000216f36d4000, 0x00000216f36da800, 0x00000216f36d4800, 0x00000216f36dd800,
0x00000216f36dc000, 0x00000216f36dd000, 0x00000216f36df800
}

Java Threads: ( => current thread )
  0x00000216c93b1800 JavaThread "main" [_thread_blocked, id=8516, stack(0x00000016dfc00000,0x00000016dfd00000)]
  0x00000216e3f71800 JavaThread "Reference Handler" daemon [_thread_blocked, id=5244, stack(0x00000016e0300000,0x00000016e0400000)]
  0x00000216e3f72800 JavaThread "Finalizer" daemon [_thread_blocked, id=6040, stack(0x00000016e0400000,0x00000016e0500000)]
  0x00000216e3fcc800 JavaThread "Signal Dispatcher" daemon [_thread_blocked, id=828, stack(0x00000016e0500000,0x00000016e0600000)]
  0x00000216e3fcd800 JavaThread "Attach Listener" daemon [_thread_blocked, id=9200, stack(0x00000016e0600000,0x00000016e0700000)]
  0x00000216e3fce800 JavaThread "C2 CompilerThread0" daemon [_thread_blocked, id=676, stack(0x00000016e0700000,0x00000016e0800000)]
  0x00000216e3fd3000 JavaThread "C1 CompilerThread0" daemon [_thread_blocked, id=8448, stack(0x00000016e0800000,0x00000016e0900000)]
  0x00000216e374a800 JavaThread "Sweeper thread" daemon [_thread_blocked, id=1160, stack(0x00000016e0900000,0x00000016e0a00000)]
  0x00000216e415b000 JavaThread "Common-Cleaner" daemon [_thread_blocked, id=5324, stack(0x00000016e0a00000,0x00000016e0b00000)]
  0x00000216e4179800 JavaThread "Service Thread" daemon [_thread_blocked, id=8400, stack(0x00000016e0b00000,0x00000016e0c00000)]
  0x00000216e583f800 JavaThread "Daemon health stats" [_thread_blocked, id=4328, stack(0x00000016e1000000,0x00000016e1100000)]
  0x00000216e422f800 JavaThread "Incoming local TCP Connector on port 54650" [_thread_in_native, id=3916, stack(0x00000016e1200000,0x00000016e1300000)]
  0x00000216e5e66800 JavaThread "Daemon periodic checks" [_thread_blocked, id=7336, stack(0x00000016e1300000,0x00000016e1400000)]
  0x00000216e60ec000 JavaThread "Cache worker for journal cache (C:\Users\asus\.gradle\caches\journal-1)" [_thread_blocked, id=1436, stack(0x00000016e2100000,0x00000016e2200000)]
  0x00000216e60ed000 JavaThread "File lock request listener" [_thread_in_native, id=1980, stack(0x00000016e2200000,0x00000016e2300000)]
  0x00000216e60e7800 JavaThread "Cache worker for file hash cache (C:\Users\asus\.gradle\caches\6.5\fileHashes)" [_thread_blocked, id=8852, stack(0x00000016e2300000,0x00000016e2400000)]
  0x00000216e8d44800 JavaThread "Cache worker for execution history cache (C:\Users\asus\.gradle\caches\6.5\executionHistory)" [_thread_blocked, id=4428, stack(0x00000016e3f00000,0x00000016e4000000)]
  0x00000216e8d42000 JavaThread "Cache worker for file content cache (C:\Users\asus\.gradle\caches\6.5\fileContent)" [_thread_blocked, id=7372, stack(0x00000016e4000000,0x00000016e4100000)]
  0x00000216e4ec3800 JavaThread "Daemon Thread 5" [_thread_blocked, id=7128, stack(0x00000016e0d00000,0x00000016e0e00000)]
  0x00000216e4ec4000 JavaThread "Daemon worker Thread 5" [_thread_blocked, id=8484, stack(0x00000016e1500000,0x00000016e1600000)]
  0x00000216e68f1800 JavaThread "Memory manager" [_thread_blocked, id=5764, stack(0x00000016e9200000,0x00000016e9300000)]
  0x00000216e4ec1800 JavaThread "Handler for socket connection from /127.0.0.1:54650 to /127.0.0.1:54860" [_thread_in_native, id=8944, stack(0x00000016e1100000,0x00000016e1200000)]
  0x00000216e4ec5000 JavaThread "Cancel handler" [_thread_blocked, id=6228, stack(0x00000016e1400000,0x00000016e1500000)]
  0x00000216e4ec2800 JavaThread "Asynchronous log dispatcher for DefaultDaemonConnection: socket connection from /127.0.0.1:54650 to /127.0.0.1:54860" [_thread_blocked, id=3808, stack(0x00000016e1900000,0x00000016e1a00000)]
  0x00000216e4ebf000 JavaThread "Stdin handler" [_thread_blocked, id=8740, stack(0x00000016e1a00000,0x00000016e1b00000)]
  0x00000216e4ec5800 JavaThread "Thread-812" [_thread_blocked, id=8292, stack(0x00000016e1b00000,0x00000016e1c00000)]
  0x00000216e4ec0000 JavaThread "Cache worker for file hash cache (D:\Android projects\Puzzle15_v1\.gradle\6.5\fileHashes)" [_thread_blocked, id=3792, stack(0x00000016e2500000,0x00000016e2600000)]
  0x00000216e4ec6800 JavaThread "Cache worker for checksums cache (D:\Android projects\Puzzle15_v1\.gradle\checksums)" [_thread_blocked, id=6624, stack(0x00000016e2600000,0x00000016e2700000)]
  0x00000216e4ec1000 JavaThread "Cache worker for cache directory md-supplier (C:\Users\asus\.gradle\caches\6.5\md-supplier)" [_thread_blocked, id=8524, stack(0x00000016e2700000,0x00000016e2800000)]
  0x00000216e4ecb800 JavaThread "Cache worker for cache directory md-rule (C:\Users\asus\.gradle\caches\6.5\md-rule)" [_thread_blocked, id=7844, stack(0x00000016e2800000,0x00000016e2900000)]
  0x00000216e4ec9000 JavaThread "C2 CompilerThread1" daemon [_thread_in_native, id=476, stack(0x00000016e2900000,0x00000016e2a00000)]
  0x00000216e4ecc800 JavaThread "C2 CompilerThread2" daemon [_thread_in_native, id=4520, stack(0x00000016e2a00000,0x00000016e2b00000)]
  0x00000216e4ecd000 JavaThread "Build operations" [_thread_blocked, id=4300, stack(0x00000016e2b00000,0x00000016e2c00000)]
  0x00000216e4eca000 JavaThread "Build operations Thread 2" [_thread_blocked, id=6916, stack(0x00000016e2c00000,0x00000016e2d00000)]
  0x00000216e4ec7800 JavaThread "Build operations Thread 3" [_thread_blocked, id=4980, stack(0x00000016e2d00000,0x00000016e2e00000)]
  0x00000216e4ec8000 JavaThread "Build operations Thread 4" [_thread_blocked, id=3596, stack(0x00000016e2e00000,0x00000016e2f00000)]
  0x00000216e4eca800 JavaThread "Build operations Thread 5" [_thread_blocked, id=7232, stack(0x00000016e2f00000,0x00000016e3000000)]
  0x00000216e68ef800 JavaThread "Build operations Thread 6" [_thread_blocked, id=8592, stack(0x00000016e3000000,0x00000016e3100000)]
  0x00000216e68ef000 JavaThread "Build operations Thread 7" [_thread_blocked, id=7688, stack(0x00000016e3100000,0x00000016e3200000)]
  0x00000216e68f0800 JavaThread "Build operations Thread 8" [_thread_blocked, id=7672, stack(0x00000016e3200000,0x00000016e3300000)]
  0x00000216e68ed000 JavaThread "jar transforms Thread 461" [_thread_blocked, id=492, stack(0x00000016e3300000,0x00000016e3400000)]
  0x00000216e68ea800 JavaThread "jar transforms Thread 462" [_thread_blocked, id=7192, stack(0x00000016e3400000,0x00000016e3500000)]
  0x00000216e68f2000 JavaThread "jar transforms Thread 463" [_thread_blocked, id=1040, stack(0x00000016e3500000,0x00000016e3600000)]
  0x00000216e68ec800 JavaThread "jar transforms Thread 464" [_thread_blocked, id=8908, stack(0x00000016e3600000,0x00000016e3700000)]
  0x00000216e68f7000 JavaThread "jar transforms Thread 465" [_thread_blocked, id=8848, stack(0x00000016e3700000,0x00000016e3800000)]
  0x00000216e68f8800 JavaThread "jar transforms Thread 466" [_thread_blocked, id=9192, stack(0x00000016e3800000,0x00000016e3900000)]
  0x00000216e68f8000 JavaThread "jar transforms Thread 467" [_thread_blocked, id=1256, stack(0x00000016e3900000,0x00000016e3a00000)]
  0x00000216e68f3000 JavaThread "jar transforms Thread 468" [_thread_blocked, id=5880, stack(0x00000016e3a00000,0x00000016e3b00000)]
  0x00000216e68f9800 JavaThread "jar transforms Thread 469" [_thread_blocked, id=8600, stack(0x00000016e3b00000,0x00000016e3c00000)]
  0x00000216e68f3800 JavaThread "jar transforms Thread 470" [_thread_blocked, id=1004, stack(0x00000016e3c00000,0x00000016e3d00000)]
  0x00000216e68f5800 JavaThread "jar transforms Thread 471" [_thread_blocked, id=7224, stack(0x00000016e3d00000,0x00000016e3e00000)]
  0x00000216e68f4800 JavaThread "jar transforms Thread 472" [_thread_blocked, id=7632, stack(0x00000016e3e00000,0x00000016e3f00000)]
  0x00000216e68f6000 JavaThread "jar transforms Thread 473" [_thread_blocked, id=7176, stack(0x00000016e4100000,0x00000016e4200000)]
  0x00000216ebacf000 JavaThread "jar transforms Thread 474" [_thread_blocked, id=6056, stack(0x00000016e4200000,0x00000016e4300000)]
  0x00000216ebacf800 JavaThread "jar transforms Thread 475" [_thread_blocked, id=6308, stack(0x00000016e4300000,0x00000016e4400000)]
  0x00000216ebad1800 JavaThread "jar transforms Thread 476" [_thread_blocked, id=8304, stack(0x00000016e4400000,0x00000016e4500000)]
  0x00000216ebacc800 JavaThread "jar transforms Thread 477" [_thread_blocked, id=2216, stack(0x00000016e4500000,0x00000016e4600000)]
  0x00000216ebace000 JavaThread "jar transforms Thread 478" [_thread_blocked, id=8764, stack(0x00000016e4600000,0x00000016e4700000)]
  0x00000216ebad0800 JavaThread "jar transforms Thread 479" [_thread_blocked, id=3912, stack(0x00000016e4700000,0x00000016e4800000)]
  0x00000216ebad2000 JavaThread "jar transforms Thread 480" [_thread_blocked, id=8872, stack(0x00000016e4800000,0x00000016e4900000)]
  0x00000216ebad3000 JavaThread "jar transforms Thread 481" [_thread_blocked, id=7780, stack(0x00000016e4900000,0x00000016e4a00000)]
  0x00000216ebacd000 JavaThread "jar transforms Thread 482" [_thread_blocked, id=6092, stack(0x00000016e4a00000,0x00000016e4b00000)]
  0x00000216ebad9800 JavaThread "jar transforms Thread 483" [_thread_blocked, id=2408, stack(0x00000016e4b00000,0x00000016e4c00000)]
  0x00000216ebad6000 JavaThread "jar transforms Thread 484" [_thread_blocked, id=3776, stack(0x00000016e4c00000,0x00000016e4d00000)]
  0x00000216ebad7000 JavaThread "jar transforms Thread 485" [_thread_blocked, id=5152, stack(0x00000016e4d00000,0x00000016e4e00000)]
  0x00000216ebad8800 JavaThread "jar transforms Thread 486" [_thread_blocked, id=3024, stack(0x00000016e4e00000,0x00000016e4f00000)]
  0x00000216ebad3800 JavaThread "jar transforms Thread 487" [_thread_blocked, id=8792, stack(0x00000016e4f00000,0x00000016e5000000)]
  0x00000216ebad4800 JavaThread "jar transforms Thread 488" [_thread_blocked, id=1556, stack(0x00000016e5000000,0x00000016e5100000)]
  0x00000216ebadb000 JavaThread "jar transforms Thread 489" [_thread_blocked, id=9016, stack(0x00000016e5100000,0x00000016e5200000)]
  0x00000216e8d40800 JavaThread "jar transforms Thread 490" [_thread_blocked, id=4116, stack(0x00000016e5200000,0x00000016e5300000)]
  0x00000216e8d45800 JavaThread "jar transforms Thread 491" [_thread_blocked, id=5872, stack(0x00000016e5300000,0x00000016e5400000)]
  0x00000216e8d41800 JavaThread "jar transforms Thread 492" [_thread_blocked, id=2124, stack(0x00000016e5400000,0x00000016e5500000)]
  0x00000216e8d3f800 JavaThread "jar transforms Thread 493" [_thread_blocked, id=5448, stack(0x00000016e5500000,0x00000016e5600000)]
  0x00000216e8d47000 JavaThread "jar transforms Thread 494" [_thread_blocked, id=8276, stack(0x00000016e5600000,0x00000016e5700000)]
  0x00000216e8d4a800 JavaThread "jar transforms Thread 495" [_thread_blocked, id=2188, stack(0x00000016e5700000,0x00000016e5800000)]
  0x00000216e8d4b000 JavaThread "jar transforms Thread 496" [_thread_blocked, id=2072, stack(0x00000016e5800000,0x00000016e5900000)]
  0x00000216e8d4c000 JavaThread "jar transforms Thread 497" [_thread_blocked, id=1884, stack(0x00000016e5900000,0x00000016e5a00000)]
  0x00000216e8d46000 JavaThread "jar transforms Thread 498" [_thread_blocked, id=1868, stack(0x00000016e5a00000,0x00000016e5b00000)]
  0x00000216e8d4c800 JavaThread "jar transforms Thread 499" [_thread_blocked, id=1204, stack(0x00000016e5b00000,0x00000016e5c00000)]
  0x00000216e8d4d800 JavaThread "jar transforms Thread 500" [_thread_blocked, id=4352, stack(0x00000016e5c00000,0x00000016e5d00000)]
  0x00000216e8d48000 JavaThread "jar transforms Thread 501" [_thread_blocked, id=496, stack(0x00000016e5d00000,0x00000016e5e00000)]
  0x00000216e8d48800 JavaThread "jar transforms Thread 502" [_thread_blocked, id=6400, stack(0x00000016e5e00000,0x00000016e5f00000)]
  0x00000216e8d4e800 JavaThread "jar transforms Thread 503" [_thread_blocked, id=1372, stack(0x00000016e5f00000,0x00000016e6000000)]
  0x00000216e8d49800 JavaThread "jar transforms Thread 504" [_thread_blocked, id=8716, stack(0x00000016e6000000,0x00000016e6100000)]
  0x00000216e60ea800 JavaThread "jar transforms Thread 505" [_thread_blocked, id=8200, stack(0x00000016e6100000,0x00000016e6200000)]
  0x00000216e60e9000 JavaThread "jar transforms Thread 506" [_thread_blocked, id=9172, stack(0x00000016e6200000,0x00000016e6300000)]
  0x00000216e60e9800 JavaThread "jar transforms Thread 507" [_thread_blocked, id=8488, stack(0x00000016e6300000,0x00000016e6400000)]
  0x00000216e60ee000 JavaThread "jar transforms Thread 508" [_thread_blocked, id=4492, stack(0x00000016e6400000,0x00000016e6500000)]
  0x00000216e60eb800 JavaThread "jar transforms Thread 509" [_thread_blocked, id=2352, stack(0x00000016e6500000,0x00000016e6600000)]
  0x00000216e60e8000 JavaThread "jar transforms Thread 510" [_thread_blocked, id=8284, stack(0x00000016e6600000,0x00000016e6700000)]
  0x00000216e4537000 JavaThread "jar transforms Thread 511" [_thread_blocked, id=1152, stack(0x00000016e6700000,0x00000016e6800000)]
  0x00000216e4538000 JavaThread "jar transforms Thread 512" [_thread_blocked, id=4496, stack(0x00000016e6800000,0x00000016e6900000)]
  0x00000216e4539000 JavaThread "jar transforms Thread 513" [_thread_blocked, id=6932, stack(0x00000016e6900000,0x00000016e6a00000)]
  0x00000216e4536800 JavaThread "jar transforms Thread 514" [_thread_blocked, id=3388, stack(0x00000016e6a00000,0x00000016e6b00000)]
  0x00000216e4535800 JavaThread "jar transforms Thread 515" [_thread_blocked, id=5464, stack(0x00000016e6b00000,0x00000016e6c00000)]
  0x00000216e4535000 JavaThread "jar transforms Thread 516" [_thread_blocked, id=6648, stack(0x00000016e6c00000,0x00000016e6d00000)]
  0x00000216e453d000 JavaThread "jar transforms Thread 517" [_thread_blocked, id=5504, stack(0x00000016e6d00000,0x00000016e6e00000)]
  0x00000216e453d800 JavaThread "jar transforms Thread 518" [_thread_blocked, id=2976, stack(0x00000016e6e00000,0x00000016e6f00000)]
  0x00000216e453c000 JavaThread "jar transforms Thread 519" [_thread_blocked, id=4584, stack(0x00000016e6f00000,0x00000016e7000000)]
  0x00000216e453e800 JavaThread "jar transforms Thread 520" [_thread_blocked, id=7804, stack(0x00000016e7000000,0x00000016e7100000)]
  0x00000216e4539800 JavaThread "jar transforms Thread 521" [_thread_blocked, id=2280, stack(0x00000016e7100000,0x00000016e7200000)]
  0x00000216e453f800 JavaThread "jar transforms Thread 522" [_thread_blocked, id=4592, stack(0x00000016e7200000,0x00000016e7300000)]
  0x00000216e4540000 JavaThread "jar transforms Thread 523" [_thread_blocked, id=8552, stack(0x00000016e7300000,0x00000016e7400000)]
  0x00000216e453a800 JavaThread "jar transforms Thread 524" [_thread_blocked, id=6804, stack(0x00000016e7400000,0x00000016e7500000)]
  0x00000216e4541000 JavaThread "jar transforms Thread 525" [_thread_blocked, id=2360, stack(0x00000016e7500000,0x00000016e7600000)]
  0x00000216e453b800 JavaThread "jar transforms Thread 526" [_thread_blocked, id=2528, stack(0x00000016e7600000,0x00000016e7700000)]
  0x00000216e4542800 JavaThread "jar transforms Thread 527" [_thread_blocked, id=388, stack(0x00000016e7700000,0x00000016e7800000)]
  0x00000216e4542000 JavaThread "jar transforms Thread 528" [_thread_blocked, id=7244, stack(0x00000016e7800000,0x00000016e7900000)]
  0x00000216e4543800 JavaThread "jar transforms Thread 529" [_thread_blocked, id=8692, stack(0x00000016e7900000,0x00000016e7a00000)]
  0x00000216e9de5000 JavaThread "jar transforms Thread 530" [_thread_blocked, id=7876, stack(0x00000016e7a00000,0x00000016e7b00000)]
  0x00000216e9de7800 JavaThread "jar transforms Thread 531" [_thread_blocked, id=8928, stack(0x00000016e7b00000,0x00000016e7c00000)]
  0x00000216e9de9800 JavaThread "jar transforms Thread 532" [_thread_blocked, id=8196, stack(0x00000016e7c00000,0x00000016e7d00000)]
  0x00000216e9de8800 JavaThread "jar transforms Thread 533" [_thread_blocked, id=3936, stack(0x00000016e7d00000,0x00000016e7e00000)]
  0x00000216e9dea000 JavaThread "jar transforms Thread 534" [_thread_blocked, id=3000, stack(0x00000016e7e00000,0x00000016e7f00000)]
  0x00000216e9de4800 JavaThread "jar transforms Thread 535" [_thread_blocked, id=7692, stack(0x00000016e7f00000,0x00000016e8000000)]
  0x00000216e9deb000 JavaThread "jar transforms Thread 536" [_thread_blocked, id=1056, stack(0x00000016e8000000,0x00000016e8100000)]
  0x00000216e9dec000 JavaThread "jar transforms Thread 537" [_thread_blocked, id=7612, stack(0x00000016e8100000,0x00000016e8200000)]
  0x00000216e9de6000 JavaThread "jar transforms Thread 538" [_thread_blocked, id=488, stack(0x00000016e8200000,0x00000016e8300000)]
  0x00000216e9dec800 JavaThread "jar transforms Thread 539" [_thread_blocked, id=6968, stack(0x00000016e8300000,0x00000016e8400000)]
  0x00000216e9de7000 JavaThread "jar transforms Thread 540" [_thread_blocked, id=5176, stack(0x00000016e8400000,0x00000016e8500000)]
  0x00000216e9def000 JavaThread "jar transforms Thread 541" [_thread_blocked, id=2232, stack(0x00000016e8500000,0x00000016e8600000)]
  0x00000216e9df3000 JavaThread "jar transforms Thread 542" [_thread_blocked, id=4676, stack(0x00000016e8600000,0x00000016e8700000)]
  0x00000216e9df2800 JavaThread "jar transforms Thread 543" [_thread_blocked, id=1852, stack(0x00000016e8700000,0x00000016e8800000)]
  0x00000216e9df1800 JavaThread "jar transforms Thread 544" [_thread_blocked, id=2596, stack(0x00000016e8800000,0x00000016e8900000)]
  0x00000216e9df0000 JavaThread "jar transforms Thread 545" [_thread_blocked, id=8812, stack(0x00000016e8900000,0x00000016e8a00000)]
  0x00000216e9ded800 JavaThread "jar transforms Thread 546" [_thread_blocked, id=2436, stack(0x00000016e8a00000,0x00000016e8b00000)]
  0x00000216e9df0800 JavaThread "jar transforms Thread 547" [_thread_blocked, id=8352, stack(0x00000016e8b00000,0x00000016e8c00000)]
  0x00000216e9dee000 JavaThread "jar transforms Thread 548" [_thread_blocked, id=6592, stack(0x00000016e8c00000,0x00000016e8d00000)]
  0x00000216ee0c6000 JavaThread "jar transforms Thread 549" [_thread_blocked, id=2496, stack(0x00000016e8d00000,0x00000016e8e00000)]
  0x00000216ee0c3800 JavaThread "jar transforms Thread 550" [_thread_blocked, id=6936, stack(0x00000016e8e00000,0x00000016e8f00000)]
  0x00000216ee0c6800 JavaThread "jar transforms Thread 551" [_thread_blocked, id=3532, stack(0x00000016e8f00000,0x00000016e9000000)]
  0x00000216ee0c1000 JavaThread "jar transforms Thread 552" [_thread_blocked, id=7300, stack(0x00000016e9000000,0x00000016e9100000)]
  0x00000216ee0c5000 JavaThread "Cache worker for Build Output Cleanup Cache (D:\Android projects\Puzzle15_v1\.gradle\buildOutputCleanup)" [_thread_blocked, id=1916, stack(0x00000016e9100000,0x00000016e9200000)]
  0x00000216ee0c1800 JavaThread "Cache worker for file content cache (D:\Android projects\Puzzle15_v1\.gradle\6.5\fileContent)" [_thread_blocked, id=5460, stack(0x00000016e9300000,0x00000016e9400000)]
  0x00000216ee0c2800 JavaThread "Execution worker for ':'" [_thread_blocked, id=9104, stack(0x00000016e9400000,0x00000016e9500000)]
  0x00000216ee0c4000 JavaThread "Execution worker for ':' Thread 2" [_thread_blocked, id=8248, stack(0x00000016e9500000,0x00000016e9600000)]
  0x00000216f36d3000 JavaThread "Execution worker for ':' Thread 3" [_thread_blocked, id=3360, stack(0x00000016e9600000,0x00000016e9700000)]
  0x00000216f36d7000 JavaThread "Execution worker for ':' Thread 4" [_thread_blocked, id=1132, stack(0x00000016e9700000,0x00000016e9800000)]
  0x00000216f36d8000 JavaThread "Execution worker for ':' Thread 5" [_thread_blocked, id=8416, stack(0x00000016e9800000,0x00000016e9900000)]
  0x00000216f36d2000 JavaThread "Execution worker for ':' Thread 6" [_thread_blocked, id=3148, stack(0x00000016e9900000,0x00000016e9a00000)]
  0x00000216f36d5800 JavaThread "Execution worker for ':' Thread 7" [_thread_blocked, id=3272, stack(0x00000016e9a00000,0x00000016e9b00000)]
  0x00000216f36d6800 JavaThread "Cache worker for execution history cache (D:\Android projects\Puzzle15_v1\.gradle\6.5\executionHistory)" [_thread_blocked, id=7348, stack(0x00000016e9b00000,0x00000016e9c00000)]
  0x00000216f36d9000 JavaThread "WorkerExecutor Queue" [_thread_blocked, id=1088, stack(0x00000016e9c00000,0x00000016e9d00000)]
  0x00000216f36d9800 JavaThread "WorkerExecutor Queue Thread 2" [_thread_blocked, id=9160, stack(0x00000016e9d00000,0x00000016e9e00000)]
  0x00000216f36d4000 JavaThread "WorkerExecutor Queue Thread 3" [_thread_blocked, id=7200, stack(0x00000016e9e00000,0x00000016e9f00000)]
  0x00000216f36da800 JavaThread "WorkerExecutor Queue Thread 4" [_thread_blocked, id=7148, stack(0x00000016e9f00000,0x00000016ea000000)]
  0x00000216f36d4800 JavaThread "WorkerExecutor Queue Thread 5" [_thread_blocked, id=1336, stack(0x00000016ea000000,0x00000016ea100000)]
  0x00000216f36dd800 JavaThread "WorkerExecutor Queue Thread 6" [_thread_blocked, id=8936, stack(0x00000016ea100000,0x00000016ea200000)]
  0x00000216f36dc000 JavaThread "WorkerExecutor Queue Thread 7" [_thread_blocked, id=4440, stack(0x00000016ea200000,0x00000016ea300000)]
  0x00000216f36dd000 JavaThread "WorkerExecutor Queue Thread 8" [_thread_blocked, id=140, stack(0x00000016ea300000,0x00000016ea400000)]
  0x00000216f36df800 JavaThread "Java2D Disposer" daemon [_thread_blocked, id=8408, stack(0x00000016ea700000,0x00000016ea800000)]

Other Threads:
=>0x00000216e3745800 VMThread "VM Thread" [stack: 0x00000016e0200000,0x00000016e0300000] [id=1440]
  0x00000216e417a800 WatcherThread [stack: 0x00000016e0c00000,0x00000016e0d00000] [id=5804]
  0x00000216c93ca000 GCTaskThread "GC Thread#0" [stack: 0x00000016dfd00000,0x00000016dfe00000] [id=900]
  0x00000216e4e17800 GCTaskThread "GC Thread#1" [stack: 0x00000016e0e00000,0x00000016e0f00000] [id=9204]
  0x00000216e4fea000 GCTaskThread "GC Thread#2" [stack: 0x00000016e0f00000,0x00000016e1000000] [id=5172]
  0x00000216e6290800 GCTaskThread "GC Thread#3" [stack: 0x00000016e1c00000,0x00000016e1d00000] [id=8268]
  0x00000216e6011800 GCTaskThread "GC Thread#4" [stack: 0x00000016e1d00000,0x00000016e1e00000] [id=2856]
  0x00000216e64a5800 GCTaskThread "GC Thread#5" [stack: 0x00000016e1e00000,0x00000016e1f00000] [id=9132]
  0x00000216e60f5800 GCTaskThread "GC Thread#6" [stack: 0x00000016e1f00000,0x00000016e2000000] [id=4156]
  0x00000216e624d000 GCTaskThread "GC Thread#7" [stack: 0x00000016e2000000,0x00000016e2100000] [id=4412]
  0x00000216c93f9800 ConcurrentGCThread "G1 Main Marker" [stack: 0x00000016dfe00000,0x00000016dff00000] [id=4252]
  0x00000216c93fb000 ConcurrentGCThread "G1 Conc#0" [stack: 0x00000016dff00000,0x00000016e0000000] [id=2840]
  0x00000216e60a6800 ConcurrentGCThread "G1 Conc#1" [stack: 0x00000016e2400000,0x00000016e2500000] [id=3984]
  0x00000216e3593800 ConcurrentGCThread "G1 Refine#0" [stack: 0x00000016e0000000,0x00000016e0100000] [id=4052]
  0x00000216e6017000 ConcurrentGCThread "G1 Refine#1" [stack: 0x00000016df900000,0x00000016dfa00000] [id=6672]
  0x00000216e9405000 ConcurrentGCThread "G1 Refine#2" [stack: 0x00000016dfa00000,0x00000016dfb00000] [id=7456]
  0x00000216e8fd0000 ConcurrentGCThread "G1 Refine#3" [stack: 0x00000016dfb00000,0x00000016dfc00000] [id=5888]
  0x00000216ee519800 ConcurrentGCThread "G1 Refine#4" [stack: 0x00000016e1600000,0x00000016e1700000] [id=8760]
  0x00000216e4d1d000 ConcurrentGCThread "G1 Refine#5" [stack: 0x00000016e1700000,0x00000016e1800000] [id=8244]
  0x00000216e5c03800 ConcurrentGCThread "G1 Refine#6" [stack: 0x00000016e1800000,0x00000016e1900000] [id=7404]
  0x00000216e3594000 ConcurrentGCThread "G1 Young RemSet Sampling" [stack: 0x00000016e0100000,0x00000016e0200000] [id=2640]

Threads with active compile tasks:
C2 CompilerThread0 968463 17666 % !   4       com.android.ide.common.resources.DataMerger::mergeData @ 247 (611 bytes)
C1 CompilerThread0 968463 17889       2       com.android.ide.common.resources.configuration.ScreenSizeQualifier::checkAndSet (29 bytes)
C2 CompilerThread1 968463 17697       4       java.lang.invoke.InvokerBytecodeGenerator::emitImplicitConversion (159 bytes)
C2 CompilerThread2 968463 17671   !   4       java.io.ObjectOutputStream::writeObject0 (619 bytes)

VM state:at safepoint (normal execution)

VM Mutex/Monitor currently owned by a thread:  ([mutex/lock_event])
[0x00000216c93ade70] Threads_lock - owner thread: 0x00000216e3745800
[0x00000216c93ae380] Heap_lock - owner thread: 0x00000216f36d4000

Heap address: 0x0000000080000000, size: 2048 MB, Compressed Oops mode: 32-bit
Narrow klass base: 0x0000000000000000, Narrow klass shift: 3
Compressed class space size: 1073741824 Address: 0x0000000100000000

Heap:
 garbage-first heap   total 225280K, used 159054K [0x0000000080000000, 0x0000000100000000)
  region size 1024K, 2 young (2048K), 2 survivors (2048K)
 Metaspace       used 136534K, capacity 141894K, committed 142120K, reserved 1173504K
  class space    used 16633K, capacity 18354K, committed 18380K, reserved 1048576K
Heap Regions: E=young(eden), S=young(survivor), O=old, HS=humongous(starts), HC=humongous(continues), CS=collection set, F=free, A=archive, TAMS=top-at-mark-start (previous, next)
|   0|0x0000000080000000, 0x0000000080100000, 0x0000000080100000|100%| O|  |TAMS 0x0000000080100000, 0x0000000080000000| Untracked 
|   1|0x0000000080100000, 0x0000000080200000, 0x0000000080200000|100%| O|  |TAMS 0x0000000080200000, 0x0000000080100000| Untracked 
|   2|0x0000000080200000, 0x0000000080300000, 0x0000000080300000|100%| O|  |TAMS 0x0000000080300000, 0x0000000080200000| Untracked 
|   3|0x0000000080300000, 0x0000000080400000, 0x0000000080400000|100%|HS|  |TAMS 0x0000000080400000, 0x0000000080300000| Complete 
|   4|0x0000000080400000, 0x0000000080500000, 0x0000000080500000|100%|HC|  |TAMS 0x0000000080500000, 0x0000000080400000| Complete 
|   5|0x0000000080500000, 0x0000000080600000, 0x0000000080600000|100%|HC|  |TAMS 0x0000000080600000, 0x0000000080500000| Complete 
|   6|0x0000000080600000, 0x0000000080700000, 0x0000000080700000|100%| O|  |TAMS 0x0000000080700000, 0x0000000080600000| Untracked 
|   7|0x0000000080700000, 0x0000000080800000, 0x0000000080800000|100%| O|  |TAMS 0x0000000080800000, 0x0000000080700000| Untracked 
|   8|0x0000000080800000, 0x0000000080900000, 0x0000000080900000|100%| O|  |TAMS 0x0000000080900000, 0x0000000080800000| Complete 
|   9|0x0000000080900000, 0x0000000080a00000, 0x0000000080a00000|100%| O|  |TAMS 0x0000000080a00000, 0x0000000080900000| Untracked 
|  10|0x0000000080a00000, 0x0000000080b00000, 0x0000000080b00000|100%| O|  |TAMS 0x0000000080b00000, 0x0000000080a00000| Untracked 
|  11|0x0000000080b00000, 0x0000000080c00000, 0x0000000080c00000|100%| O|  |TAMS 0x0000000080c00000, 0x0000000080b00000| Untracked 
|  12|0x0000000080c00000, 0x0000000080d00000, 0x0000000080d00000|100%| O|  |TAMS 0x0000000080d00000, 0x0000000080c00000| Untracked 
|  13|0x0000000080d00000, 0x0000000080e00000, 0x0000000080e00000|100%| O|  |TAMS 0x0000000080e00000, 0x0000000080d00000| Untracked 
|  14|0x0000000080e00000, 0x0000000080f00000, 0x0000000080f00000|100%| O|  |TAMS 0x0000000080f00000, 0x0000000080e00000| Untracked 
|  15|0x0000000080f00000, 0x0000000081000000, 0x0000000081000000|100%| O|  |TAMS 0x0000000081000000, 0x0000000080f00000| Untracked 
|  16|0x0000000081000000, 0x0000000081100000, 0x0000000081100000|100%|HS|  |TAMS 0x0000000081100000, 0x0000000081000000| Complete 
|  17|0x0000000081100000, 0x0000000081200000, 0x0000000081200000|100%|HC|  |TAMS 0x0000000081200000, 0x0000000081100000| Complete 
|  18|0x0000000081200000, 0x0000000081300000, 0x0000000081300000|100%|HS|  |TAMS 0x0000000081300000, 0x0000000081200000| Complete 
|  19|0x0000000081300000, 0x0000000081400000, 0x0000000081400000|100%|HC|  |TAMS 0x0000000081400000, 0x0000000081300000| Complete 
|  20|0x0000000081400000, 0x0000000081500000, 0x0000000081500000|100%|HC|  |TAMS 0x0000000081500000, 0x0000000081400000| Complete 
|  21|0x0000000081500000, 0x0000000081600000, 0x0000000081600000|100%|HS|  |TAMS 0x0000000081600000, 0x0000000081500000| Complete 
|  22|0x0000000081600000, 0x0000000081700000, 0x0000000081700000|100%|HC|  |TAMS 0x0000000081700000, 0x0000000081600000| Complete 
|  23|0x0000000081700000, 0x0000000081800000, 0x0000000081800000|100%|HC|  |TAMS 0x0000000081800000, 0x0000000081700000| Complete 
|  24|0x0000000081800000, 0x0000000081900000, 0x0000000081900000|100%|HC|  |TAMS 0x0000000081900000, 0x0000000081800000| Complete 
|  25|0x0000000081900000, 0x0000000081a00000, 0x0000000081a00000|100%| O|  |TAMS 0x0000000081a00000, 0x0000000081900000| Complete 
|  26|0x0000000081a00000, 0x0000000081b00000, 0x0000000081b00000|100%| O|  |TAMS 0x0000000081b00000, 0x0000000081a00000| Untracked 
|  27|0x0000000081b00000, 0x0000000081c00000, 0x0000000081c00000|100%| O|  |TAMS 0x0000000081c00000, 0x0000000081b00000| Complete 
|  28|0x0000000081c00000, 0x0000000081d00000, 0x0000000081d00000|100%| O|  |TAMS 0x0000000081d00000, 0x0000000081c00000| Complete 
|  29|0x0000000081d00000, 0x0000000081e00000, 0x0000000081e00000|100%| O|  |TAMS 0x0000000081e00000, 0x0000000081d00000| Untracked 
|  30|0x0000000081e00000, 0x0000000081f00000, 0x0000000081f00000|100%| O|  |TAMS 0x0000000081f00000, 0x0000000081e00000| Untracked 
|  31|0x0000000081f00000, 0x0000000082000000, 0x0000000082000000|100%| O|  |TAMS 0x0000000082000000, 0x0000000081f00000| Untracked 
|  32|0x0000000082000000, 0x0000000082100000, 0x0000000082100000|100%|HS|  |TAMS 0x0000000082100000, 0x0000000082000000| Complete 
|  33|0x0000000082100000, 0x0000000082200000, 0x0000000082200000|100%|HS|  |TAMS 0x0000000082200000, 0x0000000082100000| Complete 
|  34|0x0000000082200000, 0x0000000082300000, 0x0000000082300000|100%|HC|  |TAMS 0x0000000082300000, 0x0000000082200000| Complete 
|  35|0x0000000082300000, 0x0000000082400000, 0x0000000082400000|100%| O|  |TAMS 0x0000000082400000, 0x0000000082300000| Untracked 
|  36|0x0000000082400000, 0x0000000082500000, 0x0000000082500000|100%| O|  |TAMS 0x0000000082500000, 0x0000000082400000| Untracked 
|  37|0x0000000082500000, 0x0000000082600000, 0x0000000082600000|100%| O|  |TAMS 0x0000000082600000, 0x0000000082500000| Untracked 
|  38|0x0000000082600000, 0x0000000082700000, 0x0000000082700000|100%| O|  |TAMS 0x0000000082700000, 0x0000000082600000| Untracked 
|  39|0x0000000082700000, 0x0000000082800000, 0x0000000082800000|100%| O|  |TAMS 0x0000000082800000, 0x0000000082700000| Complete 
|  40|0x0000000082800000, 0x0000000082900000, 0x0000000082900000|100%| O|  |TAMS 0x0000000082900000, 0x0000000082800000| Complete 
|  41|0x0000000082900000, 0x0000000082a00000, 0x0000000082a00000|100%| O|  |TAMS 0x0000000082a00000, 0x0000000082900000| Untracked 
|  42|0x0000000082a00000, 0x0000000082b00000, 0x0000000082b00000|100%| O|  |TAMS 0x0000000082b00000, 0x0000000082a00000| Untracked 
|  43|0x0000000082b00000, 0x0000000082c00000, 0x0000000082c00000|100%| O|  |TAMS 0x0000000082c00000, 0x0000000082b00000| Untracked 
|  44|0x0000000082c00000, 0x0000000082d00000, 0x0000000082d00000|100%| O|  |TAMS 0x0000000082d00000, 0x0000000082c00000| Untracked 
|  45|0x0000000082d00000, 0x0000000082e00000, 0x0000000082e00000|100%| O|  |TAMS 0x0000000082e00000, 0x0000000082d00000| Complete 
|  46|0x0000000082e00000, 0x0000000082f00000, 0x0000000082f00000|100%| O|  |TAMS 0x0000000082f00000, 0x0000000082e00000| Untracked 
|  47|0x0000000082f00000, 0x0000000083000000, 0x0000000083000000|100%| O|  |TAMS 0x0000000083000000, 0x0000000082f00000| Untracked 
|  48|0x0000000083000000, 0x0000000083100000, 0x0000000083100000|100%| O|  |TAMS 0x0000000083100000, 0x0000000083000000| Untracked 
|  49|0x0000000083100000, 0x0000000083200000, 0x0000000083200000|100%| O|  |TAMS 0x0000000083200000, 0x0000000083100000| Complete 
|  50|0x0000000083200000, 0x0000000083300000, 0x0000000083300000|100%| O|  |TAMS 0x0000000083300000, 0x0000000083200000| Untracked 
|  51|0x0000000083300000, 0x0000000083400000, 0x0000000083400000|100%| O|  |TAMS 0x0000000083400000, 0x0000000083300000| Untracked 
|  52|0x0000000083400000, 0x0000000083500000, 0x0000000083500000|100%| O|  |TAMS 0x0000000083500000, 0x0000000083400000| Untracked 
|  53|0x0000000083500000, 0x0000000083600000, 0x0000000083600000|100%| O|  |TAMS 0x0000000083600000, 0x0000000083500000| Untracked 
|  54|0x0000000083600000, 0x0000000083700000, 0x0000000083700000|100%| O|  |TAMS 0x0000000083700000, 0x0000000083600000| Untracked 
|  55|0x0000000083700000, 0x0000000083800000, 0x0000000083800000|100%| O|  |TAMS 0x0000000083800000, 0x0000000083700000| Untracked 
|  56|0x0000000083800000, 0x0000000083900000, 0x0000000083900000|100%| O|  |TAMS 0x0000000083900000, 0x0000000083800000| Complete 
|  57|0x0000000083900000, 0x0000000083a00000, 0x0000000083a00000|100%| O|  |TAMS 0x0000000083a00000, 0x0000000083900000| Complete 
|  58|0x0000000083a00000, 0x0000000083b00000, 0x0000000083b00000|100%| O|  |TAMS 0x0000000083b00000, 0x0000000083a00000| Complete 
|  59|0x0000000083b00000, 0x0000000083c00000, 0x0000000083c00000|100%| O|  |TAMS 0x0000000083c00000, 0x0000000083b00000| Untracked 
|  60|0x0000000083c00000, 0x0000000083d00000, 0x0000000083d00000|100%| O|  |TAMS 0x0000000083d00000, 0x0000000083c00000| Complete 
|  61|0x0000000083d00000, 0x0000000083e00000, 0x0000000083e00000|100%| O|  |TAMS 0x0000000083e00000, 0x0000000083d00000| Untracked 
|  62|0x0000000083e00000, 0x0000000083f00000, 0x0000000083f00000|100%| O|  |TAMS 0x0000000083f00000, 0x0000000083e00000| Untracked 
|  63|0x0000000083f00000, 0x0000000084000000, 0x0000000084000000|100%| O|  |TAMS 0x0000000084000000, 0x0000000083f00000| Untracked 
|  64|0x0000000084000000, 0x0000000084000000, 0x0000000084100000|  0%| F|  |TAMS 0x0000000084000000, 0x0000000084000000| Untracked 
|  65|0x0000000084100000, 0x0000000084200000, 0x0000000084200000|100%| O|  |TAMS 0x0000000084200000, 0x0000000084100000| Complete 
|  66|0x0000000084200000, 0x0000000084300000, 0x0000000084300000|100%| O|  |TAMS 0x0000000084300000, 0x0000000084200000| Untracked 
|  67|0x0000000084300000, 0x0000000084400000, 0x0000000084400000|100%| O|  |TAMS 0x0000000084400000, 0x0000000084300000| Complete 
|  68|0x0000000084400000, 0x0000000084500000, 0x0000000084500000|100%| O|  |TAMS 0x0000000084500000, 0x0000000084400000| Complete 
|  69|0x0000000084500000, 0x0000000084600000, 0x0000000084600000|100%| O|  |TAMS 0x0000000084600000, 0x0000000084500000| Untracked 
|  70|0x0000000084600000, 0x0000000084700000, 0x0000000084700000|100%| O|  |TAMS 0x0000000084700000, 0x0000000084600000| Untracked 
|  71|0x0000000084700000, 0x0000000084800000, 0x0000000084800000|100%| O|  |TAMS 0x0000000084800000, 0x0000000084700000| Complete 
|  72|0x0000000084800000, 0x0000000084900000, 0x0000000084900000|100%| O|  |TAMS 0x0000000084900000, 0x0000000084800000| Untracked 
|  73|0x0000000084900000, 0x0000000084a00000, 0x0000000084a00000|100%| O|  |TAMS 0x0000000084a00000, 0x0000000084900000| Untracked 
|  74|0x0000000084a00000, 0x0000000084b00000, 0x0000000084b00000|100%| O|  |TAMS 0x0000000084b00000, 0x0000000084a00000| Complete 
|  75|0x0000000084b00000, 0x0000000084c00000, 0x0000000084c00000|100%| O|  |TAMS 0x0000000084c00000, 0x0000000084b00000| Untracked 
|  76|0x0000000084c00000, 0x0000000084d00000, 0x0000000084d00000|100%| O|  |TAMS 0x0000000084d00000, 0x0000000084c00000| Untracked 
|  77|0x0000000084d00000, 0x0000000084e00000, 0x0000000084e00000|100%| O|  |TAMS 0x0000000084e00000, 0x0000000084d00000| Untracked 
|  78|0x0000000084e00000, 0x0000000084f00000, 0x0000000084f00000|100%| O|  |TAMS 0x0000000084f00000, 0x0000000084e00000| Untracked 
|  79|0x0000000084f00000, 0x0000000085000000, 0x0000000085000000|100%| O|  |TAMS 0x0000000085000000, 0x0000000084f00000| Complete 
|  80|0x0000000085000000, 0x0000000085000000, 0x0000000085100000|  0%| F|  |TAMS 0x0000000085000000, 0x0000000085000000| Untracked 
|  81|0x0000000085100000, 0x0000000085200000, 0x0000000085200000|100%| O|  |TAMS 0x0000000085200000, 0x0000000085100000| Complete 
|  82|0x0000000085200000, 0x0000000085300000, 0x0000000085300000|100%| O|  |TAMS 0x0000000085300000, 0x0000000085200000| Complete 
|  83|0x0000000085300000, 0x0000000085400000, 0x0000000085400000|100%| O|  |TAMS 0x0000000085400000, 0x0000000085300000| Complete 
|  84|0x0000000085400000, 0x0000000085400000, 0x0000000085500000|  0%| F|  |TAMS 0x0000000085400000, 0x0000000085400000| Untracked 
|  85|0x0000000085500000, 0x0000000085600000, 0x0000000085600000|100%| O|  |TAMS 0x0000000085600000, 0x0000000085500000| Untracked 
|  86|0x0000000085600000, 0x0000000085700000, 0x0000000085700000|100%| O|  |TAMS 0x0000000085700000, 0x0000000085600000| Complete 
|  87|0x0000000085700000, 0x0000000085800000, 0x0000000085800000|100%| O|  |TAMS 0x0000000085800000, 0x0000000085700000| Untracked 
|  88|0x0000000085800000, 0x0000000085900000, 0x0000000085900000|100%| O|  |TAMS 0x0000000085900000, 0x0000000085800000| Complete 
|  89|0x0000000085900000, 0x0000000085a00000, 0x0000000085a00000|100%| O|  |TAMS 0x0000000085a00000, 0x0000000085900000| Untracked 
|  90|0x0000000085a00000, 0x0000000085b00000, 0x0000000085b00000|100%| O|  |TAMS 0x0000000085b00000, 0x0000000085a00000| Untracked 
|  91|0x0000000085b00000, 0x0000000085c00000, 0x0000000085c00000|100%| O|  |TAMS 0x0000000085c00000, 0x0000000085b00000| Untracked 
|  92|0x0000000085c00000, 0x0000000085d00000, 0x0000000085d00000|100%| O|  |TAMS 0x0000000085d00000, 0x0000000085c00000| Untracked 
|  93|0x0000000085d00000, 0x0000000085e00000, 0x0000000085e00000|100%| O|  |TAMS 0x0000000085e00000, 0x0000000085d00000| Untracked 
|  94|0x0000000085e00000, 0x0000000085f00000, 0x0000000085f00000|100%| O|  |TAMS 0x0000000085f00000, 0x0000000085e00000| Untracked 
|  95|0x0000000085f00000, 0x0000000086000000, 0x0000000086000000|100%| O|  |TAMS 0x0000000086000000, 0x0000000085f00000| Complete 
|  96|0x0000000086000000, 0x0000000086100000, 0x0000000086100000|100%| O|  |TAMS 0x0000000086100000, 0x0000000086000000| Complete 
|  97|0x0000000086100000, 0x0000000086200000, 0x0000000086200000|100%| O|  |TAMS 0x0000000086200000, 0x0000000086100000| Complete 
|  98|0x0000000086200000, 0x0000000086300000, 0x0000000086300000|100%| O|  |TAMS 0x0000000086300000, 0x0000000086200000| Complete 
|  99|0x0000000086300000, 0x0000000086400000, 0x0000000086400000|100%| O|  |TAMS 0x0000000086400000, 0x0000000086300000| Complete 
| 100|0x0000000086400000, 0x0000000086500000, 0x0000000086500000|100%| O|  |TAMS 0x0000000086500000, 0x0000000086400000| Complete 
| 101|0x0000000086500000, 0x0000000086600000, 0x0000000086600000|100%| O|  |TAMS 0x0000000086600000, 0x0000000086500000| Untracked 
| 102|0x0000000086600000, 0x0000000086600000, 0x0000000086700000|  0%| F|  |TAMS 0x0000000086600000, 0x0000000086600000| Untracked 
| 103|0x0000000086700000, 0x0000000086800000, 0x0000000086800000|100%| O|  |TAMS 0x0000000086800000, 0x0000000086700000| Complete 
| 104|0x0000000086800000, 0x0000000086900000, 0x0000000086900000|100%| O|  |TAMS 0x0000000086900000, 0x0000000086800000| Untracked 
| 105|0x0000000086900000, 0x0000000086a00000, 0x0000000086a00000|100%| O|  |TAMS 0x0000000086a00000, 0x0000000086900000| Complete 
| 106|0x0000000086a00000, 0x0000000086a00000, 0x0000000086b00000|  0%| F|  |TAMS 0x0000000086a00000, 0x0000000086a00000| Untracked 
| 107|0x0000000086b00000, 0x0000000086c00000, 0x0000000086c00000|100%| O|  |TAMS 0x0000000086c00000, 0x0000000086b00000| Untracked 
| 108|0x0000000086c00000, 0x0000000086d00000, 0x0000000086d00000|100%| O|  |TAMS 0x0000000086d00000, 0x0000000086c00000| Untracked 
| 109|0x0000000086d00000, 0x0000000086e00000, 0x0000000086e00000|100%| O|  |TAMS 0x0000000086e00000, 0x0000000086d00000| Untracked 
| 110|0x0000000086e00000, 0x0000000086f00000, 0x0000000086f00000|100%| O|  |TAMS 0x0000000086f00000, 0x0000000086e00000| Untracked 
| 111|0x0000000086f00000, 0x0000000087000000, 0x0000000087000000|100%| O|  |TAMS 0x0000000087000000, 0x0000000086f00000| Untracked 
| 112|0x0000000087000000, 0x0000000087100000, 0x0000000087100000|100%| O|  |TAMS 0x0000000087100000, 0x0000000087000000| Untracked 
| 113|0x0000000087100000, 0x0000000087200000, 0x0000000087200000|100%| O|  |TAMS 0x0000000087200000, 0x0000000087100000| Untracked 
| 114|0x0000000087200000, 0x0000000087300000, 0x0000000087300000|100%| O|  |TAMS 0x0000000087300000, 0x0000000087200000| Untracked 
| 115|0x0000000087300000, 0x0000000087400000, 0x0000000087400000|100%| O|  |TAMS 0x0000000087400000, 0x0000000087300000| Untracked 
| 116|0x0000000087400000, 0x0000000087500000, 0x0000000087500000|100%| O|  |TAMS 0x0000000087500000, 0x0000000087400000| Complete 
| 117|0x0000000087500000, 0x0000000087600000, 0x0000000087600000|100%| O|  |TAMS 0x0000000087600000, 0x0000000087500000| Complete 
| 118|0x0000000087600000, 0x0000000087700000, 0x0000000087700000|100%| O|  |TAMS 0x0000000087700000, 0x0000000087600000| Untracked 
| 119|0x0000000087700000, 0x0000000087800000, 0x0000000087800000|100%| O|  |TAMS 0x0000000087800000, 0x0000000087700000| Untracked 
| 120|0x0000000087800000, 0x0000000087900000, 0x0000000087900000|100%| O|  |TAMS 0x0000000087900000, 0x0000000087800000| Untracked 
| 121|0x0000000087900000, 0x0000000087a00000, 0x0000000087a00000|100%| O|  |TAMS 0x0000000087a00000, 0x0000000087900000| Untracked 
| 122|0x0000000087a00000, 0x0000000087b00000, 0x0000000087b00000|100%| O|  |TAMS 0x0000000087b00000, 0x0000000087a00000| Untracked 
| 123|0x0000000087b00000, 0x0000000087c00000, 0x0000000087c00000|100%| O|  |TAMS 0x0000000087c00000, 0x0000000087b00000| Complete 
| 124|0x0000000087c00000, 0x0000000087d00000, 0x0000000087d00000|100%| O|  |TAMS 0x0000000087d00000, 0x0000000087c00000| Untracked 
| 125|0x0000000087d00000, 0x0000000087e00000, 0x0000000087e00000|100%| O|  |TAMS 0x0000000087e00000, 0x0000000087d00000| Untracked 
| 126|0x0000000087e00000, 0x0000000087f00000, 0x0000000087f00000|100%| O|  |TAMS 0x0000000087f00000, 0x0000000087e00000| Untracked 
| 127|0x0000000087f00000, 0x0000000088000000, 0x0000000088000000|100%| O|  |TAMS 0x0000000088000000, 0x0000000087f00000| Untracked 
| 128|0x0000000088000000, 0x0000000088100000, 0x0000000088100000|100%| O|  |TAMS 0x0000000088100000, 0x0000000088000000| Untracked 
| 129|0x0000000088100000, 0x0000000088200000, 0x0000000088200000|100%| O|  |TAMS 0x0000000088200000, 0x0000000088100000| Untracked 
| 130|0x0000000088200000, 0x0000000088300000, 0x0000000088300000|100%| O|  |TAMS 0x0000000088300000, 0x0000000088200000| Untracked 
| 131|0x0000000088300000, 0x0000000088400000, 0x0000000088400000|100%| O|  |TAMS 0x0000000088400000, 0x0000000088300000| Untracked 
| 132|0x0000000088400000, 0x0000000088500000, 0x0000000088500000|100%| O|  |TAMS 0x0000000088500000, 0x0000000088400000| Untracked 
| 133|0x0000000088500000, 0x0000000088600000, 0x0000000088600000|100%| O|  |TAMS 0x0000000088600000, 0x0000000088500000| Untracked 
| 134|0x0000000088600000, 0x0000000088600000, 0x0000000088700000|  0%| F|  |TAMS 0x0000000088600000, 0x0000000088600000| Untracked 
| 135|0x0000000088700000, 0x0000000088800000, 0x0000000088800000|100%| O|  |TAMS 0x0000000088800000, 0x0000000088700000| Complete 
| 136|0x0000000088800000, 0x0000000088900000, 0x0000000088900000|100%| O|  |TAMS 0x0000000088900000, 0x0000000088800000| Untracked 
| 137|0x0000000088900000, 0x0000000088a00000, 0x0000000088a00000|100%| O|  |TAMS 0x0000000088a00000, 0x0000000088900000| Untracked 
| 138|0x0000000088a00000, 0x0000000088b00000, 0x0000000088b00000|100%| O|  |TAMS 0x0000000088b00000, 0x0000000088a00000| Untracked 
| 139|0x0000000088b00000, 0x0000000088c00000, 0x0000000088c00000|100%| O|  |TAMS 0x0000000088c00000, 0x0000000088b00000| Untracked 
| 140|0x0000000088c00000, 0x0000000088d00000, 0x0000000088d00000|100%| O|  |TAMS 0x0000000088d00000, 0x0000000088c00000| Complete 
| 141|0x0000000088d00000, 0x0000000088e00000, 0x0000000088e00000|100%|HS|  |TAMS 0x0000000088e00000, 0x0000000088d00000| Complete 
| 142|0x0000000088e00000, 0x0000000088f00000, 0x0000000088f00000|100%| O|  |TAMS 0x0000000088f00000, 0x0000000088e00000| Untracked 
| 143|0x0000000088f00000, 0x0000000089000000, 0x0000000089000000|100%| O|  |TAMS 0x0000000089000000, 0x0000000088f00000| Untracked 
| 144|0x0000000089000000, 0x0000000089100000, 0x0000000089100000|100%| O|  |TAMS 0x0000000089100000, 0x0000000089000000| Untracked 
| 145|0x0000000089100000, 0x0000000089200000, 0x0000000089200000|100%| O|  |TAMS 0x0000000089200000, 0x0000000089100000| Untracked 
| 146|0x0000000089200000, 0x0000000089300000, 0x0000000089300000|100%| O|  |TAMS 0x0000000089300000, 0x0000000089200000| Untracked 
| 147|0x0000000089300000, 0x0000000089300000, 0x0000000089400000|  0%| F|  |TAMS 0x0000000089300000, 0x0000000089300000| Untracked 
| 148|0x0000000089400000, 0x0000000089500000, 0x0000000089500000|100%| O|  |TAMS 0x0000000089500000, 0x0000000089400000| Untracked 
| 149|0x0000000089500000, 0x0000000089600000, 0x0000000089600000|100%| O|  |TAMS 0x0000000089600000, 0x0000000089500000| Untracked 
| 150|0x0000000089600000, 0x0000000089600000, 0x0000000089700000|  0%| F|  |TAMS 0x0000000089600000, 0x0000000089600000| Untracked 
| 151|0x0000000089700000, 0x0000000089800000, 0x0000000089800000|100%| O|  |TAMS 0x0000000089700000, 0x0000000089700000| Untracked 
| 152|0x0000000089800000, 0x0000000089900000, 0x0000000089900000|100%| O|  |TAMS 0x0000000089800000, 0x0000000089800000| Untracked 
| 153|0x0000000089900000, 0x0000000089a00000, 0x0000000089a00000|100%| O|  |TAMS 0x0000000089900000, 0x0000000089900000| Untracked 
| 154|0x0000000089a00000, 0x0000000089b00000, 0x0000000089b00000|100%| O|  |TAMS 0x0000000089a00000, 0x0000000089a00000| Untracked 
| 155|0x0000000089b00000, 0x0000000089c00000, 0x0000000089c00000|100%| O|  |TAMS 0x0000000089b00000, 0x0000000089b00000| Untracked 
| 156|0x0000000089c00000, 0x0000000089d00000, 0x0000000089d00000|100%| O|  |TAMS 0x0000000089c00000, 0x0000000089c00000| Untracked 
| 157|0x0000000089d00000, 0x0000000089e00000, 0x0000000089e00000|100%| O|  |TAMS 0x0000000089d00000, 0x0000000089d00000| Untracked 
| 158|0x0000000089e00000, 0x0000000089f00000, 0x0000000089f00000|100%| O|  |TAMS 0x0000000089e00000, 0x0000000089e00000| Untracked 
| 159|0x0000000089f00000, 0x000000008a000000, 0x000000008a000000|100%| O|  |TAMS 0x0000000089f00000, 0x0000000089f00000| Untracked 
| 160|0x000000008a000000, 0x000000008a100000, 0x000000008a100000|100%| O|  |TAMS 0x000000008a000000, 0x000000008a000000| Untracked 
| 161|0x000000008a100000, 0x000000008a200000, 0x000000008a200000|100%| O|  |TAMS 0x000000008a100000, 0x000000008a100000| Untracked 
| 162|0x000000008a200000, 0x000000008a238000, 0x000000008a300000| 21%| O|  |TAMS 0x000000008a200000, 0x000000008a200000| Untracked 
| 163|0x000000008a300000, 0x000000008a300000, 0x000000008a400000|  0%| F|  |TAMS 0x000000008a300000, 0x000000008a300000| Untracked 
| 164|0x000000008a400000, 0x000000008a400000, 0x000000008a500000|  0%| F|  |TAMS 0x000000008a400000, 0x000000008a400000| Untracked 
| 165|0x000000008a500000, 0x000000008a500000, 0x000000008a600000|  0%| F|  |TAMS 0x000000008a500000, 0x000000008a500000| Untracked 
| 166|0x000000008a600000, 0x000000008a600000, 0x000000008a700000|  0%| F|  |TAMS 0x000000008a600000, 0x000000008a600000| Untracked 
| 167|0x000000008a700000, 0x000000008a700000, 0x000000008a800000|  0%| F|  |TAMS 0x000000008a700000, 0x000000008a700000| Untracked 
| 168|0x000000008a800000, 0x000000008a800000, 0x000000008a900000|  0%| F|  |TAMS 0x000000008a800000, 0x000000008a800000| Untracked 
| 169|0x000000008a900000, 0x000000008a900000, 0x000000008aa00000|  0%| F|  |TAMS 0x000000008a900000, 0x000000008a900000| Untracked 
| 170|0x000000008aa00000, 0x000000008aa00000, 0x000000008ab00000|  0%| F|  |TAMS 0x000000008aa00000, 0x000000008aa00000| Untracked 
| 171|0x000000008ab00000, 0x000000008ab00000, 0x000000008ac00000|  0%| F|  |TAMS 0x000000008ab00000, 0x000000008ab00000| Untracked 
| 172|0x000000008ac00000, 0x000000008ac1bba0, 0x000000008ad00000| 10%| S|CS|TAMS 0x000000008ac00000, 0x000000008ac00000| Complete 
| 173|0x000000008ad00000, 0x000000008ae00000, 0x000000008ae00000|100%| S|CS|TAMS 0x000000008ad00000, 0x000000008ad00000| Complete 
| 174|0x000000008ae00000, 0x000000008ae00000, 0x000000008af00000|  0%| F|  |TAMS 0x000000008ae00000, 0x000000008ae00000| Untracked 
| 175|0x000000008af00000, 0x000000008af00000, 0x000000008b000000|  0%| F|  |TAMS 0x000000008af00000, 0x000000008af00000| Untracked 
| 176|0x000000008b000000, 0x000000008b000000, 0x000000008b100000|  0%| F|  |TAMS 0x000000008b000000, 0x000000008b000000| Untracked 
| 177|0x000000008b100000, 0x000000008b100000, 0x000000008b200000|  0%| F|  |TAMS 0x000000008b100000, 0x000000008b100000| Untracked 
| 178|0x000000008b200000, 0x000000008b200000, 0x000000008b300000|  0%| F|  |TAMS 0x000000008b200000, 0x000000008b200000| Untracked 
| 179|0x000000008b300000, 0x000000008b300000, 0x000000008b400000|  0%| F|  |TAMS 0x000000008b300000, 0x000000008b300000| Untracked 
| 180|0x000000008b400000, 0x000000008b400000, 0x000000008b500000|  0%| F|  |TAMS 0x000000008b400000, 0x000000008b400000| Untracked 
| 181|0x000000008b500000, 0x000000008b500000, 0x000000008b600000|  0%| F|  |TAMS 0x000000008b500000, 0x000000008b500000| Untracked 
| 182|0x000000008b600000, 0x000000008b600000, 0x000000008b700000|  0%| F|  |TAMS 0x000000008b600000, 0x000000008b600000| Untracked 

Card table byte_map: [0x00000216dc450000,0x00000216dc850000] _byte_map_base: 0x00000216dc050000

Marking Bits (Prev, Next): (CMBitMap*) 0x00000216c93f0bf0, (CMBitMap*) 0x00000216c93f0bb8
 Prev Bits: [0x00000216dec50000, 0x00000216e0c50000)
 Next Bits: [0x00000216dcc50000, 0x00000216dec50000)

Polling page: 0x00000216c8b80000

Metaspace:

Usage:
  Non-class:    120.64 MB capacity,   117.09 MB ( 97%) used,     3.14 MB (  3%) free+waste,   424.13 KB ( <1%) overhead. 
      Class:     17.92 MB capacity,    16.24 MB ( 91%) used,     1.49 MB (  8%) free+waste,   197.69 KB (  1%) overhead. 
       Both:    138.57 MB capacity,   133.33 MB ( 96%) used,     4.63 MB (  3%) free+waste,   621.81 KB ( <1%) overhead. 

Virtual space:
  Non-class space:      122.00 MB reserved,     120.84 MB (>99%) committed 
      Class space:        1.00 GB reserved,      17.95 MB (  2%) committed 
             Both:        1.12 GB reserved,     138.79 MB ( 12%) committed 

Chunk freelists:
   Non-Class:  8.00 KB
       Class:  14.00 KB
        Both:  22.00 KB

MaxMetaspaceSize: 17179869184.00 GB
CompressedClassSpaceSize: 1.00 GB

CodeHeap 'non-profiled nmethods': size=120000Kb used=12119Kb max_used=12119Kb free=107880Kb
 bounds [0x00000216d47f0000, 0x00000216d53d0000, 0x00000216dbd20000]
CodeHeap 'profiled nmethods': size=120000Kb used=36810Kb max_used=36810Kb free=83190Kb
 bounds [0x00000216cd2c0000, 0x00000216cf6e0000, 0x00000216d47f0000]
CodeHeap 'non-nmethods': size=5760Kb used=2413Kb max_used=2413Kb free=3346Kb
 bounds [0x00000216ccd20000, 0x00000216ccf90000, 0x00000216cd2c0000]
 total_blobs=17028 nmethods=15975 adapters=963
 compilation: enabled
              stopped_count=0, restarted_count=0
 full_count=0

Compilation events (20 events):
Event: 968.428 Thread 0x00000216e3fd3000 nmethod 17900 0x00000216ce532010 code [0x00000216ce5321e0, 0x00000216ce5325c8]
Event: 968.428 Thread 0x00000216e3fd3000 17905       3       com.sun.imageio.plugins.png.PNGImageWriter::encodePass (1063 bytes)
Event: 968.433 Thread 0x00000216e3fd3000 nmethod 17905 0x00000216cf6d3610 code [0x00000216cf6d3a60, 0x00000216cf6d6508]
Event: 968.433 Thread 0x00000216e3fd3000 17907 %     3       java.awt.image.SinglePixelPackedSampleModel::<init> @ 160 (243 bytes)
Event: 968.435 Thread 0x00000216e3fd3000 nmethod 17907% 0x00000216ce7f3a90 code [0x00000216ce7f3d60, 0x00000216ce7f4cf8]
Event: 968.435 Thread 0x00000216e3fd3000 17906       3       sun.java2d.marlin.MarlinCache::copyAARowNoRLE (362 bytes)
Event: 968.436 Thread 0x00000216e3fd3000 nmethod 17906 0x00000216ce530f10 code [0x00000216ce531160, 0x00000216ce531ab8]
Event: 968.436 Thread 0x00000216e3fd3000 17902       2       sun.java2d.StateTrackableDelegate::createInstance (80 bytes)
Event: 968.438 Thread 0x00000216e3fd3000 nmethod 17902 0x00000216ce578d90 code [0x00000216ce578f80, 0x00000216ce579348]
Event: 968.438 Thread 0x00000216e3fd3000 17903       2       java.awt.image.Raster::<init> (207 bytes)
Event: 968.438 Thread 0x00000216e3fd3000 nmethod 17903 0x00000216ce578390 code [0x00000216ce5785c0, 0x00000216ce578af8]
Event: 968.439 Thread 0x00000216e3fd3000 17909       2       sun.awt.image.IntegerInterleavedRaster::<init> (170 bytes)
Event: 968.439 Thread 0x00000216e3fd3000 nmethod 17909 0x00000216ce644310 code [0x00000216ce644500, 0x00000216ce6449c8]
Event: 968.440 Thread 0x00000216e3fd3000 17910       2       java.awt.Point::<init> (15 bytes)
Event: 968.440 Thread 0x00000216e3fd3000 nmethod 17910 0x00000216ce19a890 code [0x00000216ce19aa40, 0x00000216ce19ab38]
Event: 968.440 Thread 0x00000216e3fd3000 17896       2       org.gradle.internal.resources.AbstractTrackedResourceLock::isLocked (9 bytes)
Event: 968.441 Thread 0x00000216e3fd3000 nmethod 17896 0x00000216ce64c490 code [0x00000216ce64c660, 0x00000216ce64c8a8]
Event: 968.441 Thread 0x00000216e3fd3000 17888       2       com.android.ide.common.resources.configuration.ScreenHeightQualifier::checkAndSet (44 bytes)
Event: 968.441 Thread 0x00000216e3fd3000 nmethod 17888 0x00000216ce6c5f90 code [0x00000216ce6c61a0, 0x00000216ce6c6558]
Event: 968.441 Thread 0x00000216e3fd3000 17889       2       com.android.ide.common.resources.configuration.ScreenSizeQualifier::checkAndSet (29 bytes)

GC Heap History (20 events):
Event: 966.697 GC heap after
{Heap after GC invocations=52 (full 0):
 garbage-first heap   total 187392K, used 134041K [0x0000000080000000, 0x0000000100000000)
  region size 1024K, 5 young (5120K), 5 survivors (5120K)
 Metaspace       used 132845K, capacity 138070K, committed 138152K, reserved 1169408K
  class space    used 16285K, capacity 17949K, committed 17996K, reserved 1048576K
}
Event: 967.138 GC heap before
{Heap before GC invocations=52 (full 0):
 garbage-first heap   total 187392K, used 154521K [0x0000000080000000, 0x0000000100000000)
  region size 1024K, 25 young (25600K), 5 survivors (5120K)
 Metaspace       used 133239K, capacity 138379K, committed 138536K, reserved 1169408K
  class space    used 16320K, capacity 17985K, committed 18124K, reserved 1048576K
}
Event: 967.148 GC heap after
{Heap after GC invocations=53 (full 0):
 garbage-first heap   total 187392K, used 137455K [0x0000000080000000, 0x0000000100000000)
  region size 1024K, 3 young (3072K), 3 survivors (3072K)
 Metaspace       used 133239K, capacity 138379K, committed 138536K, reserved 1169408K
  class space    used 16320K, capacity 17985K, committed 18124K, reserved 1048576K
}
Event: 967.454 GC heap before
{Heap before GC invocations=53 (full 0):
 garbage-first heap   total 187392K, used 154863K [0x0000000080000000, 0x0000000100000000)
  region size 1024K, 21 young (21504K), 3 survivors (3072K)
 Metaspace       used 133337K, capacity 138574K, committed 138792K, reserved 1169408K
  class space    used 16320K, capacity 17985K, committed 18124K, reserved 1048576K
}
Event: 967.462 GC heap after
{Heap after GC invocations=54 (full 0):
 garbage-first heap   total 187392K, used 141935K [0x0000000080000000, 0x0000000100000000)
  region size 1024K, 3 young (3072K), 3 survivors (3072K)
 Metaspace       used 133337K, capacity 138574K, committed 138792K, reserved 1169408K
  class space    used 16320K, capacity 17985K, committed 18124K, reserved 1048576K
}
Event: 967.683 GC heap before
{Heap before GC invocations=54 (full 0):
 garbage-first heap   total 187392K, used 156271K [0x0000000080000000, 0x0000000100000000)
  region size 1024K, 17 young (17408K), 3 survivors (3072K)
 Metaspace       used 133399K, capacity 138575K, committed 138792K, reserved 1169408K
  class space    used 16320K, capacity 17985K, committed 18124K, reserved 1048576K
}
Event: 967.687 GC heap after
{Heap after GC invocations=55 (full 0):
 garbage-first heap   total 187392K, used 145239K [0x0000000080000000, 0x0000000100000000)
  region size 1024K, 3 young (3072K), 3 survivors (3072K)
 Metaspace       used 133399K, capacity 138575K, committed 138792K, reserved 1169408K
  class space    used 16320K, capacity 17985K, committed 18124K, reserved 1048576K
}
Event: 967.811 GC heap before
{Heap before GC invocations=55 (full 0):
 garbage-first heap   total 187392K, used 160599K [0x0000000080000000, 0x0000000100000000)
  region size 1024K, 16 young (16384K), 3 survivors (3072K)
 Metaspace       used 133450K, capacity 138639K, committed 138792K, reserved 1169408K
  class space    used 16320K, capacity 17985K, committed 18124K, reserved 1048576K
}
Event: 967.816 GC heap after
{Heap after GC invocations=56 (full 0):
 garbage-first heap   total 187392K, used 151633K [0x0000000080000000, 0x0000000100000000)
  region size 1024K, 2 young (2048K), 2 survivors (2048K)
 Metaspace       used 133450K, capacity 138639K, committed 138792K, reserved 1169408K
  class space    used 16320K, capacity 17985K, committed 18124K, reserved 1048576K
}
Event: 967.888 GC heap before
{Heap before GC invocations=56 (full 0):
 garbage-first heap   total 187392K, used 159825K [0x0000000080000000, 0x0000000100000000)
  region size 1024K, 10 young (10240K), 2 survivors (2048K)
 Metaspace       used 133464K, capacity 138639K, committed 138792K, reserved 1169408K
  class space    used 16320K, capacity 17985K, committed 18124K, reserved 1048576K
}
Event: 967.893 GC heap after
{Heap after GC invocations=57 (full 0):
 garbage-first heap   total 187392K, used 153999K [0x0000000080000000, 0x0000000100000000)
  region size 1024K, 2 young (2048K), 2 survivors (2048K)
 Metaspace       used 133464K, capacity 138639K, committed 138792K, reserved 1169408K
  class space    used 16320K, capacity 17985K, committed 18124K, reserved 1048576K
}
Event: 967.962 GC heap before
{Heap before GC invocations=57 (full 0):
 garbage-first heap   total 187392K, used 161167K [0x0000000080000000, 0x0000000100000000)
  region size 1024K, 9 young (9216K), 2 survivors (2048K)
 Metaspace       used 133477K, capacity 138639K, committed 138792K, reserved 1169408K
  class space    used 16320K, capacity 17985K, committed 18124K, reserved 1048576K
}
Event: 967.966 GC heap after
{Heap after GC invocations=58 (full 0):
 garbage-first heap   total 187392K, used 156265K [0x0000000080000000, 0x0000000100000000)
  region size 1024K, 2 young (2048K), 2 survivors (2048K)
 Metaspace       used 133477K, capacity 138639K, committed 138792K, reserved 1169408K
  class space    used 16320K, capacity 17985K, committed 18124K, reserved 1048576K
}
Event: 968.062 GC heap before
{Heap before GC invocations=58 (full 0):
 garbage-first heap   total 187392K, used 163433K [0x0000000080000000, 0x0000000100000000)
  region size 1024K, 9 young (9216K), 2 survivors (2048K)
 Metaspace       used 133623K, capacity 138884K, committed 139048K, reserved 1171456K
  class space    used 16340K, capacity 18022K, committed 18124K, reserved 1048576K
}
Event: 968.065 GC heap after
{Heap after GC invocations=59 (full 0):
 garbage-first heap   total 187392K, used 157163K [0x0000000080000000, 0x0000000100000000)
  region size 1024K, 1 young (1024K), 1 survivors (1024K)
 Metaspace       used 133623K, capacity 138884K, committed 139048K, reserved 1171456K
  class space    used 16340K, capacity 18022K, committed 18124K, reserved 1048576K
}
Event: 968.175 GC heap before
{Heap before GC invocations=59 (full 0):
 garbage-first heap   total 187392K, used 164331K [0x0000000080000000, 0x0000000100000000)
  region size 1024K, 9 young (9216K), 1 survivors (1024K)
 Metaspace       used 134352K, capacity 139665K, committed 139816K, reserved 1171456K
  class space    used 16409K, capacity 18090K, committed 18124K, reserved 1048576K
}
Event: 968.178 GC heap after
{Heap after GC invocations=60 (full 0):
 garbage-first heap   total 187392K, used 157788K [0x0000000080000000, 0x0000000100000000)
  region size 1024K, 2 young (2048K), 2 survivors (2048K)
 Metaspace       used 134352K, capacity 139665K, committed 139816K, reserved 1171456K
  class space    used 16409K, capacity 18090K, committed 18124K, reserved 1048576K
}
Event: 968.369 GC heap before
{Heap before GC invocations=61 (full 0):
 garbage-first heap   total 187392K, used 163932K [0x0000000080000000, 0x0000000100000000)
  region size 1024K, 9 young (9216K), 2 survivors (2048K)
 Metaspace       used 136309K, capacity 141625K, committed 141864K, reserved 1173504K
  class space    used 16614K, capacity 18314K, committed 18380K, reserved 1048576K
}
Event: 968.374 GC heap after
{Heap after GC invocations=62 (full 0):
 garbage-first heap   total 187392K, used 160941K [0x0000000080000000, 0x0000000100000000)
  region size 1024K, 2 young (2048K), 2 survivors (2048K)
 Metaspace       used 136309K, capacity 141625K, committed 141864K, reserved 1173504K
  class space    used 16614K, capacity 18314K, committed 18380K, reserved 1048576K
}
Event: 968.442 GC heap before
{Heap before GC invocations=62 (full 0):
 garbage-first heap   total 187392K, used 167085K [0x0000000080000000, 0x0000000100000000)
  region size 1024K, 9 young (9216K), 2 survivors (2048K)
 Metaspace       used 136534K, capacity 141894K, committed 142120K, reserved 1173504K
  class space    used 16633K, capacity 18354K, committed 18380K, reserved 1048576K
}

Deoptimization events (20 events):
Event: 968.390 Thread 0x00000216f36d9800 DEOPT PACKING pc=0x00000216d53b995c sp=0x00000016e9dfc1f0
Event: 968.390 Thread 0x00000216f36d9800 DEOPT UNPACKING pc=0x00000216ccd2822f sp=0x00000016e9dfc1a0 mode 2
Event: 968.399 Thread 0x00000216f36d4800 DEOPT PACKING pc=0x00000216cde6c4dc sp=0x00000016ea0fd4d0
Event: 968.399 Thread 0x00000216f36d4800 DEOPT UNPACKING pc=0x00000216ccd48ade sp=0x00000016ea0fca08 mode 0
Event: 968.400 Thread 0x00000216f36da800 DEOPT PACKING pc=0x00000216cddb24e3 sp=0x00000016e9ffd850
Event: 968.400 Thread 0x00000216f36da800 DEOPT UNPACKING pc=0x00000216ccd48ade sp=0x00000016e9ffcd00 mode 0
Event: 968.403 Thread 0x00000216f36da800 DEOPT PACKING pc=0x00000216cddb24e3 sp=0x00000016e9ffd850
Event: 968.403 Thread 0x00000216f36da800 DEOPT UNPACKING pc=0x00000216ccd48ade sp=0x00000016e9ffcd00 mode 0
Event: 968.404 Thread 0x00000216f36da800 DEOPT PACKING pc=0x00000216cddb24e3 sp=0x00000016e9ffd850
Event: 968.404 Thread 0x00000216f36da800 DEOPT UNPACKING pc=0x00000216ccd48ade sp=0x00000016e9ffcd00 mode 0
Event: 968.407 Thread 0x00000216f36d4800 DEOPT PACKING pc=0x00000216ce134f05 sp=0x00000016ea0fdbc0
Event: 968.407 Thread 0x00000216f36d4800 DEOPT UNPACKING pc=0x00000216ccd48ade sp=0x00000016ea0fd060 mode 0
Event: 968.412 Thread 0x00000216f36da800 DEOPT PACKING pc=0x00000216cddb24e3 sp=0x00000016e9ffd850
Event: 968.412 Thread 0x00000216f36da800 DEOPT UNPACKING pc=0x00000216ccd48ade sp=0x00000016e9ffcd00 mode 0
Event: 968.426 Thread 0x00000216f36dc000 DEOPT PACKING pc=0x00000216cddb24e3 sp=0x00000016ea2fd670
Event: 968.426 Thread 0x00000216f36dc000 DEOPT UNPACKING pc=0x00000216ccd48ade sp=0x00000016ea2fcb20 mode 0
Event: 968.428 Thread 0x00000216f36d9800 DEOPT PACKING pc=0x00000216ce0036e6 sp=0x00000016e9dfd4b0
Event: 968.428 Thread 0x00000216f36d9800 DEOPT UNPACKING pc=0x00000216ccd48ade sp=0x00000016e9dfc838 mode 0
Event: 968.432 Thread 0x00000216f36d4000 DEOPT PACKING pc=0x00000216cde6c4dc sp=0x00000016e9efd7b0
Event: 968.432 Thread 0x00000216f36d4000 DEOPT UNPACKING pc=0x00000216ccd48ade sp=0x00000016e9efcce8 mode 0

Classes redefined (0 events):
No events

Internal exceptions (20 events):
Event: 968.061 Thread 0x00000216f36d2000 Exception <a 'java/lang/NoSuchMethodError'{0x000000008b0f90a0}: <clinit>> (0x000000008b0f90a0) thrown at [./src/hotspot/share/prims/jni.cpp, line 1362]
Event: 968.066 Thread 0x00000216f36d2000 Exception <a 'java/lang/NoSuchMethodError'{0x000000008b608f10}: <clinit>> (0x000000008b608f10) thrown at [./src/hotspot/share/prims/jni.cpp, line 1362]
Event: 968.072 Thread 0x00000216f36d2000 Exception <a 'java/lang/NoSuchMethodError'{0x000000008b670468}: <clinit>> (0x000000008b670468) thrown at [./src/hotspot/share/prims/jni.cpp, line 1362]
Event: 968.073 Thread 0x00000216f36d2000 Exception <a 'java/lang/NoSuchMethodError'{0x000000008b672978}: <clinit>> (0x000000008b672978) thrown at [./src/hotspot/share/prims/jni.cpp, line 1362]
Event: 968.073 Thread 0x00000216f36d2000 Exception <a 'java/lang/NoSuchMethodError'{0x000000008b676ff8}: <clinit>> (0x000000008b676ff8) thrown at [./src/hotspot/share/prims/jni.cpp, line 1362]
Event: 968.073 Thread 0x00000216f36d2000 Exception <a 'java/lang/NoSuchMethodError'{0x000000008b682838}: <clinit>> (0x000000008b682838) thrown at [./src/hotspot/share/prims/jni.cpp, line 1362]
Event: 968.076 Thread 0x00000216f36d2000 Exception <a 'java/lang/NoSuchMethodError'{0x000000008b6c9b00}: <clinit>> (0x000000008b6c9b00) thrown at [./src/hotspot/share/prims/jni.cpp, line 1362]
Event: 968.077 Thread 0x00000216f36d2000 Exception <a 'java/lang/NoSuchMethodError'{0x000000008b6fe140}: <clinit>> (0x000000008b6fe140) thrown at [./src/hotspot/share/prims/jni.cpp, line 1362]
Event: 968.079 Thread 0x00000216f36d2000 Exception <a 'java/lang/NoSuchMethodError'{0x000000008b52e018}: <clinit>> (0x000000008b52e018) thrown at [./src/hotspot/share/prims/jni.cpp, line 1362]
Event: 968.079 Thread 0x00000216f36d2000 Exception <a 'java/lang/NoSuchMethodError'{0x000000008b531480}: <clinit>> (0x000000008b531480) thrown at [./src/hotspot/share/prims/jni.cpp, line 1362]
Event: 968.079 Thread 0x00000216f36d2000 Exception <a 'java/lang/NoSuchMethodError'{0x000000008b5340f0}: <clinit>> (0x000000008b5340f0) thrown at [./src/hotspot/share/prims/jni.cpp, line 1362]
Event: 968.080 Thread 0x00000216f36d2000 Exception <a 'java/lang/NoSuchMethodError'{0x000000008b549e78}: <clinit>> (0x000000008b549e78) thrown at [./src/hotspot/share/prims/jni.cpp, line 1362]
Event: 968.081 Thread 0x00000216f36d2000 Exception <a 'java/lang/NoSuchMethodError'{0x000000008b55f168}: <clinit>> (0x000000008b55f168) thrown at [./src/hotspot/share/prims/jni.cpp, line 1362]
Event: 968.082 Thread 0x00000216f36d2000 Exception <a 'java/lang/NoSuchMethodError'{0x000000008b57d958}: <clinit>> (0x000000008b57d958) thrown at [./src/hotspot/share/prims/jni.cpp, line 1362]
Event: 968.083 Thread 0x00000216f36d2000 Exception <a 'java/lang/NoSuchMethodError'{0x000000008b58e948}: <clinit>> (0x000000008b58e948) thrown at [./src/hotspot/share/prims/jni.cpp, line 1362]
Event: 968.158 Thread 0x00000216f36d2000 Exception <a 'java/lang/NoSuchMethodError'{0x000000008b0929a8}: <clinit>> (0x000000008b0929a8) thrown at [./src/hotspot/share/prims/jni.cpp, line 1362]
Event: 968.166 Thread 0x00000216f36dd800 Exception <a 'java/lang/ClassNotFoundException'{0x000000008af2ac40}: sun/awt/resources/spi/awtProvider> (0x000000008af2ac40) thrown at [./src/hotspot/share/classfile/systemDictionary.cpp, line 231]
Event: 968.179 Thread 0x00000216f36dd800 Exception <a 'java/io/FileNotFoundException'{0x000000008b6251d8}> (0x000000008b6251d8) thrown at [./src/hotspot/share/prims/jni.cpp, line 615]
Event: 968.180 Thread 0x00000216f36dd800 Exception <a 'java/io/FileNotFoundException'{0x000000008b646e60}> (0x000000008b646e60) thrown at [./src/hotspot/share/prims/jni.cpp, line 615]
Event: 968.354 Thread 0x00000216f36d2000 Implicit null exception at 0x00000216d4bb256c to 0x00000216d4bb2bac

Events (20 events):
Event: 968.376 loading class com/sun/imageio/stream/CloseableDisposerRecord done
Event: 968.377 loading class javax/imageio/IIOImage
Event: 968.377 loading class javax/imageio/IIOImage done
Event: 968.377 loading class com/sun/imageio/plugins/png/PNGMetadata
Event: 968.379 loading class javax/imageio/metadata/IIOMetadata
Event: 968.379 loading class javax/imageio/metadata/IIOMetadata done
Event: 968.380 loading class com/sun/imageio/plugins/png/PNGMetadata done
Event: 968.380 loading class com/sun/imageio/plugins/png/ChunkStream
Event: 968.381 loading class com/sun/imageio/plugins/png/ChunkStream done
Event: 968.381 loading class com/sun/imageio/plugins/png/CRC
Event: 968.381 loading class com/sun/imageio/plugins/png/CRC done
Event: 968.383 loading class com/sun/imageio/plugins/png/IDATOutputStream
Event: 968.383 loading class com/sun/imageio/plugins/png/IDATOutputStream done
Event: 968.384 loading class java/awt/image/PixelInterleavedSampleModel
Event: 968.384 loading class java/awt/image/ComponentSampleModel
Event: 968.385 loading class java/awt/image/ComponentSampleModel done
Event: 968.385 loading class java/awt/image/PixelInterleavedSampleModel done
Event: 968.433 loading class java/util/concurrent/locks/ReentrantReadWriteLock$Sync$HoldCounter
Event: 968.433 loading class java/util/concurrent/locks/ReentrantReadWriteLock$Sync$HoldCounter done
Event: 968.441 Executing VM operation: G1CollectForAllocation


Dynamic libraries:
0x00007ff726470000 - 0x00007ff72647a000 	D:\Program Files\Android\jre\bin\java.exe
0x00007ffd67be0000 - 0x00007ffd67dd0000 	C:\Windows\SYSTEM32\ntdll.dll
0x00007ffd670d0000 - 0x00007ffd67182000 	C:\Windows\System32\KERNEL32.DLL
0x00007ffd65500000 - 0x00007ffd657a3000 	C:\Windows\System32\KERNELBASE.dll
0x00007ffd65a30000 - 0x00007ffd65b2a000 	C:\Windows\System32\ucrtbase.dll
0x00007ffd5c910000 - 0x00007ffd5c929000 	D:\Program Files\Android\jre\bin\jli.dll
0x00007ffd54210000 - 0x00007ffd54227000 	D:\Program Files\Android\jre\bin\VCRUNTIME140.dll
0x00007ffd67430000 - 0x00007ffd675c4000 	C:\Windows\System32\USER32.dll
0x00007ffd51f40000 - 0x00007ffd521c5000 	C:\Windows\WinSxS\amd64_microsoft.windows.common-controls_6595b64144ccf1df_6.0.18362.535_none_e6c3b34713100821\COMCTL32.dll
0x00007ffd65480000 - 0x00007ffd654a1000 	C:\Windows\System32\win32u.dll
0x00007ffd663f0000 - 0x00007ffd66416000 	C:\Windows\System32\GDI32.dll
0x00007ffd67030000 - 0x00007ffd670ce000 	C:\Windows\System32\msvcrt.dll
0x00007ffd65b30000 - 0x00007ffd65cc4000 	C:\Windows\System32\gdi32full.dll
0x00007ffd675d0000 - 0x00007ffd67906000 	C:\Windows\System32\combase.dll
0x00007ffd64bb0000 - 0x00007ffd64c4e000 	C:\Windows\System32\msvcp_win.dll
0x00007ffd67310000 - 0x00007ffd67430000 	C:\Windows\System32\RPCRT4.dll
0x00007ffd65900000 - 0x00007ffd65980000 	C:\Windows\System32\bcryptPrimitives.dll
0x00007ffd663c0000 - 0x00007ffd663ee000 	C:\Windows\System32\IMM32.DLL
0x00007ffd54170000 - 0x00007ffd5420d000 	D:\Program Files\Android\jre\bin\msvcp140.dll
0x00007ffd21c60000 - 0x00007ffd2271c000 	D:\Program Files\Android\jre\bin\server\jvm.dll
0x00007ffd67910000 - 0x00007ffd679b3000 	C:\Windows\System32\ADVAPI32.dll
0x00007ffd67270000 - 0x00007ffd67307000 	C:\Windows\System32\sechost.dll
0x00007ffd66700000 - 0x00007ffd66708000 	C:\Windows\System32\PSAPI.DLL
0x00007ffd61170000 - 0x00007ffd61179000 	C:\Windows\SYSTEM32\WSOCK32.dll
0x00007ffd67b70000 - 0x00007ffd67bdf000 	C:\Windows\System32\WS2_32.dll
0x00007ffd626c0000 - 0x00007ffd626e4000 	C:\Windows\SYSTEM32\WINMM.dll
0x00007ffd5e980000 - 0x00007ffd5e98a000 	C:\Windows\SYSTEM32\VERSION.dll
0x00007ffd62690000 - 0x00007ffd626bd000 	C:\Windows\SYSTEM32\WINMMBASE.dll
0x00007ffd654b0000 - 0x00007ffd654fa000 	C:\Windows\System32\cfgmgr32.dll
0x00007ffd64b00000 - 0x00007ffd64b11000 	C:\Windows\System32\kernel.appcore.dll
0x00007ffd61150000 - 0x00007ffd61161000 	D:\Program Files\Android\jre\bin\verify.dll
0x00007ffd63410000 - 0x00007ffd63604000 	C:\Windows\SYSTEM32\DBGHELP.DLL
0x00007ffd377f0000 - 0x00007ffd3781a000 	C:\Windows\SYSTEM32\dbgcore.DLL
0x00007ffd61120000 - 0x00007ffd61149000 	D:\Program Files\Android\jre\bin\java.dll
0x00007ffd61110000 - 0x00007ffd6111b000 	D:\Program Files\Android\jre\bin\jimage.dll
0x00007ffd60490000 - 0x00007ffd604a8000 	D:\Program Files\Android\jre\bin\zip.dll
0x00007ffd65cd0000 - 0x00007ffd663b5000 	C:\Windows\System32\SHELL32.dll
0x00007ffd66420000 - 0x00007ffd664c9000 	C:\Windows\System32\shcore.dll
0x00007ffd64c80000 - 0x00007ffd653ff000 	C:\Windows\System32\windows.storage.dll
0x00007ffd64b20000 - 0x00007ffd64b3f000 	C:\Windows\System32\profapi.dll
0x00007ffd64b60000 - 0x00007ffd64baa000 	C:\Windows\System32\powrprof.dll
0x00007ffd64af0000 - 0x00007ffd64b00000 	C:\Windows\System32\UMPDC.dll
0x00007ffd66dd0000 - 0x00007ffd66e22000 	C:\Windows\System32\shlwapi.dll
0x00007ffd65460000 - 0x00007ffd65477000 	C:\Windows\System32\cryptsp.dll
0x00007ffd60470000 - 0x00007ffd6048a000 	D:\Program Files\Android\jre\bin\net.dll
0x00007ffd57050000 - 0x00007ffd57140000 	C:\Windows\SYSTEM32\WINHTTP.dll
0x00007ffd64360000 - 0x00007ffd643c7000 	C:\Windows\system32\mswsock.dll
0x00007ffd60110000 - 0x00007ffd60124000 	D:\Program Files\Android\jre\bin\nio.dll
0x00007ffd4b270000 - 0x00007ffd4b297000 	C:\Users\asus\.gradle\native\f6784746aeab05261644944871eae4fe03e0ef1612fff0a4a95f87b438bc6780\windows-amd64\native-platform.dll
0x00007ffd61100000 - 0x00007ffd6110a000 	D:\Program Files\Android\jre\bin\management.dll
0x00007ffd610c0000 - 0x00007ffd610cc000 	D:\Program Files\Android\jre\bin\management_ext.dll
0x00007ffd63ed0000 - 0x00007ffd63f03000 	C:\Windows\system32\rsaenh.dll
0x00007ffd64c50000 - 0x00007ffd64c76000 	C:\Windows\System32\bcrypt.dll
0x00007ffd649e0000 - 0x00007ffd64a05000 	C:\Windows\SYSTEM32\USERENV.dll
0x00007ffd64530000 - 0x00007ffd6453c000 	C:\Windows\SYSTEM32\CRYPTBASE.dll
0x00007ffd64070000 - 0x00007ffd640aa000 	C:\Windows\SYSTEM32\IPHLPAPI.DLL
0x00007ffd67190000 - 0x00007ffd67198000 	C:\Windows\System32\NSI.dll
0x00007ffd5aa00000 - 0x00007ffd5aa16000 	C:\Windows\SYSTEM32\dhcpcsvc6.DLL
0x00007ffd5c5f0000 - 0x00007ffd5c60c000 	C:\Windows\SYSTEM32\dhcpcsvc.DLL
0x00007ffd640b0000 - 0x00007ffd6417a000 	C:\Windows\SYSTEM32\DNSAPI.dll
0x00007ffd5c900000 - 0x00007ffd5c90b000 	C:\Windows\SYSTEM32\WINNSI.DLL
0x00007ffd3e7c0000 - 0x00007ffd3e7d6000 	C:\Windows\system32\napinsp.dll
0x00007ffd3e3a0000 - 0x00007ffd3e3ba000 	C:\Windows\system32\pnrpnsp.dll
0x00007ffd3e7b0000 - 0x00007ffd3e7be000 	C:\Windows\System32\winrnr.dll
0x00007ffd60f90000 - 0x00007ffd60fac000 	C:\Windows\system32\NLAapi.dll
0x00007ffd3c610000 - 0x00007ffd3c625000 	C:\Windows\system32\wshbth.dll
0x00007ffd55310000 - 0x00007ffd5531a000 	C:\Windows\System32\rasadhlp.dll
0x00007ffd5a0b0000 - 0x00007ffd5a127000 	C:\Windows\System32\fwpuclnt.dll
0x00007ffd63b50000 - 0x00007ffd63b81000 	C:\Windows\SYSTEM32\ntmarta.dll
0x00007ffd55b40000 - 0x00007ffd55ce2000 	D:\Program Files\Android\jre\bin\awt.dll
0x00007ffd66d00000 - 0x00007ffd66dc4000 	C:\Windows\System32\OLEAUT32.dll
0x00007ffd62ee0000 - 0x00007ffd62f0d000 	C:\Windows\SYSTEM32\dwmapi.dll
0x00007ffd62930000 - 0x00007ffd629bf000 	C:\Windows\SYSTEM32\apphelp.dll
0x00007ffd62ad0000 - 0x00007ffd62b69000 	C:\Windows\system32\uxtheme.dll

dbghelp: loaded successfully - version: 4.0.5 - missing functions: none
symbol engine: initialized successfully - sym options: 0x614 - pdb path: .;D:\Program Files\Android\jre\bin;C:\Windows\SYSTEM32;C:\Windows\WinSxS\amd64_microsoft.windows.common-controls_6595b64144ccf1df_6.0.18362.535_none_e6c3b34713100821;D:\Program Files\Android\jre\bin\server;C:\Users\asus\.gradle\native\f6784746aeab05261644944871eae4fe03e0ef1612fff0a4a95f87b438bc6780\windows-amd64

VM Arguments:
jvm_args: --add-opens=java.base/java.util=ALL-UNNAMED --add-opens=java.base/java.lang=ALL-UNNAMED --add-opens=java.base/java.lang.invoke=ALL-UNNAMED --add-opens=java.prefs/java.util.prefs=ALL-UNNAMED -Xmx2048m -Dfile.encoding=UTF-8 -Duser.country=RU -Duser.language=ru -Duser.variant 
java_command: org.gradle.launcher.daemon.bootstrap.GradleDaemon 6.5
java_class_path (initial): C:\Users\asus\.gradle\wrapper\dists\gradle-6.5-bin\6nifqtx7604sqp1q6g8wikw7p\gradle-6.5\lib\gradle-launcher-6.5.jar
Launcher Type: SUN_STANDARD

[Global flags]
     intx CICompilerCount                          = 4                                         {product} {ergonomic}
     uint ConcGCThreads                            = 2                                         {product} {ergonomic}
     uint G1ConcRefinementThreads                  = 8                                         {product} {ergonomic}
   size_t G1HeapRegionSize                         = 1048576                                   {product} {ergonomic}
    uintx GCDrainStackTargetSize                   = 64                                        {product} {ergonomic}
   size_t InitialHeapSize                          = 132120576                                 {product} {ergonomic}
   size_t MarkStackSize                            = 4194304                                   {product} {ergonomic}
   size_t MaxHeapSize                              = 2147483648                                {product} {command line}
   size_t MaxNewSize                               = 1287651328                                {product} {ergonomic}
   size_t MinHeapDeltaBytes                        = 1048576                                   {product} {ergonomic}
    uintx NonNMethodCodeHeapSize                   = 5836300                                {pd product} {ergonomic}
    uintx NonProfiledCodeHeapSize                  = 122910970                              {pd product} {ergonomic}
    uintx ProfiledCodeHeapSize                     = 122910970                              {pd product} {ergonomic}
    uintx ReservedCodeCacheSize                    = 251658240                              {pd product} {ergonomic}
     bool SegmentedCodeCache                       = true                                      {product} {ergonomic}
     bool UseCompressedClassPointers               = true                                 {lp64_product} {ergonomic}
     bool UseCompressedOops                        = true                                 {lp64_product} {ergonomic}
     bool UseG1GC                                  = true                                      {product} {ergonomic}
     bool UseLargePagesIndividualAllocation        = false                                  {pd product} {ergonomic}

Logging:
Log output configuration:
 #0: stdout all=warning uptime,level,tags
 #1: stderr all=off uptime,level,tags

Environment Variables:
JAVA_HOME=D:\Program Files\Java
PATH=C:\PROGRA~2\Borland\CBUILD~1\Bin;C:\PROGRA~2\Borland\CBUILD~1\Projects\Bpl;C:\Program Files\Common Files\Oracle\Java\javapath;C:\Windows\system32;C:\Windows;C:\Windows\System32\Wbem;C:\Windows\System32\WindowsPowerShell\v1.0\;C:\Program Files (x86)\NVIDIA Corporation\PhysX\Common;C:\Program Files\NVIDIA Corporation\NVIDIA NvDLISR;C:\Program Files\Microsoft\Web Platform Installer\;C:\Program Files (x86)\Microsoft ASP.NET\ASP.NET Web Pages\v1.0\;C:\Program Files\Microsoft SQL Server\110\Tools\Binn\;C:\Program Files\Git\cmd;C:\Users\asus\AppData\Local\Microsoft\WindowsApps;;D:\Program Files\JetBrains\IntelliJ IDEA Community Edition 2020.3\bin;
USERNAME=asus
OS=Windows_NT
PROCESSOR_IDENTIFIER=Intel64 Family 6 Model 126 Stepping 5, GenuineIntel



---------------  S Y S T E M  ---------------

OS: Windows 10 , 64 bit Build 18362 (10.0.18362.329)
OS uptime: 0 days 3:11 hours

CPU:total 8 (initial active 8) (4 cores per cpu, 2 threads per core) family 6 model 126 stepping 5, cmov, cx8, fxsr, mmx, sse, sse2, sse3, ssse3, sse4.1, sse4.2, popcnt, avx, avx2, aes, clmul, erms, 3dnowpref, lzcnt, ht, tsc, tscinvbit, bmi1, bmi2, adx, evex, sha, fma

Memory: 4k page, system-wide physical 7997M (857M free)
TotalPageFile size 7997M (AvailPageFile size 9M)
current process WorkingSet (physical memory assigned to process): 545M, peak: 548M
current process commit charge ("private bytes"): 584M, peak: 622M

vm_info: OpenJDK 64-Bit Server VM (11.0.8+10-b944.6842174) for windows-amd64 JRE (11.0.8+10-b944.6842174), built on Sep 19 2020 01:11:42 by "builder" with MS VC++ 14.0 (VS2015)

END.
