#
# There is insufficient memory for the Java Runtime Environment to continue.
# Native memory allocation (malloc) failed to allocate 2077936 bytes for Chunk::new
# Possible reasons:
#   The system is out of physical RAM or swap space
#   The process is running with CompressedOops enabled, and the Java Heap may be blocking the growth of the native heap
# Possible solutions:
#   Reduce memory load on the system
#   Increase physical memory or swap space
#   Check if swap backing store is full
#   Decrease Java heap size (-Xmx/-Xms)
#   Decrease number of Java threads
#   Decrease Java thread stack sizes (-Xss)
#   Set larger code cache with -XX:ReservedCodeCacheSize=
#   JVM is running with Unscaled Compressed Oops mode in which the Java heap is
#     placed in the first 4GB address space. The Java Heap base address is the
#     maximum limit for the native heap growth. Please use -XX:HeapBaseMinAddress
#     to set the Java Heap base and to place the Java Heap above 4GB virtual address.
# This output file may be truncated or incomplete.
#
#  Out of Memory Error (./src/hotspot/share/memory/arena.cpp:197), pid=1944, tid=8848
#
# JRE version: OpenJDK Runtime Environment (11.0.8+10) (build 11.0.8+10-b944.6842174)
# Java VM: OpenJDK 64-Bit Server VM (11.0.8+10-b944.6842174, mixed mode, tiered, compressed oops, g1 gc, windows-amd64)
# No core dump will be written. Minidumps are not enabled by default on client versions of Windows
#

---------------  S U M M A R Y ------------

Command Line: --add-opens=java.base/java.util=ALL-UNNAMED --add-opens=java.base/java.lang=ALL-UNNAMED --add-opens=java.base/java.lang.invoke=ALL-UNNAMED --add-opens=java.prefs/java.util.prefs=ALL-UNNAMED -Xmx2048m -Dfile.encoding=UTF-8 -Duser.country=RU -Duser.language=ru -Duser.variant org.gradle.launcher.daemon.bootstrap.GradleDaemon 6.5

Host: Intel(R) Core(TM) i7-1065G7 CPU @ 1.30GHz, 8 cores, 7G,  Windows 10 , 64 bit Build 18362 (10.0.18362.329)
Time: Sun May 30 08:34:19 2021 Caiaaiay Acey (ceia) elapsed time: 19 seconds (0d 0h 0m 19s)

---------------  T H R E A D  ---------------

Current thread (0x0000022a408a1800):  JavaThread "C2 CompilerThread2" daemon [_thread_in_native, id=8848, stack(0x0000002f64300000,0x0000002f64400000)]


Current CompileTask:
C2:  19479 12481       4       com.sun.beans.TypeResolver::resolve (37 bytes)

Stack: [0x0000002f64300000,0x0000002f64400000]
Native frames: (J=compiled Java code, j=interpreted, Vv=VM code, C=native code)
V  [jvm.dll+0x5de50a]
V  [jvm.dll+0x7122f5]
V  [jvm.dll+0x71384d]
V  [jvm.dll+0x713f03]
V  [jvm.dll+0x23e728]
V  [jvm.dll+0xb899c]
V  [jvm.dll+0xb8e9c]
V  [jvm.dll+0x35024d]
V  [jvm.dll+0x193cbc]
V  [jvm.dll+0x1f780e]
V  [jvm.dll+0x1f68d4]
V  [jvm.dll+0x17f32c]
V  [jvm.dll+0x205047]
V  [jvm.dll+0x203891]
V  [jvm.dll+0x6dad3f]
V  [jvm.dll+0x6d3895]
V  [jvm.dll+0x5dd4a6]
C  [ucrtbase.dll+0x20e72]
C  [KERNEL32.DLL+0x17bd4]
C  [ntdll.dll+0x6ced1]


---------------  P R O C E S S  ---------------

Threads class SMR info:
_java_thread_list=0x0000022a47b71a30, length=142, elements={
0x0000022a21530000, 0x0000022a3b834800, 0x0000022a3b83e000, 0x0000022a3c1aa000,
0x0000022a3c1ac000, 0x0000022a3c1ad800, 0x0000022a3c1d2800, 0x0000022a3c1d4800,
0x0000022a3c335000, 0x0000022a3c339000, 0x0000022a3dff5800, 0x0000022a3c53b800,
0x0000022a3c620800, 0x0000022a3c577000, 0x0000022a3d510800, 0x0000022a3dbc7800,
0x0000022a3d17e000, 0x0000022a3e00b800, 0x0000022a3e00d800, 0x0000022a3e4d2800,
0x0000022a3e4d9800, 0x0000022a3e4d6800, 0x0000022a3e4d4000, 0x0000022a3e4d8000,
0x0000022a3e4d7000, 0x0000022a3e4d9000, 0x0000022a3e4d5000, 0x0000022a3e4da800,
0x0000022a3e4d5800, 0x0000022a434c3800, 0x0000022a434c4000, 0x0000022a434c1000,
0x0000022a434c0000, 0x0000022a434be800, 0x0000022a434c6000, 0x0000022a434c6800,
0x0000022a434c7800, 0x0000022a434c8000, 0x0000022a434c5000, 0x0000022a434c2800,
0x0000022a434cc800, 0x0000022a434c9000, 0x0000022a434ca000, 0x0000022a434ca800,
0x0000022a434cb800, 0x0000022a403e1000, 0x0000022a403e2800, 0x0000022a403e2000,
0x0000022a403e6000, 0x0000022a403e4800, 0x0000022a403e5000, 0x0000022a403e0800,
0x0000022a403e9800, 0x0000022a403e7800, 0x0000022a403e7000, 0x0000022a403e8800,
0x0000022a403e3800, 0x0000022a403ef000, 0x0000022a403ea000, 0x0000022a403eb000,
0x0000022a403eb800, 0x0000022a403ed800, 0x0000022a403ee000, 0x0000022a403ec800,
0x0000022a40f26000, 0x0000022a40f22000, 0x0000022a40f23000, 0x0000022a40f25000,
0x0000022a40f23800, 0x0000022a40f21000, 0x0000022a40f24800, 0x0000022a40f20800,
0x0000022a40f2a000, 0x0000022a40f27000, 0x0000022a40f28800, 0x0000022a40f29800,
0x0000022a40f2b000, 0x0000022a40f2c000, 0x0000022a40f27800, 0x0000022a40f2c800,
0x0000022a40f2f000, 0x0000022a40f2d800, 0x0000022a40f2e000, 0x0000022a436eb000,
0x0000022a436ed000, 0x0000022a436ec800, 0x0000022a436ee000, 0x0000022a436ef000,
0x0000022a436ef800, 0x0000022a436ea000, 0x0000022a436f0800, 0x0000022a436f1800,
0x0000022a436eb800, 0x0000022a436f3800, 0x0000022a436f5800, 0x0000022a436f3000,
0x0000022a436f6000, 0x0000022a436f4800, 0x0000022a436f2000, 0x0000022a436f7000,
0x0000022a436f8000, 0x0000022a436f8800, 0x0000022a4106b800, 0x0000022a4106c800,
0x0000022a4106a000, 0x0000022a4106d000, 0x0000022a4106e000, 0x0000022a41068000,
0x0000022a4106f000, 0x0000022a41069000, 0x0000022a41070800, 0x0000022a4106f800,
0x0000022a4106a800, 0x0000022a41075800, 0x0000022a41072000, 0x0000022a41071000,
0x0000022a41073000, 0x0000022a41077000, 0x0000022a41073800, 0x0000022a41076000,
0x0000022a41074800, 0x0000022a3e611000, 0x0000022a3e60e000, 0x0000022a3e60d000,
0x0000022a3e60f800, 0x0000022a3e610800, 0x0000022a3e60e800, 0x0000022a3e617800,
0x0000022a3e615000, 0x0000022a3e616000, 0x0000022a3e612000, 0x0000022a3e618800,
0x0000022a3e612800, 0x0000022a3e619000, 0x0000022a3e614800, 0x0000022a3e61b800,
0x0000022a3e617000, 0x0000022a3e61a000, 0x0000022a3e61b000, 0x0000022a45f4e000,
0x0000022a3df52800, 0x0000022a408a1800
}

Java Threads: ( => current thread )
  0x0000022a21530000 JavaThread "main" [_thread_blocked, id=3656, stack(0x0000002f61600000,0x0000002f61700000)]
  0x0000022a3b834800 JavaThread "Reference Handler" daemon [_thread_blocked, id=7752, stack(0x0000002f61d00000,0x0000002f61e00000)]
  0x0000022a3b83e000 JavaThread "Finalizer" daemon [_thread_blocked, id=8532, stack(0x0000002f61e00000,0x0000002f61f00000)]
  0x0000022a3c1aa000 JavaThread "Signal Dispatcher" daemon [_thread_blocked, id=8840, stack(0x0000002f61f00000,0x0000002f62000000)]
  0x0000022a3c1ac000 JavaThread "Attach Listener" daemon [_thread_blocked, id=1000, stack(0x0000002f62000000,0x0000002f62100000)]
  0x0000022a3c1ad800 JavaThread "C2 CompilerThread0" daemon [_thread_in_native, id=8836, stack(0x0000002f62100000,0x0000002f62200000)]
  0x0000022a3c1d2800 JavaThread "C1 CompilerThread0" daemon [_thread_in_native, id=5228, stack(0x0000002f62200000,0x0000002f62300000)]
  0x0000022a3c1d4800 JavaThread "Sweeper thread" daemon [_thread_blocked, id=9184, stack(0x0000002f62300000,0x0000002f62400000)]
  0x0000022a3c335000 JavaThread "Common-Cleaner" daemon [_thread_blocked, id=8916, stack(0x0000002f62400000,0x0000002f62500000)]
  0x0000022a3c339000 JavaThread "Service Thread" daemon [_thread_blocked, id=5248, stack(0x0000002f62500000,0x0000002f62600000)]
  0x0000022a3dff5800 JavaThread "Daemon health stats" [_thread_blocked, id=8724, stack(0x0000002f62a00000,0x0000002f62b00000)]
  0x0000022a3c53b800 JavaThread "Incoming local TCP Connector on port 54894" [_thread_in_native, id=5800, stack(0x0000002f62c00000,0x0000002f62d00000)]
  0x0000022a3c620800 JavaThread "Daemon periodic checks" [_thread_blocked, id=8404, stack(0x0000002f62d00000,0x0000002f62e00000)]
  0x0000022a3c577000 JavaThread "Daemon" [_thread_blocked, id=2476, stack(0x0000002f62e00000,0x0000002f62f00000)]
  0x0000022a3d510800 JavaThread "Handler for socket connection from /127.0.0.1:54894 to /127.0.0.1:54895" [_thread_in_native, id=5988, stack(0x0000002f62f00000,0x0000002f63000000)]
  0x0000022a3dbc7800 JavaThread "Cancel handler" [_thread_blocked, id=5216, stack(0x0000002f63100000,0x0000002f63200000)]
  0x0000022a3d17e000 JavaThread "Daemon worker" [_thread_blocked, id=1228, stack(0x0000002f63200000,0x0000002f63300000)]
  0x0000022a3e00b800 JavaThread "Asynchronous log dispatcher for DefaultDaemonConnection: socket connection from /127.0.0.1:54894 to /127.0.0.1:54895" [_thread_blocked, id=1260, stack(0x0000002f63300000,0x0000002f63400000)]
  0x0000022a3e00d800 JavaThread "Stdin handler" [_thread_blocked, id=8708, stack(0x0000002f63400000,0x0000002f63500000)]
  0x0000022a3e4d2800 JavaThread "Thread-8" [_thread_blocked, id=6560, stack(0x0000002f63500000,0x0000002f63600000)]
  0x0000022a3e4d9800 JavaThread "Cache worker for journal cache (C:\Users\asus\.gradle\caches\journal-1)" [_thread_blocked, id=516, stack(0x0000002f63b00000,0x0000002f63c00000)]
  0x0000022a3e4d6800 JavaThread "File lock request listener" [_thread_in_native, id=9112, stack(0x0000002f63c00000,0x0000002f63d00000)]
  0x0000022a3e4d4000 JavaThread "Cache worker for file hash cache (C:\Users\asus\.gradle\caches\6.5\fileHashes)" [_thread_blocked, id=6980, stack(0x0000002f63d00000,0x0000002f63e00000)]
  0x0000022a3e4d8000 JavaThread "Cache worker for file hash cache (D:\Android projects\Puzzle15_v1\.gradle\6.5\fileHashes)" [_thread_blocked, id=8972, stack(0x0000002f63f00000,0x0000002f64000000)]
  0x0000022a3e4d7000 JavaThread "Cache worker for checksums cache (D:\Android projects\Puzzle15_v1\.gradle\checksums)" [_thread_blocked, id=2516, stack(0x0000002f64000000,0x0000002f64100000)]
  0x0000022a3e4d9000 JavaThread "Cache worker for cache directory md-supplier (C:\Users\asus\.gradle\caches\6.5\md-supplier)" [_thread_blocked, id=5992, stack(0x0000002f64100000,0x0000002f64200000)]
  0x0000022a3e4d5000 JavaThread "Cache worker for cache directory md-rule (C:\Users\asus\.gradle\caches\6.5\md-rule)" [_thread_blocked, id=9052, stack(0x0000002f64200000,0x0000002f64300000)]
  0x0000022a3e4da800 JavaThread "Cache worker for execution history cache (C:\Users\asus\.gradle\caches\6.5\executionHistory)" [_thread_blocked, id=8468, stack(0x0000002f64400000,0x0000002f64500000)]
  0x0000022a3e4d5800 JavaThread "jar transforms" [_thread_blocked, id=2224, stack(0x0000002f64500000,0x0000002f64600000)]
  0x0000022a434c3800 JavaThread "Cache worker for file content cache (C:\Users\asus\.gradle\caches\6.5\fileContent)" [_thread_blocked, id=8728, stack(0x0000002f64600000,0x0000002f64700000)]
  0x0000022a434c4000 JavaThread "Build operations" [_thread_blocked, id=6260, stack(0x0000002f64700000,0x0000002f64800000)]
  0x0000022a434c1000 JavaThread "Build operations Thread 2" [_thread_blocked, id=5544, stack(0x0000002f64800000,0x0000002f64900000)]
  0x0000022a434c0000 JavaThread "Build operations Thread 3" [_thread_blocked, id=5888, stack(0x0000002f64900000,0x0000002f64a00000)]
  0x0000022a434be800 JavaThread "Build operations Thread 4" [_thread_blocked, id=5880, stack(0x0000002f64a00000,0x0000002f64b00000)]
  0x0000022a434c6000 JavaThread "Build operations Thread 5" [_thread_blocked, id=2220, stack(0x0000002f64b00000,0x0000002f64c00000)]
  0x0000022a434c6800 JavaThread "Build operations Thread 6" [_thread_blocked, id=5152, stack(0x0000002f64c00000,0x0000002f64d00000)]
  0x0000022a434c7800 JavaThread "Build operations Thread 7" [_thread_blocked, id=8416, stack(0x0000002f64d00000,0x0000002f64e00000)]
  0x0000022a434c8000 JavaThread "Build operations Thread 8" [_thread_blocked, id=3780, stack(0x0000002f64e00000,0x0000002f64f00000)]
  0x0000022a434c5000 JavaThread "jar transforms Thread 2" [_thread_blocked, id=7948, stack(0x0000002f64f00000,0x0000002f65000000)]
  0x0000022a434c2800 JavaThread "jar transforms Thread 3" [_thread_blocked, id=6672, stack(0x0000002f65000000,0x0000002f65100000)]
  0x0000022a434cc800 JavaThread "jar transforms Thread 4" [_thread_blocked, id=5892, stack(0x0000002f65100000,0x0000002f65200000)]
  0x0000022a434c9000 JavaThread "jar transforms Thread 5" [_thread_blocked, id=6392, stack(0x0000002f65200000,0x0000002f65300000)]
  0x0000022a434ca000 JavaThread "jar transforms Thread 6" [_thread_blocked, id=6860, stack(0x0000002f65300000,0x0000002f65400000)]
  0x0000022a434ca800 JavaThread "jar transforms Thread 7" [_thread_blocked, id=8292, stack(0x0000002f65400000,0x0000002f65500000)]
  0x0000022a434cb800 JavaThread "jar transforms Thread 8" [_thread_blocked, id=2280, stack(0x0000002f65500000,0x0000002f65600000)]
  0x0000022a403e1000 JavaThread "jar transforms Thread 9" [_thread_blocked, id=8868, stack(0x0000002f65600000,0x0000002f65700000)]
  0x0000022a403e2800 JavaThread "jar transforms Thread 10" [_thread_blocked, id=6932, stack(0x0000002f65700000,0x0000002f65800000)]
  0x0000022a403e2000 JavaThread "jar transforms Thread 11" [_thread_blocked, id=5832, stack(0x0000002f65800000,0x0000002f65900000)]
  0x0000022a403e6000 JavaThread "jar transforms Thread 12" [_thread_blocked, id=1884, stack(0x0000002f65900000,0x0000002f65a00000)]
  0x0000022a403e4800 JavaThread "jar transforms Thread 13" [_thread_blocked, id=3000, stack(0x0000002f65a00000,0x0000002f65b00000)]
  0x0000022a403e5000 JavaThread "jar transforms Thread 14" [_thread_blocked, id=8656, stack(0x0000002f65b00000,0x0000002f65c00000)]
  0x0000022a403e0800 JavaThread "jar transforms Thread 15" [_thread_blocked, id=8424, stack(0x0000002f65c00000,0x0000002f65d00000)]
  0x0000022a403e9800 JavaThread "jar transforms Thread 16" [_thread_blocked, id=7200, stack(0x0000002f65d00000,0x0000002f65e00000)]
  0x0000022a403e7800 JavaThread "jar transforms Thread 17" [_thread_blocked, id=8480, stack(0x0000002f65e00000,0x0000002f65f00000)]
  0x0000022a403e7000 JavaThread "jar transforms Thread 18" [_thread_blocked, id=6952, stack(0x0000002f65f00000,0x0000002f66000000)]
  0x0000022a403e8800 JavaThread "jar transforms Thread 19" [_thread_blocked, id=2528, stack(0x0000002f66000000,0x0000002f66100000)]
  0x0000022a403e3800 JavaThread "jar transforms Thread 20" [_thread_blocked, id=1440, stack(0x0000002f66100000,0x0000002f66200000)]
  0x0000022a403ef000 JavaThread "jar transforms Thread 21" [_thread_blocked, id=7232, stack(0x0000002f66200000,0x0000002f66300000)]
  0x0000022a403ea000 JavaThread "jar transforms Thread 22" [_thread_blocked, id=5572, stack(0x0000002f66300000,0x0000002f66400000)]
  0x0000022a403eb000 JavaThread "jar transforms Thread 23" [_thread_blocked, id=9192, stack(0x0000002f66400000,0x0000002f66500000)]
  0x0000022a403eb800 JavaThread "jar transforms Thread 24" [_thread_blocked, id=2640, stack(0x0000002f66500000,0x0000002f66600000)]
  0x0000022a403ed800 JavaThread "jar transforms Thread 25" [_thread_blocked, id=9020, stack(0x0000002f66600000,0x0000002f66700000)]
  0x0000022a403ee000 JavaThread "jar transforms Thread 26" [_thread_blocked, id=8284, stack(0x0000002f66700000,0x0000002f66800000)]
  0x0000022a403ec800 JavaThread "jar transforms Thread 27" [_thread_blocked, id=9156, stack(0x0000002f66800000,0x0000002f66900000)]
  0x0000022a40f26000 JavaThread "jar transforms Thread 28" [_thread_blocked, id=476, stack(0x0000002f66900000,0x0000002f66a00000)]
  0x0000022a40f22000 JavaThread "jar transforms Thread 29" [_thread_blocked, id=8372, stack(0x0000002f66a00000,0x0000002f66b00000)]
  0x0000022a40f23000 JavaThread "jar transforms Thread 30" [_thread_blocked, id=3944, stack(0x0000002f66b00000,0x0000002f66c00000)]
  0x0000022a40f25000 JavaThread "jar transforms Thread 31" [_thread_blocked, id=8244, stack(0x0000002f66c00000,0x0000002f66d00000)]
  0x0000022a40f23800 JavaThread "jar transforms Thread 32" [_thread_blocked, id=2796, stack(0x0000002f66d00000,0x0000002f66e00000)]
  0x0000022a40f21000 JavaThread "jar transforms Thread 33" [_thread_blocked, id=4888, stack(0x0000002f66e00000,0x0000002f66f00000)]
  0x0000022a40f24800 JavaThread "jar transforms Thread 34" [_thread_blocked, id=7044, stack(0x0000002f66f00000,0x0000002f67000000)]
  0x0000022a40f20800 JavaThread "jar transforms Thread 35" [_thread_blocked, id=4052, stack(0x0000002f67000000,0x0000002f67100000)]
  0x0000022a40f2a000 JavaThread "jar transforms Thread 36" [_thread_blocked, id=6948, stack(0x0000002f67100000,0x0000002f67200000)]
  0x0000022a40f27000 JavaThread "jar transforms Thread 37" [_thread_blocked, id=7732, stack(0x0000002f67200000,0x0000002f67300000)]
  0x0000022a40f28800 JavaThread "jar transforms Thread 38" [_thread_blocked, id=9204, stack(0x0000002f67300000,0x0000002f67400000)]
  0x0000022a40f29800 JavaThread "jar transforms Thread 39" [_thread_blocked, id=1724, stack(0x0000002f67400000,0x0000002f67500000)]
  0x0000022a40f2b000 JavaThread "jar transforms Thread 40" [_thread_blocked, id=8872, stack(0x0000002f67500000,0x0000002f67600000)]
  0x0000022a40f2c000 JavaThread "jar transforms Thread 41" [_thread_blocked, id=6968, stack(0x0000002f67600000,0x0000002f67700000)]
  0x0000022a40f27800 JavaThread "jar transforms Thread 42" [_thread_blocked, id=2436, stack(0x0000002f67700000,0x0000002f67800000)]
  0x0000022a40f2c800 JavaThread "jar transforms Thread 43" [_thread_blocked, id=8212, stack(0x0000002f67800000,0x0000002f67900000)]
  0x0000022a40f2f000 JavaThread "jar transforms Thread 44" [_thread_blocked, id=5316, stack(0x0000002f67900000,0x0000002f67a00000)]
  0x0000022a40f2d800 JavaThread "jar transforms Thread 45" [_thread_blocked, id=8736, stack(0x0000002f67a00000,0x0000002f67b00000)]
  0x0000022a40f2e000 JavaThread "jar transforms Thread 46" [_thread_blocked, id=8208, stack(0x0000002f67b00000,0x0000002f67c00000)]
  0x0000022a436eb000 JavaThread "jar transforms Thread 47" [_thread_blocked, id=5836, stack(0x0000002f67c00000,0x0000002f67d00000)]
  0x0000022a436ed000 JavaThread "jar transforms Thread 48" [_thread_blocked, id=7688, stack(0x0000002f67d00000,0x0000002f67e00000)]
  0x0000022a436ec800 JavaThread "jar transforms Thread 49" [_thread_blocked, id=4492, stack(0x0000002f67e00000,0x0000002f67f00000)]
  0x0000022a436ee000 JavaThread "jar transforms Thread 50" [_thread_blocked, id=6916, stack(0x0000002f67f00000,0x0000002f68000000)]
  0x0000022a436ef000 JavaThread "jar transforms Thread 51" [_thread_blocked, id=2500, stack(0x0000002f68000000,0x0000002f68100000)]
  0x0000022a436ef800 JavaThread "jar transforms Thread 52" [_thread_blocked, id=1160, stack(0x0000002f68100000,0x0000002f68200000)]
  0x0000022a436ea000 JavaThread "jar transforms Thread 53" [_thread_blocked, id=8700, stack(0x0000002f68200000,0x0000002f68300000)]
  0x0000022a436f0800 JavaThread "jar transforms Thread 54" [_thread_blocked, id=1360, stack(0x0000002f68300000,0x0000002f68400000)]
  0x0000022a436f1800 JavaThread "jar transforms Thread 55" [_thread_blocked, id=7180, stack(0x0000002f68400000,0x0000002f68500000)]
  0x0000022a436eb800 JavaThread "jar transforms Thread 56" [_thread_blocked, id=924, stack(0x0000002f68500000,0x0000002f68600000)]
  0x0000022a436f3800 JavaThread "jar transforms Thread 57" [_thread_blocked, id=8768, stack(0x0000002f68600000,0x0000002f68700000)]
  0x0000022a436f5800 JavaThread "jar transforms Thread 58" [_thread_blocked, id=7176, stack(0x0000002f68700000,0x0000002f68800000)]
  0x0000022a436f3000 JavaThread "jar transforms Thread 59" [_thread_blocked, id=4440, stack(0x0000002f68800000,0x0000002f68900000)]
  0x0000022a436f6000 JavaThread "jar transforms Thread 60" [_thread_blocked, id=7372, stack(0x0000002f68900000,0x0000002f68a00000)]
  0x0000022a436f4800 JavaThread "jar transforms Thread 61" [_thread_blocked, id=9016, stack(0x0000002f68a00000,0x0000002f68b00000)]
  0x0000022a436f2000 JavaThread "jar transforms Thread 62" [_thread_blocked, id=8808, stack(0x0000002f68b00000,0x0000002f68c00000)]
  0x0000022a436f7000 JavaThread "jar transforms Thread 63" [_thread_blocked, id=6068, stack(0x0000002f68c00000,0x0000002f68d00000)]
  0x0000022a436f8000 JavaThread "jar transforms Thread 64" [_thread_blocked, id=5172, stack(0x0000002f68d00000,0x0000002f68e00000)]
  0x0000022a436f8800 JavaThread "jar transforms Thread 65" [_thread_blocked, id=9024, stack(0x0000002f68e00000,0x0000002f68f00000)]
  0x0000022a4106b800 JavaThread "jar transforms Thread 66" [_thread_blocked, id=8552, stack(0x0000002f68f00000,0x0000002f69000000)]
  0x0000022a4106c800 JavaThread "jar transforms Thread 67" [_thread_blocked, id=8764, stack(0x0000002f69000000,0x0000002f69100000)]
  0x0000022a4106a000 JavaThread "jar transforms Thread 68" [_thread_blocked, id=5504, stack(0x0000002f69100000,0x0000002f69200000)]
  0x0000022a4106d000 JavaThread "jar transforms Thread 69" [_thread_blocked, id=3388, stack(0x0000002f69200000,0x0000002f69300000)]
  0x0000022a4106e000 JavaThread "jar transforms Thread 70" [_thread_blocked, id=4412, stack(0x0000002f69300000,0x0000002f69400000)]
  0x0000022a41068000 JavaThread "jar transforms Thread 71" [_thread_blocked, id=4676, stack(0x0000002f69400000,0x0000002f69500000)]
  0x0000022a4106f000 JavaThread "jar transforms Thread 72" [_thread_blocked, id=4992, stack(0x0000002f69500000,0x0000002f69600000)]
  0x0000022a41069000 JavaThread "jar transforms Thread 73" [_thread_blocked, id=1436, stack(0x0000002f69600000,0x0000002f69700000)]
  0x0000022a41070800 JavaThread "jar transforms Thread 74" [_thread_blocked, id=4328, stack(0x0000002f69700000,0x0000002f69800000)]
  0x0000022a4106f800 JavaThread "jar transforms Thread 75" [_thread_blocked, id=7532, stack(0x0000002f69800000,0x0000002f69900000)]
  0x0000022a4106a800 JavaThread "jar transforms Thread 76" [_thread_blocked, id=1596, stack(0x0000002f69900000,0x0000002f69a00000)]
  0x0000022a41075800 JavaThread "jar transforms Thread 77" [_thread_blocked, id=8816, stack(0x0000002f69a00000,0x0000002f69b00000)]
  0x0000022a41072000 JavaThread "jar transforms Thread 78" [_thread_blocked, id=2232, stack(0x0000002f69b00000,0x0000002f69c00000)]
  0x0000022a41071000 JavaThread "jar transforms Thread 79" [_thread_blocked, id=7128, stack(0x0000002f69c00000,0x0000002f69d00000)]
  0x0000022a41073000 JavaThread "jar transforms Thread 80" [_thread_blocked, id=5804, stack(0x0000002f69d00000,0x0000002f69e00000)]
  0x0000022a41077000 JavaThread "jar transforms Thread 81" [_thread_blocked, id=4952, stack(0x0000002f69e00000,0x0000002f69f00000)]
  0x0000022a41073800 JavaThread "jar transforms Thread 82" [_thread_blocked, id=9200, stack(0x0000002f69f00000,0x0000002f6a000000)]
  0x0000022a41076000 JavaThread "jar transforms Thread 83" [_thread_blocked, id=676, stack(0x0000002f6a000000,0x0000002f6a100000)]
  0x0000022a41074800 JavaThread "jar transforms Thread 84" [_thread_blocked, id=7540, stack(0x0000002f6a100000,0x0000002f6a200000)]
  0x0000022a3e611000 JavaThread "jar transforms Thread 85" [_thread_blocked, id=5244, stack(0x0000002f6a200000,0x0000002f6a300000)]
  0x0000022a3e60e000 JavaThread "jar transforms Thread 86" [_thread_blocked, id=8792, stack(0x0000002f6a300000,0x0000002f6a400000)]
  0x0000022a3e60d000 JavaThread "jar transforms Thread 87" [_thread_blocked, id=7288, stack(0x0000002f6a400000,0x0000002f6a500000)]
  0x0000022a3e60f800 JavaThread "jar transforms Thread 88" [_thread_blocked, id=3936, stack(0x0000002f6a500000,0x0000002f6a600000)]
  0x0000022a3e610800 JavaThread "jar transforms Thread 89" [_thread_blocked, id=8852, stack(0x0000002f6a600000,0x0000002f6a700000)]
  0x0000022a3e60e800 JavaThread "jar transforms Thread 90" [_thread_blocked, id=388, stack(0x0000002f6a700000,0x0000002f6a800000)]
  0x0000022a3e617800 JavaThread "jar transforms Thread 91" [_thread_blocked, id=8448, stack(0x0000002f6a800000,0x0000002f6a900000)]
  0x0000022a3e615000 JavaThread "jar transforms Thread 92" [_thread_blocked, id=900, stack(0x0000002f6a900000,0x0000002f6aa00000)]
  0x0000022a3e616000 JavaThread "Cache worker for Build Output Cleanup Cache (D:\Android projects\Puzzle15_v1\.gradle\buildOutputCleanup)" [_thread_blocked, id=2840, stack(0x0000002f6aa00000,0x0000002f6ab00000)]
  0x0000022a3e612000 JavaThread "Memory manager" [_thread_blocked, id=5904, stack(0x0000002f6ab00000,0x0000002f6ac00000)]
  0x0000022a3e618800 JavaThread "Cache worker for file content cache (D:\Android projects\Puzzle15_v1\.gradle\6.5\fileContent)" [_thread_blocked, id=9008, stack(0x0000002f6ac00000,0x0000002f6ad00000)]
  0x0000022a3e612800 JavaThread "Execution worker for ':'" [_thread_blocked, id=2052, stack(0x0000002f6ad00000,0x0000002f6ae00000)]
  0x0000022a3e619000 JavaThread "Execution worker for ':' Thread 2" [_thread_blocked, id=9096, stack(0x0000002f6ae00000,0x0000002f6af00000)]
  0x0000022a3e614800 JavaThread "Execution worker for ':' Thread 3" [_thread_blocked, id=1620, stack(0x0000002f6af00000,0x0000002f6b000000)]
  0x0000022a3e61b800 JavaThread "Execution worker for ':' Thread 4" [_thread_blocked, id=9092, stack(0x0000002f6b000000,0x0000002f6b100000)]
  0x0000022a3e617000 JavaThread "Execution worker for ':' Thread 5" [_thread_blocked, id=1732, stack(0x0000002f6b100000,0x0000002f6b200000)]
  0x0000022a3e61a000 JavaThread "Execution worker for ':' Thread 6" [_thread_in_Java, id=5288, stack(0x0000002f6b200000,0x0000002f6b300000)]
  0x0000022a3e61b000 JavaThread "Execution worker for ':' Thread 7" [_thread_blocked, id=6344, stack(0x0000002f6b300000,0x0000002f6b400000)]
  0x0000022a45f4e000 JavaThread "Cache worker for execution history cache (D:\Android projects\Puzzle15_v1\.gradle\6.5\executionHistory)" [_thread_blocked, id=3132, stack(0x0000002f6b400000,0x0000002f6b500000)]
  0x0000022a3df52800 JavaThread "C2 CompilerThread1" daemon [_thread_in_native, id=3024, stack(0x0000002f63000000,0x0000002f63100000)]
=>0x0000022a408a1800 JavaThread "C2 CompilerThread2" daemon [_thread_in_native, id=8848, stack(0x0000002f64300000,0x0000002f64400000)]

Other Threads:
  0x0000022a3b832800 VMThread "VM Thread" [stack: 0x0000002f61c00000,0x0000002f61d00000] [id=1196]
  0x0000022a3c33a000 WatcherThread [stack: 0x0000002f62600000,0x0000002f62700000] [id=2628]
  0x0000022a21544000 GCTaskThread "GC Thread#0" [stack: 0x0000002f61700000,0x0000002f61800000] [id=6232]
  0x0000022a3cf98000 GCTaskThread "GC Thread#1" [stack: 0x0000002f62800000,0x0000002f62900000] [id=8788]
  0x0000022a3cc58800 GCTaskThread "GC Thread#2" [stack: 0x0000002f62900000,0x0000002f62a00000] [id=2384]
  0x0000022a3e592800 GCTaskThread "GC Thread#3" [stack: 0x0000002f63600000,0x0000002f63700000] [id=5640]
  0x0000022a3e0d5800 GCTaskThread "GC Thread#4" [stack: 0x0000002f63700000,0x0000002f63800000] [id=4140]
  0x0000022a3df46000 GCTaskThread "GC Thread#5" [stack: 0x0000002f63800000,0x0000002f63900000] [id=6364]
  0x0000022a3e452000 GCTaskThread "GC Thread#6" [stack: 0x0000002f63900000,0x0000002f63a00000] [id=8948]
  0x0000022a3e434000 GCTaskThread "GC Thread#7" [stack: 0x0000002f63a00000,0x0000002f63b00000] [id=3416]
  0x0000022a21574800 ConcurrentGCThread "G1 Main Marker" [stack: 0x0000002f61800000,0x0000002f61900000] [id=4276]
  0x0000022a21576000 ConcurrentGCThread "G1 Conc#0" [stack: 0x0000002f61900000,0x0000002f61a00000] [id=7388]
  0x0000022a3e5e0000 ConcurrentGCThread "G1 Conc#1" [stack: 0x0000002f63e00000,0x0000002f63f00000] [id=8476]
  0x0000022a3b67a800 ConcurrentGCThread "G1 Refine#0" [stack: 0x0000002f61a00000,0x0000002f61b00000] [id=1304]
  0x0000022a3b67b800 ConcurrentGCThread "G1 Young RemSet Sampling" [stack: 0x0000002f61b00000,0x0000002f61c00000] [id=3428]

Threads with active compile tasks:
C2 CompilerThread0  19500 12564       4       org.gradle.internal.snapshot.SnapshotUtil::getMetadataFromChildren (317 bytes)
C2 CompilerThread1  19500 12769       4       org.gradle.internal.snapshot.AbstractIncompleteSnapshotWithChildren::getSnapshot (15 bytes)
C2 CompilerThread2  19500 12481       4       com.sun.beans.TypeResolver::resolve (37 bytes)

VM state:not at safepoint (normal execution)

VM Mutex/Monitor currently owned by a thread: None

Heap address: 0x0000000080000000, size: 2048 MB, Compressed Oops mode: 32-bit
Narrow klass base: 0x0000000000000000, Narrow klass shift: 3
Compressed class space size: 1073741824 Address: 0x0000000100000000

Heap:
 garbage-first heap   total 187392K, used 142543K [0x0000000080000000, 0x0000000100000000)
  region size 1024K, 44 young (45056K), 8 survivors (8192K)
 Metaspace       used 128022K, capacity 130825K, committed 131064K, reserved 1163264K
  class space    used 16133K, capacity 17139K, committed 17176K, reserved 1048576K
Heap Regions: E=young(eden), S=young(survivor), O=old, HS=humongous(starts), HC=humongous(continues), CS=collection set, F=free, A=archive, TAMS=top-at-mark-start (previous, next)
|   0|0x0000000080000000, 0x0000000080100000, 0x0000000080100000|100%| O|  |TAMS 0x0000000080100000, 0x0000000080100000| Untracked 
|   1|0x0000000080100000, 0x0000000080200000, 0x0000000080200000|100%| O|  |TAMS 0x0000000080200000, 0x0000000080200000| Untracked 
|   2|0x0000000080200000, 0x0000000080300000, 0x0000000080300000|100%| O|  |TAMS 0x0000000080300000, 0x0000000080300000| Untracked 
|   3|0x0000000080300000, 0x0000000080400000, 0x0000000080400000|100%|HS|  |TAMS 0x0000000080400000, 0x0000000080400000| Complete 
|   4|0x0000000080400000, 0x0000000080500000, 0x0000000080500000|100%|HC|  |TAMS 0x0000000080500000, 0x0000000080500000| Complete 
|   5|0x0000000080500000, 0x0000000080600000, 0x0000000080600000|100%|HC|  |TAMS 0x0000000080600000, 0x0000000080600000| Complete 
|   6|0x0000000080600000, 0x0000000080700000, 0x0000000080700000|100%| O|  |TAMS 0x0000000080700000, 0x0000000080700000| Untracked 
|   7|0x0000000080700000, 0x0000000080800000, 0x0000000080800000|100%| O|  |TAMS 0x0000000080800000, 0x0000000080800000| Untracked 
|   8|0x0000000080800000, 0x0000000080900000, 0x0000000080900000|100%| O|  |TAMS 0x0000000080900000, 0x0000000080900000| Untracked 
|   9|0x0000000080900000, 0x0000000080a00000, 0x0000000080a00000|100%| O|  |TAMS 0x0000000080a00000, 0x0000000080a00000| Untracked 
|  10|0x0000000080a00000, 0x0000000080b00000, 0x0000000080b00000|100%| O|  |TAMS 0x0000000080b00000, 0x0000000080b00000| Untracked 
|  11|0x0000000080b00000, 0x0000000080c00000, 0x0000000080c00000|100%| O|  |TAMS 0x0000000080c00000, 0x0000000080c00000| Untracked 
|  12|0x0000000080c00000, 0x0000000080d00000, 0x0000000080d00000|100%| O|  |TAMS 0x0000000080d00000, 0x0000000080d00000| Untracked 
|  13|0x0000000080d00000, 0x0000000080e00000, 0x0000000080e00000|100%| O|  |TAMS 0x0000000080e00000, 0x0000000080e00000| Untracked 
|  14|0x0000000080e00000, 0x0000000080f00000, 0x0000000080f00000|100%| O|  |TAMS 0x0000000080f00000, 0x0000000080f00000| Untracked 
|  15|0x0000000080f00000, 0x0000000081000000, 0x0000000081000000|100%| O|  |TAMS 0x0000000081000000, 0x0000000081000000| Untracked 
|  16|0x0000000081000000, 0x0000000081100000, 0x0000000081100000|100%| O|  |TAMS 0x0000000081100000, 0x0000000081100000| Untracked 
|  17|0x0000000081100000, 0x0000000081200000, 0x0000000081200000|100%| O|  |TAMS 0x0000000081200000, 0x0000000081200000| Untracked 
|  18|0x0000000081200000, 0x0000000081300000, 0x0000000081300000|100%| O|  |TAMS 0x0000000081300000, 0x0000000081300000| Untracked 
|  19|0x0000000081300000, 0x0000000081400000, 0x0000000081400000|100%| O|  |TAMS 0x0000000081400000, 0x0000000081400000| Untracked 
|  20|0x0000000081400000, 0x0000000081500000, 0x0000000081500000|100%| O|  |TAMS 0x0000000081500000, 0x0000000081500000| Untracked 
|  21|0x0000000081500000, 0x0000000081600000, 0x0000000081600000|100%|HS|  |TAMS 0x0000000081600000, 0x0000000081600000| Complete 
|  22|0x0000000081600000, 0x0000000081700000, 0x0000000081700000|100%|HS|  |TAMS 0x0000000081700000, 0x0000000081700000| Complete 
|  23|0x0000000081700000, 0x0000000081800000, 0x0000000081800000|100%|HC|  |TAMS 0x0000000081800000, 0x0000000081800000| Complete 
|  24|0x0000000081800000, 0x0000000081900000, 0x0000000081900000|100%| O|  |TAMS 0x0000000081900000, 0x0000000081900000| Untracked 
|  25|0x0000000081900000, 0x0000000081a00000, 0x0000000081a00000|100%| O|  |TAMS 0x0000000081a00000, 0x0000000081a00000| Untracked 
|  26|0x0000000081a00000, 0x0000000081b00000, 0x0000000081b00000|100%| O|  |TAMS 0x0000000081b00000, 0x0000000081b00000| Untracked 
|  27|0x0000000081b00000, 0x0000000081c00000, 0x0000000081c00000|100%| O|  |TAMS 0x0000000081c00000, 0x0000000081c00000| Untracked 
|  28|0x0000000081c00000, 0x0000000081d00000, 0x0000000081d00000|100%| O|  |TAMS 0x0000000081d00000, 0x0000000081d00000| Untracked 
|  29|0x0000000081d00000, 0x0000000081e00000, 0x0000000081e00000|100%| O|  |TAMS 0x0000000081e00000, 0x0000000081e00000| Untracked 
|  30|0x0000000081e00000, 0x0000000081f00000, 0x0000000081f00000|100%| O|  |TAMS 0x0000000081f00000, 0x0000000081f00000| Untracked 
|  31|0x0000000081f00000, 0x0000000082000000, 0x0000000082000000|100%| O|  |TAMS 0x0000000082000000, 0x0000000082000000| Untracked 
|  32|0x0000000082000000, 0x0000000082100000, 0x0000000082100000|100%| O|  |TAMS 0x0000000082100000, 0x0000000082100000| Untracked 
|  33|0x0000000082100000, 0x0000000082200000, 0x0000000082200000|100%| O|  |TAMS 0x0000000082200000, 0x0000000082200000| Untracked 
|  34|0x0000000082200000, 0x0000000082300000, 0x0000000082300000|100%| O|  |TAMS 0x0000000082300000, 0x0000000082300000| Untracked 
|  35|0x0000000082300000, 0x0000000082400000, 0x0000000082400000|100%| O|  |TAMS 0x0000000082400000, 0x0000000082400000| Untracked 
|  36|0x0000000082400000, 0x0000000082500000, 0x0000000082500000|100%| O|  |TAMS 0x0000000082500000, 0x0000000082500000| Untracked 
|  37|0x0000000082500000, 0x0000000082600000, 0x0000000082600000|100%| O|  |TAMS 0x0000000082600000, 0x0000000082600000| Untracked 
|  38|0x0000000082600000, 0x0000000082700000, 0x0000000082700000|100%| O|  |TAMS 0x0000000082700000, 0x0000000082700000| Untracked 
|  39|0x0000000082700000, 0x0000000082800000, 0x0000000082800000|100%| O|  |TAMS 0x0000000082800000, 0x0000000082800000| Untracked 
|  40|0x0000000082800000, 0x0000000082900000, 0x0000000082900000|100%| O|  |TAMS 0x0000000082900000, 0x0000000082900000| Untracked 
|  41|0x0000000082900000, 0x0000000082a00000, 0x0000000082a00000|100%| O|  |TAMS 0x0000000082a00000, 0x0000000082a00000| Untracked 
|  42|0x0000000082a00000, 0x0000000082b00000, 0x0000000082b00000|100%| O|  |TAMS 0x0000000082b00000, 0x0000000082b00000| Untracked 
|  43|0x0000000082b00000, 0x0000000082c00000, 0x0000000082c00000|100%| O|  |TAMS 0x0000000082c00000, 0x0000000082c00000| Untracked 
|  44|0x0000000082c00000, 0x0000000082d00000, 0x0000000082d00000|100%| O|  |TAMS 0x0000000082d00000, 0x0000000082d00000| Untracked 
|  45|0x0000000082d00000, 0x0000000082e00000, 0x0000000082e00000|100%| O|  |TAMS 0x0000000082e00000, 0x0000000082e00000| Untracked 
|  46|0x0000000082e00000, 0x0000000082f00000, 0x0000000082f00000|100%| O|  |TAMS 0x0000000082f00000, 0x0000000082f00000| Untracked 
|  47|0x0000000082f00000, 0x0000000083000000, 0x0000000083000000|100%| O|  |TAMS 0x0000000083000000, 0x0000000083000000| Untracked 
|  48|0x0000000083000000, 0x0000000083100000, 0x0000000083100000|100%| O|  |TAMS 0x0000000083100000, 0x0000000083100000| Untracked 
|  49|0x0000000083100000, 0x0000000083200000, 0x0000000083200000|100%| O|  |TAMS 0x0000000083200000, 0x0000000083200000| Untracked 
|  50|0x0000000083200000, 0x0000000083300000, 0x0000000083300000|100%| O|  |TAMS 0x0000000083300000, 0x0000000083300000| Untracked 
|  51|0x0000000083300000, 0x0000000083400000, 0x0000000083400000|100%| O|  |TAMS 0x0000000083400000, 0x0000000083400000| Untracked 
|  52|0x0000000083400000, 0x0000000083500000, 0x0000000083500000|100%| O|  |TAMS 0x0000000083500000, 0x0000000083500000| Untracked 
|  53|0x0000000083500000, 0x0000000083600000, 0x0000000083600000|100%|HS|  |TAMS 0x0000000083600000, 0x0000000083600000| Complete 
|  54|0x0000000083600000, 0x0000000083700000, 0x0000000083700000|100%|HS|  |TAMS 0x0000000083700000, 0x0000000083700000| Complete 
|  55|0x0000000083700000, 0x0000000083800000, 0x0000000083800000|100%|HC|  |TAMS 0x0000000083800000, 0x0000000083800000| Complete 
|  56|0x0000000083800000, 0x0000000083900000, 0x0000000083900000|100%| O|  |TAMS 0x0000000083900000, 0x0000000083900000| Untracked 
|  57|0x0000000083900000, 0x0000000083a00000, 0x0000000083a00000|100%| O|  |TAMS 0x0000000083a00000, 0x0000000083a00000| Untracked 
|  58|0x0000000083a00000, 0x0000000083b00000, 0x0000000083b00000|100%| O|  |TAMS 0x0000000083b00000, 0x0000000083b00000| Untracked 
|  59|0x0000000083b00000, 0x0000000083c00000, 0x0000000083c00000|100%| O|  |TAMS 0x0000000083c00000, 0x0000000083c00000| Untracked 
|  60|0x0000000083c00000, 0x0000000083d00000, 0x0000000083d00000|100%| O|  |TAMS 0x0000000083d00000, 0x0000000083d00000| Untracked 
|  61|0x0000000083d00000, 0x0000000083e00000, 0x0000000083e00000|100%| O|  |TAMS 0x0000000083e00000, 0x0000000083e00000| Untracked 
|  62|0x0000000083e00000, 0x0000000083f00000, 0x0000000083f00000|100%| O|  |TAMS 0x0000000083f00000, 0x0000000083f00000| Untracked 
|  63|0x0000000083f00000, 0x0000000084000000, 0x0000000084000000|100%| O|  |TAMS 0x0000000084000000, 0x0000000084000000| Untracked 
|  64|0x0000000084000000, 0x0000000084100000, 0x0000000084100000|100%| O|  |TAMS 0x0000000084100000, 0x0000000084100000| Untracked 
|  65|0x0000000084100000, 0x0000000084200000, 0x0000000084200000|100%| O|  |TAMS 0x0000000084200000, 0x0000000084200000| Untracked 
|  66|0x0000000084200000, 0x0000000084300000, 0x0000000084300000|100%| O|  |TAMS 0x0000000084300000, 0x0000000084300000| Untracked 
|  67|0x0000000084300000, 0x0000000084400000, 0x0000000084400000|100%| O|  |TAMS 0x0000000084400000, 0x0000000084400000| Untracked 
|  68|0x0000000084400000, 0x0000000084500000, 0x0000000084500000|100%| O|  |TAMS 0x0000000084500000, 0x0000000084500000| Untracked 
|  69|0x0000000084500000, 0x0000000084600000, 0x0000000084600000|100%| O|  |TAMS 0x0000000084600000, 0x0000000084600000| Untracked 
|  70|0x0000000084600000, 0x0000000084700000, 0x0000000084700000|100%| O|  |TAMS 0x0000000084700000, 0x0000000084700000| Untracked 
|  71|0x0000000084700000, 0x0000000084800000, 0x0000000084800000|100%|HS|  |TAMS 0x0000000084800000, 0x0000000084800000| Complete 
|  72|0x0000000084800000, 0x0000000084900000, 0x0000000084900000|100%|HC|  |TAMS 0x0000000084900000, 0x0000000084900000| Complete 
|  73|0x0000000084900000, 0x0000000084a00000, 0x0000000084a00000|100%| O|  |TAMS 0x0000000084a00000, 0x0000000084a00000| Untracked 
|  74|0x0000000084a00000, 0x0000000084b00000, 0x0000000084b00000|100%| O|  |TAMS 0x0000000084b00000, 0x0000000084b00000| Untracked 
|  75|0x0000000084b00000, 0x0000000084c00000, 0x0000000084c00000|100%| O|  |TAMS 0x0000000084b00000, 0x0000000084c00000| Untracked 
|  76|0x0000000084c00000, 0x0000000084d00000, 0x0000000084d00000|100%| O|  |TAMS 0x0000000084c00000, 0x0000000084d00000| Untracked 
|  77|0x0000000084d00000, 0x0000000084e00000, 0x0000000084e00000|100%| O|  |TAMS 0x0000000084e00000, 0x0000000084e00000| Untracked 
|  78|0x0000000084e00000, 0x0000000084f00000, 0x0000000084f00000|100%| O|  |TAMS 0x0000000084f00000, 0x0000000084f00000| Untracked 
|  79|0x0000000084f00000, 0x0000000085000000, 0x0000000085000000|100%| O|  |TAMS 0x0000000085000000, 0x0000000085000000| Untracked 
|  80|0x0000000085000000, 0x0000000085100000, 0x0000000085100000|100%| O|  |TAMS 0x0000000085100000, 0x0000000085100000| Untracked 
|  81|0x0000000085100000, 0x0000000085200000, 0x0000000085200000|100%| O|  |TAMS 0x0000000085200000, 0x0000000085200000| Untracked 
|  82|0x0000000085200000, 0x0000000085300000, 0x0000000085300000|100%| O|  |TAMS 0x0000000085300000, 0x0000000085300000| Untracked 
|  83|0x0000000085300000, 0x0000000085400000, 0x0000000085400000|100%| O|  |TAMS 0x0000000085400000, 0x0000000085400000| Untracked 
|  84|0x0000000085400000, 0x0000000085500000, 0x0000000085500000|100%| O|  |TAMS 0x0000000085500000, 0x0000000085500000| Untracked 
|  85|0x0000000085500000, 0x0000000085600000, 0x0000000085600000|100%| O|  |TAMS 0x0000000085600000, 0x0000000085600000| Untracked 
|  86|0x0000000085600000, 0x0000000085700000, 0x0000000085700000|100%| O|  |TAMS 0x0000000085700000, 0x0000000085700000| Untracked 
|  87|0x0000000085700000, 0x0000000085800000, 0x0000000085800000|100%| O|  |TAMS 0x0000000085800000, 0x0000000085800000| Untracked 
|  88|0x0000000085800000, 0x0000000085900000, 0x0000000085900000|100%| O|  |TAMS 0x0000000085900000, 0x0000000085900000| Untracked 
|  89|0x0000000085900000, 0x0000000085a00000, 0x0000000085a00000|100%| O|  |TAMS 0x0000000085a00000, 0x0000000085a00000| Untracked 
|  90|0x0000000085a00000, 0x0000000085b00000, 0x0000000085b00000|100%| O|  |TAMS 0x0000000085b00000, 0x0000000085b00000| Untracked 
|  91|0x0000000085b00000, 0x0000000085c00000, 0x0000000085c00000|100%| O|  |TAMS 0x0000000085c00000, 0x0000000085c00000| Untracked 
|  92|0x0000000085c00000, 0x0000000085d00000, 0x0000000085d00000|100%| O|  |TAMS 0x0000000085c9d400, 0x0000000085d00000| Untracked 
|  93|0x0000000085d00000, 0x0000000085e00000, 0x0000000085e00000|100%| O|  |TAMS 0x0000000085d00000, 0x0000000085e00000| Untracked 
|  94|0x0000000085e00000, 0x0000000085e33c00, 0x0000000085f00000| 20%| O|  |TAMS 0x0000000085e00000, 0x0000000085e33c00| Untracked 
|  95|0x0000000085f00000, 0x0000000086000000, 0x0000000086000000|100%|HS|  |TAMS 0x0000000085f00000, 0x0000000085f00000| Complete 
|  96|0x0000000086000000, 0x0000000086100000, 0x0000000086100000|100%|HC|  |TAMS 0x0000000086000000, 0x0000000086000000| Complete 
|  97|0x0000000086100000, 0x0000000086100000, 0x0000000086200000|  0%| F|  |TAMS 0x0000000086100000, 0x0000000086100000| Untracked 
|  98|0x0000000086200000, 0x0000000086200000, 0x0000000086300000|  0%| F|  |TAMS 0x0000000086200000, 0x0000000086200000| Untracked 
|  99|0x0000000086300000, 0x0000000086300000, 0x0000000086400000|  0%| F|  |TAMS 0x0000000086300000, 0x0000000086300000| Untracked 
| 100|0x0000000086400000, 0x0000000086400000, 0x0000000086500000|  0%| F|  |TAMS 0x0000000086400000, 0x0000000086400000| Untracked 
| 101|0x0000000086500000, 0x0000000086500000, 0x0000000086600000|  0%| F|  |TAMS 0x0000000086500000, 0x0000000086500000| Untracked 
| 102|0x0000000086600000, 0x0000000086600000, 0x0000000086700000|  0%| F|  |TAMS 0x0000000086600000, 0x0000000086600000| Untracked 
| 103|0x0000000086700000, 0x0000000086700000, 0x0000000086800000|  0%| F|  |TAMS 0x0000000086700000, 0x0000000086700000| Untracked 
| 104|0x0000000086800000, 0x0000000086800000, 0x0000000086900000|  0%| F|  |TAMS 0x0000000086800000, 0x0000000086800000| Untracked 
| 105|0x0000000086900000, 0x0000000086900000, 0x0000000086a00000|  0%| F|  |TAMS 0x0000000086900000, 0x0000000086900000| Untracked 
| 106|0x0000000086a00000, 0x0000000086a00000, 0x0000000086b00000|  0%| F|  |TAMS 0x0000000086a00000, 0x0000000086a00000| Untracked 
| 107|0x0000000086b00000, 0x0000000086b00000, 0x0000000086c00000|  0%| F|  |TAMS 0x0000000086b00000, 0x0000000086b00000| Untracked 
| 108|0x0000000086c00000, 0x0000000086c00000, 0x0000000086d00000|  0%| F|  |TAMS 0x0000000086c00000, 0x0000000086c00000| Untracked 
| 109|0x0000000086d00000, 0x0000000086d00000, 0x0000000086e00000|  0%| F|  |TAMS 0x0000000086d00000, 0x0000000086d00000| Untracked 
| 110|0x0000000086e00000, 0x0000000086e00000, 0x0000000086f00000|  0%| F|  |TAMS 0x0000000086e00000, 0x0000000086e00000| Untracked 
| 111|0x0000000086f00000, 0x0000000086f00000, 0x0000000087000000|  0%| F|  |TAMS 0x0000000086f00000, 0x0000000086f00000| Untracked 
| 112|0x0000000087000000, 0x0000000087000000, 0x0000000087100000|  0%| F|  |TAMS 0x0000000087000000, 0x0000000087000000| Untracked 
| 113|0x0000000087100000, 0x0000000087100000, 0x0000000087200000|  0%| F|  |TAMS 0x0000000087100000, 0x0000000087100000| Untracked 
| 114|0x0000000087200000, 0x0000000087200000, 0x0000000087300000|  0%| F|  |TAMS 0x0000000087200000, 0x0000000087200000| Untracked 
| 115|0x0000000087300000, 0x0000000087300000, 0x0000000087400000|  0%| F|  |TAMS 0x0000000087300000, 0x0000000087300000| Untracked 
| 116|0x0000000087400000, 0x0000000087500000, 0x0000000087500000|100%| S|CS|TAMS 0x0000000087400000, 0x0000000087400000| Complete 
| 117|0x0000000087500000, 0x0000000087600000, 0x0000000087600000|100%| S|CS|TAMS 0x0000000087500000, 0x0000000087500000| Complete 
| 118|0x0000000087600000, 0x0000000087700000, 0x0000000087700000|100%| S|CS|TAMS 0x0000000087600000, 0x0000000087600000| Complete 
| 119|0x0000000087700000, 0x0000000087800000, 0x0000000087800000|100%| S|CS|TAMS 0x0000000087700000, 0x0000000087700000| Complete 
| 120|0x0000000087800000, 0x0000000087900000, 0x0000000087900000|100%| S|CS|TAMS 0x0000000087800000, 0x0000000087800000| Complete 
| 121|0x0000000087900000, 0x0000000087900000, 0x0000000087a00000|  0%| F|  |TAMS 0x0000000087900000, 0x0000000087900000| Untracked 
| 122|0x0000000087a00000, 0x0000000087a00000, 0x0000000087b00000|  0%| F|  |TAMS 0x0000000087a00000, 0x0000000087a00000| Untracked 
| 123|0x0000000087b00000, 0x0000000087b00000, 0x0000000087c00000|  0%| F|  |TAMS 0x0000000087b00000, 0x0000000087b00000| Untracked 
| 124|0x0000000087c00000, 0x0000000087c00000, 0x0000000087d00000|  0%| F|  |TAMS 0x0000000087c00000, 0x0000000087c00000| Untracked 
| 125|0x0000000087d00000, 0x0000000087d00000, 0x0000000087e00000|  0%| F|  |TAMS 0x0000000087d00000, 0x0000000087d00000| Untracked 
| 126|0x0000000087e00000, 0x0000000087f00000, 0x0000000087f00000|100%| S|CS|TAMS 0x0000000087e00000, 0x0000000087e00000| Complete 
| 127|0x0000000087f00000, 0x0000000088000000, 0x0000000088000000|100%| S|CS|TAMS 0x0000000087f00000, 0x0000000087f00000| Complete 
| 128|0x0000000088000000, 0x0000000088100000, 0x0000000088100000|100%| S|CS|TAMS 0x0000000088000000, 0x0000000088000000| Complete 
| 129|0x0000000088100000, 0x0000000088100000, 0x0000000088200000|  0%| F|  |TAMS 0x0000000088100000, 0x0000000088100000| Untracked 
| 130|0x0000000088200000, 0x0000000088200000, 0x0000000088300000|  0%| F|  |TAMS 0x0000000088200000, 0x0000000088200000| Untracked 
| 131|0x0000000088300000, 0x0000000088300000, 0x0000000088400000|  0%| F|  |TAMS 0x0000000088300000, 0x0000000088300000| Untracked 
| 132|0x0000000088400000, 0x0000000088400000, 0x0000000088500000|  0%| F|  |TAMS 0x0000000088400000, 0x0000000088400000| Untracked 
| 133|0x0000000088500000, 0x0000000088500000, 0x0000000088600000|  0%| F|  |TAMS 0x0000000088500000, 0x0000000088500000| Untracked 
| 134|0x0000000088600000, 0x0000000088600000, 0x0000000088700000|  0%| F|  |TAMS 0x0000000088600000, 0x0000000088600000| Untracked 
| 135|0x0000000088700000, 0x0000000088700000, 0x0000000088800000|  0%| F|  |TAMS 0x0000000088700000, 0x0000000088700000| Untracked 
| 136|0x0000000088800000, 0x0000000088800000, 0x0000000088900000|  0%| F|  |TAMS 0x0000000088800000, 0x0000000088800000| Untracked 
| 137|0x0000000088900000, 0x0000000088900000, 0x0000000088a00000|  0%| F|  |TAMS 0x0000000088900000, 0x0000000088900000| Untracked 
| 138|0x0000000088a00000, 0x0000000088a00000, 0x0000000088b00000|  0%| F|  |TAMS 0x0000000088a00000, 0x0000000088a00000| Untracked 
| 139|0x0000000088b00000, 0x0000000088b00000, 0x0000000088c00000|  0%| F|  |TAMS 0x0000000088b00000, 0x0000000088b00000| Untracked 
| 140|0x0000000088c00000, 0x0000000088c00000, 0x0000000088d00000|  0%| F|  |TAMS 0x0000000088c00000, 0x0000000088c00000| Untracked 
| 141|0x0000000088d00000, 0x0000000088d00000, 0x0000000088e00000|  0%| F|  |TAMS 0x0000000088d00000, 0x0000000088d00000| Untracked 
| 142|0x0000000088e00000, 0x0000000088e00000, 0x0000000088f00000|  0%| F|  |TAMS 0x0000000088e00000, 0x0000000088e00000| Untracked 
| 143|0x0000000088f00000, 0x0000000088f00000, 0x0000000089000000|  0%| F|  |TAMS 0x0000000088f00000, 0x0000000088f00000| Untracked 
| 144|0x0000000089000000, 0x0000000089000000, 0x0000000089100000|  0%| F|  |TAMS 0x0000000089000000, 0x0000000089000000| Untracked 
| 145|0x0000000089100000, 0x0000000089100000, 0x0000000089200000|  0%| F|  |TAMS 0x0000000089100000, 0x0000000089100000| Untracked 
| 146|0x0000000089200000, 0x0000000089300000, 0x0000000089300000|100%| E|  |TAMS 0x0000000089200000, 0x0000000089200000| Complete 
| 147|0x0000000089300000, 0x0000000089400000, 0x0000000089400000|100%| E|CS|TAMS 0x0000000089300000, 0x0000000089300000| Complete 
| 148|0x0000000089400000, 0x0000000089500000, 0x0000000089500000|100%| E|CS|TAMS 0x0000000089400000, 0x0000000089400000| Complete 
| 149|0x0000000089500000, 0x0000000089600000, 0x0000000089600000|100%| E|CS|TAMS 0x0000000089500000, 0x0000000089500000| Complete 
| 150|0x0000000089600000, 0x0000000089700000, 0x0000000089700000|100%| E|CS|TAMS 0x0000000089600000, 0x0000000089600000| Complete 
| 151|0x0000000089700000, 0x0000000089800000, 0x0000000089800000|100%| E|CS|TAMS 0x0000000089700000, 0x0000000089700000| Complete 
| 152|0x0000000089800000, 0x0000000089900000, 0x0000000089900000|100%| E|CS|TAMS 0x0000000089800000, 0x0000000089800000| Complete 
| 153|0x0000000089900000, 0x0000000089a00000, 0x0000000089a00000|100%| E|CS|TAMS 0x0000000089900000, 0x0000000089900000| Complete 
| 154|0x0000000089a00000, 0x0000000089b00000, 0x0000000089b00000|100%| E|CS|TAMS 0x0000000089a00000, 0x0000000089a00000| Complete 
| 155|0x0000000089b00000, 0x0000000089c00000, 0x0000000089c00000|100%| E|CS|TAMS 0x0000000089b00000, 0x0000000089b00000| Complete 
| 156|0x0000000089c00000, 0x0000000089d00000, 0x0000000089d00000|100%| E|CS|TAMS 0x0000000089c00000, 0x0000000089c00000| Complete 
| 157|0x0000000089d00000, 0x0000000089e00000, 0x0000000089e00000|100%| E|CS|TAMS 0x0000000089d00000, 0x0000000089d00000| Complete 
| 158|0x0000000089e00000, 0x0000000089f00000, 0x0000000089f00000|100%| E|CS|TAMS 0x0000000089e00000, 0x0000000089e00000| Complete 
| 159|0x0000000089f00000, 0x000000008a000000, 0x000000008a000000|100%| E|CS|TAMS 0x0000000089f00000, 0x0000000089f00000| Complete 
| 160|0x000000008a000000, 0x000000008a100000, 0x000000008a100000|100%| E|CS|TAMS 0x000000008a000000, 0x000000008a000000| Complete 
| 161|0x000000008a100000, 0x000000008a200000, 0x000000008a200000|100%| E|CS|TAMS 0x000000008a100000, 0x000000008a100000| Complete 
| 162|0x000000008a200000, 0x000000008a300000, 0x000000008a300000|100%| E|CS|TAMS 0x000000008a200000, 0x000000008a200000| Complete 
| 163|0x000000008a300000, 0x000000008a400000, 0x000000008a400000|100%| E|CS|TAMS 0x000000008a300000, 0x000000008a300000| Complete 
| 164|0x000000008a400000, 0x000000008a500000, 0x000000008a500000|100%| E|CS|TAMS 0x000000008a400000, 0x000000008a400000| Complete 
| 165|0x000000008a500000, 0x000000008a600000, 0x000000008a600000|100%| E|CS|TAMS 0x000000008a500000, 0x000000008a500000| Complete 
| 166|0x000000008a600000, 0x000000008a700000, 0x000000008a700000|100%| E|CS|TAMS 0x000000008a600000, 0x000000008a600000| Complete 
| 167|0x000000008a700000, 0x000000008a800000, 0x000000008a800000|100%| E|CS|TAMS 0x000000008a700000, 0x000000008a700000| Complete 
| 168|0x000000008a800000, 0x000000008a900000, 0x000000008a900000|100%| E|CS|TAMS 0x000000008a800000, 0x000000008a800000| Complete 
| 169|0x000000008a900000, 0x000000008aa00000, 0x000000008aa00000|100%| E|CS|TAMS 0x000000008a900000, 0x000000008a900000| Complete 
| 170|0x000000008aa00000, 0x000000008ab00000, 0x000000008ab00000|100%| E|CS|TAMS 0x000000008aa00000, 0x000000008aa00000| Complete 
| 171|0x000000008ab00000, 0x000000008ac00000, 0x000000008ac00000|100%| E|CS|TAMS 0x000000008ab00000, 0x000000008ab00000| Complete 
| 172|0x000000008ac00000, 0x000000008ad00000, 0x000000008ad00000|100%| E|CS|TAMS 0x000000008ac00000, 0x000000008ac00000| Complete 
| 173|0x000000008ad00000, 0x000000008ae00000, 0x000000008ae00000|100%| E|CS|TAMS 0x000000008ad00000, 0x000000008ad00000| Complete 
| 174|0x000000008ae00000, 0x000000008af00000, 0x000000008af00000|100%| E|CS|TAMS 0x000000008ae00000, 0x000000008ae00000| Complete 
| 175|0x000000008af00000, 0x000000008b000000, 0x000000008b000000|100%| E|CS|TAMS 0x000000008af00000, 0x000000008af00000| Complete 
| 176|0x000000008b000000, 0x000000008b100000, 0x000000008b100000|100%| E|CS|TAMS 0x000000008b000000, 0x000000008b000000| Complete 
| 177|0x000000008b100000, 0x000000008b200000, 0x000000008b200000|100%| E|CS|TAMS 0x000000008b100000, 0x000000008b100000| Complete 
| 178|0x000000008b200000, 0x000000008b300000, 0x000000008b300000|100%| E|CS|TAMS 0x000000008b200000, 0x000000008b200000| Complete 
| 179|0x000000008b300000, 0x000000008b400000, 0x000000008b400000|100%| E|CS|TAMS 0x000000008b300000, 0x000000008b300000| Complete 
| 180|0x000000008b400000, 0x000000008b500000, 0x000000008b500000|100%| E|CS|TAMS 0x000000008b400000, 0x000000008b400000| Complete 
| 181|0x000000008b500000, 0x000000008b600000, 0x000000008b600000|100%| E|CS|TAMS 0x000000008b500000, 0x000000008b500000| Complete 
| 182|0x000000008b600000, 0x000000008b700000, 0x000000008b700000|100%| E|CS|TAMS 0x000000008b600000, 0x000000008b600000| Complete 

Card table byte_map: [0x0000022a345d0000,0x0000022a349d0000] _byte_map_base: 0x0000022a341d0000

Marking Bits (Prev, Next): (CMBitMap*) 0x0000022a2156bc38, (CMBitMap*) 0x0000022a2156bc70
 Prev Bits: [0x0000022a34dd0000, 0x0000022a36dd0000)
 Next Bits: [0x0000022a36dd0000, 0x0000022a38dd0000)

Polling page: 0x0000022a1f310000

Metaspace:

Usage:
  Non-class:    111.02 MB capacity,   109.27 MB ( 98%) used,     1.46 MB (  1%) free+waste,   300.00 KB ( <1%) overhead. 
      Class:     16.74 MB capacity,    15.76 MB ( 94%) used,   867.38 KB (  5%) free+waste,   138.13 KB ( <1%) overhead. 
       Both:    127.76 MB capacity,   125.02 MB ( 98%) used,     2.31 MB (  2%) free+waste,   438.13 KB ( <1%) overhead. 

Virtual space:
  Non-class space:      112.00 MB reserved,     111.22 MB (>99%) committed 
      Class space:        1.00 GB reserved,      16.77 MB (  2%) committed 
             Both:        1.11 GB reserved,     127.99 MB ( 11%) committed 

Chunk freelists:
   Non-Class:  74.00 KB
       Class:  13.00 KB
        Both:  87.00 KB

MaxMetaspaceSize: 17179869184.00 GB
CompressedClassSpaceSize: 1.00 GB

CodeHeap 'non-profiled nmethods': size=120000Kb used=7817Kb max_used=7817Kb free=112182Kb
 bounds [0x0000022a2c970000, 0x0000022a2d120000, 0x0000022a33ea0000]
CodeHeap 'profiled nmethods': size=120000Kb used=26800Kb max_used=26800Kb free=93199Kb
 bounds [0x0000022a25440000, 0x0000022a26e70000, 0x0000022a2c970000]
CodeHeap 'non-nmethods': size=5760Kb used=2336Kb max_used=2389Kb free=3423Kb
 bounds [0x0000022a24ea0000, 0x0000022a25110000, 0x0000022a25440000]
 total_blobs=13439 nmethods=12497 adapters=853
 compilation: enabled
              stopped_count=0, restarted_count=0
 full_count=0

Compilation events (20 events):
Event: 19.383 Thread 0x0000022a3c1d2800 12834       3       com.android.tools.r8.ArchiveProgramResourceProvider::includeClassFileOrDexEntries (28 bytes)
Event: 19.384 Thread 0x0000022a3c1d2800 nmethod 12834 0x0000022a26e63b10 code [0x0000022a26e63d60, 0x0000022a26e64498]
Event: 19.384 Thread 0x0000022a3c1d2800 12840       3       com.android.tools.r8.q.a.a.d.g::a (44 bytes)
Event: 19.385 Thread 0x0000022a3c1d2800 nmethod 12840 0x0000022a26e64790 code [0x0000022a26e64960, 0x0000022a26e64d78]
Event: 19.385 Thread 0x0000022a3c1d2800 12839       3       com.android.tools.r8.ArchiveProgramResourceProvider::a (91 bytes)
Event: 19.387 Thread 0x0000022a3c1d2800 nmethod 12839 0x0000022a26e64f10 code [0x0000022a26e65300, 0x0000022a26e67068]
Event: 19.387 Thread 0x0000022a3c1d2800 12835       3       com.android.tools.r8.utils.w1::b (11 bytes)
Event: 19.388 Thread 0x0000022a3c1d2800 nmethod 12835 0x0000022a26e67b10 code [0x0000022a26e67d40, 0x0000022a26e68388]
Event: 19.388 Thread 0x0000022a3c1d2800 12836       3       com.android.tools.r8.utils.T::u (160 bytes)
Event: 19.389 Thread 0x0000022a3c1d2800 nmethod 12836 0x0000022a26e68610 code [0x0000022a26e689a0, 0x0000022a26e69d28]
Event: 19.389 Thread 0x0000022a3c1d2800 12838       3       com.android.tools.r8.ProgramResource::fromBytes (13 bytes)
Event: 19.390 Thread 0x0000022a3c1d2800 nmethod 12838 0x0000022a26e6a410 code [0x0000022a26e6a5e0, 0x0000022a26e6a7e8]
Event: 19.390 Thread 0x0000022a3c1d2800 12841       3       com.android.tools.r8.ProgramResource$ByteResource::<init> (10 bytes)
Event: 19.390 Thread 0x0000022a3c1d2800 nmethod 12841 0x0000022a26e6a910 code [0x0000022a26e6aac0, 0x0000022a26e6abe8]
Event: 19.390 Thread 0x0000022a3c1d2800 12837       3       com.android.tools.r8.q.a.a.d.g::a (29 bytes)
Event: 19.391 Thread 0x0000022a3c1d2800 nmethod 12837 0x0000022a26e6ac90 code [0x0000022a26e6aec0, 0x0000022a26e6b6d8]
Event: 19.391 Thread 0x0000022a3c1d2800 12843   !   3       com.android.tools.r8.ArchiveProgramResourceProvider::a (28 bytes)
Event: 19.391 Thread 0x0000022a3c1d2800 nmethod 12843 0x0000022a26e6b990 code [0x0000022a26e6bb80, 0x0000022a26e6bec8]
Event: 19.391 Thread 0x0000022a3c1d2800 12842       3       com.android.tools.r8.ProgramResource$ByteResource::<init> (46 bytes)
Event: 19.391 Thread 0x0000022a3c1d2800 nmethod 12842 0x0000022a26e6c010 code [0x0000022a26e6c1e0, 0x0000022a26e6c4b8]

GC Heap History (20 events):
Event: 10.777 GC heap before
{Heap before GC invocations=16 (full 0):
 garbage-first heap   total 187392K, used 140465K [0x0000000080000000, 0x0000000100000000)
  region size 1024K, 83 young (84992K), 11 survivors (11264K)
 Metaspace       used 80380K, capacity 82536K, committed 82668K, reserved 1120256K
  class space    used 10319K, capacity 11093K, committed 11160K, reserved 1048576K
}
Event: 10.787 GC heap after
{Heap after GC invocations=17 (full 0):
 garbage-first heap   total 187392K, used 73469K [0x0000000080000000, 0x0000000100000000)
  region size 1024K, 7 young (7168K), 7 survivors (7168K)
 Metaspace       used 80380K, capacity 82536K, committed 82668K, reserved 1120256K
  class space    used 10319K, capacity 11093K, committed 11160K, reserved 1048576K
}
Event: 11.764 GC heap before
{Heap before GC invocations=17 (full 0):
 garbage-first heap   total 187392K, used 141053K [0x0000000080000000, 0x0000000100000000)
  region size 1024K, 74 young (75776K), 7 survivors (7168K)
 Metaspace       used 87563K, capacity 90012K, committed 90220K, reserved 1128448K
  class space    used 11290K, capacity 12196K, committed 12312K, reserved 1048576K
}
Event: 11.773 GC heap after
{Heap after GC invocations=18 (full 0):
 garbage-first heap   total 187392K, used 76762K [0x0000000080000000, 0x0000000100000000)
  region size 1024K, 4 young (4096K), 4 survivors (4096K)
 Metaspace       used 87563K, capacity 90012K, committed 90220K, reserved 1128448K
  class space    used 11290K, capacity 12196K, committed 12312K, reserved 1048576K
}
Event: 12.950 GC heap before
{Heap before GC invocations=18 (full 0):
 garbage-first heap   total 187392K, used 146394K [0x0000000080000000, 0x0000000100000000)
  region size 1024K, 72 young (73728K), 4 survivors (4096K)
 Metaspace       used 87600K, capacity 90013K, committed 90220K, reserved 1128448K
  class space    used 11290K, capacity 12196K, committed 12312K, reserved 1048576K
}
Event: 12.955 GC heap after
{Heap after GC invocations=19 (full 0):
 garbage-first heap   total 187392K, used 76865K [0x0000000080000000, 0x0000000100000000)
  region size 1024K, 5 young (5120K), 5 survivors (5120K)
 Metaspace       used 87600K, capacity 90013K, committed 90220K, reserved 1128448K
  class space    used 11290K, capacity 12196K, committed 12312K, reserved 1048576K
}
Event: 14.142 GC heap before
{Heap before GC invocations=19 (full 0):
 garbage-first heap   total 187392K, used 147521K [0x0000000080000000, 0x0000000100000000)
  region size 1024K, 74 young (75776K), 5 survivors (5120K)
 Metaspace       used 87602K, capacity 90013K, committed 90220K, reserved 1128448K
  class space    used 11290K, capacity 12196K, committed 12312K, reserved 1048576K
}
Event: 14.146 GC heap after
{Heap after GC invocations=20 (full 0):
 garbage-first heap   total 187392K, used 76685K [0x0000000080000000, 0x0000000100000000)
  region size 1024K, 4 young (4096K), 4 survivors (4096K)
 Metaspace       used 87602K, capacity 90013K, committed 90220K, reserved 1128448K
  class space    used 11290K, capacity 12196K, committed 12312K, reserved 1048576K
}
Event: 15.411 GC heap before
{Heap before GC invocations=20 (full 0):
 garbage-first heap   total 187392K, used 153485K [0x0000000080000000, 0x0000000100000000)
  region size 1024K, 76 young (77824K), 4 survivors (4096K)
 Metaspace       used 97457K, capacity 100205K, committed 100332K, reserved 1136640K
  class space    used 12412K, capacity 13384K, committed 13464K, reserved 1048576K
}
Event: 15.425 GC heap after
{Heap after GC invocations=21 (full 0):
 garbage-first heap   total 187392K, used 85136K [0x0000000080000000, 0x0000000100000000)
  region size 1024K, 9 young (9216K), 9 survivors (9216K)
 Metaspace       used 97457K, capacity 100205K, committed 100332K, reserved 1136640K
  class space    used 12412K, capacity 13384K, committed 13464K, reserved 1048576K
}
Event: 16.847 GC heap before
{Heap before GC invocations=22 (full 0):
 garbage-first heap   total 187392K, used 154768K [0x0000000080000000, 0x0000000100000000)
  region size 1024K, 75 young (76800K), 9 survivors (9216K)
 Metaspace       used 114405K, capacity 117039K, committed 117496K, reserved 1150976K
  class space    used 14806K, capacity 15745K, committed 15896K, reserved 1048576K
}
Event: 16.872 GC heap after
{Heap after GC invocations=23 (full 0):
 garbage-first heap   total 187392K, used 90565K [0x0000000080000000, 0x0000000100000000)
  region size 1024K, 10 young (10240K), 10 survivors (10240K)
 Metaspace       used 114405K, capacity 117039K, committed 117496K, reserved 1150976K
  class space    used 14806K, capacity 15745K, committed 15896K, reserved 1048576K
}
Event: 17.788 GC heap before
{Heap before GC invocations=24 (full 0):
 garbage-first heap   total 187392K, used 153029K [0x0000000080000000, 0x0000000100000000)
  region size 1024K, 71 young (72704K), 10 survivors (10240K)
 Metaspace       used 117938K, capacity 120619K, committed 121080K, reserved 1155072K
  class space    used 15256K, capacity 16210K, committed 16408K, reserved 1048576K
}
Event: 17.798 GC heap after
{Heap after GC invocations=25 (full 0):
 garbage-first heap   total 187392K, used 101094K [0x0000000080000000, 0x0000000100000000)
  region size 1024K, 9 young (9216K), 9 survivors (9216K)
 Metaspace       used 117938K, capacity 120619K, committed 121080K, reserved 1155072K
  class space    used 15256K, capacity 16210K, committed 16408K, reserved 1048576K
}
Event: 18.116 GC heap before
{Heap before GC invocations=25 (full 0):
 garbage-first heap   total 187392K, used 132838K [0x0000000080000000, 0x0000000100000000)
  region size 1024K, 42 young (43008K), 9 survivors (9216K)
 Metaspace       used 120451K, capacity 123125K, committed 123640K, reserved 1157120K
  class space    used 15512K, capacity 16469K, committed 16664K, reserved 1048576K
}
Event: 18.121 GC heap after
{Heap after GC invocations=26 (full 0):
 garbage-first heap   total 187392K, used 97531K [0x0000000080000000, 0x0000000100000000)
  region size 1024K, 3 young (3072K), 3 survivors (3072K)
 Metaspace       used 120451K, capacity 123125K, committed 123640K, reserved 1157120K
  class space    used 15512K, capacity 16469K, committed 16664K, reserved 1048576K
}
Event: 19.114 GC heap before
{Heap before GC invocations=27 (full 0):
 garbage-first heap   total 187392K, used 154875K [0x0000000080000000, 0x0000000100000000)
  region size 1024K, 57 young (58368K), 3 survivors (3072K)
 Metaspace       used 127482K, capacity 130204K, committed 130552K, reserved 1163264K
  class space    used 16054K, capacity 17018K, committed 17176K, reserved 1048576K
}
Event: 19.120 GC heap after
{Heap after GC invocations=28 (full 0):
 garbage-first heap   total 187392K, used 97585K [0x0000000080000000, 0x0000000100000000)
  region size 1024K, 5 young (5120K), 5 survivors (5120K)
 Metaspace       used 127482K, capacity 130204K, committed 130552K, reserved 1163264K
  class space    used 16054K, capacity 17018K, committed 17176K, reserved 1048576K
}
Event: 19.404 GC heap before
{Heap before GC invocations=28 (full 0):
 garbage-first heap   total 187392K, used 151857K [0x0000000080000000, 0x0000000100000000)
  region size 1024K, 59 young (60416K), 5 survivors (5120K)
 Metaspace       used 127946K, capacity 130714K, committed 131064K, reserved 1163264K
  class space    used 16118K, capacity 17102K, committed 17176K, reserved 1048576K
}
Event: 19.412 GC heap after
{Heap after GC invocations=29 (full 0):
 garbage-first heap   total 187392K, used 104655K [0x0000000080000000, 0x0000000100000000)
  region size 1024K, 8 young (8192K), 8 survivors (8192K)
 Metaspace       used 127946K, capacity 130714K, committed 131064K, reserved 1163264K
  class space    used 16118K, capacity 17102K, committed 17176K, reserved 1048576K
}

Deoptimization events (20 events):
Event: 18.696 Thread 0x0000022a3e61a000 DEOPT PACKING pc=0x0000022a2d03745c sp=0x0000002f6b2f9c60
Event: 18.696 Thread 0x0000022a3e61a000 DEOPT UNPACKING pc=0x0000022a24ea822f sp=0x0000002f6b2f9c08 mode 2
Event: 19.010 Thread 0x0000022a3e61a000 DEOPT PACKING pc=0x0000022a25ec0624 sp=0x0000002f6b2fc550
Event: 19.011 Thread 0x0000022a3e61a000 DEOPT UNPACKING pc=0x0000022a24ec8ade sp=0x0000002f6b2fba98 mode 0
Event: 19.016 Thread 0x0000022a3e61a000 DEOPT PACKING pc=0x0000022a25ec0624 sp=0x0000002f6b2fe5d0
Event: 19.016 Thread 0x0000022a3e61a000 DEOPT UNPACKING pc=0x0000022a24ec8ade sp=0x0000002f6b2fdb18 mode 0
Event: 19.189 Thread 0x0000022a3e617000 Uncommon trap: trap_request=0xffffff4d fr.pc=0x0000022a2ce02c00 relative=0x00000000000003a0
Event: 19.189 Thread 0x0000022a3e617000 Uncommon trap: reason=unstable_if action=reinterpret pc=0x0000022a2ce02c00 method=java.io.WinNTFileSystem.prefixLength(Ljava/lang/String;)I @ 11 c2
Event: 19.189 Thread 0x0000022a3e617000 DEOPT PACKING pc=0x0000022a2ce02c00 sp=0x0000002f6b1fca10
Event: 19.189 Thread 0x0000022a3e617000 DEOPT UNPACKING pc=0x0000022a24ea822f sp=0x0000002f6b1fc960 mode 2
Event: 19.221 Thread 0x0000022a3e4da800 DEOPT PACKING pc=0x0000022a25fa0596 sp=0x0000002f644fe4d0
Event: 19.221 Thread 0x0000022a3e4da800 DEOPT UNPACKING pc=0x0000022a24ec8ade sp=0x0000002f644fd8e8 mode 0
Event: 19.261 Thread 0x0000022a3e61a000 Uncommon trap: trap_request=0xffffff4d fr.pc=0x0000022a2cee1b90 relative=0x00000000000006b0
Event: 19.261 Thread 0x0000022a3e61a000 Uncommon trap: reason=unstable_if action=reinterpret pc=0x0000022a2cee1b90 method=sun.nio.fs.WindowsException.translateToIOException(Ljava/lang/String;Ljava/lang/String;)Ljava/io/IOException; @ 24 c2
Event: 19.261 Thread 0x0000022a3e61a000 DEOPT PACKING pc=0x0000022a2cee1b90 sp=0x0000002f6b2fbf30
Event: 19.261 Thread 0x0000022a3e61a000 DEOPT UNPACKING pc=0x0000022a24ea822f sp=0x0000002f6b2fbe78 mode 2
Event: 19.261 Thread 0x0000022a3e61a000 Uncommon trap: trap_request=0xffffff4d fr.pc=0x0000022a2cefd05c relative=0x000000000000067c
Event: 19.261 Thread 0x0000022a3e61a000 Uncommon trap: reason=unstable_if action=reinterpret pc=0x0000022a2cefd05c method=sun.nio.fs.WindowsException.translateToIOException(Ljava/lang/String;Ljava/lang/String;)Ljava/io/IOException; @ 24 c2
Event: 19.261 Thread 0x0000022a3e61a000 DEOPT PACKING pc=0x0000022a2cefd05c sp=0x0000002f6b2fbeb0
Event: 19.261 Thread 0x0000022a3e61a000 DEOPT UNPACKING pc=0x0000022a24ea822f sp=0x0000002f6b2fbd90 mode 2

Classes redefined (0 events):
No events

Internal exceptions (20 events):
Event: 19.261 Thread 0x0000022a3e61a000 Exception <a 'sun/nio/fs/WindowsException'{0x000000008a244328}> (0x000000008a244328) thrown at [./src/hotspot/share/prims/jni.cpp, line 615]
Event: 19.261 Thread 0x0000022a3e61a000 Exception <a 'sun/nio/fs/WindowsException'{0x000000008a244cd8}> (0x000000008a244cd8) thrown at [./src/hotspot/share/prims/jni.cpp, line 615]
Event: 19.319 Thread 0x0000022a3e61a000 Exception <a 'sun/nio/fs/WindowsException'{0x000000008a063618}> (0x000000008a063618) thrown at [./src/hotspot/share/prims/jni.cpp, line 615]
Event: 19.319 Thread 0x0000022a3e61a000 Exception <a 'sun/nio/fs/WindowsException'{0x000000008a0641c8}> (0x000000008a0641c8) thrown at [./src/hotspot/share/prims/jni.cpp, line 615]
Event: 19.320 Thread 0x0000022a3e61a000 Exception <a 'sun/nio/fs/WindowsException'{0x000000008a064558}> (0x000000008a064558) thrown at [./src/hotspot/share/prims/jni.cpp, line 615]
Event: 19.320 Thread 0x0000022a3e61a000 Exception <a 'sun/nio/fs/WindowsException'{0x000000008a065130}> (0x000000008a065130) thrown at [./src/hotspot/share/prims/jni.cpp, line 615]
Event: 19.320 Thread 0x0000022a3e61a000 Exception <a 'sun/nio/fs/WindowsException'{0x000000008a0653d0}> (0x000000008a0653d0) thrown at [./src/hotspot/share/prims/jni.cpp, line 615]
Event: 19.320 Thread 0x0000022a3e61a000 Exception <a 'sun/nio/fs/WindowsException'{0x000000008a065f88}> (0x000000008a065f88) thrown at [./src/hotspot/share/prims/jni.cpp, line 615]
Event: 19.320 Thread 0x0000022a3e61a000 Exception <a 'sun/nio/fs/WindowsException'{0x000000008a066208}> (0x000000008a066208) thrown at [./src/hotspot/share/prims/jni.cpp, line 615]
Event: 19.320 Thread 0x0000022a3e61a000 Exception <a 'sun/nio/fs/WindowsException'{0x000000008a066db0}> (0x000000008a066db0) thrown at [./src/hotspot/share/prims/jni.cpp, line 615]
Event: 19.320 Thread 0x0000022a3e61a000 Exception <a 'sun/nio/fs/WindowsException'{0x000000008a067030}> (0x000000008a067030) thrown at [./src/hotspot/share/prims/jni.cpp, line 615]
Event: 19.320 Thread 0x0000022a3e61a000 Exception <a 'sun/nio/fs/WindowsException'{0x000000008a067bd8}> (0x000000008a067bd8) thrown at [./src/hotspot/share/prims/jni.cpp, line 615]
Event: 19.326 Thread 0x0000022a3e61a000 Exception <a 'sun/nio/fs/WindowsException'{0x000000008a0b5940}> (0x000000008a0b5940) thrown at [./src/hotspot/share/prims/jni.cpp, line 615]
Event: 19.353 Thread 0x0000022a3e61a000 Exception <a 'java/lang/NoSuchMethodError'{0x0000000089f8ad30}: 'void java.lang.invoke.DirectMethodHandle$Holder.invokeSpecial(java.lang.Object, java.lang.Object, int)'> (0x0000000089f8ad30) thrown at [./src/hotspot/share/interpreter/linkResolver.cpp, line 773]
Event: 19.355 Thread 0x0000022a3e61a000 Exception <a 'sun/nio/fs/WindowsException'{0x0000000089f96a78}> (0x0000000089f96a78) thrown at [./src/hotspot/share/prims/jni.cpp, line 615]
Event: 19.358 Thread 0x0000022a3e61a000 Exception <a 'sun/nio/fs/WindowsException'{0x0000000089fb2f60}> (0x0000000089fb2f60) thrown at [./src/hotspot/share/prims/jni.cpp, line 615]
Event: 19.358 Thread 0x0000022a3e61a000 Exception <a 'sun/nio/fs/WindowsException'{0x0000000089fb3038}> (0x0000000089fb3038) thrown at [./src/hotspot/share/prims/jni.cpp, line 615]
Event: 19.359 Thread 0x0000022a3e61a000 Exception <a 'sun/nio/fs/WindowsException'{0x0000000089fb3110}> (0x0000000089fb3110) thrown at [./src/hotspot/share/prims/jni.cpp, line 615]
Event: 19.359 Thread 0x0000022a3e61a000 Exception <a 'sun/nio/fs/WindowsException'{0x0000000089fb31f8}> (0x0000000089fb31f8) thrown at [./src/hotspot/share/prims/jni.cpp, line 615]
Event: 19.359 Thread 0x0000022a3e61a000 Exception <a 'sun/nio/fs/WindowsException'{0x0000000089fb3640}> (0x0000000089fb3640) thrown at [./src/hotspot/share/prims/jni.cpp, line 615]

Events (20 events):
Event: 19.367 loading class com/android/tools/r8/origin/ArchiveEntryOrigin
Event: 19.367 loading class com/android/tools/r8/origin/ArchiveEntryOrigin done
Event: 19.367 loading class com/android/tools/r8/ArchiveProgramResourceProvider
Event: 19.367 loading class com/android/tools/r8/ArchiveProgramResourceProvider done
Event: 19.367 loading class com/android/tools/r8/ArchiveProgramResourceProvider$a
Event: 19.367 loading class com/android/tools/r8/ArchiveProgramResourceProvider$a done
Event: 19.368 loading class com/android/tools/r8/utils/b0
Event: 19.368 loading class com/android/tools/r8/utils/b0 done
Event: 19.370 loading class com/android/tools/r8/utils/w1
Event: 19.370 loading class com/android/tools/r8/utils/w1 done
Event: 19.371 loading class com/android/tools/r8/q/a/a/d/g
Event: 19.371 loading class com/android/tools/r8/q/a/a/d/g done
Event: 19.372 loading class com/android/tools/r8/q/a/a/d/f
Event: 19.372 loading class com/android/tools/r8/q/a/a/d/f done
Event: 19.372 loading class com/android/tools/r8/ProgramResource
Event: 19.372 loading class com/android/tools/r8/ProgramResource done
Event: 19.373 loading class com/android/tools/r8/ProgramResource$ByteResource
Event: 19.373 loading class com/android/tools/r8/ProgramResource$ByteResource done
Event: 19.404 Executing VM operation: G1CollectForAllocation
Event: 19.412 Executing VM operation: G1CollectForAllocation done


Dynamic libraries:
0x00007ff726470000 - 0x00007ff72647a000 	D:\Program Files\Android\jre\bin\java.exe
0x00007ffd67be0000 - 0x00007ffd67dd0000 	C:\Windows\SYSTEM32\ntdll.dll
0x00007ffd670d0000 - 0x00007ffd67182000 	C:\Windows\System32\KERNEL32.DLL
0x00007ffd65500000 - 0x00007ffd657a3000 	C:\Windows\System32\KERNELBASE.dll
0x00007ffd65a30000 - 0x00007ffd65b2a000 	C:\Windows\System32\ucrtbase.dll
0x00007ffd5c910000 - 0x00007ffd5c929000 	D:\Program Files\Android\jre\bin\jli.dll
0x00007ffd54210000 - 0x00007ffd54227000 	D:\Program Files\Android\jre\bin\VCRUNTIME140.dll
0x00007ffd67430000 - 0x00007ffd675c4000 	C:\Windows\System32\USER32.dll
0x00007ffd51f40000 - 0x00007ffd521c5000 	C:\Windows\WinSxS\amd64_microsoft.windows.common-controls_6595b64144ccf1df_6.0.18362.535_none_e6c3b34713100821\COMCTL32.dll
0x00007ffd65480000 - 0x00007ffd654a1000 	C:\Windows\System32\win32u.dll
0x00007ffd67030000 - 0x00007ffd670ce000 	C:\Windows\System32\msvcrt.dll
0x00007ffd663f0000 - 0x00007ffd66416000 	C:\Windows\System32\GDI32.dll
0x00007ffd675d0000 - 0x00007ffd67906000 	C:\Windows\System32\combase.dll
0x00007ffd65b30000 - 0x00007ffd65cc4000 	C:\Windows\System32\gdi32full.dll
0x00007ffd67310000 - 0x00007ffd67430000 	C:\Windows\System32\RPCRT4.dll
0x00007ffd64bb0000 - 0x00007ffd64c4e000 	C:\Windows\System32\msvcp_win.dll
0x00007ffd65900000 - 0x00007ffd65980000 	C:\Windows\System32\bcryptPrimitives.dll
0x00007ffd663c0000 - 0x00007ffd663ee000 	C:\Windows\System32\IMM32.DLL
0x00007ffd54170000 - 0x00007ffd5420d000 	D:\Program Files\Android\jre\bin\msvcp140.dll
0x00007ffd21c60000 - 0x00007ffd2271c000 	D:\Program Files\Android\jre\bin\server\jvm.dll
0x00007ffd67910000 - 0x00007ffd679b3000 	C:\Windows\System32\ADVAPI32.dll
0x00007ffd67270000 - 0x00007ffd67307000 	C:\Windows\System32\sechost.dll
0x00007ffd66700000 - 0x00007ffd66708000 	C:\Windows\System32\PSAPI.DLL
0x00007ffd626c0000 - 0x00007ffd626e4000 	C:\Windows\SYSTEM32\WINMM.dll
0x00007ffd61170000 - 0x00007ffd61179000 	C:\Windows\SYSTEM32\WSOCK32.dll
0x00007ffd62690000 - 0x00007ffd626bd000 	C:\Windows\SYSTEM32\winmmbase.dll
0x00007ffd5e980000 - 0x00007ffd5e98a000 	C:\Windows\SYSTEM32\VERSION.dll
0x00007ffd67b70000 - 0x00007ffd67bdf000 	C:\Windows\System32\WS2_32.dll
0x00007ffd654b0000 - 0x00007ffd654fa000 	C:\Windows\System32\cfgmgr32.dll
0x00007ffd64b00000 - 0x00007ffd64b11000 	C:\Windows\System32\kernel.appcore.dll
0x00007ffd61150000 - 0x00007ffd61161000 	D:\Program Files\Android\jre\bin\verify.dll
0x00007ffd63410000 - 0x00007ffd63604000 	C:\Windows\SYSTEM32\DBGHELP.DLL
0x00007ffd377f0000 - 0x00007ffd3781a000 	C:\Windows\SYSTEM32\dbgcore.DLL
0x00007ffd61120000 - 0x00007ffd61149000 	D:\Program Files\Android\jre\bin\java.dll
0x00007ffd61110000 - 0x00007ffd6111b000 	D:\Program Files\Android\jre\bin\jimage.dll
0x00007ffd60490000 - 0x00007ffd604a8000 	D:\Program Files\Android\jre\bin\zip.dll
0x00007ffd65cd0000 - 0x00007ffd663b5000 	C:\Windows\System32\SHELL32.dll
0x00007ffd66420000 - 0x00007ffd664c9000 	C:\Windows\System32\shcore.dll
0x00007ffd64c80000 - 0x00007ffd653ff000 	C:\Windows\System32\windows.storage.dll
0x00007ffd64b20000 - 0x00007ffd64b3f000 	C:\Windows\System32\profapi.dll
0x00007ffd64b60000 - 0x00007ffd64baa000 	C:\Windows\System32\powrprof.dll
0x00007ffd64af0000 - 0x00007ffd64b00000 	C:\Windows\System32\UMPDC.dll
0x00007ffd66dd0000 - 0x00007ffd66e22000 	C:\Windows\System32\shlwapi.dll
0x00007ffd65460000 - 0x00007ffd65477000 	C:\Windows\System32\cryptsp.dll
0x00007ffd60470000 - 0x00007ffd6048a000 	D:\Program Files\Android\jre\bin\net.dll
0x00007ffd57050000 - 0x00007ffd57140000 	C:\Windows\SYSTEM32\WINHTTP.dll
0x00007ffd64360000 - 0x00007ffd643c7000 	C:\Windows\system32\mswsock.dll
0x00007ffd60110000 - 0x00007ffd60124000 	D:\Program Files\Android\jre\bin\nio.dll
0x00007ffd4b270000 - 0x00007ffd4b297000 	C:\Users\asus\.gradle\native\f6784746aeab05261644944871eae4fe03e0ef1612fff0a4a95f87b438bc6780\windows-amd64\native-platform.dll
0x00007ffd61100000 - 0x00007ffd6110a000 	D:\Program Files\Android\jre\bin\management.dll
0x00007ffd610c0000 - 0x00007ffd610cc000 	D:\Program Files\Android\jre\bin\management_ext.dll
0x00007ffd63ed0000 - 0x00007ffd63f03000 	C:\Windows\system32\rsaenh.dll
0x00007ffd64c50000 - 0x00007ffd64c76000 	C:\Windows\System32\bcrypt.dll
0x00007ffd649e0000 - 0x00007ffd64a05000 	C:\Windows\SYSTEM32\USERENV.dll
0x00007ffd64530000 - 0x00007ffd6453c000 	C:\Windows\SYSTEM32\CRYPTBASE.dll
0x00007ffd64070000 - 0x00007ffd640aa000 	C:\Windows\SYSTEM32\IPHLPAPI.DLL
0x00007ffd67190000 - 0x00007ffd67198000 	C:\Windows\System32\NSI.dll
0x00007ffd5aa00000 - 0x00007ffd5aa16000 	C:\Windows\SYSTEM32\dhcpcsvc6.DLL
0x00007ffd5c5f0000 - 0x00007ffd5c60c000 	C:\Windows\SYSTEM32\dhcpcsvc.DLL
0x00007ffd640b0000 - 0x00007ffd6417a000 	C:\Windows\SYSTEM32\DNSAPI.dll
0x00007ffd5c900000 - 0x00007ffd5c90b000 	C:\Windows\SYSTEM32\WINNSI.DLL

dbghelp: loaded successfully - version: 4.0.5 - missing functions: none
symbol engine: initialized successfully - sym options: 0x614 - pdb path: .;D:\Program Files\Android\jre\bin;C:\Windows\SYSTEM32;C:\Windows\WinSxS\amd64_microsoft.windows.common-controls_6595b64144ccf1df_6.0.18362.535_none_e6c3b34713100821;D:\Program Files\Android\jre\bin\server;C:\Users\asus\.gradle\native\f6784746aeab05261644944871eae4fe03e0ef1612fff0a4a95f87b438bc6780\windows-amd64

VM Arguments:
jvm_args: --add-opens=java.base/java.util=ALL-UNNAMED --add-opens=java.base/java.lang=ALL-UNNAMED --add-opens=java.base/java.lang.invoke=ALL-UNNAMED --add-opens=java.prefs/java.util.prefs=ALL-UNNAMED -Xmx2048m -Dfile.encoding=UTF-8 -Duser.country=RU -Duser.language=ru -Duser.variant 
java_command: org.gradle.launcher.daemon.bootstrap.GradleDaemon 6.5
java_class_path (initial): C:\Users\asus\.gradle\wrapper\dists\gradle-6.5-bin\6nifqtx7604sqp1q6g8wikw7p\gradle-6.5\lib\gradle-launcher-6.5.jar
Launcher Type: SUN_STANDARD

[Global flags]
     intx CICompilerCount                          = 4                                         {product} {ergonomic}
     uint ConcGCThreads                            = 2                                         {product} {ergonomic}
     uint G1ConcRefinementThreads                  = 8                                         {product} {ergonomic}
   size_t G1HeapRegionSize                         = 1048576                                   {product} {ergonomic}
    uintx GCDrainStackTargetSize                   = 64                                        {product} {ergonomic}
   size_t InitialHeapSize                          = 132120576                                 {product} {ergonomic}
   size_t MarkStackSize                            = 4194304                                   {product} {ergonomic}
   size_t MaxHeapSize                              = 2147483648                                {product} {command line}
   size_t MaxNewSize                               = 1287651328                                {product} {ergonomic}
   size_t MinHeapDeltaBytes                        = 1048576                                   {product} {ergonomic}
    uintx NonNMethodCodeHeapSize                   = 5836300                                {pd product} {ergonomic}
    uintx NonProfiledCodeHeapSize                  = 122910970                              {pd product} {ergonomic}
    uintx ProfiledCodeHeapSize                     = 122910970                              {pd product} {ergonomic}
    uintx ReservedCodeCacheSize                    = 251658240                              {pd product} {ergonomic}
     bool SegmentedCodeCache                       = true                                      {product} {ergonomic}
     bool UseCompressedClassPointers               = true                                 {lp64_product} {ergonomic}
     bool UseCompressedOops                        = true                                 {lp64_product} {ergonomic}
     bool UseG1GC                                  = true                                      {product} {ergonomic}
     bool UseLargePagesIndividualAllocation        = false                                  {pd product} {ergonomic}

Logging:
Log output configuration:
 #0: stdout all=warning uptime,level,tags
 #1: stderr all=off uptime,level,tags

Environment Variables:
JAVA_HOME=D:\Program Files\Java
PATH=C:\PROGRA~2\Borland\CBUILD~1\Bin;C:\PROGRA~2\Borland\CBUILD~1\Projects\Bpl;C:\Program Files\Common Files\Oracle\Java\javapath;C:\Windows\system32;C:\Windows;C:\Windows\System32\Wbem;C:\Windows\System32\WindowsPowerShell\v1.0\;C:\Program Files (x86)\NVIDIA Corporation\PhysX\Common;C:\Program Files\NVIDIA Corporation\NVIDIA NvDLISR;C:\Program Files\Microsoft\Web Platform Installer\;C:\Program Files (x86)\Microsoft ASP.NET\ASP.NET Web Pages\v1.0\;C:\Program Files\Microsoft SQL Server\110\Tools\Binn\;C:\Program Files\Git\cmd;C:\Users\asus\AppData\Local\Microsoft\WindowsApps;;D:\Program Files\JetBrains\IntelliJ IDEA Community Edition 2020.3\bin;
USERNAME=asus
OS=Windows_NT
PROCESSOR_IDENTIFIER=Intel64 Family 6 Model 126 Stepping 5, GenuineIntel



---------------  S Y S T E M  ---------------

OS: Windows 10 , 64 bit Build 18362 (10.0.18362.329)
OS uptime: 0 days 3:14 hours

CPU:total 8 (initial active 8) (4 cores per cpu, 2 threads per core) family 6 model 126 stepping 5, cmov, cx8, fxsr, mmx, sse, sse2, sse3, ssse3, sse4.1, sse4.2, popcnt, avx, avx2, aes, clmul, erms, 3dnowpref, lzcnt, ht, tsc, tscinvbit, bmi1, bmi2, adx, evex, sha, fma

Memory: 4k page, system-wide physical 7997M (880M free)
TotalPageFile size 7997M (AvailPageFile size 9M)
current process WorkingSet (physical memory assigned to process): 518M, peak: 521M
current process commit charge ("private bytes"): 561M, peak: 566M

vm_info: OpenJDK 64-Bit Server VM (11.0.8+10-b944.6842174) for windows-amd64 JRE (11.0.8+10-b944.6842174), built on Sep 19 2020 01:11:42 by "builder" with MS VC++ 14.0 (VS2015)

END.
