#
# There is insufficient memory for the Java Runtime Environment to continue.
# Native memory allocation (mmap) failed to map 38797312 bytes for Failed to commit area from 0x000000008b700000 to 0x000000008dc00000 of length 38797312.
# Possible reasons:
#   The system is out of physical RAM or swap space
#   The process is running with CompressedOops enabled, and the Java Heap may be blocking the growth of the native heap
# Possible solutions:
#   Reduce memory load on the system
#   Increase physical memory or swap space
#   Check if swap backing store is full
#   Decrease Java heap size (-Xmx/-Xms)
#   Decrease number of Java threads
#   Decrease Java thread stack sizes (-Xss)
#   Set larger code cache with -XX:ReservedCodeCacheSize=
#   JVM is running with Unscaled Compressed Oops mode in which the Java heap is
#     placed in the first 4GB address space. The Java Heap base address is the
#     maximum limit for the native heap growth. Please use -XX:HeapBaseMinAddress
#     to set the Java Heap base and to place the Java Heap above 4GB virtual address.
# This output file may be truncated or incomplete.
#
#  Out of Memory Error (./src/hotspot/os/windows/os_windows.cpp:3303), pid=5808, tid=8824
#
# JRE version: OpenJDK Runtime Environment (11.0.8+10) (build 11.0.8+10-b944.6842174)
# Java VM: OpenJDK 64-Bit Server VM (11.0.8+10-b944.6842174, mixed mode, tiered, compressed oops, g1 gc, windows-amd64)
# No core dump will be written. Minidumps are not enabled by default on client versions of Windows
#

---------------  S U M M A R Y ------------

Command Line: --add-opens=java.base/java.util=ALL-UNNAMED --add-opens=java.base/java.lang=ALL-UNNAMED --add-opens=java.base/java.lang.invoke=ALL-UNNAMED --add-opens=java.prefs/java.util.prefs=ALL-UNNAMED -Xmx2048m -Dfile.encoding=UTF-8 -Duser.country=RU -Duser.language=ru -Duser.variant org.gradle.launcher.daemon.bootstrap.GradleDaemon 6.5

Host: Intel(R) Core(TM) i7-1065G7 CPU @ 1.30GHz, 8 cores, 7G,  Windows 10 , 64 bit Build 18362 (10.0.18362.329)
Time: Sun May 30 08:32:05 2021 Caiaaiay Acey (ceia) elapsed time: 13 seconds (0d 0h 0m 13s)

---------------  T H R E A D  ---------------

Current thread (0x000001c2d2f44000):  VMThread "VM Thread" [stack: 0x000000c152d00000,0x000000c152e00000] [id=8824]

Stack: [0x000000c152d00000,0x000000c152e00000]
[error occurred during error reporting (printing stack bounds), id 0xc0000005, EXCEPTION_ACCESS_VIOLATION (0xc0000005) at pc=0x000001c2bc5a0f67]

Native frames: (J=compiled Java code, j=interpreted, Vv=VM code, C=native code)
V  [jvm.dll+0x5de50a]
V  [jvm.dll+0x7122f5]
V  [jvm.dll+0x71384d]
V  [jvm.dll+0x713e65]
V  [jvm.dll+0x713e1b]
V  [jvm.dll+0x5dd958]
V  [jvm.dll+0x5de0f8]
C  [ntdll.dll+0xa11ff]
C  [ntdll.dll+0x6a289]
C  [ntdll.dll+0x9fe6e]
C  0x000001c2bc5a0f67

VM_Operation (0x000000c15c0fb390): G1CollectForAllocation, mode: safepoint, requested by thread 0x000001c2d8329000


---------------  P R O C E S S  ---------------

Threads class SMR info:
_java_thread_list=0x000001c2d9bce130, length=168, elements={
0x000001c2b8c30000, 0x000001c2d2f47800, 0x000001c2d3759800, 0x000001c2d3769000,
0x000001c2d376b000, 0x000001c2d376e000, 0x000001c2d37b4800, 0x000001c2d37b7800,
0x000001c2d391e800, 0x000001c2d393d800, 0x000001c2d466f000, 0x000001c2d4d00800,
0x000001c2d5346000, 0x000001c2d57bc000, 0x000001c2d5ac7800, 0x000001c2d511f000,
0x000001c2d511f800, 0x000001c2d5a75000, 0x000001c2d541a800, 0x000001c2d49a4800,
0x000001c2d58ae800, 0x000001c2d58ad800, 0x000001c2d58aa000, 0x000001c2d58ac800,
0x000001c2d58b0800, 0x000001c2d58b0000, 0x000001c2d58ab000, 0x000001c2d58af000,
0x000001c2d58ac000, 0x000001c2da6f0000, 0x000001c2da6f0800, 0x000001c2da6ee000,
0x000001c2da6f3000, 0x000001c2da6f1800, 0x000001c2da6ed800, 0x000001c2da6f4800,
0x000001c2da6f4000, 0x000001c2da6ef000, 0x000001c2da6f9800, 0x000001c2da6fa800,
0x000001c2da6f6800, 0x000001c2da6f7000, 0x000001c2da6fb000, 0x000001c2da6f5800,
0x000001c2da6fc000, 0x000001c2da6f8000, 0x000001c2da6f9000, 0x000001c2d5e94000,
0x000001c2d5e96000, 0x000001c2d5e97000, 0x000001c2d5e92000, 0x000001c2d5e94800,
0x000001c2d5e95800, 0x000001c2d5e91800, 0x000001c2d5e98000, 0x000001c2d5e93000,
0x000001c2d5e9d000, 0x000001c2d5e98800, 0x000001c2d5e99800, 0x000001c2d5e9f000,
0x000001c2d5e9a800, 0x000001c2d5e9c000, 0x000001c2d5e9b000, 0x000001c2d5e9d800,
0x000001c2d5e9e800, 0x000001c2d5ea0000, 0x000001c2da98a800, 0x000001c2da987000,
0x000001c2da98b000, 0x000001c2da988000, 0x000001c2da98c000, 0x000001c2da986000,
0x000001c2da98d000, 0x000001c2da98d800, 0x000001c2da98e800, 0x000001c2da988800,
0x000001c2da98f000, 0x000001c2da989800, 0x000001c2da990000, 0x000001c2da993800,
0x000001c2da991000, 0x000001c2da991800, 0x000001c2da994000, 0x000001c2da992800,
0x000001c2da995000, 0x000001c2d7c0a000, 0x000001c2d7c08800, 0x000001c2d7c09000,
0x000001c2d7c07800, 0x000001c2d7c0b800, 0x000001c2d7c0f800, 0x000001c2d7c0c800,
0x000001c2d7c0d800, 0x000001c2d7c0e000, 0x000001c2d7c10800, 0x000001c2d7c0b000,
0x000001c2d7c12000, 0x000001c2d7c0f000, 0x000001c2d7c15800, 0x000001c2d7c14800,
0x000001c2d7c13000, 0x000001c2d7c14000, 0x000001c2d7c16000, 0x000001c2d7c11800,
0x000001c2d7b94800, 0x000001c2d7b99800, 0x000001c2d7b98800, 0x000001c2d7b97000,
0x000001c2d7b97800, 0x000001c2d7b9a000, 0x000001c2d7b9b000, 0x000001c2d7b95800,
0x000001c2d7b9c000, 0x000001c2d7b96000, 0x000001c2d7ba1800, 0x000001c2d7b9c800,
0x000001c2d7ba0000, 0x000001c2d7b9e000, 0x000001c2d7ba0800, 0x000001c2d7ba2800,
0x000001c2d7b9f000, 0x000001c2d7ba3000, 0x000001c2d7b9d800, 0x000001c2d8324800,
0x000001c2d831e800, 0x000001c2d8325000, 0x000001c2d831f800, 0x000001c2d8322800,
0x000001c2d8326000, 0x000001c2d8323800, 0x000001c2d8322000, 0x000001c2d8320000,
0x000001c2d8326800, 0x000001c2d8321000, 0x000001c2d8329000, 0x000001c2d832c800,
0x000001c2d832b000, 0x000001c2d832a000, 0x000001c2d832d800, 0x000001c2d8327800,
0x000001c2d8328800, 0x000001c2d832b800, 0x000001c2dd112000, 0x000001c2dd10f000,
0x000001c2dd110800, 0x000001c2dd10e000, 0x000001c2dd111800, 0x000001c2dd10d800,
0x000001c2dd10c800, 0x000001c2d3b4e800, 0x000001c2d5de3800, 0x000001c2dd115800,
0x000001c2dd114000, 0x000001c2dd113000, 0x000001c2dd10f800, 0x000001c2dd118800,
0x000001c2dd119800, 0x000001c2dd118000, 0x000001c2dd11a800, 0x000001c2dd114800,
0x000001c2dd11b000, 0x000001c2dd116000, 0x000001c2dd117000, 0x000001c2d9cc2000,
0x000001c2d9cc4000, 0x000001c2d9cc4800, 0x000001c2d9cbf000, 0x000001c2d9cbf800
}

Java Threads: ( => current thread )
  0x000001c2b8c30000 JavaThread "main" [_thread_blocked, id=2628, stack(0x000000c152700000,0x000000c152800000)]
  0x000001c2d2f47800 JavaThread "Reference Handler" daemon [_thread_blocked, id=6232, stack(0x000000c152e00000,0x000000c152f00000)]
  0x000001c2d3759800 JavaThread "Finalizer" daemon [_thread_blocked, id=4276, stack(0x000000c152f00000,0x000000c153000000)]
  0x000001c2d3769000 JavaThread "Signal Dispatcher" daemon [_thread_blocked, id=7388, stack(0x000000c153000000,0x000000c153100000)]
  0x000001c2d376b000 JavaThread "Attach Listener" daemon [_thread_blocked, id=1304, stack(0x000000c153100000,0x000000c153200000)]
  0x000001c2d376e000 JavaThread "C2 CompilerThread0" daemon [_thread_blocked, id=3428, stack(0x000000c153200000,0x000000c153300000)]
  0x000001c2d37b4800 JavaThread "C1 CompilerThread0" daemon [_thread_blocked, id=1196, stack(0x000000c153300000,0x000000c153400000)]
  0x000001c2d37b7800 JavaThread "Sweeper thread" daemon [_thread_blocked, id=7752, stack(0x000000c153400000,0x000000c153500000)]
  0x000001c2d391e800 JavaThread "Common-Cleaner" daemon [_thread_blocked, id=8532, stack(0x000000c153500000,0x000000c153600000)]
  0x000001c2d393d800 JavaThread "Service Thread" daemon [_thread_blocked, id=8840, stack(0x000000c153600000,0x000000c153700000)]
  0x000001c2d466f000 JavaThread "Daemon health stats" [_thread_blocked, id=9184, stack(0x000000c153b00000,0x000000c153c00000)]
  0x000001c2d4d00800 JavaThread "Incoming local TCP Connector on port 54865" [_thread_in_native, id=8288, stack(0x000000c153e00000,0x000000c153f00000)]
  0x000001c2d5346000 JavaThread "Daemon periodic checks" [_thread_blocked, id=8788, stack(0x000000c153f00000,0x000000c154000000)]
  0x000001c2d57bc000 JavaThread "Daemon" [_thread_blocked, id=2384, stack(0x000000c154000000,0x000000c154100000)]
  0x000001c2d5ac7800 JavaThread "Handler for socket connection from /127.0.0.1:54865 to /127.0.0.1:54866" [_thread_in_native, id=8724, stack(0x000000c154100000,0x000000c154200000)]
  0x000001c2d511f000 JavaThread "Cancel handler" [_thread_blocked, id=5852, stack(0x000000c154200000,0x000000c154300000)]
  0x000001c2d511f800 JavaThread "Daemon worker" [_thread_blocked, id=540, stack(0x000000c154300000,0x000000c154400000)]
  0x000001c2d5a75000 JavaThread "Asynchronous log dispatcher for DefaultDaemonConnection: socket connection from /127.0.0.1:54865 to /127.0.0.1:54866" [_thread_blocked, id=7544, stack(0x000000c154400000,0x000000c154500000)]
  0x000001c2d541a800 JavaThread "Stdin handler" [_thread_blocked, id=8272, stack(0x000000c154500000,0x000000c154600000)]
  0x000001c2d49a4800 JavaThread "Thread-8" [_thread_blocked, id=6364, stack(0x000000c154600000,0x000000c154700000)]
  0x000001c2d58ae800 JavaThread "Cache worker for journal cache (C:\Users\asus\.gradle\caches\journal-1)" [_thread_blocked, id=5988, stack(0x000000c154c00000,0x000000c154d00000)]
  0x000001c2d58ad800 JavaThread "File lock request listener" [_thread_in_native, id=4908, stack(0x000000c154d00000,0x000000c154e00000)]
  0x000001c2d58aa000 JavaThread "Cache worker for file hash cache (C:\Users\asus\.gradle\caches\6.5\fileHashes)" [_thread_blocked, id=5216, stack(0x000000c154e00000,0x000000c154f00000)]
  0x000001c2d58ac800 JavaThread "Cache worker for file hash cache (D:\Android projects\Puzzle15_v1\.gradle\6.5\fileHashes)" [_thread_blocked, id=8804, stack(0x000000c155000000,0x000000c155100000)]
  0x000001c2d58b0800 JavaThread "Cache worker for checksums cache (D:\Android projects\Puzzle15_v1\.gradle\checksums)" [_thread_blocked, id=1260, stack(0x000000c155100000,0x000000c155200000)]
  0x000001c2d58b0000 JavaThread "Cache worker for cache directory md-supplier (C:\Users\asus\.gradle\caches\6.5\md-supplier)" [_thread_blocked, id=8708, stack(0x000000c155200000,0x000000c155300000)]
  0x000001c2d58ab000 JavaThread "Cache worker for cache directory md-rule (C:\Users\asus\.gradle\caches\6.5\md-rule)" [_thread_blocked, id=6560, stack(0x000000c155400000,0x000000c155500000)]
  0x000001c2d58af000 JavaThread "Cache worker for execution history cache (C:\Users\asus\.gradle\caches\6.5\executionHistory)" [_thread_blocked, id=5640, stack(0x000000c155500000,0x000000c155600000)]
  0x000001c2d58ac000 JavaThread "jar transforms" [_thread_blocked, id=4140, stack(0x000000c155600000,0x000000c155700000)]
  0x000001c2da6f0000 JavaThread "Cache worker for file content cache (C:\Users\asus\.gradle\caches\6.5\fileContent)" [_thread_blocked, id=8948, stack(0x000000c155700000,0x000000c155800000)]
  0x000001c2da6f0800 JavaThread "Build operations" [_thread_blocked, id=516, stack(0x000000c155800000,0x000000c155900000)]
  0x000001c2da6ee000 JavaThread "Build operations Thread 2" [_thread_blocked, id=9112, stack(0x000000c155900000,0x000000c155a00000)]
  0x000001c2da6f3000 JavaThread "Build operations Thread 3" [_thread_blocked, id=6980, stack(0x000000c155a00000,0x000000c155b00000)]
  0x000001c2da6f1800 JavaThread "Build operations Thread 4" [_thread_blocked, id=8476, stack(0x000000c155b00000,0x000000c155c00000)]
  0x000001c2da6ed800 JavaThread "Build operations Thread 5" [_thread_blocked, id=9044, stack(0x000000c155c00000,0x000000c155d00000)]
  0x000001c2da6f4800 JavaThread "Build operations Thread 6" [_thread_blocked, id=8972, stack(0x000000c155d00000,0x000000c155e00000)]
  0x000001c2da6f4000 JavaThread "Build operations Thread 7" [_thread_blocked, id=2516, stack(0x000000c155e00000,0x000000c155f00000)]
  0x000001c2da6ef000 JavaThread "Build operations Thread 8" [_thread_blocked, id=5992, stack(0x000000c155f00000,0x000000c156000000)]
  0x000001c2da6f9800 JavaThread "jar transforms Thread 2" [_thread_blocked, id=9052, stack(0x000000c156000000,0x000000c156100000)]
  0x000001c2da6fa800 JavaThread "jar transforms Thread 3" [_thread_blocked, id=8240, stack(0x000000c156100000,0x000000c156200000)]
  0x000001c2da6f6800 JavaThread "jar transforms Thread 4" [_thread_blocked, id=8340, stack(0x000000c156200000,0x000000c156300000)]
  0x000001c2da6f7000 JavaThread "jar transforms Thread 5" [_thread_blocked, id=8468, stack(0x000000c156300000,0x000000c156400000)]
  0x000001c2da6fb000 JavaThread "jar transforms Thread 6" [_thread_blocked, id=9008, stack(0x000000c156400000,0x000000c156500000)]
  0x000001c2da6f5800 JavaThread "jar transforms Thread 7" [_thread_blocked, id=6260, stack(0x000000c156500000,0x000000c156600000)]
  0x000001c2da6fc000 JavaThread "jar transforms Thread 8" [_thread_blocked, id=7472, stack(0x000000c156600000,0x000000c156700000)]
  0x000001c2da6f8000 JavaThread "jar transforms Thread 9" [_thread_blocked, id=5544, stack(0x000000c156700000,0x000000c156800000)]
  0x000001c2da6f9000 JavaThread "jar transforms Thread 10" [_thread_blocked, id=240, stack(0x000000c156800000,0x000000c156900000)]
  0x000001c2d5e94000 JavaThread "jar transforms Thread 11" [_thread_blocked, id=7236, stack(0x000000c156900000,0x000000c156a00000)]
  0x000001c2d5e96000 JavaThread "jar transforms Thread 12" [_thread_blocked, id=4064, stack(0x000000c156a00000,0x000000c156b00000)]
  0x000001c2d5e97000 JavaThread "jar transforms Thread 13" [_thread_blocked, id=2220, stack(0x000000c156b00000,0x000000c156c00000)]
  0x000001c2d5e92000 JavaThread "jar transforms Thread 14" [_thread_blocked, id=2052, stack(0x000000c156c00000,0x000000c156d00000)]
  0x000001c2d5e94800 JavaThread "jar transforms Thread 15" [_thread_blocked, id=5360, stack(0x000000c156d00000,0x000000c156e00000)]
  0x000001c2d5e95800 JavaThread "jar transforms Thread 16" [_thread_blocked, id=8396, stack(0x000000c156e00000,0x000000c156f00000)]
  0x000001c2d5e91800 JavaThread "jar transforms Thread 17" [_thread_blocked, id=9188, stack(0x000000c156f00000,0x000000c157000000)]
  0x000001c2d5e98000 JavaThread "jar transforms Thread 18" [_thread_blocked, id=5288, stack(0x000000c157000000,0x000000c157100000)]
  0x000001c2d5e93000 JavaThread "jar transforms Thread 19" [_thread_blocked, id=9092, stack(0x000000c157100000,0x000000c157200000)]
  0x000001c2d5e9d000 JavaThread "jar transforms Thread 20" [_thread_blocked, id=6344, stack(0x000000c157200000,0x000000c157300000)]
  0x000001c2d5e98800 JavaThread "jar transforms Thread 21" [_thread_blocked, id=3132, stack(0x000000c157300000,0x000000c157400000)]
  0x000001c2d5e99800 JavaThread "jar transforms Thread 22" [_thread_blocked, id=8212, stack(0x000000c157400000,0x000000c157500000)]
  0x000001c2d5e9f000 JavaThread "jar transforms Thread 23" [_thread_blocked, id=3712, stack(0x000000c157500000,0x000000c157600000)]
  0x000001c2d5e9a800 JavaThread "jar transforms Thread 24" [_thread_blocked, id=3344, stack(0x000000c157600000,0x000000c157700000)]
  0x000001c2d5e9c000 JavaThread "jar transforms Thread 25" [_thread_blocked, id=8728, stack(0x000000c157700000,0x000000c157800000)]
  0x000001c2d5e9b000 JavaThread "jar transforms Thread 26" [_thread_blocked, id=1992, stack(0x000000c157800000,0x000000c157900000)]
  0x000001c2d5e9d800 JavaThread "jar transforms Thread 27" [_thread_blocked, id=7948, stack(0x000000c157900000,0x000000c157a00000)]
  0x000001c2d5e9e800 JavaThread "jar transforms Thread 28" [_thread_blocked, id=9164, stack(0x000000c157a00000,0x000000c157b00000)]
  0x000001c2d5ea0000 JavaThread "jar transforms Thread 29" [_thread_blocked, id=6952, stack(0x000000c157b00000,0x000000c157c00000)]
  0x000001c2da98a800 JavaThread "jar transforms Thread 30" [_thread_blocked, id=5572, stack(0x000000c157c00000,0x000000c157d00000)]
  0x000001c2da987000 JavaThread "jar transforms Thread 31" [_thread_blocked, id=8612, stack(0x000000c157d00000,0x000000c157e00000)]
  0x000001c2da98b000 JavaThread "jar transforms Thread 32" [_thread_blocked, id=5724, stack(0x000000c157e00000,0x000000c157f00000)]
  0x000001c2da988000 JavaThread "jar transforms Thread 33" [_thread_blocked, id=5892, stack(0x000000c157f00000,0x000000c158000000)]
  0x000001c2da98c000 JavaThread "jar transforms Thread 34" [_thread_blocked, id=4000, stack(0x000000c158000000,0x000000c158100000)]
  0x000001c2da986000 JavaThread "jar transforms Thread 35" [_thread_blocked, id=7928, stack(0x000000c158100000,0x000000c158200000)]
  0x000001c2da98d000 JavaThread "jar transforms Thread 36" [_thread_blocked, id=5560, stack(0x000000c158200000,0x000000c158300000)]
  0x000001c2da98d800 JavaThread "jar transforms Thread 37" [_thread_blocked, id=6860, stack(0x000000c158300000,0x000000c158400000)]
  0x000001c2da98e800 JavaThread "jar transforms Thread 38" [_thread_blocked, id=2224, stack(0x000000c158400000,0x000000c158500000)]
  0x000001c2da988800 JavaThread "jar transforms Thread 39" [_thread_blocked, id=5372, stack(0x000000c158500000,0x000000c158600000)]
  0x000001c2da98f000 JavaThread "jar transforms Thread 40" [_thread_blocked, id=8648, stack(0x000000c158600000,0x000000c158700000)]
  0x000001c2da989800 JavaThread "jar transforms Thread 41" [_thread_blocked, id=8956, stack(0x000000c158700000,0x000000c158800000)]
  0x000001c2da990000 JavaThread "jar transforms Thread 42" [_thread_blocked, id=5132, stack(0x000000c158800000,0x000000c158900000)]
  0x000001c2da993800 JavaThread "jar transforms Thread 43" [_thread_blocked, id=8656, stack(0x000000c158900000,0x000000c158a00000)]
  0x000001c2da991000 JavaThread "jar transforms Thread 44" [_thread_blocked, id=5668, stack(0x000000c158a00000,0x000000c158b00000)]
  0x000001c2da991800 JavaThread "jar transforms Thread 45" [_thread_blocked, id=5496, stack(0x000000c158b00000,0x000000c158c00000)]
  0x000001c2da994000 JavaThread "jar transforms Thread 46" [_thread_blocked, id=6948, stack(0x000000c158c00000,0x000000c158d00000)]
  0x000001c2da992800 JavaThread "jar transforms Thread 47" [_thread_blocked, id=2796, stack(0x000000c158d00000,0x000000c158e00000)]
  0x000001c2da995000 JavaThread "jar transforms Thread 48" [_thread_blocked, id=8768, stack(0x000000c158e00000,0x000000c158f00000)]
  0x000001c2d7c0a000 JavaThread "jar transforms Thread 49" [_thread_blocked, id=6392, stack(0x000000c158f00000,0x000000c159000000)]
  0x000001c2d7c08800 JavaThread "jar transforms Thread 50" [_thread_blocked, id=5232, stack(0x000000c159000000,0x000000c159100000)]
  0x000001c2d7c09000 JavaThread "jar transforms Thread 51" [_thread_blocked, id=4888, stack(0x000000c159100000,0x000000c159200000)]
  0x000001c2d7c07800 JavaThread "jar transforms Thread 52" [_thread_blocked, id=3780, stack(0x000000c159200000,0x000000c159300000)]
  0x000001c2d7c0b800 JavaThread "jar transforms Thread 53" [_thread_blocked, id=6068, stack(0x000000c159300000,0x000000c159400000)]
  0x000001c2d7c0f800 JavaThread "jar transforms Thread 54" [_thread_blocked, id=8808, stack(0x000000c159400000,0x000000c159500000)]
  0x000001c2d7c0c800 JavaThread "jar transforms Thread 55" [_thread_blocked, id=4668, stack(0x000000c159500000,0x000000c159600000)]
  0x000001c2d7c0d800 JavaThread "jar transforms Thread 56" [_thread_blocked, id=7732, stack(0x000000c159600000,0x000000c159700000)]
  0x000001c2d7c0e000 JavaThread "jar transforms Thread 57" [_thread_blocked, id=6792, stack(0x000000c159700000,0x000000c159800000)]
  0x000001c2d7c10800 JavaThread "jar transforms Thread 58" [_thread_blocked, id=5168, stack(0x000000c159800000,0x000000c159900000)]
  0x000001c2d7c0b000 JavaThread "jar transforms Thread 59" [_thread_blocked, id=3020, stack(0x000000c159900000,0x000000c159a00000)]
  0x000001c2d7c12000 JavaThread "jar transforms Thread 60" [_thread_blocked, id=3944, stack(0x000000c159a00000,0x000000c159b00000)]
  0x000001c2d7c0f000 JavaThread "jar transforms Thread 61" [_thread_blocked, id=9060, stack(0x000000c159b00000,0x000000c159c00000)]
  0x000001c2d7c15800 JavaThread "jar transforms Thread 62" [_thread_blocked, id=8372, stack(0x000000c159c00000,0x000000c159d00000)]
  0x000001c2d7c14800 JavaThread "jar transforms Thread 63" [_thread_blocked, id=5000, stack(0x000000c159d00000,0x000000c159e00000)]
  0x000001c2d7c13000 JavaThread "jar transforms Thread 64" [_thread_blocked, id=3988, stack(0x000000c159e00000,0x000000c159f00000)]
  0x000001c2d7c14000 JavaThread "jar transforms Thread 65" [_thread_blocked, id=7532, stack(0x000000c159f00000,0x000000c15a000000)]
  0x000001c2d7c16000 JavaThread "jar transforms Thread 66" [_thread_blocked, id=9024, stack(0x000000c15a000000,0x000000c15a100000)]
  0x000001c2d7c11800 JavaThread "jar transforms Thread 67" [_thread_blocked, id=3724, stack(0x000000c15a100000,0x000000c15a200000)]
  0x000001c2d7b94800 JavaThread "jar transforms Thread 68" [_thread_blocked, id=8232, stack(0x000000c15a200000,0x000000c15a300000)]
  0x000001c2d7b99800 JavaThread "jar transforms Thread 69" [_thread_blocked, id=1300, stack(0x000000c15a300000,0x000000c15a400000)]
  0x000001c2d7b98800 JavaThread "jar transforms Thread 70" [_thread_blocked, id=1596, stack(0x000000c15a400000,0x000000c15a500000)]
  0x000001c2d7b97000 JavaThread "jar transforms Thread 71" [_thread_blocked, id=4952, stack(0x000000c15a500000,0x000000c15a600000)]
  0x000001c2d7b97800 JavaThread "jar transforms Thread 72" [_thread_blocked, id=8816, stack(0x000000c15a600000,0x000000c15a700000)]
  0x000001c2d7b9a000 JavaThread "jar transforms Thread 73" [_thread_blocked, id=9020, stack(0x000000c15a700000,0x000000c15a800000)]
  0x000001c2d7b9b000 JavaThread "jar transforms Thread 74" [_thread_blocked, id=1856, stack(0x000000c15a800000,0x000000c15a900000)]
  0x000001c2d7b95800 JavaThread "jar transforms Thread 75" [_thread_blocked, id=7540, stack(0x000000c15a900000,0x000000c15aa00000)]
  0x000001c2d7b9c000 JavaThread "jar transforms Thread 76" [_thread_blocked, id=4992, stack(0x000000c15aa00000,0x000000c15ab00000)]
  0x000001c2d7b96000 JavaThread "jar transforms Thread 77" [_thread_blocked, id=3488, stack(0x000000c15ab00000,0x000000c15ac00000)]
  0x000001c2d7ba1800 JavaThread "jar transforms Thread 78" [_thread_blocked, id=1732, stack(0x000000c15ac00000,0x000000c15ad00000)]
  0x000001c2d7b9c800 JavaThread "jar transforms Thread 79" [_thread_blocked, id=3152, stack(0x000000c15ad00000,0x000000c15ae00000)]
  0x000001c2d7ba0000 JavaThread "jar transforms Thread 80" [_thread_blocked, id=8632, stack(0x000000c15ae00000,0x000000c15af00000)]
  0x000001c2d7b9e000 JavaThread "jar transforms Thread 81" [_thread_blocked, id=9076, stack(0x000000c15af00000,0x000000c15b000000)]
  0x000001c2d7ba0800 JavaThread "jar transforms Thread 82" [_thread_blocked, id=8624, stack(0x000000c15b000000,0x000000c15b100000)]
  0x000001c2d7ba2800 JavaThread "jar transforms Thread 83" [_thread_blocked, id=2028, stack(0x000000c15b100000,0x000000c15b200000)]
  0x000001c2d7b9f000 JavaThread "jar transforms Thread 84" [_thread_blocked, id=900, stack(0x000000c15b200000,0x000000c15b300000)]
  0x000001c2d7ba3000 JavaThread "jar transforms Thread 85" [_thread_blocked, id=4252, stack(0x000000c15b300000,0x000000c15b400000)]
  0x000001c2d7b9d800 JavaThread "jar transforms Thread 86" [_thread_blocked, id=2840, stack(0x000000c15b400000,0x000000c15b500000)]
  0x000001c2d8324800 JavaThread "jar transforms Thread 87" [_thread_blocked, id=4052, stack(0x000000c15b500000,0x000000c15b600000)]
  0x000001c2d831e800 JavaThread "jar transforms Thread 88" [_thread_blocked, id=2640, stack(0x000000c15b600000,0x000000c15b700000)]
  0x000001c2d8325000 JavaThread "jar transforms Thread 89" [_thread_blocked, id=5244, stack(0x000000c15b700000,0x000000c15b800000)]
  0x000001c2d831f800 JavaThread "jar transforms Thread 90" [_thread_blocked, id=6040, stack(0x000000c15b800000,0x000000c15b900000)]
  0x000001c2d8322800 JavaThread "jar transforms Thread 91" [_thread_blocked, id=828, stack(0x000000c15b900000,0x000000c15ba00000)]
  0x000001c2d8326000 JavaThread "jar transforms Thread 92" [_thread_blocked, id=9200, stack(0x000000c15ba00000,0x000000c15bb00000)]
  0x000001c2d8323800 JavaThread "Cache worker for Build Output Cleanup Cache (D:\Android projects\Puzzle15_v1\.gradle\buildOutputCleanup)" [_thread_blocked, id=676, stack(0x000000c15bb00000,0x000000c15bc00000)]
  0x000001c2d8322000 JavaThread "Memory manager" [_thread_blocked, id=8448, stack(0x000000c15bc00000,0x000000c15bd00000)]
  0x000001c2d8320000 JavaThread "Cache worker for file content cache (D:\Android projects\Puzzle15_v1\.gradle\6.5\fileContent)" [_thread_blocked, id=1160, stack(0x000000c15bd00000,0x000000c15be00000)]
  0x000001c2d8326800 JavaThread "Execution worker for ':'" [_thread_blocked, id=5804, stack(0x000000c15be00000,0x000000c15bf00000)]
  0x000001c2d8321000 JavaThread "Execution worker for ':' Thread 2" [_thread_blocked, id=9204, stack(0x000000c15bf00000,0x000000c15c000000)]
  0x000001c2d8329000 JavaThread "Execution worker for ':' Thread 3" [_thread_blocked, id=5172, stack(0x000000c15c000000,0x000000c15c100000)]
  0x000001c2d832c800 JavaThread "Execution worker for ':' Thread 4" [_thread_blocked, id=4328, stack(0x000000c15c100000,0x000000c15c200000)]
  0x000001c2d832b000 JavaThread "Execution worker for ':' Thread 5" [_thread_blocked, id=8516, stack(0x000000c15c200000,0x000000c15c300000)]
  0x000001c2d832a000 JavaThread "Execution worker for ':' Thread 6" [_thread_blocked, id=1256, stack(0x000000c15c300000,0x000000c15c400000)]
  0x000001c2d832d800 JavaThread "Execution worker for ':' Thread 7" [_thread_blocked, id=7672, stack(0x000000c15c400000,0x000000c15c500000)]
  0x000001c2d8327800 JavaThread "Cache worker for execution history cache (D:\Android projects\Puzzle15_v1\.gradle\6.5\executionHistory)" [_thread_blocked, id=7336, stack(0x000000c15c500000,0x000000c15c600000)]
  0x000001c2d8328800 JavaThread "WorkerExecutor Queue" [_thread_blocked, id=1436, stack(0x000000c15c700000,0x000000c15c800000)]
  0x000001c2d832b800 JavaThread "WorkerExecutor Queue Thread 2" [_thread_blocked, id=8852, stack(0x000000c15c800000,0x000000c15c900000)]
  0x000001c2dd112000 JavaThread "WorkerExecutor Queue Thread 3" [_thread_blocked, id=3984, stack(0x000000c15c900000,0x000000c15ca00000)]
  0x000001c2dd10f000 JavaThread "WorkerExecutor Queue Thread 4" [_thread_blocked, id=7688, stack(0x000000c15ca00000,0x000000c15cb00000)]
  0x000001c2dd110800 JavaThread "WorkerExecutor Queue Thread 5" [_thread_blocked, id=8244, stack(0x000000c15cb00000,0x000000c15cc00000)]
  0x000001c2dd10e000 JavaThread "WorkerExecutor Queue Thread 6" [_thread_blocked, id=2124, stack(0x000000c15cc00000,0x000000c15cd00000)]
  0x000001c2dd111800 JavaThread "WorkerExecutor Queue Thread 7" [_thread_blocked, id=5176, stack(0x000000c15cd00000,0x000000c15ce00000)]
  0x000001c2dd10d800 JavaThread "WorkerExecutor Queue Thread 8" [_thread_blocked, id=7348, stack(0x000000c15ce00000,0x000000c15cf00000)]
  0x000001c2dd10c800 JavaThread "Java2D Disposer" daemon [_thread_blocked, id=8552, stack(0x000000c15cf00000,0x000000c15d000000)]
  0x000001c2d3b4e800 JavaThread "C2 CompilerThread1" daemon [_thread_in_native, id=4676, stack(0x000000c153800000,0x000000c153900000)]
  0x000001c2d5de3800 JavaThread "C2 CompilerThread2" daemon [_thread_blocked, id=5152, stack(0x000000c155300000,0x000000c155400000)]
  0x000001c2dd115800 JavaThread "pool-2-thread-1" [_thread_blocked, id=2352, stack(0x000000c15d000000,0x000000c15d100000)]
  0x000001c2dd114000 JavaThread "stderr" [_thread_in_native, id=4428, stack(0x000000c15d100000,0x000000c15d200000)]
  0x000001c2dd113000 JavaThread "stdout" [_thread_in_native, id=7372, stack(0x000000c15d200000,0x000000c15d300000)]
  0x000001c2dd10f800 JavaThread "stderr" [_thread_in_native, id=9016, stack(0x000000c15d300000,0x000000c15d400000)]
  0x000001c2dd118800 JavaThread "stdout" [_thread_in_native, id=9192, stack(0x000000c15d400000,0x000000c15d500000)]
  0x000001c2dd119800 JavaThread "stderr" [_thread_in_native, id=4440, stack(0x000000c15d500000,0x000000c15d600000)]
  0x000001c2dd118000 JavaThread "stdout" [_thread_in_native, id=8284, stack(0x000000c15d600000,0x000000c15d700000)]
  0x000001c2dd11a800 JavaThread "stderr" [_thread_in_native, id=1088, stack(0x000000c15d700000,0x000000c15d800000)]
  0x000001c2dd114800 JavaThread "stdout" [_thread_in_native, id=3388, stack(0x000000c15d800000,0x000000c15d900000)]
  0x000001c2dd11b000 JavaThread "stderr" [_thread_in_native, id=388, stack(0x000000c15d900000,0x000000c15da00000)]
  0x000001c2dd116000 JavaThread "stdout" [_thread_in_native, id=5504, stack(0x000000c15da00000,0x000000c15db00000)]
  0x000001c2dd117000 JavaThread "stderr" [_thread_in_native, id=7176, stack(0x000000c15db00000,0x000000c15dc00000)]
  0x000001c2d9cc2000 JavaThread "stdout" [_thread_in_native, id=7128, stack(0x000000c15dc00000,0x000000c15dd00000)]
  0x000001c2d9cc4000 JavaThread "stderr" [_thread_in_native, id=2232, stack(0x000000c15dd00000,0x000000c15de00000)]
  0x000001c2d9cc4800 JavaThread "stdout" [_thread_in_native, id=3936, stack(0x000000c15de00000,0x000000c15df00000)]
  0x000001c2d9cbf000 JavaThread "stderr" [_thread_in_native, id=2216, stack(0x000000c15df00000,0x000000c15e000000)]
  0x000001c2d9cbf800 JavaThread "stdout" [_thread_in_native, id=8764, stack(0x000000c15e000000,0x000000c15e100000)]

Other Threads:
=>0x000001c2d2f44000 VMThread "VM Thread" [stack: 0x000000c152d00000,0x000000c152e00000] [id=8824]
  0x000001c2d393e800 WatcherThread [stack: 0x000000c153700000,0x000000c153800000] [id=1000]
  0x000001c2b8c45800 GCTaskThread "GC Thread#0" [stack: 0x000000c152800000,0x000000c152900000] [id=8964]
  0x000001c2d4260000 GCTaskThread "GC Thread#1" [stack: 0x000000c153900000,0x000000c153a00000] [id=8836]
  0x000001c2d4490800 GCTaskThread "GC Thread#2" [stack: 0x000000c153a00000,0x000000c153b00000] [id=5228]
  0x000001c2d5a99000 GCTaskThread "GC Thread#3" [stack: 0x000000c154700000,0x000000c154800000] [id=1712]
  0x000001c2d49a9800 GCTaskThread "GC Thread#4" [stack: 0x000000c154800000,0x000000c154900000] [id=7340]
  0x000001c2d5c0f800 GCTaskThread "GC Thread#5" [stack: 0x000000c154900000,0x000000c154a00000] [id=5800]
  0x000001c2d5a73000 GCTaskThread "GC Thread#6" [stack: 0x000000c154a00000,0x000000c154b00000] [id=8404]
  0x000001c2d5b10800 GCTaskThread "GC Thread#7" [stack: 0x000000c154b00000,0x000000c154c00000] [id=2476]
  0x000001c2b8cb4800 ConcurrentGCThread "G1 Main Marker" [stack: 0x000000c152900000,0x000000c152a00000] [id=9032]
  0x000001c2b8cb5800 ConcurrentGCThread "G1 Conc#0" [stack: 0x000000c152a00000,0x000000c152b00000] [id=5676]
  0x000001c2d5867000 ConcurrentGCThread "G1 Conc#1" [stack: 0x000000c154f00000,0x000000c155000000] [id=1228]
  0x000001c2d2d8e800 ConcurrentGCThread "G1 Refine#0" [stack: 0x000000c152b00000,0x000000c152c00000] [id=9084]
  0x000001c2df849800 ConcurrentGCThread "G1 Refine#1" [stack: 0x000000c15c600000,0x000000c15c700000] [id=4412]
  0x000001c2d2d8f800 ConcurrentGCThread "G1 Young RemSet Sampling" [stack: 0x000000c152c00000,0x000000c152d00000] [id=3656]

Threads with active compile tasks:
C2 CompilerThread0  13641 10919 %     4       com.esotericsoftware.kryo.io.Output::writeString @ 65 (125 bytes)
C1 CompilerThread0  13641 10895       3       org.gradle.internal.execution.steps.CaptureStateBeforeExecutionStep$ImplementationsBuilder::getImplementation (22 bytes)
C2 CompilerThread1  13641 10712       4       org.gradle.internal.execution.history.impl.FingerprintMapSerializer::readFingerprint (91 bytes)
C2 CompilerThread2  13641 10915  s    4       java.io.BufferedOutputStream::write (67 bytes)

VM state:at safepoint (normal execution)

VM Mutex/Monitor currently owned by a thread:  ([mutex/lock_event])
[0x000001c2b6aab1e0] Threads_lock - owner thread: 0x000001c2d2f44000
[0x000001c2b6aab540] Heap_lock - owner thread: 0x000001c2d8329000

Heap address: 0x0000000080000000, size: 2048 MB, Compressed Oops mode: 32-bit
Narrow klass base: 0x0000000000000000, Narrow klass shift: 3
Compressed class space size: 1073741824 Address: 0x0000000100000000

Heap:
 garbage-first heap   total 225280K, used 95393K [0x0000000080000000, 0x0000000100000000)
  region size 1024K, 4 young (4096K), 4 survivors (4096K)
 Metaspace       used 81683K, capacity 83798K, committed 84176K, reserved 1122304K
  class space    used 10391K, capacity 11151K, committed 11264K, reserved 1048576K
Heap Regions: E=young(eden), S=young(survivor), O=old, HS=humongous(starts), HC=humongous(continues), CS=collection set, F=free, A=archive, TAMS=top-at-mark-start (previous, next)
|   0|0x0000000080000000, 0x0000000080100000, 0x0000000080100000|100%|HS|  |TAMS 0x0000000080100000, 0x0000000080000000| Complete 
|   1|0x0000000080100000, 0x0000000080200000, 0x0000000080200000|100%| O|  |TAMS 0x0000000080200000, 0x0000000080100000| Untracked 
|   2|0x0000000080200000, 0x0000000080300000, 0x0000000080300000|100%| O|  |TAMS 0x0000000080300000, 0x0000000080200000| Untracked 
|   3|0x0000000080300000, 0x0000000080400000, 0x0000000080400000|100%|HS|  |TAMS 0x0000000080400000, 0x0000000080300000| Complete 
|   4|0x0000000080400000, 0x0000000080500000, 0x0000000080500000|100%|HC|  |TAMS 0x0000000080500000, 0x0000000080400000| Complete 
|   5|0x0000000080500000, 0x0000000080600000, 0x0000000080600000|100%|HC|  |TAMS 0x0000000080600000, 0x0000000080500000| Complete 
|   6|0x0000000080600000, 0x0000000080700000, 0x0000000080700000|100%| O|  |TAMS 0x0000000080700000, 0x0000000080600000| Untracked 
|   7|0x0000000080700000, 0x0000000080800000, 0x0000000080800000|100%| O|  |TAMS 0x0000000080800000, 0x0000000080700000| Untracked 
|   8|0x0000000080800000, 0x0000000080900000, 0x0000000080900000|100%| O|  |TAMS 0x0000000080900000, 0x0000000080800000| Untracked 
|   9|0x0000000080900000, 0x0000000080a00000, 0x0000000080a00000|100%| O|  |TAMS 0x0000000080a00000, 0x0000000080900000| Untracked 
|  10|0x0000000080a00000, 0x0000000080b00000, 0x0000000080b00000|100%| O|  |TAMS 0x0000000080b00000, 0x0000000080a00000| Untracked 
|  11|0x0000000080b00000, 0x0000000080c00000, 0x0000000080c00000|100%| O|  |TAMS 0x0000000080c00000, 0x0000000080b00000| Untracked 
|  12|0x0000000080c00000, 0x0000000080d00000, 0x0000000080d00000|100%| O|  |TAMS 0x0000000080d00000, 0x0000000080c00000| Untracked 
|  13|0x0000000080d00000, 0x0000000080e00000, 0x0000000080e00000|100%| O|  |TAMS 0x0000000080e00000, 0x0000000080d00000| Untracked 
|  14|0x0000000080e00000, 0x0000000080f00000, 0x0000000080f00000|100%| O|  |TAMS 0x0000000080f00000, 0x0000000080e00000| Untracked 
|  15|0x0000000080f00000, 0x0000000081000000, 0x0000000081000000|100%| O|  |TAMS 0x0000000081000000, 0x0000000080f00000| Untracked 
|  16|0x0000000081000000, 0x0000000081100000, 0x0000000081100000|100%|HS|  |TAMS 0x0000000081100000, 0x0000000081000000| Complete 
|  17|0x0000000081100000, 0x0000000081200000, 0x0000000081200000|100%|HC|  |TAMS 0x0000000081200000, 0x0000000081100000| Complete 
|  18|0x0000000081200000, 0x0000000081300000, 0x0000000081300000|100%| O|  |TAMS 0x0000000081300000, 0x0000000081200000| Untracked 
|  19|0x0000000081300000, 0x0000000081400000, 0x0000000081400000|100%| O|  |TAMS 0x0000000081400000, 0x0000000081300000| Untracked 
|  20|0x0000000081400000, 0x0000000081500000, 0x0000000081500000|100%| O|  |TAMS 0x0000000081500000, 0x0000000081400000| Untracked 
|  21|0x0000000081500000, 0x0000000081600000, 0x0000000081600000|100%| O|  |TAMS 0x0000000081600000, 0x0000000081500000| Untracked 
|  22|0x0000000081600000, 0x0000000081700000, 0x0000000081700000|100%| O|  |TAMS 0x0000000081700000, 0x0000000081600000| Untracked 
|  23|0x0000000081700000, 0x0000000081800000, 0x0000000081800000|100%| O|  |TAMS 0x0000000081800000, 0x0000000081700000| Untracked 
|  24|0x0000000081800000, 0x0000000081900000, 0x0000000081900000|100%| O|  |TAMS 0x0000000081900000, 0x0000000081800000| Untracked 
|  25|0x0000000081900000, 0x0000000081a00000, 0x0000000081a00000|100%| O|  |TAMS 0x0000000081a00000, 0x0000000081900000| Untracked 
|  26|0x0000000081a00000, 0x0000000081b00000, 0x0000000081b00000|100%| O|  |TAMS 0x0000000081b00000, 0x0000000081a00000| Untracked 
|  27|0x0000000081b00000, 0x0000000081c00000, 0x0000000081c00000|100%| O|  |TAMS 0x0000000081c00000, 0x0000000081b00000| Untracked 
|  28|0x0000000081c00000, 0x0000000081d00000, 0x0000000081d00000|100%| O|  |TAMS 0x0000000081d00000, 0x0000000081c00000| Untracked 
|  29|0x0000000081d00000, 0x0000000081e00000, 0x0000000081e00000|100%| O|  |TAMS 0x0000000081e00000, 0x0000000081d00000| Untracked 
|  30|0x0000000081e00000, 0x0000000081f00000, 0x0000000081f00000|100%| O|  |TAMS 0x0000000081f00000, 0x0000000081e00000| Untracked 
|  31|0x0000000081f00000, 0x0000000082000000, 0x0000000082000000|100%| O|  |TAMS 0x0000000082000000, 0x0000000081f00000| Untracked 
|  32|0x0000000082000000, 0x0000000082100000, 0x0000000082100000|100%| O|  |TAMS 0x0000000082100000, 0x0000000082000000| Untracked 
|  33|0x0000000082100000, 0x0000000082200000, 0x0000000082200000|100%| O|  |TAMS 0x0000000082200000, 0x0000000082100000| Untracked 
|  34|0x0000000082200000, 0x0000000082300000, 0x0000000082300000|100%| O|  |TAMS 0x0000000082300000, 0x0000000082200000| Untracked 
|  35|0x0000000082300000, 0x0000000082400000, 0x0000000082400000|100%| O|  |TAMS 0x0000000082400000, 0x0000000082300000| Untracked 
|  36|0x0000000082400000, 0x0000000082500000, 0x0000000082500000|100%| O|  |TAMS 0x0000000082500000, 0x0000000082400000| Untracked 
|  37|0x0000000082500000, 0x0000000082600000, 0x0000000082600000|100%| O|  |TAMS 0x0000000082600000, 0x0000000082500000| Untracked 
|  38|0x0000000082600000, 0x0000000082700000, 0x0000000082700000|100%| O|  |TAMS 0x0000000082700000, 0x0000000082600000| Untracked 
|  39|0x0000000082700000, 0x0000000082800000, 0x0000000082800000|100%| O|  |TAMS 0x0000000082800000, 0x0000000082700000| Untracked 
|  40|0x0000000082800000, 0x0000000082900000, 0x0000000082900000|100%| O|  |TAMS 0x0000000082900000, 0x0000000082800000| Untracked 
|  41|0x0000000082900000, 0x0000000082a00000, 0x0000000082a00000|100%| O|  |TAMS 0x0000000082a00000, 0x0000000082900000| Untracked 
|  42|0x0000000082a00000, 0x0000000082b00000, 0x0000000082b00000|100%| O|  |TAMS 0x0000000082b00000, 0x0000000082a00000| Untracked 
|  43|0x0000000082b00000, 0x0000000082c00000, 0x0000000082c00000|100%| O|  |TAMS 0x0000000082c00000, 0x0000000082b00000| Untracked 
|  44|0x0000000082c00000, 0x0000000082d00000, 0x0000000082d00000|100%| O|  |TAMS 0x0000000082d00000, 0x0000000082c00000| Untracked 
|  45|0x0000000082d00000, 0x0000000082e00000, 0x0000000082e00000|100%| O|  |TAMS 0x0000000082e00000, 0x0000000082d00000| Untracked 
|  46|0x0000000082e00000, 0x0000000082f00000, 0x0000000082f00000|100%| O|  |TAMS 0x0000000082f00000, 0x0000000082e00000| Untracked 
|  47|0x0000000082f00000, 0x0000000083000000, 0x0000000083000000|100%| O|  |TAMS 0x0000000083000000, 0x0000000082f00000| Untracked 
|  48|0x0000000083000000, 0x0000000083100000, 0x0000000083100000|100%| O|  |TAMS 0x0000000083100000, 0x0000000083000000| Untracked 
|  49|0x0000000083100000, 0x0000000083100000, 0x0000000083200000|  0%| F|  |TAMS 0x0000000083100000, 0x0000000083100000| Untracked 
|  50|0x0000000083200000, 0x0000000083300000, 0x0000000083300000|100%| O|  |TAMS 0x0000000083300000, 0x0000000083200000| Untracked 
|  51|0x0000000083300000, 0x0000000083400000, 0x0000000083400000|100%| O|  |TAMS 0x0000000083400000, 0x0000000083300000| Untracked 
|  52|0x0000000083400000, 0x0000000083500000, 0x0000000083500000|100%| O|  |TAMS 0x0000000083500000, 0x0000000083400000| Untracked 
|  53|0x0000000083500000, 0x0000000083600000, 0x0000000083600000|100%| O|  |TAMS 0x0000000083600000, 0x0000000083500000| Untracked 
|  54|0x0000000083600000, 0x0000000083700000, 0x0000000083700000|100%| O|  |TAMS 0x0000000083700000, 0x0000000083600000| Untracked 
|  55|0x0000000083700000, 0x0000000083800000, 0x0000000083800000|100%| O|  |TAMS 0x0000000083800000, 0x0000000083700000| Untracked 
|  56|0x0000000083800000, 0x0000000083900000, 0x0000000083900000|100%| O|  |TAMS 0x0000000083900000, 0x0000000083800000| Untracked 
|  57|0x0000000083900000, 0x0000000083a00000, 0x0000000083a00000|100%| O|  |TAMS 0x0000000083a00000, 0x0000000083900000| Untracked 
|  58|0x0000000083a00000, 0x0000000083b00000, 0x0000000083b00000|100%| O|  |TAMS 0x0000000083a00000, 0x0000000083a00000| Untracked 
|  59|0x0000000083b00000, 0x0000000083c00000, 0x0000000083c00000|100%|HS|  |TAMS 0x0000000083c00000, 0x0000000083b00000| Complete 
|  60|0x0000000083c00000, 0x0000000083c00000, 0x0000000083d00000|  0%| F|  |TAMS 0x0000000083c00000, 0x0000000083c00000| Untracked 
|  61|0x0000000083d00000, 0x0000000083d00000, 0x0000000083e00000|  0%| F|  |TAMS 0x0000000083d00000, 0x0000000083d00000| Untracked 
|  62|0x0000000083e00000, 0x0000000083f00000, 0x0000000083f00000|100%| O|  |TAMS 0x0000000083f00000, 0x0000000083e00000| Untracked 
|  63|0x0000000083f00000, 0x0000000084000000, 0x0000000084000000|100%| O|  |TAMS 0x0000000083f00000, 0x0000000083f00000| Untracked 
|  64|0x0000000084000000, 0x0000000084100000, 0x0000000084100000|100%| O|  |TAMS 0x0000000084100000, 0x0000000084000000| Untracked 
|  65|0x0000000084100000, 0x0000000084200000, 0x0000000084200000|100%| O|  |TAMS 0x0000000084200000, 0x0000000084100000| Untracked 
|  66|0x0000000084200000, 0x0000000084300000, 0x0000000084300000|100%| O|  |TAMS 0x0000000084300000, 0x0000000084200000| Untracked 
|  67|0x0000000084300000, 0x0000000084400000, 0x0000000084400000|100%| O|  |TAMS 0x0000000084400000, 0x0000000084300000| Untracked 
|  68|0x0000000084400000, 0x0000000084500000, 0x0000000084500000|100%| O|  |TAMS 0x0000000084500000, 0x0000000084400000| Untracked 
|  69|0x0000000084500000, 0x0000000084600000, 0x0000000084600000|100%| O|  |TAMS 0x0000000084600000, 0x0000000084500000| Untracked 
|  70|0x0000000084600000, 0x0000000084700000, 0x0000000084700000|100%| O|  |TAMS 0x0000000084700000, 0x0000000084600000| Untracked 
|  71|0x0000000084700000, 0x0000000084800000, 0x0000000084800000|100%| O|  |TAMS 0x0000000084800000, 0x0000000084700000| Untracked 
|  72|0x0000000084800000, 0x0000000084900000, 0x0000000084900000|100%| O|  |TAMS 0x0000000084900000, 0x0000000084800000| Untracked 
|  73|0x0000000084900000, 0x0000000084a00000, 0x0000000084a00000|100%| O|  |TAMS 0x0000000084a00000, 0x0000000084900000| Untracked 
|  74|0x0000000084a00000, 0x0000000084b00000, 0x0000000084b00000|100%| O|  |TAMS 0x0000000084b00000, 0x0000000084a00000| Untracked 
|  75|0x0000000084b00000, 0x0000000084c00000, 0x0000000084c00000|100%| O|  |TAMS 0x0000000084c00000, 0x0000000084b00000| Untracked 
|  76|0x0000000084c00000, 0x0000000084d00000, 0x0000000084d00000|100%| O|  |TAMS 0x0000000084d00000, 0x0000000084c00000| Untracked 
|  77|0x0000000084d00000, 0x0000000084e00000, 0x0000000084e00000|100%| O|  |TAMS 0x0000000084e00000, 0x0000000084d00000| Untracked 
|  78|0x0000000084e00000, 0x0000000084f00000, 0x0000000084f00000|100%| O|  |TAMS 0x0000000084f00000, 0x0000000084e00000| Untracked 
|  79|0x0000000084f00000, 0x0000000085000000, 0x0000000085000000|100%| O|  |TAMS 0x0000000085000000, 0x0000000084f00000| Untracked 
|  80|0x0000000085000000, 0x0000000085100000, 0x0000000085100000|100%| O|  |TAMS 0x0000000085100000, 0x0000000085000000| Untracked 
|  81|0x0000000085100000, 0x0000000085200000, 0x0000000085200000|100%| O|  |TAMS 0x0000000085200000, 0x0000000085100000| Untracked 
|  82|0x0000000085200000, 0x0000000085300000, 0x0000000085300000|100%| O|  |TAMS 0x0000000085300000, 0x0000000085200000| Untracked 
|  83|0x0000000085300000, 0x0000000085400000, 0x0000000085400000|100%| O|  |TAMS 0x0000000085400000, 0x0000000085300000| Untracked 
|  84|0x0000000085400000, 0x0000000085500000, 0x0000000085500000|100%| O|  |TAMS 0x0000000085500000, 0x0000000085400000| Untracked 
|  85|0x0000000085500000, 0x0000000085600000, 0x0000000085600000|100%| O|  |TAMS 0x0000000085600000, 0x0000000085500000| Untracked 
|  86|0x0000000085600000, 0x0000000085700000, 0x0000000085700000|100%| O|  |TAMS 0x0000000085700000, 0x0000000085600000| Untracked 
|  87|0x0000000085700000, 0x0000000085800000, 0x0000000085800000|100%| O|  |TAMS 0x0000000085800000, 0x0000000085700000| Untracked 
|  88|0x0000000085800000, 0x0000000085900000, 0x0000000085900000|100%| O|  |TAMS 0x0000000085900000, 0x0000000085800000| Untracked 
|  89|0x0000000085900000, 0x0000000085a00000, 0x0000000085a00000|100%| O|  |TAMS 0x0000000085a00000, 0x0000000085900000| Untracked 
|  90|0x0000000085a00000, 0x0000000085b00000, 0x0000000085b00000|100%| O|  |TAMS 0x0000000085ab6c00, 0x0000000085a00000| Untracked 
|  91|0x0000000085b00000, 0x0000000085b00000, 0x0000000085c00000|  0%| F|  |TAMS 0x0000000085b00000, 0x0000000085b00000| Untracked 
|  92|0x0000000085c00000, 0x0000000085c00000, 0x0000000085d00000|  0%| F|  |TAMS 0x0000000085c00000, 0x0000000085c00000| Untracked 
|  93|0x0000000085d00000, 0x0000000085d00000, 0x0000000085e00000|  0%| F|  |TAMS 0x0000000085d00000, 0x0000000085d00000| Untracked 
|  94|0x0000000085e00000, 0x0000000085e00000, 0x0000000085f00000|  0%| F|  |TAMS 0x0000000085e00000, 0x0000000085e00000| Untracked 
|  95|0x0000000085f00000, 0x0000000085f00000, 0x0000000086000000|  0%| F|  |TAMS 0x0000000085f00000, 0x0000000085f00000| Untracked 
|  96|0x0000000086000000, 0x0000000086000000, 0x0000000086100000|  0%| F|  |TAMS 0x0000000086000000, 0x0000000086000000| Untracked 
|  97|0x0000000086100000, 0x0000000086100000, 0x0000000086200000|  0%| F|  |TAMS 0x0000000086100000, 0x0000000086100000| Untracked 
|  98|0x0000000086200000, 0x0000000086200000, 0x0000000086300000|  0%| F|  |TAMS 0x0000000086200000, 0x0000000086200000| Untracked 
|  99|0x0000000086300000, 0x0000000086300000, 0x0000000086400000|  0%| F|  |TAMS 0x0000000086300000, 0x0000000086300000| Untracked 
| 100|0x0000000086400000, 0x0000000086400000, 0x0000000086500000|  0%| F|  |TAMS 0x0000000086400000, 0x0000000086400000| Untracked 
| 101|0x0000000086500000, 0x0000000086500000, 0x0000000086600000|  0%| F|  |TAMS 0x0000000086500000, 0x0000000086500000| Untracked 
| 102|0x0000000086600000, 0x0000000086600000, 0x0000000086700000|  0%| F|  |TAMS 0x0000000086600000, 0x0000000086600000| Untracked 
| 103|0x0000000086700000, 0x0000000086800000, 0x0000000086800000|100%| O|  |TAMS 0x0000000086700000, 0x0000000086700000| Untracked 
| 104|0x0000000086800000, 0x00000000868c9a00, 0x0000000086900000| 78%| O|  |TAMS 0x0000000086800000, 0x0000000086800000| Untracked 
| 105|0x0000000086900000, 0x0000000086900000, 0x0000000086a00000|  0%| F|  |TAMS 0x0000000086900000, 0x0000000086900000| Untracked 
| 106|0x0000000086a00000, 0x0000000086a00000, 0x0000000086b00000|  0%| F|  |TAMS 0x0000000086a00000, 0x0000000086a00000| Untracked 
| 107|0x0000000086b00000, 0x0000000086b00000, 0x0000000086c00000|  0%| F|  |TAMS 0x0000000086b00000, 0x0000000086b00000| Untracked 
| 108|0x0000000086c00000, 0x0000000086c00000, 0x0000000086d00000|  0%| F|  |TAMS 0x0000000086c00000, 0x0000000086c00000| Untracked 
| 109|0x0000000086d00000, 0x0000000086d00000, 0x0000000086e00000|  0%| F|  |TAMS 0x0000000086d00000, 0x0000000086d00000| Untracked 
| 110|0x0000000086e00000, 0x0000000086e00000, 0x0000000086f00000|  0%| F|  |TAMS 0x0000000086e00000, 0x0000000086e00000| Untracked 
| 111|0x0000000086f00000, 0x0000000086f00000, 0x0000000087000000|  0%| F|  |TAMS 0x0000000086f00000, 0x0000000086f00000| Untracked 
| 112|0x0000000087000000, 0x0000000087000000, 0x0000000087100000|  0%| F|  |TAMS 0x0000000087000000, 0x0000000087000000| Untracked 
| 113|0x0000000087100000, 0x0000000087100000, 0x0000000087200000|  0%| F|  |TAMS 0x0000000087100000, 0x0000000087100000| Untracked 
| 114|0x0000000087200000, 0x0000000087200000, 0x0000000087300000|  0%| F|  |TAMS 0x0000000087200000, 0x0000000087200000| Untracked 
| 115|0x0000000087300000, 0x0000000087300000, 0x0000000087400000|  0%| F|  |TAMS 0x0000000087300000, 0x0000000087300000| Untracked 
| 116|0x0000000087400000, 0x0000000087400000, 0x0000000087500000|  0%| F|  |TAMS 0x0000000087400000, 0x0000000087400000| Untracked 
| 117|0x0000000087500000, 0x0000000087500000, 0x0000000087600000|  0%| F|  |TAMS 0x0000000087500000, 0x0000000087500000| Untracked 
| 118|0x0000000087600000, 0x0000000087600000, 0x0000000087700000|  0%| F|  |TAMS 0x0000000087600000, 0x0000000087600000| Untracked 
| 119|0x0000000087700000, 0x0000000087700000, 0x0000000087800000|  0%| F|  |TAMS 0x0000000087700000, 0x0000000087700000| Untracked 
| 120|0x0000000087800000, 0x0000000087800000, 0x0000000087900000|  0%| F|  |TAMS 0x0000000087800000, 0x0000000087800000| Untracked 
| 121|0x0000000087900000, 0x0000000087900000, 0x0000000087a00000|  0%| F|  |TAMS 0x0000000087900000, 0x0000000087900000| Untracked 
| 122|0x0000000087a00000, 0x0000000087a00000, 0x0000000087b00000|  0%| F|  |TAMS 0x0000000087a00000, 0x0000000087a00000| Untracked 
| 123|0x0000000087b00000, 0x0000000087b00000, 0x0000000087c00000|  0%| F|  |TAMS 0x0000000087b00000, 0x0000000087b00000| Untracked 
| 124|0x0000000087c00000, 0x0000000087c00000, 0x0000000087d00000|  0%| F|  |TAMS 0x0000000087c00000, 0x0000000087c00000| Untracked 
| 125|0x0000000087d00000, 0x0000000087d00000, 0x0000000087e00000|  0%| F|  |TAMS 0x0000000087d00000, 0x0000000087d00000| Untracked 
| 126|0x0000000087e00000, 0x0000000087e00000, 0x0000000087f00000|  0%| F|  |TAMS 0x0000000087e00000, 0x0000000087e00000| Untracked 
| 127|0x0000000087f00000, 0x0000000087f00000, 0x0000000088000000|  0%| F|  |TAMS 0x0000000087f00000, 0x0000000087f00000| Untracked 
| 128|0x0000000088000000, 0x0000000088000000, 0x0000000088100000|  0%| F|  |TAMS 0x0000000088000000, 0x0000000088000000| Untracked 
| 129|0x0000000088100000, 0x0000000088100000, 0x0000000088200000|  0%| F|  |TAMS 0x0000000088100000, 0x0000000088100000| Untracked 
| 130|0x0000000088200000, 0x0000000088200000, 0x0000000088300000|  0%| F|  |TAMS 0x0000000088200000, 0x0000000088200000| Untracked 
| 131|0x0000000088300000, 0x0000000088300000, 0x0000000088400000|  0%| F|  |TAMS 0x0000000088300000, 0x0000000088300000| Untracked 
| 132|0x0000000088400000, 0x000000008845ed50, 0x0000000088500000| 37%| S|CS|TAMS 0x0000000088400000, 0x0000000088400000| Complete 
| 133|0x0000000088500000, 0x0000000088600000, 0x0000000088600000|100%| S|CS|TAMS 0x0000000088500000, 0x0000000088500000| Complete 
| 134|0x0000000088600000, 0x0000000088700000, 0x0000000088700000|100%| S|CS|TAMS 0x0000000088600000, 0x0000000088600000| Complete 
| 135|0x0000000088700000, 0x0000000088800000, 0x0000000088800000|100%| S|CS|TAMS 0x0000000088700000, 0x0000000088700000| Complete 
| 136|0x0000000088800000, 0x0000000088800000, 0x0000000088900000|  0%| F|  |TAMS 0x0000000088800000, 0x0000000088800000| Untracked 
| 137|0x0000000088900000, 0x0000000088900000, 0x0000000088a00000|  0%| F|  |TAMS 0x0000000088900000, 0x0000000088900000| Untracked 
| 138|0x0000000088a00000, 0x0000000088a00000, 0x0000000088b00000|  0%| F|  |TAMS 0x0000000088a00000, 0x0000000088a00000| Untracked 
| 139|0x0000000088b00000, 0x0000000088b00000, 0x0000000088c00000|  0%| F|  |TAMS 0x0000000088b00000, 0x0000000088b00000| Untracked 
| 140|0x0000000088c00000, 0x0000000088c00000, 0x0000000088d00000|  0%| F|  |TAMS 0x0000000088c00000, 0x0000000088c00000| Untracked 
| 141|0x0000000088d00000, 0x0000000088d00000, 0x0000000088e00000|  0%| F|  |TAMS 0x0000000088d00000, 0x0000000088d00000| Untracked 
| 142|0x0000000088e00000, 0x0000000088e00000, 0x0000000088f00000|  0%| F|  |TAMS 0x0000000088e00000, 0x0000000088e00000| Untracked 
| 143|0x0000000088f00000, 0x0000000088f00000, 0x0000000089000000|  0%| F|  |TAMS 0x0000000088f00000, 0x0000000088f00000| Untracked 
| 144|0x0000000089000000, 0x0000000089000000, 0x0000000089100000|  0%| F|  |TAMS 0x0000000089000000, 0x0000000089000000| Untracked 
| 145|0x0000000089100000, 0x0000000089100000, 0x0000000089200000|  0%| F|  |TAMS 0x0000000089100000, 0x0000000089100000| Untracked 
| 146|0x0000000089200000, 0x0000000089200000, 0x0000000089300000|  0%| F|  |TAMS 0x0000000089200000, 0x0000000089200000| Untracked 
| 147|0x0000000089300000, 0x0000000089300000, 0x0000000089400000|  0%| F|  |TAMS 0x0000000089300000, 0x0000000089300000| Untracked 
| 148|0x0000000089400000, 0x0000000089400000, 0x0000000089500000|  0%| F|  |TAMS 0x0000000089400000, 0x0000000089400000| Untracked 
| 149|0x0000000089500000, 0x0000000089500000, 0x0000000089600000|  0%| F|  |TAMS 0x0000000089500000, 0x0000000089500000| Untracked 
| 150|0x0000000089600000, 0x0000000089600000, 0x0000000089700000|  0%| F|  |TAMS 0x0000000089600000, 0x0000000089600000| Untracked 
| 151|0x0000000089700000, 0x0000000089700000, 0x0000000089800000|  0%| F|  |TAMS 0x0000000089700000, 0x0000000089700000| Untracked 
| 152|0x0000000089800000, 0x0000000089800000, 0x0000000089900000|  0%| F|  |TAMS 0x0000000089800000, 0x0000000089800000| Untracked 
| 153|0x0000000089900000, 0x0000000089900000, 0x0000000089a00000|  0%| F|  |TAMS 0x0000000089900000, 0x0000000089900000| Untracked 
| 154|0x0000000089a00000, 0x0000000089a00000, 0x0000000089b00000|  0%| F|  |TAMS 0x0000000089a00000, 0x0000000089a00000| Untracked 
| 155|0x0000000089b00000, 0x0000000089b00000, 0x0000000089c00000|  0%| F|  |TAMS 0x0000000089b00000, 0x0000000089b00000| Untracked 
| 156|0x0000000089c00000, 0x0000000089c00000, 0x0000000089d00000|  0%| F|  |TAMS 0x0000000089c00000, 0x0000000089c00000| Untracked 
| 157|0x0000000089d00000, 0x0000000089d00000, 0x0000000089e00000|  0%| F|  |TAMS 0x0000000089d00000, 0x0000000089d00000| Untracked 
| 158|0x0000000089e00000, 0x0000000089e00000, 0x0000000089f00000|  0%| F|  |TAMS 0x0000000089e00000, 0x0000000089e00000| Untracked 
| 159|0x0000000089f00000, 0x0000000089f00000, 0x000000008a000000|  0%| F|  |TAMS 0x0000000089f00000, 0x0000000089f00000| Untracked 
| 160|0x000000008a000000, 0x000000008a000000, 0x000000008a100000|  0%| F|  |TAMS 0x000000008a000000, 0x000000008a000000| Untracked 
| 161|0x000000008a100000, 0x000000008a100000, 0x000000008a200000|  0%| F|  |TAMS 0x000000008a100000, 0x000000008a100000| Untracked 
| 162|0x000000008a200000, 0x000000008a200000, 0x000000008a300000|  0%| F|  |TAMS 0x000000008a200000, 0x000000008a200000| Untracked 
| 163|0x000000008a300000, 0x000000008a300000, 0x000000008a400000|  0%| F|  |TAMS 0x000000008a300000, 0x000000008a300000| Untracked 
| 164|0x000000008a400000, 0x000000008a400000, 0x000000008a500000|  0%| F|  |TAMS 0x000000008a400000, 0x000000008a400000| Untracked 
| 165|0x000000008a500000, 0x000000008a500000, 0x000000008a600000|  0%| F|  |TAMS 0x000000008a500000, 0x000000008a500000| Untracked 
| 166|0x000000008a600000, 0x000000008a600000, 0x000000008a700000|  0%| F|  |TAMS 0x000000008a600000, 0x000000008a600000| Untracked 
| 167|0x000000008a700000, 0x000000008a700000, 0x000000008a800000|  0%| F|  |TAMS 0x000000008a700000, 0x000000008a700000| Untracked 
| 168|0x000000008a800000, 0x000000008a800000, 0x000000008a900000|  0%| F|  |TAMS 0x000000008a800000, 0x000000008a800000| Untracked 
| 169|0x000000008a900000, 0x000000008a900000, 0x000000008aa00000|  0%| F|  |TAMS 0x000000008a900000, 0x000000008a900000| Untracked 
| 170|0x000000008aa00000, 0x000000008aa00000, 0x000000008ab00000|  0%| F|  |TAMS 0x000000008aa00000, 0x000000008aa00000| Untracked 
| 171|0x000000008ab00000, 0x000000008ab00000, 0x000000008ac00000|  0%| F|  |TAMS 0x000000008ab00000, 0x000000008ab00000| Untracked 
| 172|0x000000008ac00000, 0x000000008ac00000, 0x000000008ad00000|  0%| F|  |TAMS 0x000000008ac00000, 0x000000008ac00000| Untracked 
| 173|0x000000008ad00000, 0x000000008ad00000, 0x000000008ae00000|  0%| F|  |TAMS 0x000000008ad00000, 0x000000008ad00000| Untracked 
| 174|0x000000008ae00000, 0x000000008ae00000, 0x000000008af00000|  0%| F|  |TAMS 0x000000008ae00000, 0x000000008ae00000| Untracked 
| 175|0x000000008af00000, 0x000000008af00000, 0x000000008b000000|  0%| F|  |TAMS 0x000000008af00000, 0x000000008af00000| Untracked 
| 176|0x000000008b000000, 0x000000008b000000, 0x000000008b100000|  0%| F|  |TAMS 0x000000008b000000, 0x000000008b000000| Untracked 
| 177|0x000000008b100000, 0x000000008b100000, 0x000000008b200000|  0%| F|  |TAMS 0x000000008b100000, 0x000000008b100000| Untracked 
| 178|0x000000008b200000, 0x000000008b200000, 0x000000008b300000|  0%| F|  |TAMS 0x000000008b200000, 0x000000008b200000| Untracked 
| 179|0x000000008b300000, 0x000000008b300000, 0x000000008b400000|  0%| F|  |TAMS 0x000000008b300000, 0x000000008b300000| Untracked 
| 180|0x000000008b400000, 0x000000008b400000, 0x000000008b500000|  0%| F|  |TAMS 0x000000008b400000, 0x000000008b400000| Untracked 
| 181|0x000000008b500000, 0x000000008b500000, 0x000000008b600000|  0%| F|  |TAMS 0x000000008b500000, 0x000000008b500000| Untracked 
| 182|0x000000008b600000, 0x000000008b600000, 0x000000008b700000|  0%| F|  |TAMS 0x000000008b600000, 0x000000008b600000| Untracked 

Card table byte_map: [0x000001c2cbcd0000,0x000001c2cc0d0000] _byte_map_base: 0x000001c2cb8d0000

Marking Bits (Prev, Next): (CMBitMap*) 0x000001c2b8c6d818, (CMBitMap*) 0x000001c2b8c6d850
 Prev Bits: [0x000001c2cc4d0000, 0x000001c2ce4d0000)
 Next Bits: [0x000001c2ce4d0000, 0x000001c2d04d0000)

Polling page: 0x000001c2b69a0000

Metaspace:

Usage:
  Non-class:     70.94 MB capacity,    69.62 MB ( 98%) used,     1.11 MB (  2%) free+waste,   216.50 KB ( <1%) overhead. 
      Class:     10.89 MB capacity,    10.15 MB ( 93%) used,   660.63 KB (  6%) free+waste,    98.56 KB ( <1%) overhead. 
       Both:     81.83 MB capacity,    79.77 MB ( 97%) used,     1.76 MB (  2%) free+waste,   315.06 KB ( <1%) overhead. 

Virtual space:
  Non-class space:       72.00 MB reserved,      71.20 MB ( 99%) committed 
      Class space:        1.00 GB reserved,      11.00 MB (  1%) committed 
             Both:        1.07 GB reserved,      82.20 MB (  8%) committed 

Chunk freelists:
   Non-Class:  73.00 KB
       Class:  81.00 KB
        Both:  154.00 KB

MaxMetaspaceSize: 17179869184.00 GB
CompressedClassSpaceSize: 1.00 GB

CodeHeap 'non-profiled nmethods': size=120000Kb used=6143Kb max_used=6545Kb free=113856Kb
 bounds [0x000001c2c4070000, 0x000001c2c46e0000, 0x000001c2cb5a0000]
CodeHeap 'profiled nmethods': size=120000Kb used=21845Kb max_used=22829Kb free=98154Kb
 bounds [0x000001c2bcb40000, 0x000001c2be190000, 0x000001c2c4070000]
CodeHeap 'non-nmethods': size=5760Kb used=2346Kb max_used=2438Kb free=3414Kb
 bounds [0x000001c2bc5a0000, 0x000001c2bc810000, 0x000001c2bcb40000]
 total_blobs=11036 nmethods=10071 adapters=876
 compilation: enabled
              stopped_count=0, restarted_count=0
 full_count=0

Compilation events (20 events):
Event: 13.618 Thread 0x000001c2d37b4800 nmethod 10909 0x000001c2bcca0910 code [0x000001c2bcca0ac0, 0x000001c2bcca0d38]
Event: 13.618 Thread 0x000001c2d37b4800 10923       3       org.gradle.internal.serialize.HashCodeSerializer::write (22 bytes)
Event: 13.619 Thread 0x000001c2d37b4800 nmethod 10923 0x000001c2bcca3e90 code [0x000001c2bcca40a0, 0x000001c2bcca4668]
Event: 13.619 Thread 0x000001c2d37b4800 10906       3       org.gradle.internal.execution.steps.ResolveCachingStateStep$1::getAfterPreviousExecutionState (10 bytes)
Event: 13.619 Thread 0x000001c2d37b4800 nmethod 10906 0x000001c2bcc8fd10 code [0x000001c2bcc8fec0, 0x000001c2bcc90088]
Event: 13.619 Thread 0x000001c2d37b4800 10924       2       org.gradle.internal.serialize.AbstractEncoder::writeBytes (9 bytes)
Event: 13.619 Thread 0x000001c2d37b4800 nmethod 10924 0x000001c2bcca0590 code [0x000001c2bcca0740, 0x000001c2bcca0868]
Event: 13.619 Thread 0x000001c2d37b4800 10914       3       org.gradle.api.internal.file.DefaultFileCollectionFactory::fixed (31 bytes)
Event: 13.620 Thread 0x000001c2d376e000 nmethod 10875 0x000001c2c40cb990 code [0x000001c2c40cbb60, 0x000001c2c40cbd98]
Event: 13.620 Thread 0x000001c2d37b4800 nmethod 10914 0x000001c2bccd7690 code [0x000001c2bccd78a0, 0x000001c2bccd7f88]
Event: 13.620 Thread 0x000001c2d376e000 10919 %     4       com.esotericsoftware.kryo.io.Output::writeString @ 65 (125 bytes)
Event: 13.620 Thread 0x000001c2d37b4800 10904       3       org.gradle.internal.execution.history.changes.AbstractFingerprintChanges::accept (21 bytes)
Event: 13.620 Thread 0x000001c2d37b4800 nmethod 10904 0x000001c2bccb2c90 code [0x000001c2bccb2e60, 0x000001c2bccb3168]
Event: 13.620 Thread 0x000001c2d37b4800 10905       3       org.gradle.internal.execution.history.changes.AbstractFingerprintChanges$1::<init> (15 bytes)
Event: 13.620 Thread 0x000001c2d37b4800 nmethod 10905 0x000001c2bcca0110 code [0x000001c2bcca02c0, 0x000001c2bcca04d8]
Event: 13.620 Thread 0x000001c2d37b4800 10911       3       org.gradle.internal.execution.history.changes.DefaultExecutionStateChangeDetector$InputFileChangesWrapper::accept (11 bytes)
Event: 13.621 Thread 0x000001c2d37b4800 nmethod 10911 0x000001c2bccaca10 code [0x000001c2bccacbc0, 0x000001c2bccacd88]
Event: 13.621 Thread 0x000001c2d37b4800 10926       3       com.google.common.collect.ImmutableMap::entryOf (15 bytes)
Event: 13.621 Thread 0x000001c2d37b4800 nmethod 10926 0x000001c2bccc1490 code [0x000001c2bccc1660, 0x000001c2bccc1948]
Event: 13.621 Thread 0x000001c2d37b4800 10895       3       org.gradle.internal.execution.steps.CaptureStateBeforeExecutionStep$ImplementationsBuilder::getImplementation (22 bytes)

GC Heap History (20 events):
Event: 4.004 GC heap after
{Heap after GC invocations=8 (full 0):
 garbage-first heap   total 129024K, used 24211K [0x0000000080000000, 0x0000000100000000)
  region size 1024K, 7 young (7168K), 7 survivors (7168K)
 Metaspace       used 40380K, capacity 41275K, committed 41296K, reserved 1085440K
  class space    used 5176K, capacity 5491K, committed 5504K, reserved 1048576K
}
Event: 4.613 GC heap before
{Heap before GC invocations=8 (full 0):
 garbage-first heap   total 129024K, used 85651K [0x0000000080000000, 0x0000000100000000)
  region size 1024K, 65 young (66560K), 7 survivors (7168K)
 Metaspace       used 43166K, capacity 44187K, committed 44240K, reserved 1087488K
  class space    used 5543K, capacity 5863K, committed 5888K, reserved 1048576K
}
Event: 4.622 GC heap after
{Heap after GC invocations=9 (full 0):
 garbage-first heap   total 155648K, used 34750K [0x0000000080000000, 0x0000000100000000)
  region size 1024K, 9 young (9216K), 9 survivors (9216K)
 Metaspace       used 43166K, capacity 44187K, committed 44240K, reserved 1087488K
  class space    used 5543K, capacity 5863K, committed 5888K, reserved 1048576K
}
Event: 5.548 GC heap before
{Heap before GC invocations=9 (full 0):
 garbage-first heap   total 155648K, used 104382K [0x0000000080000000, 0x0000000100000000)
  region size 1024K, 77 young (78848K), 9 survivors (9216K)
 Metaspace       used 53449K, capacity 54671K, committed 54864K, reserved 1097728K
  class space    used 6791K, capacity 7196K, committed 7296K, reserved 1048576K
}
Event: 5.557 GC heap after
{Heap after GC invocations=10 (full 0):
 garbage-first heap   total 155648K, used 40405K [0x0000000080000000, 0x0000000100000000)
  region size 1024K, 6 young (6144K), 6 survivors (6144K)
 Metaspace       used 53449K, capacity 54671K, committed 54864K, reserved 1097728K
  class space    used 6791K, capacity 7196K, committed 7296K, reserved 1048576K
}
Event: 6.176 GC heap before
{Heap before GC invocations=10 (full 0):
 garbage-first heap   total 155648K, used 82389K [0x0000000080000000, 0x0000000100000000)
  region size 1024K, 48 young (49152K), 6 survivors (6144K)
 Metaspace       used 58958K, capacity 60353K, committed 60496K, reserved 1101824K
  class space    used 7445K, capacity 7953K, committed 8064K, reserved 1048576K
}
Event: 6.185 GC heap after
{Heap after GC invocations=11 (full 0):
 garbage-first heap   total 155648K, used 42996K [0x0000000080000000, 0x0000000100000000)
  region size 1024K, 3 young (3072K), 3 survivors (3072K)
 Metaspace       used 58958K, capacity 60353K, committed 60496K, reserved 1101824K
  class space    used 7445K, capacity 7953K, committed 8064K, reserved 1048576K
}
Event: 7.126 GC heap before
{Heap before GC invocations=12 (full 0):
 garbage-first heap   total 155648K, used 112628K [0x0000000080000000, 0x0000000100000000)
  region size 1024K, 71 young (72704K), 3 survivors (3072K)
 Metaspace       used 65347K, capacity 66898K, committed 67152K, reserved 1107968K
  class space    used 8463K, capacity 9021K, committed 9088K, reserved 1048576K
}
Event: 7.134 GC heap after
{Heap after GC invocations=13 (full 0):
 garbage-first heap   total 155648K, used 48117K [0x0000000080000000, 0x0000000100000000)
  region size 1024K, 8 young (8192K), 8 survivors (8192K)
 Metaspace       used 65347K, capacity 66898K, committed 67152K, reserved 1107968K
  class space    used 8463K, capacity 9021K, committed 9088K, reserved 1048576K
}
Event: 8.124 GC heap before
{Heap before GC invocations=13 (full 0):
 garbage-first heap   total 155648K, used 116725K [0x0000000080000000, 0x0000000100000000)
  region size 1024K, 75 young (76800K), 8 survivors (8192K)
 Metaspace       used 71383K, capacity 73161K, committed 73424K, reserved 1112064K
  class space    used 9344K, capacity 9971K, committed 9984K, reserved 1048576K
}
Event: 8.133 GC heap after
{Heap after GC invocations=14 (full 0):
 garbage-first heap   total 155648K, used 52862K [0x0000000080000000, 0x0000000100000000)
  region size 1024K, 5 young (5120K), 5 survivors (5120K)
 Metaspace       used 71383K, capacity 73161K, committed 73424K, reserved 1112064K
  class space    used 9344K, capacity 9971K, committed 9984K, reserved 1048576K
}
Event: 8.859 GC heap before
{Heap before GC invocations=14 (full 0):
 garbage-first heap   total 155648K, used 118398K [0x0000000080000000, 0x0000000100000000)
  region size 1024K, 70 young (71680K), 5 survivors (5120K)
 Metaspace       used 73412K, capacity 75356K, committed 75472K, reserved 1114112K
  class space    used 9541K, capacity 10194K, committed 10240K, reserved 1048576K
}
Event: 8.869 GC heap after
{Heap after GC invocations=15 (full 0):
 garbage-first heap   total 187392K, used 59116K [0x0000000080000000, 0x0000000100000000)
  region size 1024K, 9 young (9216K), 9 survivors (9216K)
 Metaspace       used 73412K, capacity 75356K, committed 75472K, reserved 1114112K
  class space    used 9541K, capacity 10194K, committed 10240K, reserved 1048576K
}
Event: 10.052 GC heap before
{Heap before GC invocations=15 (full 0):
 garbage-first heap   total 187392K, used 134892K [0x0000000080000000, 0x0000000100000000)
  region size 1024K, 83 young (84992K), 9 survivors (9216K)
 Metaspace       used 76278K, capacity 78235K, committed 78416K, reserved 1118208K
  class space    used 9867K, capacity 10559K, committed 10624K, reserved 1048576K
}
Event: 10.065 GC heap after
{Heap after GC invocations=16 (full 0):
 garbage-first heap   total 187392K, used 69324K [0x0000000080000000, 0x0000000100000000)
  region size 1024K, 11 young (11264K), 11 survivors (11264K)
 Metaspace       used 76278K, capacity 78235K, committed 78416K, reserved 1118208K
  class space    used 9867K, capacity 10559K, committed 10624K, reserved 1048576K
}
Event: 10.811 GC heap before
{Heap before GC invocations=16 (full 0):
 garbage-first heap   total 187392K, used 148172K [0x0000000080000000, 0x0000000100000000)
  region size 1024K, 81 young (82944K), 11 survivors (11264K)
 Metaspace       used 79567K, capacity 81620K, committed 81872K, reserved 1120256K
  class space    used 10202K, capacity 10932K, committed 11008K, reserved 1048576K
}
Event: 10.827 GC heap after
{Heap after GC invocations=17 (full 0):
 garbage-first heap   total 187392K, used 88363K [0x0000000080000000, 0x0000000100000000)
  region size 1024K, 11 young (11264K), 11 survivors (11264K)
 Metaspace       used 79567K, capacity 81620K, committed 81872K, reserved 1120256K
  class space    used 10202K, capacity 10932K, committed 11008K, reserved 1048576K
}
Event: 12.000 GC heap before
{Heap before GC invocations=17 (full 0):
 garbage-first heap   total 187392K, used 143659K [0x0000000080000000, 0x0000000100000000)
  region size 1024K, 63 young (64512K), 11 survivors (11264K)
 Metaspace       used 80394K, capacity 82460K, committed 82640K, reserved 1120256K
  class space    used 10261K, capacity 10983K, committed 11008K, reserved 1048576K
}
Event: 12.014 GC heap after
{Heap after GC invocations=18 (full 0):
 garbage-first heap   total 187392K, used 98268K [0x0000000080000000, 0x0000000100000000)
  region size 1024K, 8 young (8192K), 8 survivors (8192K)
 Metaspace       used 80394K, capacity 82460K, committed 82640K, reserved 1120256K
  class space    used 10261K, capacity 10983K, committed 11008K, reserved 1048576K
}
Event: 13.621 GC heap before
{Heap before GC invocations=19 (full 0):
 garbage-first heap   total 187392K, used 157660K [0x0000000080000000, 0x0000000100000000)
  region size 1024K, 55 young (56320K), 8 survivors (8192K)
 Metaspace       used 81683K, capacity 83798K, committed 84176K, reserved 1122304K
  class space    used 10391K, capacity 11151K, committed 11264K, reserved 1048576K
}

Deoptimization events (20 events):
Event: 13.588 Thread 0x000001c2d58ae800 Uncommon trap: trap_request=0xffffffbe fr.pc=0x000001c2c40ae040 relative=0x0000000000000280
Event: 13.588 Thread 0x000001c2d58ae800 Uncommon trap: reason=profile_predicate action=maybe_recompile pc=0x000001c2c40ae040 method=java.util.Collections.indexedBinarySearch(Ljava/util/List;Ljava/lang/Object;)I @ 13 c2
Event: 13.588 Thread 0x000001c2d58ae800 DEOPT PACKING pc=0x000001c2c40ae040 sp=0x000000c154cfe730
Event: 13.588 Thread 0x000001c2d58ae800 DEOPT UNPACKING pc=0x000001c2bc5a822f sp=0x000000c154cfe6b0 mode 2
Event: 13.588 Thread 0x000001c2d8326800 Uncommon trap: trap_request=0xffffff4d fr.pc=0x000001c2c4459a64 relative=0x0000000000000de4
Event: 13.588 Thread 0x000001c2d8326800 Uncommon trap: reason=unstable_if action=reinterpret pc=0x000001c2c4459a64 method=org.gradle.internal.snapshot.VfsRelativePath.compareToFirstSegment(Ljava/lang/String;Lorg/gradle/internal/snapshot/CaseSensitivity;)I @ 134 c2
Event: 13.588 Thread 0x000001c2d8326800 DEOPT PACKING pc=0x000001c2c4459a64 sp=0x000000c15befa3f0
Event: 13.588 Thread 0x000001c2d8326800 DEOPT UNPACKING pc=0x000001c2bc5a822f sp=0x000000c15befa370 mode 2
Event: 13.590 Thread 0x000001c2d58ae800 Uncommon trap: trap_request=0xffffffbe fr.pc=0x000001c2c40ae040 relative=0x0000000000000280
Event: 13.590 Thread 0x000001c2d58ae800 Uncommon trap: reason=profile_predicate action=maybe_recompile pc=0x000001c2c40ae040 method=java.util.Collections.indexedBinarySearch(Ljava/util/List;Ljava/lang/Object;)I @ 13 c2
Event: 13.590 Thread 0x000001c2d58ae800 DEOPT PACKING pc=0x000001c2c40ae040 sp=0x000000c154cfe730
Event: 13.590 Thread 0x000001c2d58ae800 DEOPT UNPACKING pc=0x000001c2bc5a822f sp=0x000000c154cfe6b0 mode 2
Event: 13.605 Thread 0x000001c2d832b000 Uncommon trap: trap_request=0xffffffbe fr.pc=0x000001c2c4147200 relative=0x00000000000014a0
Event: 13.605 Thread 0x000001c2d832b000 Uncommon trap: reason=profile_predicate action=maybe_recompile pc=0x000001c2c4147200 method=org.apache.commons.io.FilenameUtils.failIfNullBytePresent(Ljava/lang/String;)V @ 9 c2
Event: 13.605 Thread 0x000001c2d832b000 DEOPT PACKING pc=0x000001c2c4147200 sp=0x000000c15c2fb570
Event: 13.605 Thread 0x000001c2d832b000 DEOPT UNPACKING pc=0x000001c2bc5a822f sp=0x000000c15c2fb498 mode 2
Event: 13.607 Thread 0x000001c2d832a000 Uncommon trap: trap_request=0xffffffbe fr.pc=0x000001c2c4147200 relative=0x00000000000014a0
Event: 13.607 Thread 0x000001c2d832a000 Uncommon trap: reason=profile_predicate action=maybe_recompile pc=0x000001c2c4147200 method=org.apache.commons.io.FilenameUtils.failIfNullBytePresent(Ljava/lang/String;)V @ 9 c2
Event: 13.607 Thread 0x000001c2d832a000 DEOPT PACKING pc=0x000001c2c4147200 sp=0x000000c15c3fb460
Event: 13.607 Thread 0x000001c2d832a000 DEOPT UNPACKING pc=0x000001c2bc5a822f sp=0x000000c15c3fb388 mode 2

Classes redefined (0 events):
No events

Internal exceptions (20 events):
Event: 11.817 Thread 0x000001c2d832c800 Exception <a 'sun/nio/fs/WindowsException'{0x000000008922d278}> (0x000000008922d278) thrown at [./src/hotspot/share/prims/jni.cpp, line 615]
Event: 11.817 Thread 0x000001c2d832c800 Exception <a 'sun/nio/fs/WindowsException'{0x000000008922ee78}> (0x000000008922ee78) thrown at [./src/hotspot/share/prims/jni.cpp, line 615]
Event: 11.818 Thread 0x000001c2d832c800 Exception <a 'sun/nio/fs/WindowsException'{0x00000000892308e8}> (0x00000000892308e8) thrown at [./src/hotspot/share/prims/jni.cpp, line 615]
Event: 11.818 Thread 0x000001c2d832c800 Exception <a 'sun/nio/fs/WindowsException'{0x0000000089232440}> (0x0000000089232440) thrown at [./src/hotspot/share/prims/jni.cpp, line 615]
Event: 11.819 Thread 0x000001c2d832c800 Exception <a 'sun/nio/fs/WindowsException'{0x00000000892340a8}> (0x00000000892340a8) thrown at [./src/hotspot/share/prims/jni.cpp, line 615]
Event: 11.819 Thread 0x000001c2d832c800 Exception <a 'sun/nio/fs/WindowsException'{0x0000000089235d80}> (0x0000000089235d80) thrown at [./src/hotspot/share/prims/jni.cpp, line 615]
Event: 11.820 Thread 0x000001c2d832c800 Exception <a 'sun/nio/fs/WindowsException'{0x0000000089237af8}> (0x0000000089237af8) thrown at [./src/hotspot/share/prims/jni.cpp, line 615]
Event: 11.820 Thread 0x000001c2d832c800 Exception <a 'sun/nio/fs/WindowsException'{0x00000000892396c0}> (0x00000000892396c0) thrown at [./src/hotspot/share/prims/jni.cpp, line 615]
Event: 11.821 Thread 0x000001c2d832c800 Exception <a 'sun/nio/fs/WindowsException'{0x000000008923b2b8}> (0x000000008923b2b8) thrown at [./src/hotspot/share/prims/jni.cpp, line 615]
Event: 12.030 Thread 0x000001c2d832c800 Implicit null exception at 0x000001c2c462dbe1 to 0x000001c2c4634628
Event: 12.311 Thread 0x000001c2d832c800 Exception <a 'java/lang/NoSuchMethodError'{0x000000008b3184e8}: <clinit>> (0x000000008b3184e8) thrown at [./src/hotspot/share/prims/jni.cpp, line 1362]
Event: 12.312 Thread 0x000001c2d832c800 Exception <a 'java/lang/NoSuchMethodError'{0x000000008b327fd0}: <clinit>> (0x000000008b327fd0) thrown at [./src/hotspot/share/prims/jni.cpp, line 1362]
Event: 12.313 Thread 0x000001c2d832c800 Exception <a 'java/lang/NoSuchMethodError'{0x000000008b33a318}: <clinit>> (0x000000008b33a318) thrown at [./src/hotspot/share/prims/jni.cpp, line 1362]
Event: 12.318 Thread 0x000001c2d832c800 Exception <a 'java/lang/NoSuchMethodError'{0x000000008b3a4768}: <clinit>> (0x000000008b3a4768) thrown at [./src/hotspot/share/prims/jni.cpp, line 1362]
Event: 12.365 Thread 0x000001c2d8328800 Exception <a 'java/lang/NoSuchMethodError'{0x000000008ae71dd8}: 'void java.lang.invoke.DirectMethodHandle$Holder.invokeStatic(java.lang.Object, long)'> (0x000000008ae71dd8) thrown at [./src/hotspot/share/interpreter/linkResolver.cpp, line 773]
Event: 12.365 Thread 0x000001c2d8328800 Exception <a 'java/lang/NoSuchMethodError'{0x000000008ac370c0}: 'java.lang.Object java.lang.invoke.DirectMethodHandle$Holder.invokeStatic(java.lang.Object, long)'> (0x000000008ac370c0) thrown at [./src/hotspot/share/interpreter/linkResolver.cpp, line 773]
Event: 12.368 Thread 0x000001c2d8328800 Exception <a 'java/lang/NoSuchMethodError'{0x000000008ac7eb18}: 'java.lang.Object java.lang.invoke.DirectMethodHandle$Holder.invokeStaticInit(java.lang.Object, java.lang.Object, long, java.lang.Object)'> (0x000000008ac7eb18) thrown at [./src/hotspot/share/interpreter/linkResolver.cpp, line 773]
Event: 12.368 Thread 0x000001c2d8328800 Exception <a 'java/lang/NoSuchMethodError'{0x000000008ac92ad8}: 'java.lang.Object java.lang.invoke.DirectMethodHandle$Holder.invokeStatic(java.lang.Object, java.lang.Object, long)'> (0x000000008ac92ad8) thrown at [./src/hotspot/share/interpreter/linkResolver.cpp, line 773]
Event: 12.369 Thread 0x000001c2d8328800 Exception <a 'java/lang/NoSuchMethodError'{0x000000008ac99050}: 'java.lang.Object java.lang.invoke.Invokers$Holder.linkToTargetMethod(java.lang.Object, long, java.lang.Object)'> (0x000000008ac99050) thrown at [./src/hotspot/share/interpreter/linkResolver.cpp, line 773]
Event: 13.068 Thread 0x000001c2d8329000 Exception <a 'java/lang/NoSuchMethodError'{0x000000008a245ae8}: <clinit>> (0x000000008a245ae8) thrown at [./src/hotspot/share/prims/jni.cpp, line 1362]

Events (20 events):
Event: 13.607 loading class org/gradle/api/internal/artifacts/transform/DefaultTransformerInvocationFactory$TransformerExecution done
Event: 13.607 loading class org/gradle/api/internal/artifacts/transform/DefaultTransformerInvocationFactory$TransformerExecution
Event: 13.607 loading class org/gradle/api/internal/artifacts/transform/DefaultTransformerInvocationFactory$TransformerExecution done
Event: 13.608 loading class sun/nio/fs/WindowsChannelFactory$2
Event: 13.609 loading class sun/nio/fs/WindowsChannelFactory$2 done
Event: 13.610 loading class java/nio/channels/Channels$1
Event: 13.610 loading class java/nio/channels/Channels$1 done
Event: 13.612 loading class org/gradle/internal/snapshot/FileSystemSnapshot
Event: 13.612 loading class org/gradle/internal/snapshot/FileSystemSnapshot done
Event: 13.612 loading class org/gradle/internal/snapshot/FileSystemSnapshot
Event: 13.612 loading class org/gradle/internal/snapshot/FileSystemSnapshot done
Event: 13.612 loading class org/gradle/api/internal/artifacts/transform/DefaultTransformerInvocationFactory$TransformerExecution
Event: 13.612 loading class org/gradle/api/internal/artifacts/transform/DefaultTransformerInvocationFactory$TransformerExecution done
Event: 13.613 loading class org/gradle/api/internal/artifacts/transform/DefaultTransformerInvocationFactory$TransformerExecution
Event: 13.613 loading class org/gradle/api/internal/artifacts/transform/DefaultTransformerInvocationFactory$TransformerExecution done
Event: 13.614 Executing VM operation: RevokeBias
Event: 13.614 Executing coalesced safepoint VM operation: RevokeBias
Event: 13.614 Executing coalesced safepoint VM operation: RevokeBias done
Event: 13.614 Executing VM operation: RevokeBias done
Event: 13.621 Executing VM operation: G1CollectForAllocation


Dynamic libraries:
0x00007ff726470000 - 0x00007ff72647a000 	D:\Program Files\Android\jre\bin\java.exe
0x00007ffd67be0000 - 0x00007ffd67dd0000 	C:\Windows\SYSTEM32\ntdll.dll
0x00007ffd670d0000 - 0x00007ffd67182000 	C:\Windows\System32\KERNEL32.DLL
0x00007ffd65500000 - 0x00007ffd657a3000 	C:\Windows\System32\KERNELBASE.dll
0x00007ffd65a30000 - 0x00007ffd65b2a000 	C:\Windows\System32\ucrtbase.dll
0x00007ffd5c910000 - 0x00007ffd5c929000 	D:\Program Files\Android\jre\bin\jli.dll
0x00007ffd54210000 - 0x00007ffd54227000 	D:\Program Files\Android\jre\bin\VCRUNTIME140.dll
0x00007ffd67430000 - 0x00007ffd675c4000 	C:\Windows\System32\USER32.dll
0x00007ffd65480000 - 0x00007ffd654a1000 	C:\Windows\System32\win32u.dll
0x00007ffd663f0000 - 0x00007ffd66416000 	C:\Windows\System32\GDI32.dll
0x00007ffd51f40000 - 0x00007ffd521c5000 	C:\Windows\WinSxS\amd64_microsoft.windows.common-controls_6595b64144ccf1df_6.0.18362.535_none_e6c3b34713100821\COMCTL32.dll
0x00007ffd65b30000 - 0x00007ffd65cc4000 	C:\Windows\System32\gdi32full.dll
0x00007ffd64bb0000 - 0x00007ffd64c4e000 	C:\Windows\System32\msvcp_win.dll
0x00007ffd67030000 - 0x00007ffd670ce000 	C:\Windows\System32\msvcrt.dll
0x00007ffd675d0000 - 0x00007ffd67906000 	C:\Windows\System32\combase.dll
0x00007ffd67310000 - 0x00007ffd67430000 	C:\Windows\System32\RPCRT4.dll
0x00007ffd65900000 - 0x00007ffd65980000 	C:\Windows\System32\bcryptPrimitives.dll
0x00007ffd663c0000 - 0x00007ffd663ee000 	C:\Windows\System32\IMM32.DLL
0x00007ffd54170000 - 0x00007ffd5420d000 	D:\Program Files\Android\jre\bin\msvcp140.dll
0x00007ffd21c60000 - 0x00007ffd2271c000 	D:\Program Files\Android\jre\bin\server\jvm.dll
0x00007ffd67910000 - 0x00007ffd679b3000 	C:\Windows\System32\ADVAPI32.dll
0x00007ffd67270000 - 0x00007ffd67307000 	C:\Windows\System32\sechost.dll
0x00007ffd66700000 - 0x00007ffd66708000 	C:\Windows\System32\PSAPI.DLL
0x00007ffd626c0000 - 0x00007ffd626e4000 	C:\Windows\SYSTEM32\WINMM.dll
0x00007ffd61170000 - 0x00007ffd61179000 	C:\Windows\SYSTEM32\WSOCK32.dll
0x00007ffd5e980000 - 0x00007ffd5e98a000 	C:\Windows\SYSTEM32\VERSION.dll
0x00007ffd67b70000 - 0x00007ffd67bdf000 	C:\Windows\System32\WS2_32.dll
0x00007ffd62690000 - 0x00007ffd626bd000 	C:\Windows\SYSTEM32\WINMMBASE.dll
0x00007ffd654b0000 - 0x00007ffd654fa000 	C:\Windows\System32\cfgmgr32.dll
0x00007ffd64b00000 - 0x00007ffd64b11000 	C:\Windows\System32\kernel.appcore.dll
0x00007ffd61150000 - 0x00007ffd61161000 	D:\Program Files\Android\jre\bin\verify.dll
0x00007ffd63410000 - 0x00007ffd63604000 	C:\Windows\SYSTEM32\DBGHELP.DLL
0x00007ffd377f0000 - 0x00007ffd3781a000 	C:\Windows\SYSTEM32\dbgcore.DLL
0x00007ffd61120000 - 0x00007ffd61149000 	D:\Program Files\Android\jre\bin\java.dll
0x00007ffd61110000 - 0x00007ffd6111b000 	D:\Program Files\Android\jre\bin\jimage.dll
0x00007ffd60490000 - 0x00007ffd604a8000 	D:\Program Files\Android\jre\bin\zip.dll
0x00007ffd65cd0000 - 0x00007ffd663b5000 	C:\Windows\System32\SHELL32.dll
0x00007ffd66420000 - 0x00007ffd664c9000 	C:\Windows\System32\shcore.dll
0x00007ffd64c80000 - 0x00007ffd653ff000 	C:\Windows\System32\windows.storage.dll
0x00007ffd64b20000 - 0x00007ffd64b3f000 	C:\Windows\System32\profapi.dll
0x00007ffd64b60000 - 0x00007ffd64baa000 	C:\Windows\System32\powrprof.dll
0x00007ffd64af0000 - 0x00007ffd64b00000 	C:\Windows\System32\UMPDC.dll
0x00007ffd66dd0000 - 0x00007ffd66e22000 	C:\Windows\System32\shlwapi.dll
0x00007ffd65460000 - 0x00007ffd65477000 	C:\Windows\System32\cryptsp.dll
0x00007ffd60470000 - 0x00007ffd6048a000 	D:\Program Files\Android\jre\bin\net.dll
0x00007ffd57050000 - 0x00007ffd57140000 	C:\Windows\SYSTEM32\WINHTTP.dll
0x00007ffd64360000 - 0x00007ffd643c7000 	C:\Windows\system32\mswsock.dll
0x00007ffd60110000 - 0x00007ffd60124000 	D:\Program Files\Android\jre\bin\nio.dll
0x00007ffd4b270000 - 0x00007ffd4b297000 	C:\Users\asus\.gradle\native\f6784746aeab05261644944871eae4fe03e0ef1612fff0a4a95f87b438bc6780\windows-amd64\native-platform.dll
0x00007ffd61100000 - 0x00007ffd6110a000 	D:\Program Files\Android\jre\bin\management.dll
0x00007ffd610c0000 - 0x00007ffd610cc000 	D:\Program Files\Android\jre\bin\management_ext.dll
0x00007ffd63ed0000 - 0x00007ffd63f03000 	C:\Windows\system32\rsaenh.dll
0x00007ffd64c50000 - 0x00007ffd64c76000 	C:\Windows\System32\bcrypt.dll
0x00007ffd649e0000 - 0x00007ffd64a05000 	C:\Windows\SYSTEM32\USERENV.dll
0x00007ffd64530000 - 0x00007ffd6453c000 	C:\Windows\SYSTEM32\CRYPTBASE.dll
0x00007ffd64070000 - 0x00007ffd640aa000 	C:\Windows\SYSTEM32\IPHLPAPI.DLL
0x00007ffd67190000 - 0x00007ffd67198000 	C:\Windows\System32\NSI.dll
0x00007ffd5aa00000 - 0x00007ffd5aa16000 	C:\Windows\SYSTEM32\dhcpcsvc6.DLL
0x00007ffd5c5f0000 - 0x00007ffd5c60c000 	C:\Windows\SYSTEM32\dhcpcsvc.DLL
0x00007ffd640b0000 - 0x00007ffd6417a000 	C:\Windows\SYSTEM32\DNSAPI.dll
0x00007ffd5c900000 - 0x00007ffd5c90b000 	C:\Windows\SYSTEM32\WINNSI.DLL
0x00007ffd55b40000 - 0x00007ffd55ce2000 	D:\Program Files\Android\jre\bin\awt.dll
0x00007ffd66d00000 - 0x00007ffd66dc4000 	C:\Windows\System32\OLEAUT32.dll
0x00007ffd62ee0000 - 0x00007ffd62f0d000 	C:\Windows\SYSTEM32\dwmapi.dll
0x00007ffd62930000 - 0x00007ffd629bf000 	C:\Windows\SYSTEM32\apphelp.dll
0x00007ffd62ad0000 - 0x00007ffd62b69000 	C:\Windows\system32\uxtheme.dll
0x00007ffd63b50000 - 0x00007ffd63b81000 	C:\Windows\SYSTEM32\ntmarta.dll

dbghelp: loaded successfully - version: 4.0.5 - missing functions: none
symbol engine: initialized successfully - sym options: 0x614 - pdb path: .;D:\Program Files\Android\jre\bin;C:\Windows\SYSTEM32;C:\Windows\WinSxS\amd64_microsoft.windows.common-controls_6595b64144ccf1df_6.0.18362.535_none_e6c3b34713100821;D:\Program Files\Android\jre\bin\server;C:\Users\asus\.gradle\native\f6784746aeab05261644944871eae4fe03e0ef1612fff0a4a95f87b438bc6780\windows-amd64

VM Arguments:
jvm_args: --add-opens=java.base/java.util=ALL-UNNAMED --add-opens=java.base/java.lang=ALL-UNNAMED --add-opens=java.base/java.lang.invoke=ALL-UNNAMED --add-opens=java.prefs/java.util.prefs=ALL-UNNAMED -Xmx2048m -Dfile.encoding=UTF-8 -Duser.country=RU -Duser.language=ru -Duser.variant 
java_command: org.gradle.launcher.daemon.bootstrap.GradleDaemon 6.5
java_class_path (initial): C:\Users\asus\.gradle\wrapper\dists\gradle-6.5-bin\6nifqtx7604sqp1q6g8wikw7p\gradle-6.5\lib\gradle-launcher-6.5.jar
Launcher Type: SUN_STANDARD

[Global flags]
     intx CICompilerCount                          = 4                                         {product} {ergonomic}
     uint ConcGCThreads                            = 2                                         {product} {ergonomic}
     uint G1ConcRefinementThreads                  = 8                                         {product} {ergonomic}
   size_t G1HeapRegionSize                         = 1048576                                   {product} {ergonomic}
    uintx GCDrainStackTargetSize                   = 64                                        {product} {ergonomic}
   size_t InitialHeapSize                          = 132120576                                 {product} {ergonomic}
   size_t MarkStackSize                            = 4194304                                   {product} {ergonomic}
   size_t MaxHeapSize                              = 2147483648                                {product} {command line}
   size_t MaxNewSize                               = 1287651328                                {product} {ergonomic}
   size_t MinHeapDeltaBytes                        = 1048576                                   {product} {ergonomic}
    uintx NonNMethodCodeHeapSize                   = 5836300                                {pd product} {ergonomic}
    uintx NonProfiledCodeHeapSize                  = 122910970                              {pd product} {ergonomic}
    uintx ProfiledCodeHeapSize                     = 122910970                              {pd product} {ergonomic}
    uintx ReservedCodeCacheSize                    = 251658240                              {pd product} {ergonomic}
     bool SegmentedCodeCache                       = true                                      {product} {ergonomic}
     bool UseCompressedClassPointers               = true                                 {lp64_product} {ergonomic}
     bool UseCompressedOops                        = true                                 {lp64_product} {ergonomic}
     bool UseG1GC                                  = true                                      {product} {ergonomic}
     bool UseLargePagesIndividualAllocation        = false                                  {pd product} {ergonomic}

Logging:
Log output configuration:
 #0: stdout all=warning uptime,level,tags
 #1: stderr all=off uptime,level,tags

Environment Variables:
JAVA_HOME=D:\Program Files\Java
PATH=C:\PROGRA~2\Borland\CBUILD~1\Bin;C:\PROGRA~2\Borland\CBUILD~1\Projects\Bpl;C:\Program Files\Common Files\Oracle\Java\javapath;C:\Windows\system32;C:\Windows;C:\Windows\System32\Wbem;C:\Windows\System32\WindowsPowerShell\v1.0\;C:\Program Files (x86)\NVIDIA Corporation\PhysX\Common;C:\Program Files\NVIDIA Corporation\NVIDIA NvDLISR;C:\Program Files\Microsoft\Web Platform Installer\;C:\Program Files (x86)\Microsoft ASP.NET\ASP.NET Web Pages\v1.0\;C:\Program Files\Microsoft SQL Server\110\Tools\Binn\;C:\Program Files\Git\cmd;C:\Users\asus\AppData\Local\Microsoft\WindowsApps;;D:\Program Files\JetBrains\IntelliJ IDEA Community Edition 2020.3\bin;
USERNAME=asus
OS=Windows_NT
PROCESSOR_IDENTIFIER=Intel64 Family 6 Model 126 Stepping 5, GenuineIntel



---------------  S Y S T E M  ---------------

OS: Windows 10 , 64 bit Build 18362 (10.0.18362.329)
OS uptime: 0 days 3:12 hours

CPU:total 8 (initial active 8) (4 cores per cpu, 2 threads per core) family 6 model 126 stepping 5, cmov, cx8, fxsr, mmx, sse, sse2, sse3, ssse3, sse4.1, sse4.2, popcnt, avx, avx2, aes, clmul, erms, 3dnowpref, lzcnt, ht, tsc, tscinvbit, bmi1, bmi2, adx, evex, sha, fma

Memory: 4k page, system-wide physical 7997M (892M free)
TotalPageFile size 7997M (AvailPageFile size 39M)
current process WorkingSet (physical memory assigned to process): 446M, peak: 455M
current process commit charge ("private bytes"): 484M, peak: 521M

vm_info: OpenJDK 64-Bit Server VM (11.0.8+10-b944.6842174) for windows-amd64 JRE (11.0.8+10-b944.6842174), built on Sep 19 2020 01:11:42 by "builder" with MS VC++ 14.0 (VS2015)

END.
