#
# There is insufficient memory for the Java Runtime Environment to continue.
# Native memory allocation (mmap) failed to map 126877696 bytes for Failed to commit area from 0x000000008f000000 to 0x0000000096900000 of length 126877696.
# Possible reasons:
#   The system is out of physical RAM or swap space
#   The process is running with CompressedOops enabled, and the Java Heap may be blocking the growth of the native heap
# Possible solutions:
#   Reduce memory load on the system
#   Increase physical memory or swap space
#   Check if swap backing store is full
#   Decrease Java heap size (-Xmx/-Xms)
#   Decrease number of Java threads
#   Decrease Java thread stack sizes (-Xss)
#   Set larger code cache with -XX:ReservedCodeCacheSize=
#   JVM is running with Unscaled Compressed Oops mode in which the Java heap is
#     placed in the first 4GB address space. The Java Heap base address is the
#     maximum limit for the native heap growth. Please use -XX:HeapBaseMinAddress
#     to set the Java Heap base and to place the Java Heap above 4GB virtual address.
# This output file may be truncated or incomplete.
#
#  Out of Memory Error (./src/hotspot/os/windows/os_windows.cpp:3303), pid=3988, tid=1568
#
# JRE version: OpenJDK Runtime Environment (11.0.8+10) (build 11.0.8+10-b944.6842174)
# Java VM: OpenJDK 64-Bit Server VM (11.0.8+10-b944.6842174, mixed mode, tiered, compressed oops, g1 gc, windows-amd64)
# No core dump will be written. Minidumps are not enabled by default on client versions of Windows
#

---------------  S U M M A R Y ------------

Command Line: --add-opens=java.base/java.util=ALL-UNNAMED --add-opens=java.base/java.lang=ALL-UNNAMED --add-opens=java.base/java.lang.invoke=ALL-UNNAMED --add-opens=java.prefs/java.util.prefs=ALL-UNNAMED -Xmx2048m -Dfile.encoding=UTF-8 -Duser.country=RU -Duser.language=ru -Duser.variant org.gradle.launcher.daemon.bootstrap.GradleDaemon 6.5

Host: Intel(R) Core(TM) i7-1065G7 CPU @ 1.30GHz, 8 cores, 7G,  Windows 10 , 64 bit Build 18362 (10.0.18362.329)
Time: Sun May 30 08:36:46 2021 Caiaaiay Acey (ceia) elapsed time: 24 seconds (0d 0h 0m 24s)

---------------  T H R E A D  ---------------

Current thread (0x0000020a2a8d8800):  VMThread "VM Thread" [stack: 0x000000873f300000,0x000000873f400000] [id=1568]

Stack: [0x000000873f300000,0x000000873f400000]
[error occurred during error reporting (printing stack bounds), id 0xc0000005, EXCEPTION_ACCESS_VIOLATION (0xc0000005) at pc=0x0000020a13720f67]

Native frames: (J=compiled Java code, j=interpreted, Vv=VM code, C=native code)
V  [jvm.dll+0x5de50a]
V  [jvm.dll+0x7122f5]
V  [jvm.dll+0x71384d]
V  [jvm.dll+0x713e65]
V  [jvm.dll+0x713e1b]
V  [jvm.dll+0x5dd958]
V  [jvm.dll+0x5de0f8]
C  [ntdll.dll+0xa11ff]
C  [ntdll.dll+0x6a289]
C  [ntdll.dll+0x9fe6e]
C  0x0000020a13720f67

VM_Operation (0x00000087487f9850): G1CollectForAllocation, mode: safepoint, requested by thread 0x0000020a2b6a4000


---------------  P R O C E S S  ---------------

Threads class SMR info:
_java_thread_list=0x0000020a2b84b600, length=146, elements={
0x0000020a0fda9000, 0x0000020a2a0be000, 0x0000020a2a0c1800, 0x0000020a2a8f6000,
0x0000020a2a8f8000, 0x0000020a2a8f9000, 0x0000020a2a8fe800, 0x0000020a2a901000,
0x0000020a2aac9800, 0x0000020a2aad8000, 0x0000020a2c8fc800, 0x0000020a2c576000,
0x0000020a2c577000, 0x0000020a2bc04000, 0x0000020a2b80c000, 0x0000020a2ca6e800,
0x0000020a2bae4000, 0x0000020a2c8c6000, 0x0000020a2af19800, 0x0000020a2af1a800,
0x0000020a2c9bb000, 0x0000020a2c9bd000, 0x0000020a2c9b9800, 0x0000020a2c9b7000,
0x0000020a2c9bd800, 0x0000020a2c9bc000, 0x0000020a2c9b8000, 0x0000020a2ce9b800,
0x0000020a2ce9c800, 0x0000020a2ce9d000, 0x0000020a2ce9f000, 0x0000020a2ce99000,
0x0000020a2ce9f800, 0x0000020a2ce9a000, 0x0000020a2cea3000, 0x0000020a2cea4800,
0x0000020a2cea4000, 0x0000020a2cea0800, 0x0000020a2cea2000, 0x0000020a2cea5800,
0x0000020a2cea6000, 0x0000020a2cea1800, 0x0000020a2cea7000, 0x0000020a2f1be000,
0x0000020a2f1bd800, 0x0000020a2f1bb800, 0x0000020a2f1bf000, 0x0000020a2f1c1800,
0x0000020a2f1bf800, 0x0000020a2f1c0800, 0x0000020a2f1c2000, 0x0000020a2f1bc800,
0x0000020a2f793800, 0x0000020a2f793000, 0x0000020a2f792000, 0x0000020a2f791000,
0x0000020a2f794800, 0x0000020a2f78e800, 0x0000020a2f795000, 0x0000020a2f78f800,
0x0000020a2f796000, 0x0000020a2f790800, 0x0000020a2f799800, 0x0000020a2f79b800,
0x0000020a2f798800, 0x0000020a2f797000, 0x0000020a2f79c800, 0x0000020a2f79d800,
0x0000020a2f79b000, 0x0000020a2f797800, 0x0000020a2f79a000, 0x0000020a2b821000,
0x0000020a2b822000, 0x0000020a2b820800, 0x0000020a2b81e000, 0x0000020a2b823000,
0x0000020a2b81d000, 0x0000020a2b81e800, 0x0000020a2b823800, 0x0000020a2b81f800,
0x0000020a2b826000, 0x0000020a2b829800, 0x0000020a2b827000, 0x0000020a2b828800,
0x0000020a2b82a000, 0x0000020a2b825000, 0x0000020a2b824800, 0x0000020a2b827800,
0x0000020a2b82b000, 0x0000020a2b82c000, 0x0000020a2c2c5000, 0x0000020a2c2c3800,
0x0000020a2c2c2800, 0x0000020a2c2c4000, 0x0000020a2c2c6000, 0x0000020a2c2c6800,
0x0000020a2c2c7800, 0x0000020a2c2c1800, 0x0000020a2c2c9000, 0x0000020a2c2ce000,
0x0000020a2c2ca000, 0x0000020a2c2c8000, 0x0000020a2c2d0800, 0x0000020a2c2cf000,
0x0000020a2c2ca800, 0x0000020a2c2cf800, 0x0000020a2c2cb800, 0x0000020a2c2cc800,
0x0000020a2c2cd000, 0x0000020a2c19d000, 0x0000020a2c19e800, 0x0000020a2c19e000,
0x0000020a2c1a1000, 0x0000020a2c19f800, 0x0000020a2c1a2000, 0x0000020a2c19c000,
0x0000020a2c1a3000, 0x0000020a2c1a3800, 0x0000020a2c1a4800, 0x0000020a2c1a5000,
0x0000020a2c1a6000, 0x0000020a2c1a0800, 0x0000020a2c1a9800, 0x0000020a2c1a7000,
0x0000020a2c1aa000, 0x0000020a2c1a7800, 0x0000020a2c1a8800, 0x0000020a2c1ab000,
0x0000020a2b69a800, 0x0000020a2b69c000, 0x0000020a2b69d800, 0x0000020a2b699000,
0x0000020a2b69f800, 0x0000020a2b6a0000, 0x0000020a2b69e800, 0x0000020a2b6a4000,
0x0000020a2b6a6800, 0x0000020a2b6a6000, 0x0000020a2b6a2800, 0x0000020a2b6a1000,
0x0000020a2b69b000, 0x0000020a2b6a5000, 0x0000020a2b6a3800, 0x0000020a2c9b8800,
0x0000020a2c9ba800, 0x0000020a33c89000
}

Java Threads: ( => current thread )
  0x0000020a0fda9000 JavaThread "main" [_thread_blocked, id=8696, stack(0x000000873ed00000,0x000000873ee00000)]
  0x0000020a2a0be000 JavaThread "Reference Handler" daemon [_thread_blocked, id=8272, stack(0x000000873f400000,0x000000873f500000)]
  0x0000020a2a0c1800 JavaThread "Finalizer" daemon [_thread_blocked, id=228, stack(0x000000873f500000,0x000000873f600000)]
  0x0000020a2a8f6000 JavaThread "Signal Dispatcher" daemon [_thread_blocked, id=9088, stack(0x000000873f600000,0x000000873f700000)]
  0x0000020a2a8f8000 JavaThread "Attach Listener" daemon [_thread_blocked, id=6648, stack(0x000000873f700000,0x000000873f800000)]
  0x0000020a2a8f9000 JavaThread "C2 CompilerThread0" daemon [_thread_in_native, id=2856, stack(0x000000873f800000,0x000000873f900000)]
  0x0000020a2a8fe800 JavaThread "C1 CompilerThread0" daemon [_thread_blocked, id=6324, stack(0x000000873f900000,0x000000873fa00000)]
  0x0000020a2a901000 JavaThread "Sweeper thread" daemon [_thread_blocked, id=8536, stack(0x000000873fa00000,0x000000873fb00000)]
  0x0000020a2aac9800 JavaThread "Common-Cleaner" daemon [_thread_blocked, id=5560, stack(0x000000873fb00000,0x000000873fc00000)]
  0x0000020a2aad8000 JavaThread "Service Thread" daemon [_thread_blocked, id=2716, stack(0x000000873fc00000,0x000000873fd00000)]
  0x0000020a2c8fc800 JavaThread "Daemon health stats" [_thread_blocked, id=5132, stack(0x0000008740100000,0x0000008740200000)]
  0x0000020a2c576000 JavaThread "Incoming local TCP Connector on port 54913" [_thread_in_native, id=2028, stack(0x0000008740300000,0x0000008740400000)]
  0x0000020a2c577000 JavaThread "Daemon periodic checks" [_thread_blocked, id=5872, stack(0x0000008740400000,0x0000008740500000)]
  0x0000020a2bc04000 JavaThread "Daemon" [_thread_blocked, id=7608, stack(0x0000008740600000,0x0000008740700000)]
  0x0000020a2b80c000 JavaThread "Handler for socket connection from /127.0.0.1:54913 to /127.0.0.1:54914" [_thread_in_native, id=9076, stack(0x0000008740700000,0x0000008740800000)]
  0x0000020a2ca6e800 JavaThread "Cancel handler" [_thread_blocked, id=4252, stack(0x0000008740800000,0x0000008740900000)]
  0x0000020a2bae4000 JavaThread "Daemon worker" [_thread_blocked, id=8756, stack(0x0000008740900000,0x0000008740a00000)]
  0x0000020a2c8c6000 JavaThread "Asynchronous log dispatcher for DefaultDaemonConnection: socket connection from /127.0.0.1:54913 to /127.0.0.1:54914" [_thread_blocked, id=8692, stack(0x0000008740a00000,0x0000008740b00000)]
  0x0000020a2af19800 JavaThread "Stdin handler" [_thread_blocked, id=8880, stack(0x0000008740b00000,0x0000008740c00000)]
  0x0000020a2af1a800 JavaThread "Thread-8" [_thread_blocked, id=6092, stack(0x0000008740c00000,0x0000008740d00000)]
  0x0000020a2c9bb000 JavaThread "Cache worker for journal cache (C:\Users\asus\.gradle\caches\journal-1)" [_thread_blocked, id=1660, stack(0x0000008741200000,0x0000008741300000)]
  0x0000020a2c9bd000 JavaThread "File lock request listener" [_thread_in_native, id=3148, stack(0x0000008741300000,0x0000008741400000)]
  0x0000020a2c9b9800 JavaThread "Cache worker for file hash cache (C:\Users\asus\.gradle\caches\6.5\fileHashes)" [_thread_blocked, id=8460, stack(0x0000008741400000,0x0000008741500000)]
  0x0000020a2c9b7000 JavaThread "Cache worker for file hash cache (D:\Android projects\Puzzle15_v1\.gradle\6.5\fileHashes)" [_thread_blocked, id=9168, stack(0x0000008741600000,0x0000008741700000)]
  0x0000020a2c9bd800 JavaThread "Cache worker for checksums cache (D:\Android projects\Puzzle15_v1\.gradle\checksums)" [_thread_blocked, id=1656, stack(0x0000008741700000,0x0000008741800000)]
  0x0000020a2c9bc000 JavaThread "Cache worker for cache directory md-supplier (C:\Users\asus\.gradle\caches\6.5\md-supplier)" [_thread_blocked, id=1852, stack(0x0000008741800000,0x0000008741900000)]
  0x0000020a2c9b8000 JavaThread "Cache worker for cache directory md-rule (C:\Users\asus\.gradle\caches\6.5\md-rule)" [_thread_blocked, id=1584, stack(0x0000008741900000,0x0000008741a00000)]
  0x0000020a2ce9b800 JavaThread "Cache worker for execution history cache (C:\Users\asus\.gradle\caches\6.5\executionHistory)" [_thread_blocked, id=9084, stack(0x0000008741b00000,0x0000008741c00000)]
  0x0000020a2ce9c800 JavaThread "jar transforms" [_thread_blocked, id=5676, stack(0x0000008741c00000,0x0000008741d00000)]
  0x0000020a2ce9d000 JavaThread "Cache worker for file content cache (C:\Users\asus\.gradle\caches\6.5\fileContent)" [_thread_blocked, id=9032, stack(0x0000008741d00000,0x0000008741e00000)]
  0x0000020a2ce9f000 JavaThread "Build operations" [_thread_blocked, id=6232, stack(0x0000008741e00000,0x0000008741f00000)]
  0x0000020a2ce99000 JavaThread "Build operations Thread 2" [_thread_blocked, id=4276, stack(0x0000008741f00000,0x0000008742000000)]
  0x0000020a2ce9f800 JavaThread "Build operations Thread 3" [_thread_blocked, id=7388, stack(0x0000008742000000,0x0000008742100000)]
  0x0000020a2ce9a000 JavaThread "Build operations Thread 4" [_thread_blocked, id=1304, stack(0x0000008742100000,0x0000008742200000)]
  0x0000020a2cea3000 JavaThread "Build operations Thread 5" [_thread_blocked, id=3428, stack(0x0000008742200000,0x0000008742300000)]
  0x0000020a2cea4800 JavaThread "Build operations Thread 6" [_thread_blocked, id=1196, stack(0x0000008742300000,0x0000008742400000)]
  0x0000020a2cea4000 JavaThread "Build operations Thread 7" [_thread_blocked, id=8916, stack(0x0000008742400000,0x0000008742500000)]
  0x0000020a2cea0800 JavaThread "Build operations Thread 8" [_thread_blocked, id=8804, stack(0x0000008742500000,0x0000008742600000)]
  0x0000020a2cea2000 JavaThread "jar transforms Thread 2" [_thread_blocked, id=8788, stack(0x0000008742600000,0x0000008742700000)]
  0x0000020a2cea5800 JavaThread "jar transforms Thread 3" [_thread_blocked, id=2384, stack(0x0000008742700000,0x0000008742800000)]
  0x0000020a2cea6000 JavaThread "jar transforms Thread 4" [_thread_blocked, id=7544, stack(0x0000008742800000,0x0000008742900000)]
  0x0000020a2cea1800 JavaThread "jar transforms Thread 5" [_thread_blocked, id=8724, stack(0x0000008742900000,0x0000008742a00000)]
  0x0000020a2cea7000 JavaThread "jar transforms Thread 6" [_thread_blocked, id=7340, stack(0x0000008742a00000,0x0000008742b00000)]
  0x0000020a2f1be000 JavaThread "jar transforms Thread 7" [_thread_blocked, id=3656, stack(0x0000008742b00000,0x0000008742c00000)]
  0x0000020a2f1bd800 JavaThread "jar transforms Thread 8" [_thread_blocked, id=5800, stack(0x0000008742c00000,0x0000008742d00000)]
  0x0000020a2f1bb800 JavaThread "jar transforms Thread 9" [_thread_blocked, id=8600, stack(0x0000008742d00000,0x0000008742e00000)]
  0x0000020a2f1bf000 JavaThread "jar transforms Thread 10" [_thread_blocked, id=9112, stack(0x0000008742e00000,0x0000008742f00000)]
  0x0000020a2f1c1800 JavaThread "jar transforms Thread 11" [_thread_blocked, id=516, stack(0x0000008742f00000,0x0000008743000000)]
  0x0000020a2f1bf800 JavaThread "jar transforms Thread 12" [_thread_blocked, id=7868, stack(0x0000008743000000,0x0000008743100000)]
  0x0000020a2f1c0800 JavaThread "jar transforms Thread 13" [_thread_blocked, id=492, stack(0x0000008743100000,0x0000008743200000)]
  0x0000020a2f1c2000 JavaThread "jar transforms Thread 14" [_thread_blocked, id=6792, stack(0x0000008743200000,0x0000008743300000)]
  0x0000020a2f1bc800 JavaThread "jar transforms Thread 15" [_thread_blocked, id=8840, stack(0x0000008743300000,0x0000008743400000)]
  0x0000020a2f793800 JavaThread "jar transforms Thread 16" [_thread_blocked, id=5852, stack(0x0000008743400000,0x0000008743500000)]
  0x0000020a2f793000 JavaThread "jar transforms Thread 17" [_thread_blocked, id=940, stack(0x0000008743500000,0x0000008743600000)]
  0x0000020a2f792000 JavaThread "jar transforms Thread 18" [_thread_blocked, id=9120, stack(0x0000008743600000,0x0000008743700000)]
  0x0000020a2f791000 JavaThread "jar transforms Thread 19" [_thread_blocked, id=2528, stack(0x0000008743700000,0x0000008743800000)]
  0x0000020a2f794800 JavaThread "jar transforms Thread 20" [_thread_blocked, id=8480, stack(0x0000008743800000,0x0000008743900000)]
  0x0000020a2f78e800 JavaThread "jar transforms Thread 21" [_thread_blocked, id=6952, stack(0x0000008743900000,0x0000008743a00000)]
  0x0000020a2f795000 JavaThread "jar transforms Thread 22" [_thread_blocked, id=7200, stack(0x0000008743a00000,0x0000008743b00000)]
  0x0000020a2f78f800 JavaThread "jar transforms Thread 23" [_thread_blocked, id=8664, stack(0x0000008743b00000,0x0000008743c00000)]
  0x0000020a2f796000 JavaThread "jar transforms Thread 24" [_thread_blocked, id=7692, stack(0x0000008743c00000,0x0000008743d00000)]
  0x0000020a2f790800 JavaThread "jar transforms Thread 25" [_thread_blocked, id=6164, stack(0x0000008743d00000,0x0000008743e00000)]
  0x0000020a2f799800 JavaThread "jar transforms Thread 26" [_thread_blocked, id=6592, stack(0x0000008743e00000,0x0000008743f00000)]
  0x0000020a2f79b800 JavaThread "jar transforms Thread 27" [_thread_blocked, id=5168, stack(0x0000008743f00000,0x0000008744000000)]
  0x0000020a2f798800 JavaThread "jar transforms Thread 28" [_thread_blocked, id=1440, stack(0x0000008744000000,0x0000008744100000)]
  0x0000020a2f797000 JavaThread "jar transforms Thread 29" [_thread_blocked, id=9192, stack(0x0000008744100000,0x0000008744200000)]
  0x0000020a2f79c800 JavaThread "jar transforms Thread 30" [_thread_blocked, id=5572, stack(0x0000008744200000,0x0000008744300000)]
  0x0000020a2f79d800 JavaThread "jar transforms Thread 31" [_thread_blocked, id=2640, stack(0x0000008744300000,0x0000008744400000)]
  0x0000020a2f79b000 JavaThread "jar transforms Thread 32" [_thread_blocked, id=7232, stack(0x0000008744400000,0x0000008744500000)]
  0x0000020a2f797800 JavaThread "jar transforms Thread 33" [_thread_blocked, id=9044, stack(0x0000008744500000,0x0000008744600000)]
  0x0000020a2f79a000 JavaThread "jar transforms Thread 34" [_thread_blocked, id=3000, stack(0x0000008744600000,0x0000008744700000)]
  0x0000020a2b821000 JavaThread "jar transforms Thread 35" [_thread_blocked, id=6932, stack(0x0000008744700000,0x0000008744800000)]
  0x0000020a2b822000 JavaThread "jar transforms Thread 36" [_thread_blocked, id=8656, stack(0x0000008744800000,0x0000008744900000)]
  0x0000020a2b820800 JavaThread "jar transforms Thread 37" [_thread_blocked, id=7392, stack(0x0000008744900000,0x0000008744a00000)]
  0x0000020a2b81e000 JavaThread "jar transforms Thread 38" [_thread_blocked, id=6916, stack(0x0000008744a00000,0x0000008744b00000)]
  0x0000020a2b823000 JavaThread "jar transforms Thread 39" [_thread_blocked, id=5808, stack(0x0000008744b00000,0x0000008744c00000)]
  0x0000020a2b81d000 JavaThread "jar transforms Thread 40" [_thread_blocked, id=1856, stack(0x0000008744c00000,0x0000008744d00000)]
  0x0000020a2b81e800 JavaThread "jar transforms Thread 41" [_thread_blocked, id=5152, stack(0x0000008744d00000,0x0000008744e00000)]
  0x0000020a2b823800 JavaThread "jar transforms Thread 42" [_thread_blocked, id=8728, stack(0x0000008744e00000,0x0000008744f00000)]
  0x0000020a2b81f800 JavaThread "jar transforms Thread 43" [_thread_blocked, id=2224, stack(0x0000008744f00000,0x0000008745000000)]
  0x0000020a2b826000 JavaThread "jar transforms Thread 44" [_thread_blocked, id=8632, stack(0x0000008745000000,0x0000008745100000)]
  0x0000020a2b829800 JavaThread "jar transforms Thread 45" [_thread_blocked, id=9172, stack(0x0000008745100000,0x0000008745200000)]
  0x0000020a2b827000 JavaThread "jar transforms Thread 46" [_thread_blocked, id=8208, stack(0x0000008745200000,0x0000008745300000)]
  0x0000020a2b828800 JavaThread "jar transforms Thread 47" [_thread_blocked, id=8448, stack(0x0000008745300000,0x0000008745400000)]
  0x0000020a2b82a000 JavaThread "jar transforms Thread 48" [_thread_blocked, id=776, stack(0x0000008745400000,0x0000008745500000)]
  0x0000020a2b825000 JavaThread "jar transforms Thread 49" [_thread_blocked, id=8268, stack(0x0000008745500000,0x0000008745600000)]
  0x0000020a2b824800 JavaThread "jar transforms Thread 50" [_thread_blocked, id=8812, stack(0x0000008745600000,0x0000008745700000)]
  0x0000020a2b827800 JavaThread "jar transforms Thread 51" [_thread_blocked, id=5244, stack(0x0000008745700000,0x0000008745800000)]
  0x0000020a2b82b000 JavaThread "jar transforms Thread 52" [_thread_blocked, id=1376, stack(0x0000008745800000,0x0000008745900000)]
  0x0000020a2b82c000 JavaThread "jar transforms Thread 53" [_thread_blocked, id=2220, stack(0x0000008745900000,0x0000008745a00000)]
  0x0000020a2c2c5000 JavaThread "jar transforms Thread 54" [_thread_blocked, id=2532, stack(0x0000008745a00000,0x0000008745b00000)]
  0x0000020a2c2c3800 JavaThread "jar transforms Thread 55" [_thread_blocked, id=2880, stack(0x0000008745b00000,0x0000008745c00000)]
  0x0000020a2c2c2800 JavaThread "jar transforms Thread 56" [_thread_blocked, id=2352, stack(0x0000008745c00000,0x0000008745d00000)]
  0x0000020a2c2c4000 JavaThread "jar transforms Thread 57" [_thread_blocked, id=8644, stack(0x0000008745d00000,0x0000008745e00000)]
  0x0000020a2c2c6000 JavaThread "jar transforms Thread 58" [_thread_blocked, id=2124, stack(0x0000008745e00000,0x0000008745f00000)]
  0x0000020a2c2c6800 JavaThread "jar transforms Thread 59" [_thread_blocked, id=3272, stack(0x0000008745f00000,0x0000008746000000)]
  0x0000020a2c2c7800 JavaThread "jar transforms Thread 60" [_thread_blocked, id=8588, stack(0x0000008746000000,0x0000008746100000)]
  0x0000020a2c2c1800 JavaThread "jar transforms Thread 61" [_thread_blocked, id=828, stack(0x0000008746100000,0x0000008746200000)]
  0x0000020a2c2c9000 JavaThread "jar transforms Thread 62" [_thread_blocked, id=5760, stack(0x0000008746200000,0x0000008746300000)]
  0x0000020a2c2ce000 JavaThread "jar transforms Thread 63" [_thread_blocked, id=6040, stack(0x0000008746300000,0x0000008746400000)]
  0x0000020a2c2ca000 JavaThread "jar transforms Thread 64" [_thread_blocked, id=3488, stack(0x0000008746400000,0x0000008746500000)]
  0x0000020a2c2c8000 JavaThread "jar transforms Thread 65" [_thread_blocked, id=7336, stack(0x0000008746500000,0x0000008746600000)]
  0x0000020a2c2d0800 JavaThread "jar transforms Thread 66" [_thread_blocked, id=5460, stack(0x0000008746600000,0x0000008746700000)]
  0x0000020a2c2cf000 JavaThread "jar transforms Thread 67" [_thread_blocked, id=8276, stack(0x0000008746700000,0x0000008746800000)]
  0x0000020a2c2ca800 JavaThread "jar transforms Thread 68" [_thread_blocked, id=9164, stack(0x0000008746800000,0x0000008746900000)]
  0x0000020a2c2cf800 JavaThread "jar transforms Thread 69" [_thread_blocked, id=1916, stack(0x0000008746900000,0x0000008746a00000)]
  0x0000020a2c2cb800 JavaThread "jar transforms Thread 70" [_thread_blocked, id=6624, stack(0x0000008746a00000,0x0000008746b00000)]
  0x0000020a2c2cc800 JavaThread "jar transforms Thread 71" [_thread_blocked, id=6228, stack(0x0000008746b00000,0x0000008746c00000)]
  0x0000020a2c2cd000 JavaThread "jar transforms Thread 72" [_thread_blocked, id=1152, stack(0x0000008746c00000,0x0000008746d00000)]
  0x0000020a2c19d000 JavaThread "jar transforms Thread 73" [_thread_blocked, id=1884, stack(0x0000008746d00000,0x0000008746e00000)]
  0x0000020a2c19e800 JavaThread "jar transforms Thread 74" [_thread_blocked, id=8424, stack(0x0000008746e00000,0x0000008746f00000)]
  0x0000020a2c19e000 JavaThread "jar transforms Thread 75" [_thread_blocked, id=9156, stack(0x0000008746f00000,0x0000008747000000)]
  0x0000020a2c1a1000 JavaThread "jar transforms Thread 76" [_thread_blocked, id=8284, stack(0x0000008747000000,0x0000008747100000)]
  0x0000020a2c19f800 JavaThread "jar transforms Thread 77" [_thread_blocked, id=9020, stack(0x0000008747100000,0x0000008747200000)]
  0x0000020a2c1a2000 JavaThread "jar transforms Thread 78" [_thread_blocked, id=8372, stack(0x0000008747200000,0x0000008747300000)]
  0x0000020a2c19c000 JavaThread "jar transforms Thread 79" [_thread_blocked, id=3944, stack(0x0000008747300000,0x0000008747400000)]
  0x0000020a2c1a3000 JavaThread "jar transforms Thread 80" [_thread_blocked, id=8244, stack(0x0000008747400000,0x0000008747500000)]
  0x0000020a2c1a3800 JavaThread "jar transforms Thread 81" [_thread_blocked, id=2796, stack(0x0000008747500000,0x0000008747600000)]
  0x0000020a2c1a4800 JavaThread "jar transforms Thread 82" [_thread_blocked, id=4888, stack(0x0000008747600000,0x0000008747700000)]
  0x0000020a2c1a5000 JavaThread "jar transforms Thread 83" [_thread_blocked, id=4052, stack(0x0000008747700000,0x0000008747800000)]
  0x0000020a2c1a6000 JavaThread "jar transforms Thread 84" [_thread_blocked, id=6948, stack(0x0000008747800000,0x0000008747900000)]
  0x0000020a2c1a0800 JavaThread "jar transforms Thread 85" [_thread_blocked, id=7732, stack(0x0000008747900000,0x0000008747a00000)]
  0x0000020a2c1a9800 JavaThread "jar transforms Thread 86" [_thread_blocked, id=9204, stack(0x0000008747a00000,0x0000008747b00000)]
  0x0000020a2c1a7000 JavaThread "jar transforms Thread 87" [_thread_blocked, id=1724, stack(0x0000008747b00000,0x0000008747c00000)]
  0x0000020a2c1aa000 JavaThread "jar transforms Thread 88" [_thread_blocked, id=8872, stack(0x0000008747c00000,0x0000008747d00000)]
  0x0000020a2c1a7800 JavaThread "jar transforms Thread 89" [_thread_blocked, id=6968, stack(0x0000008747d00000,0x0000008747e00000)]
  0x0000020a2c1a8800 JavaThread "jar transforms Thread 90" [_thread_blocked, id=2436, stack(0x0000008747e00000,0x0000008747f00000)]
  0x0000020a2c1ab000 JavaThread "jar transforms Thread 91" [_thread_blocked, id=8212, stack(0x0000008747f00000,0x0000008748000000)]
  0x0000020a2b69a800 JavaThread "jar transforms Thread 92" [_thread_blocked, id=5316, stack(0x0000008748000000,0x0000008748100000)]
  0x0000020a2b69c000 JavaThread "Cache worker for Build Output Cleanup Cache (D:\Android projects\Puzzle15_v1\.gradle\buildOutputCleanup)" [_thread_blocked, id=9024, stack(0x0000008740500000,0x0000008740600000)]
  0x0000020a2b69d800 JavaThread "Memory manager" [_thread_blocked, id=7532, stack(0x0000008748200000,0x0000008748300000)]
  0x0000020a2b699000 JavaThread "Cache worker for file content cache (D:\Android projects\Puzzle15_v1\.gradle\6.5\fileContent)" [_thread_blocked, id=4952, stack(0x0000008748300000,0x0000008748400000)]
  0x0000020a2b69f800 JavaThread "Execution worker for ':'" [_thread_blocked, id=9200, stack(0x0000008748400000,0x0000008748500000)]
  0x0000020a2b6a0000 JavaThread "Execution worker for ':' Thread 2" [_thread_blocked, id=676, stack(0x0000008748500000,0x0000008748600000)]
  0x0000020a2b69e800 JavaThread "Execution worker for ':' Thread 3" [_thread_blocked, id=7288, stack(0x0000008748600000,0x0000008748700000)]
  0x0000020a2b6a4000 JavaThread "Execution worker for ':' Thread 4" [_thread_blocked, id=4676, stack(0x0000008748700000,0x0000008748800000)]
  0x0000020a2b6a6800 JavaThread "Execution worker for ':' Thread 5" [_thread_blocked, id=3936, stack(0x0000008748800000,0x0000008748900000)]
  0x0000020a2b6a6000 JavaThread "Execution worker for ':' Thread 6" [_thread_blocked, id=8852, stack(0x0000008748900000,0x0000008748a00000)]
  0x0000020a2b6a2800 JavaThread "Execution worker for ':' Thread 7" [_thread_blocked, id=388, stack(0x0000008748a00000,0x0000008748b00000)]
  0x0000020a2b6a1000 JavaThread "Cache worker for execution history cache (D:\Android projects\Puzzle15_v1\.gradle\6.5\executionHistory)" [_thread_blocked, id=8760, stack(0x0000008748b00000,0x0000008748c00000)]
  0x0000020a2b69b000 JavaThread "C2 CompilerThread1" daemon [_thread_in_native, id=7928, stack(0x0000008741a00000,0x0000008741b00000)]
  0x0000020a2b6a5000 JavaThread "C2 CompilerThread2" daemon [_thread_in_native, id=9040, stack(0x0000008748100000,0x0000008748200000)]
  0x0000020a2b6a3800 JavaThread "ForkJoinPool-3-worker-3" daemon [_thread_blocked, id=8220, stack(0x0000008748c00000,0x0000008748d00000)]
  0x0000020a2c9b8800 JavaThread "ForkJoinPool-3-worker-5" daemon [_thread_blocked, id=4296, stack(0x0000008748d00000,0x0000008748e00000)]
  0x0000020a2c9ba800 JavaThread "ForkJoinPool-3-worker-1" daemon [_thread_blocked, id=5536, stack(0x0000008748e00000,0x0000008748f00000)]
  0x0000020a33c89000 JavaThread "ForkJoinPool-3-worker-7" daemon [_thread_blocked, id=8796, stack(0x0000008748f00000,0x0000008749000000)]

Other Threads:
=>0x0000020a2a8d8800 VMThread "VM Thread" [stack: 0x000000873f300000,0x000000873f400000] [id=1568]
  0x0000020a2aad9000 WatcherThread [stack: 0x000000873fd00000,0x000000873fe00000] [id=8288]
  0x0000020a0fdc3000 GCTaskThread "GC Thread#0" [stack: 0x000000873ee00000,0x000000873ef00000] [id=8300]
  0x0000020a2b4b7000 GCTaskThread "GC Thread#1" [stack: 0x000000873ff00000,0x0000008740000000] [id=2556]
  0x0000020a2b520800 GCTaskThread "GC Thread#2" [stack: 0x0000008740000000,0x0000008740100000] [id=4908]
  0x0000020a2b977000 GCTaskThread "GC Thread#3" [stack: 0x0000008740d00000,0x0000008740e00000] [id=7296]
  0x0000020a2b91e000 GCTaskThread "GC Thread#4" [stack: 0x0000008740e00000,0x0000008740f00000] [id=7648]
  0x0000020a2c0ea000 GCTaskThread "GC Thread#5" [stack: 0x0000008740f00000,0x0000008741000000] [id=5112]
  0x0000020a2ab7e800 GCTaskThread "GC Thread#6" [stack: 0x0000008741000000,0x0000008741100000] [id=3904]
  0x0000020a2bf99000 GCTaskThread "GC Thread#7" [stack: 0x0000008741100000,0x0000008741200000] [id=4664]
  0x0000020a0fe12800 ConcurrentGCThread "G1 Main Marker" [stack: 0x000000873ef00000,0x000000873f000000] [id=8964]
  0x0000020a0fe14000 ConcurrentGCThread "G1 Conc#0" [stack: 0x000000873f000000,0x000000873f100000] [id=8388]
  0x0000020a2c99f800 ConcurrentGCThread "G1 Conc#1" [stack: 0x0000008741500000,0x0000008741600000] [id=7484]
  0x0000020a0fe7e800 ConcurrentGCThread "G1 Refine#0" [stack: 0x000000873f100000,0x000000873f200000] [id=6196]
  0x0000020a35fe6800 ConcurrentGCThread "G1 Refine#1" [stack: 0x0000008749000000,0x0000008749100000] [id=3160]
  0x0000020a32453800 ConcurrentGCThread "G1 Refine#2" [stack: 0x0000008749100000,0x0000008749200000] [id=4000]
  0x0000020a29f07800 ConcurrentGCThread "G1 Young RemSet Sampling" [stack: 0x000000873f200000,0x000000873f300000] [id=7008]

Threads with active compile tasks:
C2 CompilerThread0  24353 13229       4       com.android.tools.r8.z.a.a.f::a (3630 bytes)
C2 CompilerThread1  24353 13319       4       com.android.tools.r8.graph.I0$c::a (578 bytes)
C2 CompilerThread2  24353 13341       4       com.android.tools.r8.graph.H0::c (177 bytes)

VM state:at safepoint (normal execution)

VM Mutex/Monitor currently owned by a thread:  ([mutex/lock_event])
[0x0000020a0fda7d20] Threads_lock - owner thread: 0x0000020a2a8d8800
[0x0000020a0fda7030] Heap_lock - owner thread: 0x0000020a2b6a4000

Heap address: 0x0000000080000000, size: 2048 MB, Compressed Oops mode: 32-bit
Narrow klass base: 0x0000000000000000, Narrow klass shift: 3
Compressed class space size: 1073741824 Address: 0x0000000100000000

Heap:
 garbage-first heap   total 369664K, used 176595K [0x0000000080000000, 0x0000000100000000)
  region size 1024K, 5 young (5120K), 5 survivors (5120K)
 Metaspace       used 129886K, capacity 132782K, committed 133140K, reserved 1165312K
  class space    used 16368K, capacity 17424K, committed 17520K, reserved 1048576K
Heap Regions: E=young(eden), S=young(survivor), O=old, HS=humongous(starts), HC=humongous(continues), CS=collection set, F=free, A=archive, TAMS=top-at-mark-start (previous, next)
|   0|0x0000000080000000, 0x0000000080100000, 0x0000000080100000|100%|HS|  |TAMS 0x0000000080100000, 0x0000000080100000| Complete 
|   1|0x0000000080100000, 0x0000000080200000, 0x0000000080200000|100%| O|  |TAMS 0x0000000080200000, 0x0000000080200000| Untracked 
|   2|0x0000000080200000, 0x0000000080300000, 0x0000000080300000|100%| O|  |TAMS 0x0000000080300000, 0x0000000080300000| Untracked 
|   3|0x0000000080300000, 0x0000000080400000, 0x0000000080400000|100%|HS|  |TAMS 0x0000000080400000, 0x0000000080400000| Complete 
|   4|0x0000000080400000, 0x0000000080500000, 0x0000000080500000|100%|HC|  |TAMS 0x0000000080500000, 0x0000000080500000| Complete 
|   5|0x0000000080500000, 0x0000000080600000, 0x0000000080600000|100%|HC|  |TAMS 0x0000000080600000, 0x0000000080600000| Complete 
|   6|0x0000000080600000, 0x0000000080700000, 0x0000000080700000|100%| O|  |TAMS 0x0000000080700000, 0x0000000080700000| Untracked 
|   7|0x0000000080700000, 0x0000000080800000, 0x0000000080800000|100%| O|  |TAMS 0x0000000080800000, 0x0000000080800000| Untracked 
|   8|0x0000000080800000, 0x0000000080900000, 0x0000000080900000|100%| O|  |TAMS 0x0000000080900000, 0x0000000080900000| Untracked 
|   9|0x0000000080900000, 0x0000000080a00000, 0x0000000080a00000|100%| O|  |TAMS 0x0000000080a00000, 0x0000000080a00000| Untracked 
|  10|0x0000000080a00000, 0x0000000080b00000, 0x0000000080b00000|100%| O|  |TAMS 0x0000000080b00000, 0x0000000080b00000| Untracked 
|  11|0x0000000080b00000, 0x0000000080c00000, 0x0000000080c00000|100%| O|  |TAMS 0x0000000080c00000, 0x0000000080c00000| Untracked 
|  12|0x0000000080c00000, 0x0000000080d00000, 0x0000000080d00000|100%| O|  |TAMS 0x0000000080d00000, 0x0000000080d00000| Untracked 
|  13|0x0000000080d00000, 0x0000000080e00000, 0x0000000080e00000|100%| O|  |TAMS 0x0000000080e00000, 0x0000000080e00000| Untracked 
|  14|0x0000000080e00000, 0x0000000080f00000, 0x0000000080f00000|100%| O|  |TAMS 0x0000000080f00000, 0x0000000080f00000| Untracked 
|  15|0x0000000080f00000, 0x0000000081000000, 0x0000000081000000|100%| O|  |TAMS 0x0000000081000000, 0x0000000081000000| Untracked 
|  16|0x0000000081000000, 0x0000000081100000, 0x0000000081100000|100%| O|  |TAMS 0x0000000081100000, 0x0000000081100000| Untracked 
|  17|0x0000000081100000, 0x0000000081200000, 0x0000000081200000|100%|HS|  |TAMS 0x0000000081200000, 0x0000000081200000| Complete 
|  18|0x0000000081200000, 0x0000000081300000, 0x0000000081300000|100%|HC|  |TAMS 0x0000000081300000, 0x0000000081300000| Complete 
|  19|0x0000000081300000, 0x0000000081400000, 0x0000000081400000|100%| O|  |TAMS 0x0000000081400000, 0x0000000081400000| Untracked 
|  20|0x0000000081400000, 0x0000000081500000, 0x0000000081500000|100%| O|  |TAMS 0x0000000081500000, 0x0000000081500000| Untracked 
|  21|0x0000000081500000, 0x0000000081600000, 0x0000000081600000|100%| O|  |TAMS 0x0000000081600000, 0x0000000081600000| Untracked 
|  22|0x0000000081600000, 0x0000000081700000, 0x0000000081700000|100%| O|  |TAMS 0x0000000081700000, 0x0000000081700000| Untracked 
|  23|0x0000000081700000, 0x0000000081800000, 0x0000000081800000|100%| O|  |TAMS 0x0000000081800000, 0x0000000081800000| Untracked 
|  24|0x0000000081800000, 0x0000000081900000, 0x0000000081900000|100%| O|  |TAMS 0x0000000081900000, 0x0000000081900000| Untracked 
|  25|0x0000000081900000, 0x0000000081a00000, 0x0000000081a00000|100%| O|  |TAMS 0x0000000081a00000, 0x0000000081a00000| Untracked 
|  26|0x0000000081a00000, 0x0000000081b00000, 0x0000000081b00000|100%| O|  |TAMS 0x0000000081b00000, 0x0000000081b00000| Untracked 
|  27|0x0000000081b00000, 0x0000000081c00000, 0x0000000081c00000|100%| O|  |TAMS 0x0000000081c00000, 0x0000000081c00000| Untracked 
|  28|0x0000000081c00000, 0x0000000081d00000, 0x0000000081d00000|100%| O|  |TAMS 0x0000000081d00000, 0x0000000081d00000| Untracked 
|  29|0x0000000081d00000, 0x0000000081e00000, 0x0000000081e00000|100%| O|  |TAMS 0x0000000081e00000, 0x0000000081e00000| Untracked 
|  30|0x0000000081e00000, 0x0000000081f00000, 0x0000000081f00000|100%| O|  |TAMS 0x0000000081f00000, 0x0000000081f00000| Untracked 
|  31|0x0000000081f00000, 0x0000000082000000, 0x0000000082000000|100%| O|  |TAMS 0x0000000082000000, 0x0000000082000000| Untracked 
|  32|0x0000000082000000, 0x0000000082100000, 0x0000000082100000|100%| O|  |TAMS 0x0000000082100000, 0x0000000082100000| Untracked 
|  33|0x0000000082100000, 0x0000000082200000, 0x0000000082200000|100%| O|  |TAMS 0x0000000082200000, 0x0000000082200000| Untracked 
|  34|0x0000000082200000, 0x0000000082300000, 0x0000000082300000|100%| O|  |TAMS 0x0000000082300000, 0x0000000082300000| Untracked 
|  35|0x0000000082300000, 0x0000000082400000, 0x0000000082400000|100%| O|  |TAMS 0x0000000082400000, 0x0000000082400000| Untracked 
|  36|0x0000000082400000, 0x0000000082500000, 0x0000000082500000|100%| O|  |TAMS 0x0000000082500000, 0x0000000082500000| Untracked 
|  37|0x0000000082500000, 0x0000000082600000, 0x0000000082600000|100%| O|  |TAMS 0x0000000082600000, 0x0000000082600000| Untracked 
|  38|0x0000000082600000, 0x0000000082700000, 0x0000000082700000|100%| O|  |TAMS 0x0000000082700000, 0x0000000082700000| Untracked 
|  39|0x0000000082700000, 0x0000000082800000, 0x0000000082800000|100%| O|  |TAMS 0x0000000082800000, 0x0000000082800000| Untracked 
|  40|0x0000000082800000, 0x0000000082900000, 0x0000000082900000|100%| O|  |TAMS 0x0000000082900000, 0x0000000082900000| Untracked 
|  41|0x0000000082900000, 0x0000000082a00000, 0x0000000082a00000|100%| O|  |TAMS 0x0000000082a00000, 0x0000000082a00000| Untracked 
|  42|0x0000000082a00000, 0x0000000082b00000, 0x0000000082b00000|100%| O|  |TAMS 0x0000000082b00000, 0x0000000082b00000| Untracked 
|  43|0x0000000082b00000, 0x0000000082c00000, 0x0000000082c00000|100%| O|  |TAMS 0x0000000082c00000, 0x0000000082c00000| Untracked 
|  44|0x0000000082c00000, 0x0000000082d00000, 0x0000000082d00000|100%| O|  |TAMS 0x0000000082d00000, 0x0000000082d00000| Untracked 
|  45|0x0000000082d00000, 0x0000000082e00000, 0x0000000082e00000|100%| O|  |TAMS 0x0000000082e00000, 0x0000000082e00000| Untracked 
|  46|0x0000000082e00000, 0x0000000082f00000, 0x0000000082f00000|100%| O|  |TAMS 0x0000000082f00000, 0x0000000082f00000| Untracked 
|  47|0x0000000082f00000, 0x0000000083000000, 0x0000000083000000|100%|HS|  |TAMS 0x0000000083000000, 0x0000000083000000| Complete 
|  48|0x0000000083000000, 0x0000000083100000, 0x0000000083100000|100%| O|  |TAMS 0x0000000083100000, 0x0000000083100000| Untracked 
|  49|0x0000000083100000, 0x0000000083200000, 0x0000000083200000|100%| O|  |TAMS 0x0000000083200000, 0x0000000083200000| Untracked 
|  50|0x0000000083200000, 0x0000000083300000, 0x0000000083300000|100%| O|  |TAMS 0x0000000083300000, 0x0000000083300000| Untracked 
|  51|0x0000000083300000, 0x0000000083400000, 0x0000000083400000|100%| O|  |TAMS 0x0000000083400000, 0x0000000083400000| Untracked 
|  52|0x0000000083400000, 0x0000000083500000, 0x0000000083500000|100%|HS|  |TAMS 0x0000000083500000, 0x0000000083500000| Complete 
|  53|0x0000000083500000, 0x0000000083600000, 0x0000000083600000|100%|HC|  |TAMS 0x0000000083600000, 0x0000000083600000| Complete 
|  54|0x0000000083600000, 0x0000000083700000, 0x0000000083700000|100%| O|  |TAMS 0x0000000083700000, 0x0000000083700000| Untracked 
|  55|0x0000000083700000, 0x0000000083800000, 0x0000000083800000|100%| O|  |TAMS 0x0000000083800000, 0x0000000083800000| Untracked 
|  56|0x0000000083800000, 0x0000000083900000, 0x0000000083900000|100%| O|  |TAMS 0x0000000083900000, 0x0000000083900000| Untracked 
|  57|0x0000000083900000, 0x0000000083a00000, 0x0000000083a00000|100%| O|  |TAMS 0x0000000083a00000, 0x0000000083a00000| Untracked 
|  58|0x0000000083a00000, 0x0000000083b00000, 0x0000000083b00000|100%| O|  |TAMS 0x0000000083b00000, 0x0000000083b00000| Untracked 
|  59|0x0000000083b00000, 0x0000000083c00000, 0x0000000083c00000|100%| O|  |TAMS 0x0000000083c00000, 0x0000000083c00000| Untracked 
|  60|0x0000000083c00000, 0x0000000083d00000, 0x0000000083d00000|100%| O|  |TAMS 0x0000000083d00000, 0x0000000083d00000| Untracked 
|  61|0x0000000083d00000, 0x0000000083e00000, 0x0000000083e00000|100%| O|  |TAMS 0x0000000083e00000, 0x0000000083e00000| Untracked 
|  62|0x0000000083e00000, 0x0000000083f00000, 0x0000000083f00000|100%| O|  |TAMS 0x0000000083f00000, 0x0000000083f00000| Untracked 
|  63|0x0000000083f00000, 0x0000000084000000, 0x0000000084000000|100%| O|  |TAMS 0x0000000084000000, 0x0000000084000000| Untracked 
|  64|0x0000000084000000, 0x0000000084100000, 0x0000000084100000|100%| O|  |TAMS 0x0000000084100000, 0x0000000084100000| Untracked 
|  65|0x0000000084100000, 0x0000000084200000, 0x0000000084200000|100%| O|  |TAMS 0x0000000084200000, 0x0000000084200000| Untracked 
|  66|0x0000000084200000, 0x0000000084300000, 0x0000000084300000|100%| O|  |TAMS 0x0000000084300000, 0x0000000084300000| Untracked 
|  67|0x0000000084300000, 0x0000000084400000, 0x0000000084400000|100%| O|  |TAMS 0x0000000084400000, 0x0000000084400000| Untracked 
|  68|0x0000000084400000, 0x0000000084500000, 0x0000000084500000|100%| O|  |TAMS 0x0000000084500000, 0x0000000084500000| Untracked 
|  69|0x0000000084500000, 0x0000000084600000, 0x0000000084600000|100%|HS|  |TAMS 0x0000000084600000, 0x0000000084600000| Complete 
|  70|0x0000000084600000, 0x0000000084700000, 0x0000000084700000|100%|HC|  |TAMS 0x0000000084700000, 0x0000000084700000| Complete 
|  71|0x0000000084700000, 0x0000000084800000, 0x0000000084800000|100%| O|  |TAMS 0x0000000084800000, 0x0000000084800000| Untracked 
|  72|0x0000000084800000, 0x0000000084900000, 0x0000000084900000|100%| O|  |TAMS 0x0000000084900000, 0x0000000084900000| Untracked 
|  73|0x0000000084900000, 0x0000000084a00000, 0x0000000084a00000|100%| O|  |TAMS 0x0000000084a00000, 0x0000000084a00000| Untracked 
|  74|0x0000000084a00000, 0x0000000084b00000, 0x0000000084b00000|100%| O|  |TAMS 0x0000000084b00000, 0x0000000084b00000| Untracked 
|  75|0x0000000084b00000, 0x0000000084c00000, 0x0000000084c00000|100%| O|  |TAMS 0x0000000084c00000, 0x0000000084c00000| Untracked 
|  76|0x0000000084c00000, 0x0000000084d00000, 0x0000000084d00000|100%| O|  |TAMS 0x0000000084d00000, 0x0000000084d00000| Untracked 
|  77|0x0000000084d00000, 0x0000000084e00000, 0x0000000084e00000|100%| O|  |TAMS 0x0000000084e00000, 0x0000000084e00000| Untracked 
|  78|0x0000000084e00000, 0x0000000084f00000, 0x0000000084f00000|100%| O|  |TAMS 0x0000000084f00000, 0x0000000084f00000| Untracked 
|  79|0x0000000084f00000, 0x0000000085000000, 0x0000000085000000|100%| O|  |TAMS 0x0000000085000000, 0x0000000085000000| Untracked 
|  80|0x0000000085000000, 0x0000000085100000, 0x0000000085100000|100%| O|  |TAMS 0x0000000085100000, 0x0000000085100000| Untracked 
|  81|0x0000000085100000, 0x0000000085200000, 0x0000000085200000|100%| O|  |TAMS 0x0000000085200000, 0x0000000085200000| Untracked 
|  82|0x0000000085200000, 0x0000000085300000, 0x0000000085300000|100%| O|  |TAMS 0x0000000085300000, 0x0000000085300000| Untracked 
|  83|0x0000000085300000, 0x0000000085400000, 0x0000000085400000|100%| O|  |TAMS 0x0000000085400000, 0x0000000085400000| Untracked 
|  84|0x0000000085400000, 0x0000000085500000, 0x0000000085500000|100%| O|  |TAMS 0x0000000085500000, 0x0000000085500000| Untracked 
|  85|0x0000000085500000, 0x0000000085600000, 0x0000000085600000|100%| O|  |TAMS 0x0000000085600000, 0x0000000085600000| Untracked 
|  86|0x0000000085600000, 0x0000000085700000, 0x0000000085700000|100%| O|  |TAMS 0x0000000085700000, 0x0000000085700000| Untracked 
|  87|0x0000000085700000, 0x0000000085800000, 0x0000000085800000|100%| O|  |TAMS 0x0000000085800000, 0x0000000085800000| Untracked 
|  88|0x0000000085800000, 0x0000000085900000, 0x0000000085900000|100%| O|  |TAMS 0x0000000085900000, 0x0000000085900000| Untracked 
|  89|0x0000000085900000, 0x0000000085a00000, 0x0000000085a00000|100%| O|  |TAMS 0x0000000085a00000, 0x0000000085a00000| Untracked 
|  90|0x0000000085a00000, 0x0000000085b00000, 0x0000000085b00000|100%|HS|  |TAMS 0x0000000085b00000, 0x0000000085b00000| Complete 
|  91|0x0000000085b00000, 0x0000000085c00000, 0x0000000085c00000|100%|HC|  |TAMS 0x0000000085c00000, 0x0000000085c00000| Complete 
|  92|0x0000000085c00000, 0x0000000085d00000, 0x0000000085d00000|100%| O|  |TAMS 0x0000000085d00000, 0x0000000085d00000| Untracked 
|  93|0x0000000085d00000, 0x0000000085e00000, 0x0000000085e00000|100%| O|  |TAMS 0x0000000085e00000, 0x0000000085e00000| Untracked 
|  94|0x0000000085e00000, 0x0000000085f00000, 0x0000000085f00000|100%| O|  |TAMS 0x0000000085f00000, 0x0000000085f00000| Untracked 
|  95|0x0000000085f00000, 0x0000000086000000, 0x0000000086000000|100%| O|  |TAMS 0x0000000086000000, 0x0000000086000000| Untracked 
|  96|0x0000000086000000, 0x0000000086100000, 0x0000000086100000|100%| O|  |TAMS 0x0000000086100000, 0x0000000086100000| Untracked 
|  97|0x0000000086100000, 0x0000000086200000, 0x0000000086200000|100%| O|  |TAMS 0x0000000086200000, 0x0000000086200000| Untracked 
|  98|0x0000000086200000, 0x0000000086300000, 0x0000000086300000|100%| O|  |TAMS 0x0000000086300000, 0x0000000086300000| Untracked 
|  99|0x0000000086300000, 0x0000000086400000, 0x0000000086400000|100%| O|  |TAMS 0x0000000086400000, 0x0000000086400000| Untracked 
| 100|0x0000000086400000, 0x0000000086500000, 0x0000000086500000|100%| O|  |TAMS 0x0000000086500000, 0x0000000086500000| Untracked 
| 101|0x0000000086500000, 0x0000000086600000, 0x0000000086600000|100%| O|  |TAMS 0x0000000086600000, 0x0000000086600000| Untracked 
| 102|0x0000000086600000, 0x0000000086700000, 0x0000000086700000|100%| O|  |TAMS 0x0000000086700000, 0x0000000086700000| Untracked 
| 103|0x0000000086700000, 0x0000000086800000, 0x0000000086800000|100%| O|  |TAMS 0x0000000086800000, 0x0000000086800000| Untracked 
| 104|0x0000000086800000, 0x0000000086900000, 0x0000000086900000|100%| O|  |TAMS 0x0000000086900000, 0x0000000086900000| Untracked 
| 105|0x0000000086900000, 0x0000000086a00000, 0x0000000086a00000|100%| O|  |TAMS 0x0000000086a00000, 0x0000000086a00000| Untracked 
| 106|0x0000000086a00000, 0x0000000086b00000, 0x0000000086b00000|100%| O|  |TAMS 0x0000000086b00000, 0x0000000086b00000| Untracked 
| 107|0x0000000086b00000, 0x0000000086c00000, 0x0000000086c00000|100%| O|  |TAMS 0x0000000086c00000, 0x0000000086c00000| Untracked 
| 108|0x0000000086c00000, 0x0000000086d00000, 0x0000000086d00000|100%| O|  |TAMS 0x0000000086d00000, 0x0000000086d00000| Untracked 
| 109|0x0000000086d00000, 0x0000000086e00000, 0x0000000086e00000|100%| O|  |TAMS 0x0000000086e00000, 0x0000000086e00000| Untracked 
| 110|0x0000000086e00000, 0x0000000086f00000, 0x0000000086f00000|100%| O|  |TAMS 0x0000000086f00000, 0x0000000086f00000| Untracked 
| 111|0x0000000086f00000, 0x0000000087000000, 0x0000000087000000|100%| O|  |TAMS 0x0000000087000000, 0x0000000087000000| Untracked 
| 112|0x0000000087000000, 0x0000000087100000, 0x0000000087100000|100%| O|  |TAMS 0x0000000087100000, 0x0000000087100000| Untracked 
| 113|0x0000000087100000, 0x0000000087200000, 0x0000000087200000|100%| O|  |TAMS 0x0000000087200000, 0x0000000087200000| Untracked 
| 114|0x0000000087200000, 0x0000000087300000, 0x0000000087300000|100%| O|  |TAMS 0x0000000087300000, 0x0000000087300000| Untracked 
| 115|0x0000000087300000, 0x0000000087400000, 0x0000000087400000|100%| O|  |TAMS 0x0000000087400000, 0x0000000087400000| Untracked 
| 116|0x0000000087400000, 0x0000000087500000, 0x0000000087500000|100%| O|  |TAMS 0x0000000087500000, 0x0000000087500000| Untracked 
| 117|0x0000000087500000, 0x0000000087600000, 0x0000000087600000|100%| O|  |TAMS 0x0000000087600000, 0x0000000087600000| Untracked 
| 118|0x0000000087600000, 0x0000000087700000, 0x0000000087700000|100%| O|  |TAMS 0x0000000087700000, 0x0000000087700000| Untracked 
| 119|0x0000000087700000, 0x0000000087800000, 0x0000000087800000|100%| O|  |TAMS 0x0000000087800000, 0x0000000087800000| Untracked 
| 120|0x0000000087800000, 0x0000000087900000, 0x0000000087900000|100%| O|  |TAMS 0x0000000087900000, 0x0000000087900000| Untracked 
| 121|0x0000000087900000, 0x0000000087a00000, 0x0000000087a00000|100%| O|  |TAMS 0x0000000087a00000, 0x0000000087a00000| Untracked 
| 122|0x0000000087a00000, 0x0000000087b00000, 0x0000000087b00000|100%| O|  |TAMS 0x0000000087b00000, 0x0000000087b00000| Untracked 
| 123|0x0000000087b00000, 0x0000000087c00000, 0x0000000087c00000|100%| O|  |TAMS 0x0000000087c00000, 0x0000000087c00000| Untracked 
| 124|0x0000000087c00000, 0x0000000087d00000, 0x0000000087d00000|100%| O|  |TAMS 0x0000000087d00000, 0x0000000087d00000| Untracked 
| 125|0x0000000087d00000, 0x0000000087e00000, 0x0000000087e00000|100%| O|  |TAMS 0x0000000087e00000, 0x0000000087e00000| Untracked 
| 126|0x0000000087e00000, 0x0000000087f00000, 0x0000000087f00000|100%| O|  |TAMS 0x0000000087f00000, 0x0000000087f00000| Untracked 
| 127|0x0000000087f00000, 0x0000000088000000, 0x0000000088000000|100%| O|  |TAMS 0x0000000088000000, 0x0000000088000000| Untracked 
| 128|0x0000000088000000, 0x0000000088100000, 0x0000000088100000|100%| O|  |TAMS 0x0000000088100000, 0x0000000088100000| Untracked 
| 129|0x0000000088100000, 0x0000000088200000, 0x0000000088200000|100%| O|  |TAMS 0x0000000088200000, 0x0000000088200000| Untracked 
| 130|0x0000000088200000, 0x0000000088300000, 0x0000000088300000|100%| O|  |TAMS 0x0000000088300000, 0x0000000088300000| Untracked 
| 131|0x0000000088300000, 0x0000000088400000, 0x0000000088400000|100%| O|  |TAMS 0x0000000088400000, 0x0000000088400000| Untracked 
| 132|0x0000000088400000, 0x0000000088500000, 0x0000000088500000|100%| O|  |TAMS 0x0000000088500000, 0x0000000088500000| Untracked 
| 133|0x0000000088500000, 0x0000000088600000, 0x0000000088600000|100%| O|  |TAMS 0x0000000088600000, 0x0000000088600000| Untracked 
| 134|0x0000000088600000, 0x0000000088700000, 0x0000000088700000|100%| O|  |TAMS 0x0000000088700000, 0x0000000088700000| Untracked 
| 135|0x0000000088700000, 0x0000000088800000, 0x0000000088800000|100%| O|  |TAMS 0x0000000088800000, 0x0000000088800000| Untracked 
| 136|0x0000000088800000, 0x0000000088900000, 0x0000000088900000|100%| O|  |TAMS 0x0000000088900000, 0x0000000088900000| Untracked 
| 137|0x0000000088900000, 0x0000000088a00000, 0x0000000088a00000|100%| O|  |TAMS 0x0000000088a00000, 0x0000000088a00000| Untracked 
| 138|0x0000000088a00000, 0x0000000088b00000, 0x0000000088b00000|100%| O|  |TAMS 0x0000000088b00000, 0x0000000088b00000| Untracked 
| 139|0x0000000088b00000, 0x0000000088c00000, 0x0000000088c00000|100%| O|  |TAMS 0x0000000088c00000, 0x0000000088c00000| Untracked 
| 140|0x0000000088c00000, 0x0000000088d00000, 0x0000000088d00000|100%| O|  |TAMS 0x0000000088d00000, 0x0000000088d00000| Untracked 
| 141|0x0000000088d00000, 0x0000000088e00000, 0x0000000088e00000|100%| O|  |TAMS 0x0000000088e00000, 0x0000000088e00000| Untracked 
| 142|0x0000000088e00000, 0x0000000088f00000, 0x0000000088f00000|100%| O|  |TAMS 0x0000000088f00000, 0x0000000088f00000| Untracked 
| 143|0x0000000088f00000, 0x0000000089000000, 0x0000000089000000|100%| O|  |TAMS 0x0000000088fdcc00, 0x0000000089000000| Untracked 
| 144|0x0000000089000000, 0x0000000089100000, 0x0000000089100000|100%|HS|  |TAMS 0x0000000089000000, 0x0000000089100000| Complete 
| 145|0x0000000089100000, 0x0000000089200000, 0x0000000089200000|100%|HS|  |TAMS 0x0000000089100000, 0x0000000089200000| Complete 
| 146|0x0000000089200000, 0x0000000089300000, 0x0000000089300000|100%|HS|  |TAMS 0x0000000089200000, 0x0000000089300000| Complete 
| 147|0x0000000089300000, 0x0000000089400000, 0x0000000089400000|100%| O|  |TAMS 0x0000000089300000, 0x0000000089400000| Untracked 
| 148|0x0000000089400000, 0x0000000089500000, 0x0000000089500000|100%| O|  |TAMS 0x0000000089400000, 0x0000000089500000| Untracked 
| 149|0x0000000089500000, 0x0000000089600000, 0x0000000089600000|100%| O|  |TAMS 0x0000000089500000, 0x0000000089600000| Untracked 
| 150|0x0000000089600000, 0x0000000089700000, 0x0000000089700000|100%| O|  |TAMS 0x0000000089600000, 0x0000000089700000| Untracked 
| 151|0x0000000089700000, 0x0000000089800000, 0x0000000089800000|100%| O|  |TAMS 0x0000000089700000, 0x0000000089800000| Untracked 
| 152|0x0000000089800000, 0x0000000089900000, 0x0000000089900000|100%| O|  |TAMS 0x0000000089800000, 0x0000000089900000| Untracked 
| 153|0x0000000089900000, 0x0000000089a00000, 0x0000000089a00000|100%| O|  |TAMS 0x0000000089900000, 0x0000000089a00000| Untracked 
| 154|0x0000000089a00000, 0x0000000089b00000, 0x0000000089b00000|100%| O|  |TAMS 0x0000000089a00000, 0x0000000089b00000| Untracked 
| 155|0x0000000089b00000, 0x0000000089c00000, 0x0000000089c00000|100%| O|  |TAMS 0x0000000089b00000, 0x0000000089c00000| Untracked 
| 156|0x0000000089c00000, 0x0000000089d00000, 0x0000000089d00000|100%| O|  |TAMS 0x0000000089c00000, 0x0000000089d00000| Untracked 
| 157|0x0000000089d00000, 0x0000000089e00000, 0x0000000089e00000|100%| O|  |TAMS 0x0000000089d00000, 0x0000000089e00000| Untracked 
| 158|0x0000000089e00000, 0x0000000089f00000, 0x0000000089f00000|100%| O|  |TAMS 0x0000000089e00000, 0x0000000089f00000| Untracked 
| 159|0x0000000089f00000, 0x000000008a000000, 0x000000008a000000|100%| O|  |TAMS 0x0000000089f00000, 0x000000008a000000| Untracked 
| 160|0x000000008a000000, 0x000000008a100000, 0x000000008a100000|100%| O|  |TAMS 0x000000008a000000, 0x000000008a100000| Untracked 
| 161|0x000000008a100000, 0x000000008a200000, 0x000000008a200000|100%| O|  |TAMS 0x000000008a100000, 0x000000008a200000| Untracked 
| 162|0x000000008a200000, 0x000000008a300000, 0x000000008a300000|100%| O|  |TAMS 0x000000008a200000, 0x000000008a300000| Untracked 
| 163|0x000000008a300000, 0x000000008a400000, 0x000000008a400000|100%| O|  |TAMS 0x000000008a300000, 0x000000008a400000| Untracked 
| 164|0x000000008a400000, 0x000000008a500000, 0x000000008a500000|100%| O|  |TAMS 0x000000008a400000, 0x000000008a500000| Untracked 
| 165|0x000000008a500000, 0x000000008a600000, 0x000000008a600000|100%| O|  |TAMS 0x000000008a500000, 0x000000008a600000| Untracked 
| 166|0x000000008a600000, 0x000000008a700000, 0x000000008a700000|100%| O|  |TAMS 0x000000008a600000, 0x000000008a700000| Untracked 
| 167|0x000000008a700000, 0x000000008a774e00, 0x000000008a800000| 45%| O|  |TAMS 0x000000008a700000, 0x000000008a774e00| Untracked 
| 168|0x000000008a800000, 0x000000008a800000, 0x000000008a900000|  0%| F|  |TAMS 0x000000008a800000, 0x000000008a800000| Untracked 
| 169|0x000000008a900000, 0x000000008a900000, 0x000000008aa00000|  0%| F|  |TAMS 0x000000008a900000, 0x000000008a900000| Untracked 
| 170|0x000000008aa00000, 0x000000008aa00000, 0x000000008ab00000|  0%| F|  |TAMS 0x000000008aa00000, 0x000000008aa00000| Untracked 
| 171|0x000000008ab00000, 0x000000008ab00000, 0x000000008ac00000|  0%| F|  |TAMS 0x000000008ab00000, 0x000000008ab00000| Untracked 
| 172|0x000000008ac00000, 0x000000008ac00000, 0x000000008ad00000|  0%| F|  |TAMS 0x000000008ac00000, 0x000000008ac00000| Untracked 
| 173|0x000000008ad00000, 0x000000008ad00000, 0x000000008ae00000|  0%| F|  |TAMS 0x000000008ad00000, 0x000000008ad00000| Untracked 
| 174|0x000000008ae00000, 0x000000008ae00000, 0x000000008af00000|  0%| F|  |TAMS 0x000000008ae00000, 0x000000008ae00000| Untracked 
| 175|0x000000008af00000, 0x000000008af00000, 0x000000008b000000|  0%| F|  |TAMS 0x000000008af00000, 0x000000008af00000| Untracked 
| 176|0x000000008b000000, 0x000000008b000000, 0x000000008b100000|  0%| F|  |TAMS 0x000000008b000000, 0x000000008b000000| Untracked 
| 177|0x000000008b100000, 0x000000008b100000, 0x000000008b200000|  0%| F|  |TAMS 0x000000008b100000, 0x000000008b100000| Untracked 
| 178|0x000000008b200000, 0x000000008b200000, 0x000000008b300000|  0%| F|  |TAMS 0x000000008b200000, 0x000000008b200000| Untracked 
| 179|0x000000008b300000, 0x000000008b300000, 0x000000008b400000|  0%| F|  |TAMS 0x000000008b300000, 0x000000008b300000| Untracked 
| 180|0x000000008b400000, 0x000000008b400000, 0x000000008b500000|  0%| F|  |TAMS 0x000000008b400000, 0x000000008b400000| Untracked 
| 181|0x000000008b500000, 0x000000008b500000, 0x000000008b600000|  0%| F|  |TAMS 0x000000008b500000, 0x000000008b500000| Untracked 
| 182|0x000000008b600000, 0x000000008b600000, 0x000000008b700000|  0%| F|  |TAMS 0x000000008b600000, 0x000000008b600000| Untracked 
| 183|0x000000008b700000, 0x000000008b700000, 0x000000008b800000|  0%| F|  |TAMS 0x000000008b700000, 0x000000008b700000| Untracked 
| 184|0x000000008b800000, 0x000000008b800000, 0x000000008b900000|  0%| F|  |TAMS 0x000000008b800000, 0x000000008b800000| Untracked 
| 185|0x000000008b900000, 0x000000008b900000, 0x000000008ba00000|  0%| F|  |TAMS 0x000000008b900000, 0x000000008b900000| Untracked 
| 186|0x000000008ba00000, 0x000000008ba00000, 0x000000008bb00000|  0%| F|  |TAMS 0x000000008ba00000, 0x000000008ba00000| Untracked 
| 187|0x000000008bb00000, 0x000000008bb00000, 0x000000008bc00000|  0%| F|  |TAMS 0x000000008bb00000, 0x000000008bb00000| Untracked 
| 188|0x000000008bc00000, 0x000000008bc00000, 0x000000008bd00000|  0%| F|  |TAMS 0x000000008bc00000, 0x000000008bc00000| Untracked 
| 189|0x000000008bd00000, 0x000000008bd00000, 0x000000008be00000|  0%| F|  |TAMS 0x000000008bd00000, 0x000000008bd00000| Untracked 
| 190|0x000000008be00000, 0x000000008be00000, 0x000000008bf00000|  0%| F|  |TAMS 0x000000008be00000, 0x000000008be00000| Untracked 
| 191|0x000000008bf00000, 0x000000008bf00000, 0x000000008c000000|  0%| F|  |TAMS 0x000000008bf00000, 0x000000008bf00000| Untracked 
| 192|0x000000008c000000, 0x000000008c000000, 0x000000008c100000|  0%| F|  |TAMS 0x000000008c000000, 0x000000008c000000| Untracked 
| 193|0x000000008c100000, 0x000000008c100000, 0x000000008c200000|  0%| F|  |TAMS 0x000000008c100000, 0x000000008c100000| Untracked 
| 194|0x000000008c200000, 0x000000008c200000, 0x000000008c300000|  0%| F|  |TAMS 0x000000008c200000, 0x000000008c200000| Untracked 
| 195|0x000000008c300000, 0x000000008c300000, 0x000000008c400000|  0%| F|  |TAMS 0x000000008c300000, 0x000000008c300000| Untracked 
| 196|0x000000008c400000, 0x000000008c400000, 0x000000008c500000|  0%| F|  |TAMS 0x000000008c400000, 0x000000008c400000| Untracked 
| 197|0x000000008c500000, 0x000000008c500000, 0x000000008c600000|  0%| F|  |TAMS 0x000000008c500000, 0x000000008c500000| Untracked 
| 198|0x000000008c600000, 0x000000008c600000, 0x000000008c700000|  0%| F|  |TAMS 0x000000008c600000, 0x000000008c600000| Untracked 
| 199|0x000000008c700000, 0x000000008c700000, 0x000000008c800000|  0%| F|  |TAMS 0x000000008c700000, 0x000000008c700000| Untracked 
| 200|0x000000008c800000, 0x000000008c800000, 0x000000008c900000|  0%| F|  |TAMS 0x000000008c800000, 0x000000008c800000| Untracked 
| 201|0x000000008c900000, 0x000000008c900000, 0x000000008ca00000|  0%| F|  |TAMS 0x000000008c900000, 0x000000008c900000| Untracked 
| 202|0x000000008ca00000, 0x000000008cb00000, 0x000000008cb00000|100%| S|CS|TAMS 0x000000008ca00000, 0x000000008ca00000| Complete 
| 203|0x000000008cb00000, 0x000000008cc00000, 0x000000008cc00000|100%| S|CS|TAMS 0x000000008cb00000, 0x000000008cb00000| Complete 
| 204|0x000000008cc00000, 0x000000008cd00000, 0x000000008cd00000|100%| S|CS|TAMS 0x000000008cc00000, 0x000000008cc00000| Complete 
| 205|0x000000008cd00000, 0x000000008cd00000, 0x000000008ce00000|  0%| F|  |TAMS 0x000000008cd00000, 0x000000008cd00000| Untracked 
| 206|0x000000008ce00000, 0x000000008ce00000, 0x000000008cf00000|  0%| F|  |TAMS 0x000000008ce00000, 0x000000008ce00000| Untracked 
| 207|0x000000008cf00000, 0x000000008cf00000, 0x000000008d000000|  0%| F|  |TAMS 0x000000008cf00000, 0x000000008cf00000| Untracked 
| 208|0x000000008d000000, 0x000000008d000000, 0x000000008d100000|  0%| F|  |TAMS 0x000000008d000000, 0x000000008d000000| Untracked 
| 209|0x000000008d100000, 0x000000008d100000, 0x000000008d200000|  0%| F|  |TAMS 0x000000008d100000, 0x000000008d100000| Untracked 
| 210|0x000000008d200000, 0x000000008d300000, 0x000000008d300000|100%| S|CS|TAMS 0x000000008d200000, 0x000000008d200000| Complete 
| 211|0x000000008d300000, 0x000000008d400000, 0x000000008d400000|100%| S|CS|TAMS 0x000000008d300000, 0x000000008d300000| Complete 
| 212|0x000000008d400000, 0x000000008d400000, 0x000000008d500000|  0%| F|  |TAMS 0x000000008d400000, 0x000000008d400000| Untracked 
| 213|0x000000008d500000, 0x000000008d500000, 0x000000008d600000|  0%| F|  |TAMS 0x000000008d500000, 0x000000008d500000| Untracked 
| 214|0x000000008d600000, 0x000000008d600000, 0x000000008d700000|  0%| F|  |TAMS 0x000000008d600000, 0x000000008d600000| Untracked 
| 215|0x000000008d700000, 0x000000008d700000, 0x000000008d800000|  0%| F|  |TAMS 0x000000008d700000, 0x000000008d700000| Untracked 
| 216|0x000000008d800000, 0x000000008d800000, 0x000000008d900000|  0%| F|  |TAMS 0x000000008d800000, 0x000000008d800000| Untracked 
| 217|0x000000008d900000, 0x000000008d900000, 0x000000008da00000|  0%| F|  |TAMS 0x000000008d900000, 0x000000008d900000| Untracked 
| 218|0x000000008da00000, 0x000000008da00000, 0x000000008db00000|  0%| F|  |TAMS 0x000000008da00000, 0x000000008da00000| Untracked 
| 219|0x000000008db00000, 0x000000008db00000, 0x000000008dc00000|  0%| F|  |TAMS 0x000000008db00000, 0x000000008db00000| Untracked 
| 220|0x000000008dc00000, 0x000000008dc00000, 0x000000008dd00000|  0%| F|  |TAMS 0x000000008dc00000, 0x000000008dc00000| Untracked 
| 221|0x000000008dd00000, 0x000000008dd00000, 0x000000008de00000|  0%| F|  |TAMS 0x000000008dd00000, 0x000000008dd00000| Untracked 
| 222|0x000000008de00000, 0x000000008de00000, 0x000000008df00000|  0%| F|  |TAMS 0x000000008de00000, 0x000000008de00000| Untracked 
| 223|0x000000008df00000, 0x000000008df00000, 0x000000008e000000|  0%| F|  |TAMS 0x000000008df00000, 0x000000008df00000| Untracked 
| 224|0x000000008e000000, 0x000000008e000000, 0x000000008e100000|  0%| F|  |TAMS 0x000000008e000000, 0x000000008e000000| Untracked 
| 225|0x000000008e100000, 0x000000008e100000, 0x000000008e200000|  0%| F|  |TAMS 0x000000008e100000, 0x000000008e100000| Untracked 
| 226|0x000000008e200000, 0x000000008e200000, 0x000000008e300000|  0%| F|  |TAMS 0x000000008e200000, 0x000000008e200000| Untracked 
| 227|0x000000008e300000, 0x000000008e300000, 0x000000008e400000|  0%| F|  |TAMS 0x000000008e300000, 0x000000008e300000| Untracked 
| 228|0x000000008e400000, 0x000000008e400000, 0x000000008e500000|  0%| F|  |TAMS 0x000000008e400000, 0x000000008e400000| Untracked 
| 229|0x000000008e500000, 0x000000008e500000, 0x000000008e600000|  0%| F|  |TAMS 0x000000008e500000, 0x000000008e500000| Untracked 
| 230|0x000000008e600000, 0x000000008e600000, 0x000000008e700000|  0%| F|  |TAMS 0x000000008e600000, 0x000000008e600000| Untracked 
| 231|0x000000008e700000, 0x000000008e700000, 0x000000008e800000|  0%| F|  |TAMS 0x000000008e700000, 0x000000008e700000| Untracked 
| 232|0x000000008e800000, 0x000000008e800000, 0x000000008e900000|  0%| F|  |TAMS 0x000000008e800000, 0x000000008e800000| Untracked 
| 233|0x000000008e900000, 0x000000008e900000, 0x000000008ea00000|  0%| F|  |TAMS 0x000000008e900000, 0x000000008e900000| Untracked 
| 234|0x000000008ea00000, 0x000000008ea00000, 0x000000008eb00000|  0%| F|  |TAMS 0x000000008ea00000, 0x000000008ea00000| Untracked 
| 235|0x000000008eb00000, 0x000000008eb00000, 0x000000008ec00000|  0%| F|  |TAMS 0x000000008eb00000, 0x000000008eb00000| Untracked 
| 236|0x000000008ec00000, 0x000000008ec00000, 0x000000008ed00000|  0%| F|  |TAMS 0x000000008ec00000, 0x000000008ec00000| Untracked 
| 237|0x000000008ed00000, 0x000000008ed00000, 0x000000008ee00000|  0%| F|  |TAMS 0x000000008ed00000, 0x000000008ed00000| Untracked 
| 238|0x000000008ee00000, 0x000000008ee00000, 0x000000008ef00000|  0%| F|  |TAMS 0x000000008ee00000, 0x000000008ee00000| Untracked 
| 239|0x000000008ef00000, 0x000000008ef00000, 0x000000008f000000|  0%| F|  |TAMS 0x000000008ef00000, 0x000000008ef00000| Untracked 

Card table byte_map: [0x0000020a22e50000,0x0000020a23250000] _byte_map_base: 0x0000020a22a50000

Marking Bits (Prev, Next): (CMBitMap*) 0x0000020a0fe09ab8, (CMBitMap*) 0x0000020a0fe09af0
 Prev Bits: [0x0000020a23650000, 0x0000020a25650000)
 Next Bits: [0x0000020a25650000, 0x0000020a27650000)

Polling page: 0x0000020a0dc80000

Metaspace:

Usage:
  Non-class:    112.65 MB capacity,   110.86 MB ( 98%) used,     1.49 MB (  1%) free+waste,   310.00 KB ( <1%) overhead. 
      Class:     17.02 MB capacity,    15.99 MB ( 94%) used,   912.98 KB (  5%) free+waste,   142.38 KB ( <1%) overhead. 
       Both:    129.67 MB capacity,   126.84 MB ( 98%) used,     2.39 MB (  2%) free+waste,   452.38 KB ( <1%) overhead. 

Virtual space:
  Non-class space:      114.00 MB reserved,     112.91 MB (>99%) committed 
      Class space:        1.00 GB reserved,      17.11 MB (  2%) committed 
             Both:        1.11 GB reserved,     130.02 MB ( 11%) committed 

Chunk freelists:
   Non-Class:  70.00 KB
       Class:  48.00 KB
        Both:  118.00 KB

MaxMetaspaceSize: 17179869184.00 GB
CompressedClassSpaceSize: 1.00 GB

CodeHeap 'non-profiled nmethods': size=120000Kb used=8466Kb max_used=8466Kb free=111533Kb
 bounds [0x0000020a1b1f0000, 0x0000020a1ba40000, 0x0000020a22720000]
CodeHeap 'profiled nmethods': size=120000Kb used=27959Kb max_used=27959Kb free=92040Kb
 bounds [0x0000020a13cc0000, 0x0000020a15820000, 0x0000020a1b1f0000]
CodeHeap 'non-nmethods': size=5760Kb used=2346Kb max_used=2429Kb free=3413Kb
 bounds [0x0000020a13720000, 0x0000020a13990000, 0x0000020a13cc0000]
 total_blobs=13905 nmethods=12952 adapters=864
 compilation: enabled
              stopped_count=0, restarted_count=0
 full_count=0

Compilation events (20 events):
Event: 24.151 Thread 0x0000020a2b6a5000 13328       4       com.android.tools.r8.z.a.a.a::<init> (59 bytes)
Event: 24.152 Thread 0x0000020a2b6a5000 nmethod 13328 0x0000020a1ba32010 code [0x0000020a1ba321a0, 0x0000020a1ba32218]
Event: 24.152 Thread 0x0000020a2b6a5000 13317       4       com.android.tools.r8.graph.U::<init> (36 bytes)
Event: 24.152 Thread 0x0000020a2a8fe800 nmethod 13338% 0x0000020a15801a10 code [0x0000020a15801d60, 0x0000020a15803368]
Event: 24.154 Thread 0x0000020a2b69b000 nmethod 13321 0x0000020a1ba32310 code [0x0000020a1ba32500, 0x0000020a1ba32e08]
Event: 24.154 Thread 0x0000020a2b69b000 13332       4       com.android.tools.r8.graph.I0$$Lambda$1488/0x00000001010ef040::<init> (26 bytes)
Event: 24.158 Thread 0x0000020a2b69b000 nmethod 13332 0x0000020a1ba33310 code [0x0000020a1ba334a0, 0x0000020a1ba33778]
Event: 24.158 Thread 0x0000020a2b69b000 13319       4       com.android.tools.r8.graph.I0$c::a (578 bytes)
Event: 24.158 Thread 0x0000020a2b6a5000 nmethod 13317 0x0000020a1ba33810 code [0x0000020a1ba339a0, 0x0000020a1ba33eb8]
Event: 24.158 Thread 0x0000020a2b6a5000 13333       4       com.android.tools.r8.graph.I0::b (91 bytes)
Event: 24.175 Thread 0x0000020a2b6a5000 nmethod 13333 0x0000020a1ba33f90 code [0x0000020a1ba34160, 0x0000020a1ba348b8]
Event: 24.175 Thread 0x0000020a2b6a5000 13341       4       com.android.tools.r8.graph.H0::c (177 bytes)
Event: 24.262 Thread 0x0000020a2a8fe800 13345 %     3       com.android.tools.r8.graph.a0::<init> @ 176 (247 bytes)
Event: 24.262 Thread 0x0000020a2a8fe800 nmethod 13345% 0x0000020a13d43810 code [0x0000020a13d43a00, 0x0000020a13d43e88]
Event: 24.263 Thread 0x0000020a2a8fe800 13346 %     3       com.android.tools.r8.graph.I0$d::c @ 178 (802 bytes)
Event: 24.271 Thread 0x0000020a2a8fe800 nmethod 13346% 0x0000020a15803b90 code [0x0000020a15804400, 0x0000020a1580a4a8]
Event: 24.276 Thread 0x0000020a2a8fe800 13347       3       com.android.tools.r8.graph.I0$d::c (802 bytes)
Event: 24.286 Thread 0x0000020a2a8fe800 nmethod 13347 0x0000020a1580c910 code [0x0000020a1580d180, 0x0000020a158130c8]
Event: 24.305 Thread 0x0000020a2a8fe800 13348       3       com.android.tools.r8.graph.a0::<init> (247 bytes)
Event: 24.305 Thread 0x0000020a2a8fe800 nmethod 13348 0x0000020a13d45190 code [0x0000020a13d45360, 0x0000020a13d45748]

GC Heap History (20 events):
Event: 22.013 GC heap after
{Heap after GC invocations=29 (full 0):
 garbage-first heap   total 187392K, used 100340K [0x0000000080000000, 0x0000000100000000)
  region size 1024K, 8 young (8192K), 8 survivors (8192K)
 Metaspace       used 127919K, capacity 130736K, committed 131092K, reserved 1163264K
  class space    used 16118K, capacity 17134K, committed 17264K, reserved 1048576K
}
Event: 22.304 GC heap before
{Heap before GC invocations=30 (full 0):
 garbage-first heap   total 187392K, used 152564K [0x0000000080000000, 0x0000000100000000)
  region size 1024K, 57 young (58368K), 8 survivors (8192K)
 Metaspace       used 129324K, capacity 132244K, committed 132500K, reserved 1165312K
  class space    used 16328K, capacity 17359K, committed 17392K, reserved 1048576K
}
Event: 22.311 GC heap after
{Heap after GC invocations=31 (full 0):
 garbage-first heap   total 187392K, used 111327K [0x0000000080000000, 0x0000000100000000)
  region size 1024K, 8 young (8192K), 8 survivors (8192K)
 Metaspace       used 129324K, capacity 132244K, committed 132500K, reserved 1165312K
  class space    used 16328K, capacity 17359K, committed 17392K, reserved 1048576K
}
Event: 22.578 GC heap before
{Heap before GC invocations=31 (full 0):
 garbage-first heap   total 187392K, used 152287K [0x0000000080000000, 0x0000000100000000)
  region size 1024K, 48 young (49152K), 8 survivors (8192K)
 Metaspace       used 129842K, capacity 132733K, committed 132884K, reserved 1165312K
  class space    used 16376K, capacity 17414K, committed 17520K, reserved 1048576K
}
Event: 22.615 GC heap after
{Heap after GC invocations=32 (full 0):
 garbage-first heap   total 187392K, used 121555K [0x0000000080000000, 0x0000000100000000)
  region size 1024K, 6 young (6144K), 6 survivors (6144K)
 Metaspace       used 129842K, capacity 132733K, committed 132884K, reserved 1165312K
  class space    used 16376K, capacity 17414K, committed 17520K, reserved 1048576K
}
Event: 22.849 GC heap before
{Heap before GC invocations=32 (full 0):
 garbage-first heap   total 187392K, used 152275K [0x0000000080000000, 0x0000000100000000)
  region size 1024K, 37 young (37888K), 6 survivors (6144K)
 Metaspace       used 129873K, capacity 132744K, committed 132884K, reserved 1165312K
  class space    used 16377K, capacity 17416K, committed 17520K, reserved 1048576K
}
Event: 22.875 GC heap after
{Heap after GC invocations=33 (full 0):
 garbage-first heap   total 187392K, used 129266K [0x0000000080000000, 0x0000000100000000)
  region size 1024K, 5 young (5120K), 5 survivors (5120K)
 Metaspace       used 129873K, capacity 132744K, committed 132884K, reserved 1165312K
  class space    used 16377K, capacity 17416K, committed 17520K, reserved 1048576K
}
Event: 23.073 GC heap before
{Heap before GC invocations=34 (full 0):
 garbage-first heap   total 187392K, used 152818K [0x0000000080000000, 0x0000000100000000)
  region size 1024K, 29 young (29696K), 5 survivors (5120K)
 Metaspace       used 129919K, capacity 132861K, committed 133140K, reserved 1165312K
  class space    used 16384K, capacity 17454K, committed 17520K, reserved 1048576K
}
Event: 23.099 GC heap after
{Heap after GC invocations=35 (full 0):
 garbage-first heap   total 187392K, used 138240K [0x0000000080000000, 0x0000000100000000)
  region size 1024K, 4 young (4096K), 4 survivors (4096K)
 Metaspace       used 129919K, capacity 132861K, committed 133140K, reserved 1165312K
  class space    used 16384K, capacity 17454K, committed 17520K, reserved 1048576K
}
Event: 23.209 GC heap before
{Heap before GC invocations=35 (full 0):
 garbage-first heap   total 187392K, used 154624K [0x0000000080000000, 0x0000000100000000)
  region size 1024K, 21 young (21504K), 4 survivors (4096K)
 Metaspace       used 129936K, capacity 132865K, committed 133140K, reserved 1165312K
  class space    used 16384K, capacity 17454K, committed 17520K, reserved 1048576K
}
Event: 23.224 GC heap after
{Heap after GC invocations=36 (full 0):
 garbage-first heap   total 187392K, used 143281K [0x0000000080000000, 0x0000000100000000)
  region size 1024K, 3 young (3072K), 3 survivors (3072K)
 Metaspace       used 129936K, capacity 132865K, committed 133140K, reserved 1165312K
  class space    used 16384K, capacity 17454K, committed 17520K, reserved 1048576K
}
Event: 23.434 GC heap before
{Heap before GC invocations=36 (full 0):
 garbage-first heap   total 187392K, used 157617K [0x0000000080000000, 0x0000000100000000)
  region size 1024K, 17 young (17408K), 3 survivors (3072K)
 Metaspace       used 129936K, capacity 132865K, committed 133140K, reserved 1165312K
  class space    used 16384K, capacity 17454K, committed 17520K, reserved 1048576K
}
Event: 23.450 GC heap after
{Heap after GC invocations=37 (full 0):
 garbage-first heap   total 245760K, used 146688K [0x0000000080000000, 0x0000000100000000)
  region size 1024K, 3 young (3072K), 3 survivors (3072K)
 Metaspace       used 129936K, capacity 132865K, committed 133140K, reserved 1165312K
  class space    used 16384K, capacity 17454K, committed 17520K, reserved 1048576K
}
Event: 23.799 GC heap before
{Heap before GC invocations=38 (full 0):
 garbage-first heap   total 245760K, used 173312K [0x0000000080000000, 0x0000000100000000)
  region size 1024K, 30 young (30720K), 3 survivors (3072K)
 Metaspace       used 129885K, capacity 132782K, committed 133140K, reserved 1165312K
  class space    used 16368K, capacity 17424K, committed 17520K, reserved 1048576K
}
Event: 23.814 GC heap after
{Heap after GC invocations=39 (full 0):
 garbage-first heap   total 245760K, used 152435K [0x0000000080000000, 0x0000000100000000)
  region size 1024K, 5 young (5120K), 5 survivors (5120K)
 Metaspace       used 129885K, capacity 132782K, committed 133140K, reserved 1165312K
  class space    used 16368K, capacity 17424K, committed 17520K, reserved 1048576K
}
Event: 24.017 GC heap before
{Heap before GC invocations=39 (full 0):
 garbage-first heap   total 245760K, used 188275K [0x0000000080000000, 0x0000000100000000)
  region size 1024K, 37 young (37888K), 5 survivors (5120K)
 Metaspace       used 129885K, capacity 132782K, committed 133140K, reserved 1165312K
  class space    used 16368K, capacity 17424K, committed 17520K, reserved 1048576K
}
Event: 24.040 GC heap after
{Heap after GC invocations=40 (full 0):
 garbage-first heap   total 245760K, used 163070K [0x0000000080000000, 0x0000000100000000)
  region size 1024K, 5 young (5120K), 5 survivors (5120K)
 Metaspace       used 129885K, capacity 132782K, committed 133140K, reserved 1165312K
  class space    used 16368K, capacity 17424K, committed 17520K, reserved 1048576K
}
Event: 24.202 GC heap before
{Heap before GC invocations=41 (full 0):
 garbage-first heap   total 245760K, used 193790K [0x0000000080000000, 0x0000000100000000)
  region size 1024K, 35 young (35840K), 5 survivors (5120K)
 Metaspace       used 129886K, capacity 132782K, committed 133140K, reserved 1165312K
  class space    used 16368K, capacity 17424K, committed 17520K, reserved 1048576K
}
Event: 24.222 GC heap after
{Heap after GC invocations=42 (full 0):
 garbage-first heap   total 245760K, used 169984K [0x0000000080000000, 0x0000000100000000)
  region size 1024K, 5 young (5120K), 5 survivors (5120K)
 Metaspace       used 129886K, capacity 132782K, committed 133140K, reserved 1165312K
  class space    used 16368K, capacity 17424K, committed 17520K, reserved 1048576K
}
Event: 24.326 GC heap before
{Heap before GC invocations=42 (full 0):
 garbage-first heap   total 245760K, used 198656K [0x0000000080000000, 0x0000000100000000)
  region size 1024K, 33 young (33792K), 5 survivors (5120K)
 Metaspace       used 129886K, capacity 132782K, committed 133140K, reserved 1165312K
  class space    used 16368K, capacity 17424K, committed 17520K, reserved 1048576K
}

Deoptimization events (20 events):
Event: 23.406 Thread 0x0000020a2b6a4000 DEOPT PACKING pc=0x0000020a1b9e7454 sp=0x00000087487f9cb0
Event: 23.406 Thread 0x0000020a2b6a4000 DEOPT UNPACKING pc=0x0000020a1372822f sp=0x00000087487f9c40 mode 2
Event: 23.416 Thread 0x0000020a2b6a4000 DEOPT PACKING pc=0x0000020a1578f194 sp=0x00000087487f9e10
Event: 23.416 Thread 0x0000020a2b6a4000 DEOPT UNPACKING pc=0x0000020a13748ade sp=0x00000087487f9440 mode 0
Event: 23.695 Thread 0x0000020a2b6a4000 Uncommon trap: trap_request=0xffffff4d fr.pc=0x0000020a1ba076f0 relative=0x00000000000073f0
Event: 23.695 Thread 0x0000020a2b6a4000 Uncommon trap: reason=unstable_if action=reinterpret pc=0x0000020a1ba076f0 method=com.android.tools.r8.utils.T.d(Ljava/lang/String;)[Ljava/lang/String; @ 27 c2
Event: 23.695 Thread 0x0000020a2b6a4000 DEOPT PACKING pc=0x0000020a1ba076f0 sp=0x00000087487f9eb0
Event: 23.695 Thread 0x0000020a2b6a4000 DEOPT UNPACKING pc=0x0000020a1372822f sp=0x00000087487f9d60 mode 2
Event: 23.715 Thread 0x0000020a2b69d800 DEOPT PACKING pc=0x0000020a14ccf204 sp=0x00000087482ff010
Event: 23.715 Thread 0x0000020a2b69d800 DEOPT UNPACKING pc=0x0000020a13748ade sp=0x00000087482fe510 mode 0
Event: 23.932 Thread 0x0000020a2b6a4000 DEOPT PACKING pc=0x0000020a157ae967 sp=0x00000087487f9c60
Event: 23.933 Thread 0x0000020a2b6a4000 DEOPT UNPACKING pc=0x0000020a13748ade sp=0x00000087487f9218 mode 0
Event: 23.953 Thread 0x0000020a2b6a4000 DEOPT PACKING pc=0x0000020a157ae967 sp=0x00000087487f9d60
Event: 23.953 Thread 0x0000020a2b6a4000 DEOPT UNPACKING pc=0x0000020a13748ade sp=0x00000087487f9318 mode 0
Event: 24.007 Thread 0x0000020a2b6a4000 DEOPT PACKING pc=0x0000020a157ae967 sp=0x00000087487f9c60
Event: 24.007 Thread 0x0000020a2b6a4000 DEOPT UNPACKING pc=0x0000020a13748ade sp=0x00000087487f9218 mode 0
Event: 24.042 Thread 0x0000020a2b6a4000 DEOPT PACKING pc=0x0000020a157ae967 sp=0x00000087487f9c60
Event: 24.042 Thread 0x0000020a2b6a4000 DEOPT UNPACKING pc=0x0000020a13748ade sp=0x00000087487f9218 mode 0
Event: 24.079 Thread 0x0000020a2b6a4000 DEOPT PACKING pc=0x0000020a157ae967 sp=0x00000087487f9cd0
Event: 24.079 Thread 0x0000020a2b6a4000 DEOPT UNPACKING pc=0x0000020a13748ade sp=0x00000087487f9288 mode 0

Classes redefined (0 events):
No events

Internal exceptions (20 events):
Event: 21.918 Thread 0x0000020a2b6a4000 Exception <a 'sun/nio/fs/WindowsException'{0x0000000089ef5c58}> (0x0000000089ef5c58) thrown at [./src/hotspot/share/prims/jni.cpp, line 615]
Event: 21.918 Thread 0x0000020a2b6a4000 Exception <a 'sun/nio/fs/WindowsException'{0x0000000089ef5ed8}> (0x0000000089ef5ed8) thrown at [./src/hotspot/share/prims/jni.cpp, line 615]
Event: 21.918 Thread 0x0000020a2b6a4000 Exception <a 'sun/nio/fs/WindowsException'{0x0000000089ef6a80}> (0x0000000089ef6a80) thrown at [./src/hotspot/share/prims/jni.cpp, line 615]
Event: 21.918 Thread 0x0000020a2b6a4000 Exception <a 'sun/nio/fs/WindowsException'{0x0000000089ef6d00}> (0x0000000089ef6d00) thrown at [./src/hotspot/share/prims/jni.cpp, line 615]
Event: 21.918 Thread 0x0000020a2b6a4000 Exception <a 'sun/nio/fs/WindowsException'{0x0000000089ef78a8}> (0x0000000089ef78a8) thrown at [./src/hotspot/share/prims/jni.cpp, line 615]
Event: 21.930 Thread 0x0000020a2b6a4000 Exception <a 'sun/nio/fs/WindowsException'{0x0000000089d8d018}> (0x0000000089d8d018) thrown at [./src/hotspot/share/prims/jni.cpp, line 615]
Event: 21.949 Thread 0x0000020a2b6a4000 Exception <a 'java/lang/NoSuchMethodError'{0x0000000089c62018}: 'void java.lang.invoke.DirectMethodHandle$Holder.invokeSpecial(java.lang.Object, java.lang.Object, int)'> (0x0000000089c62018) thrown at [./src/hotspot/share/interpreter/linkResolver.cpp, line 773]
Event: 21.950 Thread 0x0000020a2b6a4000 Exception <a 'sun/nio/fs/WindowsException'{0x0000000089c6dd60}> (0x0000000089c6dd60) thrown at [./src/hotspot/share/prims/jni.cpp, line 615]
Event: 21.954 Thread 0x0000020a2b6a4000 Exception <a 'sun/nio/fs/WindowsException'{0x0000000089c8a488}> (0x0000000089c8a488) thrown at [./src/hotspot/share/prims/jni.cpp, line 615]
Event: 21.954 Thread 0x0000020a2b6a4000 Exception <a 'sun/nio/fs/WindowsException'{0x0000000089c8a560}> (0x0000000089c8a560) thrown at [./src/hotspot/share/prims/jni.cpp, line 615]
Event: 21.954 Thread 0x0000020a2b6a4000 Exception <a 'sun/nio/fs/WindowsException'{0x0000000089c8a638}> (0x0000000089c8a638) thrown at [./src/hotspot/share/prims/jni.cpp, line 615]
Event: 21.954 Thread 0x0000020a2b6a4000 Exception <a 'sun/nio/fs/WindowsException'{0x0000000089c8a720}> (0x0000000089c8a720) thrown at [./src/hotspot/share/prims/jni.cpp, line 615]
Event: 21.954 Thread 0x0000020a2b6a4000 Exception <a 'sun/nio/fs/WindowsException'{0x0000000089c8ab68}> (0x0000000089c8ab68) thrown at [./src/hotspot/share/prims/jni.cpp, line 615]
Event: 22.242 Thread 0x0000020a2b6a4000 Exception <a 'java/lang/IncompatibleClassChangeError'{0x0000000088834988}: Found class java.lang.Object, but interface was expected> (0x0000000088834988) thrown at [./src/hotspot/share/interpreter/linkResolver.cpp, line 839]
Event: 22.316 Thread 0x0000020a2c9ba800 Exception <a 'java/lang/NoSuchMethodError'{0x000000008b6205a8}: 'long java.lang.invoke.DirectMethodHandle$Holder.invokeStatic(java.lang.Object, java.lang.Object)'> (0x000000008b6205a8) thrown at [./src/hotspot/share/interpreter/linkResolver.cpp, line 773]
Event: 22.316 Thread 0x0000020a2b6a3800 Exception <a 'java/lang/NoSuchMethodError'{0x000000008b61a350}: 'long java.lang.invoke.DirectMethodHandle$Holder.invokeStatic(java.lang.Object, java.lang.Object)'> (0x000000008b61a350) thrown at [./src/hotspot/share/interpreter/linkResolver.cpp, line 773]
Event: 22.316 Thread 0x0000020a33c89000 Exception <a 'java/lang/NoSuchMethodError'{0x000000008b62ea50}: 'long java.lang.invoke.DirectMethodHandle$Holder.invokeStatic(java.lang.Object, java.lang.Object)'> (0x000000008b62ea50) thrown at [./src/hotspot/share/interpreter/linkResolver.cpp, line 773]
Event: 22.316 Thread 0x0000020a2b6a3800 Exception <a 'java/lang/NoSuchMethodError'{0x000000008b61ced0}: 'long java.lang.invoke.DirectMethodHandle$Holder.invokeStaticInit(java.lang.Object, java.lang.Object)'> (0x000000008b61ced0) thrown at [./src/hotspot/share/interpreter/linkResolver.cpp, line 773]
Event: 22.316 Thread 0x0000020a2c9ba800 Exception <a 'java/lang/NoSuchMethodError'{0x000000008b623100}: 'long java.lang.invoke.DirectMethodHandle$Holder.invokeStaticInit(java.lang.Object, java.lang.Object)'> (0x000000008b623100) thrown at [./src/hotspot/share/interpreter/linkResolver.cpp, line 773]
Event: 22.316 Thread 0x0000020a33c89000 Exception <a 'java/lang/NoSuchMethodError'{0x000000008b6315a8}: 'long java.lang.invoke.DirectMethodHandle$Holder.invokeStaticInit(java.lang.Object, java.lang.Object)'> (0x000000008b6315a8) thrown at [./src/hotspot/share/interpreter/linkResolver.cpp, line 773]

Events (20 events):
Event: 23.361 Thread 0x0000020a2a901000 flushing nmethod 0x0000020a14589a90
Event: 23.434 Executing VM operation: G1CollectForAllocation
Event: 23.450 Executing VM operation: G1CollectForAllocation done
Event: 23.506 Executing VM operation: CGC_Operation
Event: 23.528 Executing VM operation: CGC_Operation done
Event: 23.673 Executing VM operation: CGC_Operation
Event: 23.674 Executing VM operation: CGC_Operation done
Event: 23.799 Executing VM operation: G1CollectForAllocation
Event: 23.814 Executing VM operation: G1CollectForAllocation done
Event: 24.017 Executing VM operation: G1CollectForAllocation
Event: 24.040 Executing VM operation: G1CollectForAllocation done
Event: 24.059 Executing VM operation: CGC_Operation
Event: 24.071 Executing VM operation: CGC_Operation done
Event: 24.156 loading class com/android/tools/r8/graph/l0$a
Event: 24.156 loading class com/android/tools/r8/graph/l0$a done
Event: 24.187 Executing VM operation: CGC_Operation
Event: 24.187 Executing VM operation: CGC_Operation done
Event: 24.202 Executing VM operation: G1CollectForAllocation
Event: 24.222 Executing VM operation: G1CollectForAllocation done
Event: 24.326 Executing VM operation: G1CollectForAllocation


Dynamic libraries:
0x00007ff726470000 - 0x00007ff72647a000 	D:\Program Files\Android\jre\bin\java.exe
0x00007ffd67be0000 - 0x00007ffd67dd0000 	C:\Windows\SYSTEM32\ntdll.dll
0x00007ffd670d0000 - 0x00007ffd67182000 	C:\Windows\System32\KERNEL32.DLL
0x00007ffd65500000 - 0x00007ffd657a3000 	C:\Windows\System32\KERNELBASE.dll
0x00007ffd65a30000 - 0x00007ffd65b2a000 	C:\Windows\System32\ucrtbase.dll
0x00007ffd5c910000 - 0x00007ffd5c927000 	D:\Program Files\Android\jre\bin\VCRUNTIME140.dll
0x00007ffd54210000 - 0x00007ffd54229000 	D:\Program Files\Android\jre\bin\jli.dll
0x00007ffd67430000 - 0x00007ffd675c4000 	C:\Windows\System32\USER32.dll
0x00007ffd51f40000 - 0x00007ffd521c5000 	C:\Windows\WinSxS\amd64_microsoft.windows.common-controls_6595b64144ccf1df_6.0.18362.535_none_e6c3b34713100821\COMCTL32.dll
0x00007ffd65480000 - 0x00007ffd654a1000 	C:\Windows\System32\win32u.dll
0x00007ffd67030000 - 0x00007ffd670ce000 	C:\Windows\System32\msvcrt.dll
0x00007ffd663f0000 - 0x00007ffd66416000 	C:\Windows\System32\GDI32.dll
0x00007ffd65b30000 - 0x00007ffd65cc4000 	C:\Windows\System32\gdi32full.dll
0x00007ffd675d0000 - 0x00007ffd67906000 	C:\Windows\System32\combase.dll
0x00007ffd64bb0000 - 0x00007ffd64c4e000 	C:\Windows\System32\msvcp_win.dll
0x00007ffd67310000 - 0x00007ffd67430000 	C:\Windows\System32\RPCRT4.dll
0x00007ffd65900000 - 0x00007ffd65980000 	C:\Windows\System32\bcryptPrimitives.dll
0x00007ffd663c0000 - 0x00007ffd663ee000 	C:\Windows\System32\IMM32.DLL
0x00007ffd54170000 - 0x00007ffd5420d000 	D:\Program Files\Android\jre\bin\msvcp140.dll
0x00007ffd21c60000 - 0x00007ffd2271c000 	D:\Program Files\Android\jre\bin\server\jvm.dll
0x00007ffd67910000 - 0x00007ffd679b3000 	C:\Windows\System32\ADVAPI32.dll
0x00007ffd67270000 - 0x00007ffd67307000 	C:\Windows\System32\sechost.dll
0x00007ffd66700000 - 0x00007ffd66708000 	C:\Windows\System32\PSAPI.DLL
0x00007ffd5e980000 - 0x00007ffd5e98a000 	C:\Windows\SYSTEM32\VERSION.dll
0x00007ffd61170000 - 0x00007ffd61179000 	C:\Windows\SYSTEM32\WSOCK32.dll
0x00007ffd626c0000 - 0x00007ffd626e4000 	C:\Windows\SYSTEM32\WINMM.dll
0x00007ffd67b70000 - 0x00007ffd67bdf000 	C:\Windows\System32\WS2_32.dll
0x00007ffd62690000 - 0x00007ffd626bd000 	C:\Windows\SYSTEM32\winmmbase.dll
0x00007ffd654b0000 - 0x00007ffd654fa000 	C:\Windows\System32\cfgmgr32.dll
0x00007ffd64b00000 - 0x00007ffd64b11000 	C:\Windows\System32\kernel.appcore.dll
0x00007ffd61150000 - 0x00007ffd61161000 	D:\Program Files\Android\jre\bin\verify.dll
0x00007ffd63410000 - 0x00007ffd63604000 	C:\Windows\SYSTEM32\DBGHELP.DLL
0x00007ffd377f0000 - 0x00007ffd3781a000 	C:\Windows\SYSTEM32\dbgcore.DLL
0x00007ffd61120000 - 0x00007ffd61149000 	D:\Program Files\Android\jre\bin\java.dll
0x00007ffd61110000 - 0x00007ffd6111b000 	D:\Program Files\Android\jre\bin\jimage.dll
0x00007ffd60490000 - 0x00007ffd604a8000 	D:\Program Files\Android\jre\bin\zip.dll
0x00007ffd65cd0000 - 0x00007ffd663b5000 	C:\Windows\System32\SHELL32.dll
0x00007ffd66420000 - 0x00007ffd664c9000 	C:\Windows\System32\shcore.dll
0x00007ffd64c80000 - 0x00007ffd653ff000 	C:\Windows\System32\windows.storage.dll
0x00007ffd64b20000 - 0x00007ffd64b3f000 	C:\Windows\System32\profapi.dll
0x00007ffd64b60000 - 0x00007ffd64baa000 	C:\Windows\System32\powrprof.dll
0x00007ffd64af0000 - 0x00007ffd64b00000 	C:\Windows\System32\UMPDC.dll
0x00007ffd66dd0000 - 0x00007ffd66e22000 	C:\Windows\System32\shlwapi.dll
0x00007ffd65460000 - 0x00007ffd65477000 	C:\Windows\System32\cryptsp.dll
0x00007ffd60470000 - 0x00007ffd6048a000 	D:\Program Files\Android\jre\bin\net.dll
0x00007ffd57050000 - 0x00007ffd57140000 	C:\Windows\SYSTEM32\WINHTTP.dll
0x00007ffd64360000 - 0x00007ffd643c7000 	C:\Windows\system32\mswsock.dll
0x00007ffd60110000 - 0x00007ffd60124000 	D:\Program Files\Android\jre\bin\nio.dll
0x00007ffd4b270000 - 0x00007ffd4b297000 	C:\Users\asus\.gradle\native\f6784746aeab05261644944871eae4fe03e0ef1612fff0a4a95f87b438bc6780\windows-amd64\native-platform.dll
0x00007ffd61100000 - 0x00007ffd6110a000 	D:\Program Files\Android\jre\bin\management.dll
0x00007ffd610c0000 - 0x00007ffd610cc000 	D:\Program Files\Android\jre\bin\management_ext.dll
0x00007ffd63ed0000 - 0x00007ffd63f03000 	C:\Windows\system32\rsaenh.dll
0x00007ffd64c50000 - 0x00007ffd64c76000 	C:\Windows\System32\bcrypt.dll
0x00007ffd649e0000 - 0x00007ffd64a05000 	C:\Windows\SYSTEM32\USERENV.dll
0x00007ffd64530000 - 0x00007ffd6453c000 	C:\Windows\SYSTEM32\CRYPTBASE.dll
0x00007ffd64070000 - 0x00007ffd640aa000 	C:\Windows\SYSTEM32\IPHLPAPI.DLL
0x00007ffd67190000 - 0x00007ffd67198000 	C:\Windows\System32\NSI.dll
0x00007ffd5aa00000 - 0x00007ffd5aa16000 	C:\Windows\SYSTEM32\dhcpcsvc6.DLL
0x00007ffd5c5f0000 - 0x00007ffd5c60c000 	C:\Windows\SYSTEM32\dhcpcsvc.DLL
0x00007ffd640b0000 - 0x00007ffd6417a000 	C:\Windows\SYSTEM32\DNSAPI.dll
0x00007ffd5c900000 - 0x00007ffd5c90b000 	C:\Windows\SYSTEM32\WINNSI.DLL

dbghelp: loaded successfully - version: 4.0.5 - missing functions: none
symbol engine: initialized successfully - sym options: 0x614 - pdb path: .;D:\Program Files\Android\jre\bin;C:\Windows\SYSTEM32;C:\Windows\WinSxS\amd64_microsoft.windows.common-controls_6595b64144ccf1df_6.0.18362.535_none_e6c3b34713100821;D:\Program Files\Android\jre\bin\server;C:\Users\asus\.gradle\native\f6784746aeab05261644944871eae4fe03e0ef1612fff0a4a95f87b438bc6780\windows-amd64

VM Arguments:
jvm_args: --add-opens=java.base/java.util=ALL-UNNAMED --add-opens=java.base/java.lang=ALL-UNNAMED --add-opens=java.base/java.lang.invoke=ALL-UNNAMED --add-opens=java.prefs/java.util.prefs=ALL-UNNAMED -Xmx2048m -Dfile.encoding=UTF-8 -Duser.country=RU -Duser.language=ru -Duser.variant 
java_command: org.gradle.launcher.daemon.bootstrap.GradleDaemon 6.5
java_class_path (initial): C:\Users\asus\.gradle\wrapper\dists\gradle-6.5-bin\6nifqtx7604sqp1q6g8wikw7p\gradle-6.5\lib\gradle-launcher-6.5.jar
Launcher Type: SUN_STANDARD

[Global flags]
     intx CICompilerCount                          = 4                                         {product} {ergonomic}
     uint ConcGCThreads                            = 2                                         {product} {ergonomic}
     uint G1ConcRefinementThreads                  = 8                                         {product} {ergonomic}
   size_t G1HeapRegionSize                         = 1048576                                   {product} {ergonomic}
    uintx GCDrainStackTargetSize                   = 64                                        {product} {ergonomic}
   size_t InitialHeapSize                          = 132120576                                 {product} {ergonomic}
   size_t MarkStackSize                            = 4194304                                   {product} {ergonomic}
   size_t MaxHeapSize                              = 2147483648                                {product} {command line}
   size_t MaxNewSize                               = 1287651328                                {product} {ergonomic}
   size_t MinHeapDeltaBytes                        = 1048576                                   {product} {ergonomic}
    uintx NonNMethodCodeHeapSize                   = 5836300                                {pd product} {ergonomic}
    uintx NonProfiledCodeHeapSize                  = 122910970                              {pd product} {ergonomic}
    uintx ProfiledCodeHeapSize                     = 122910970                              {pd product} {ergonomic}
    uintx ReservedCodeCacheSize                    = 251658240                              {pd product} {ergonomic}
     bool SegmentedCodeCache                       = true                                      {product} {ergonomic}
     bool UseCompressedClassPointers               = true                                 {lp64_product} {ergonomic}
     bool UseCompressedOops                        = true                                 {lp64_product} {ergonomic}
     bool UseG1GC                                  = true                                      {product} {ergonomic}
     bool UseLargePagesIndividualAllocation        = false                                  {pd product} {ergonomic}

Logging:
Log output configuration:
 #0: stdout all=warning uptime,level,tags
 #1: stderr all=off uptime,level,tags

Environment Variables:
JAVA_HOME=D:\Program Files\Java
PATH=C:\PROGRA~2\Borland\CBUILD~1\Bin;C:\PROGRA~2\Borland\CBUILD~1\Projects\Bpl;C:\Program Files\Common Files\Oracle\Java\javapath;C:\Windows\system32;C:\Windows;C:\Windows\System32\Wbem;C:\Windows\System32\WindowsPowerShell\v1.0\;C:\Program Files (x86)\NVIDIA Corporation\PhysX\Common;C:\Program Files\NVIDIA Corporation\NVIDIA NvDLISR;C:\Program Files\Microsoft\Web Platform Installer\;C:\Program Files (x86)\Microsoft ASP.NET\ASP.NET Web Pages\v1.0\;C:\Program Files\Microsoft SQL Server\110\Tools\Binn\;C:\Program Files\Git\cmd;C:\Users\asus\AppData\Local\Microsoft\WindowsApps;;D:\Program Files\JetBrains\IntelliJ IDEA Community Edition 2020.3\bin;
USERNAME=asus
OS=Windows_NT
PROCESSOR_IDENTIFIER=Intel64 Family 6 Model 126 Stepping 5, GenuineIntel



---------------  S Y S T E M  ---------------

OS: Windows 10 , 64 bit Build 18362 (10.0.18362.329)
OS uptime: 0 days 3:16 hours

CPU:total 8 (initial active 8) (4 cores per cpu, 2 threads per core) family 6 model 126 stepping 5, cmov, cx8, fxsr, mmx, sse, sse2, sse3, ssse3, sse4.1, sse4.2, popcnt, avx, avx2, aes, clmul, erms, 3dnowpref, lzcnt, ht, tsc, tscinvbit, bmi1, bmi2, adx, evex, sha, fma

Memory: 4k page, system-wide physical 7997M (897M free)
TotalPageFile size 7997M (AvailPageFile size 26M)
current process WorkingSet (physical memory assigned to process): 582M, peak: 586M
current process commit charge ("private bytes"): 637M, peak: 761M

vm_info: OpenJDK 64-Bit Server VM (11.0.8+10-b944.6842174) for windows-amd64 JRE (11.0.8+10-b944.6842174), built on Sep 19 2020 01:11:42 by "builder" with MS VC++ 14.0 (VS2015)

END.
