#
# There is insufficient memory for the Java Runtime Environment to continue.
# Native memory allocation (mmap) failed to map 394264576 bytes for Failed to commit area from 0x0000000091200000 to 0x00000000a8a00000 of length 394264576.
# Possible reasons:
#   The system is out of physical RAM or swap space
#   The process is running with CompressedOops enabled, and the Java Heap may be blocking the growth of the native heap
# Possible solutions:
#   Reduce memory load on the system
#   Increase physical memory or swap space
#   Check if swap backing store is full
#   Decrease Java heap size (-Xmx/-Xms)
#   Decrease number of Java threads
#   Decrease Java thread stack sizes (-Xss)
#   Set larger code cache with -XX:ReservedCodeCacheSize=
#   JVM is running with Unscaled Compressed Oops mode in which the Java heap is
#     placed in the first 4GB address space. The Java Heap base address is the
#     maximum limit for the native heap growth. Please use -XX:HeapBaseMinAddress
#     to set the Java Heap base and to place the Java Heap above 4GB virtual address.
# This output file may be truncated or incomplete.
#
#  Out of Memory Error (./src/hotspot/os/windows/os_windows.cpp:3303), pid=5888, tid=8852
#
# JRE version: OpenJDK Runtime Environment (11.0.8+10) (build 11.0.8+10-b944.6842174)
# Java VM: OpenJDK 64-Bit Server VM (11.0.8+10-b944.6842174, mixed mode, tiered, compressed oops, g1 gc, windows-amd64)
# No core dump will be written. Minidumps are not enabled by default on client versions of Windows
#

---------------  S U M M A R Y ------------

Command Line: --add-opens=java.base/java.util=ALL-UNNAMED --add-opens=java.base/java.lang=ALL-UNNAMED --add-opens=java.base/java.lang.invoke=ALL-UNNAMED --add-opens=java.prefs/java.util.prefs=ALL-UNNAMED -Xmx2048m -Dfile.encoding=UTF-8 -Duser.country=RU -Duser.language=ru -Duser.variant org.gradle.launcher.daemon.bootstrap.GradleDaemon 6.5

Host: Intel(R) Core(TM) i7-1065G7 CPU @ 1.30GHz, 8 cores, 7G,  Windows 10 , 64 bit Build 18362 (10.0.18362.329)
Time: Sun May 30 08:14:34 2021 Caiaaiay Acey (ceia) elapsed time: 31 seconds (0d 0h 0m 31s)

---------------  T H R E A D  ---------------

Current thread (0x000001b3f7aae800):  VMThread "VM Thread" [stack: 0x00000076ed500000,0x00000076ed600000] [id=8852]

Stack: [0x00000076ed500000,0x00000076ed600000]
[error occurred during error reporting (printing stack bounds), id 0xc0000005, EXCEPTION_ACCESS_VIOLATION (0xc0000005) at pc=0x000001b3e0970f67]

Native frames: (J=compiled Java code, j=interpreted, Vv=VM code, C=native code)
V  [jvm.dll+0x5de50a]
V  [jvm.dll+0x7122f5]
V  [jvm.dll+0x71384d]
V  [jvm.dll+0x713e65]
V  [jvm.dll+0x713e1b]
V  [jvm.dll+0x5dd958]
V  [jvm.dll+0x5de0f8]
C  [ntdll.dll+0xa11ff]
C  [ntdll.dll+0x6a289]
C  [ntdll.dll+0x9fe6e]
C  0x000001b3e0970f67

VM_Operation (0x00000076f68f9ac0): G1CollectForAllocation, mode: safepoint, requested by thread 0x000001b3fa46e800


---------------  P R O C E S S  ---------------

Threads class SMR info:
_java_thread_list=0x000001b3821a6d80, length=151, elements={
0x000001b3db7cc000, 0x000001b3f7ab1000, 0x000001b3f7ab5000, 0x000001b3f7acf800,
0x000001b3f7ad1800, 0x000001b3f7ad2800, 0x000001b3f7ad8800, 0x000001b3f8424000,
0x000001b3f8592800, 0x000001b3f859f800, 0x000001b3f9659800, 0x000001b3f881d800,
0x000001b3f9e27000, 0x000001b3f9b7d000, 0x000001b3f998c000, 0x000001b3f992b800,
0x000001b3f955b800, 0x000001b3f9876800, 0x000001b3f96d2800, 0x000001b3fa22e000,
0x000001b3fa6d0000, 0x000001b3fa6d0800, 0x000001b3fa6d1800, 0x000001b3fa6d2800,
0x000001b3fa6cf000, 0x000001b3fa6d3000, 0x000001b3fa6d4000, 0x000001b3fa6d5000,
0x000001b3fa6d5800, 0x000001b3fcf3b800, 0x000001b3fcf3c000, 0x000001b3fcf37800,
0x000001b3fcf3a000, 0x000001b3fcf36800, 0x000001b3fcf3e000, 0x000001b3fcf3d000,
0x000001b3fcf38000, 0x000001b3fcf3e800, 0x000001b3fcf40800, 0x000001b3fcf3f800,
0x000001b3fcf3a800, 0x000001b3fcf42000, 0x000001b3fcf43800, 0x000001b3fcf42800,
0x000001b3fcf45000, 0x000001b3fcf41000, 0x000001b3fcf44800, 0x000001b3fe850800,
0x000001b3fe854800, 0x000001b3fe84e800, 0x000001b3fe852800, 0x000001b3fe84f800,
0x000001b3fe852000, 0x000001b3fe855000, 0x000001b3fe853800, 0x000001b3fe856000,
0x000001b3fe857000, 0x000001b3fe851000, 0x000001b3fe85a000, 0x000001b3fe85b000,
0x000001b3fe85b800, 0x000001b3fe85d800, 0x000001b3fe85c800, 0x000001b3fe857800,
0x000001b3fe859800, 0x000001b3fe858800, 0x000001b3f9b32800, 0x000001b3f9b32000,
0x000001b3f9b33800, 0x000001b3f9b30000, 0x000001b3f9b31000, 0x000001b3f9b36800,
0x000001b3f9b39000, 0x000001b3f9b3a000, 0x000001b3f9b35000, 0x000001b3f9b34000,
0x000001b3f9b3b000, 0x000001b3f9b38800, 0x000001b3f9b3b800, 0x000001b3f9b36000,
0x000001b3f9b3c800, 0x000001b3f9b3d000, 0x000001b3f9b37800, 0x000001b3f9b3e000,
0x000001b3f9b3f000, 0x000001b3f8824000, 0x000001b3f881e000, 0x000001b3f8823000,
0x000001b3f881f000, 0x000001b3f8825800, 0x000001b3f8825000, 0x000001b3f8820000,
0x000001b3f8822800, 0x000001b3f8826800, 0x000001b3f8820800, 0x000001b3f8827000,
0x000001b3f8821800, 0x000001b3f8829000, 0x000001b3f882c000, 0x000001b3f882d000,
0x000001b3f8828000, 0x000001b3f8829800, 0x000001b3f882a800, 0x000001b3f882b800,
0x000001b3fa642000, 0x000001b3fa649000, 0x000001b3fa643000, 0x000001b3fa648000,
0x000001b3fa649800, 0x000001b3fa644000, 0x000001b3fa64a800, 0x000001b3fa644800,
0x000001b3fa64b000, 0x000001b3fa646800, 0x000001b3fa645800, 0x000001b3fa64c000,
0x000001b3fa64d000, 0x000001b3fa647000, 0x000001b3fa64d800, 0x000001b3fa64f800,
0x000001b3fa64e800, 0x000001b3fa650000, 0x000001b3fa651000, 0x000001b3fa465000,
0x000001b3fa464000, 0x000001b3fa465800, 0x000001b3fa466800, 0x000001b3fa469000,
0x000001b3fa463800, 0x000001b3fa468000, 0x000001b3fa46c800, 0x000001b3fa46a000,
0x000001b3fa467800, 0x000001b3fa46e000, 0x000001b3fa46e800, 0x000001b3fa470800,
0x000001b3fa46d000, 0x000001b3fa46f800, 0x000001b3fa46a800, 0x000001b3fa471000,
0x000001b3fcc57800, 0x000001b3fcc58800, 0x000001b3fcc59800, 0x000001b3fcc57000,
0x000001b3fcc54800, 0x000001b3fcc55800, 0x000001b3fcc5b000, 0x000001b3fcc5a000,
0x000001b3fcc5c000, 0x000001b3fcc56000, 0x000001b3fcc5e800
}

Java Threads: ( => current thread )
  0x000001b3db7cc000 JavaThread "main" [_thread_blocked, id=4392, stack(0x00000076ecf00000,0x00000076ed000000)]
  0x000001b3f7ab1000 JavaThread "Reference Handler" daemon [_thread_blocked, id=2072, stack(0x00000076ed600000,0x00000076ed700000)]
  0x000001b3f7ab5000 JavaThread "Finalizer" daemon [_thread_blocked, id=848, stack(0x00000076ed700000,0x00000076ed800000)]
  0x000001b3f7acf800 JavaThread "Signal Dispatcher" daemon [_thread_blocked, id=3988, stack(0x00000076ed800000,0x00000076ed900000)]
  0x000001b3f7ad1800 JavaThread "Attach Listener" daemon [_thread_blocked, id=6344, stack(0x00000076ed900000,0x00000076eda00000)]
  0x000001b3f7ad2800 JavaThread "C2 CompilerThread0" daemon [_thread_in_native, id=9056, stack(0x00000076eda00000,0x00000076edb00000)]
  0x000001b3f7ad8800 JavaThread "C1 CompilerThread0" daemon [_thread_blocked, id=9152, stack(0x00000076edb00000,0x00000076edc00000)]
  0x000001b3f8424000 JavaThread "Sweeper thread" daemon [_thread_blocked, id=8268, stack(0x00000076edc00000,0x00000076edd00000)]
  0x000001b3f8592800 JavaThread "Common-Cleaner" daemon [_thread_blocked, id=2856, stack(0x00000076edd00000,0x00000076ede00000)]
  0x000001b3f859f800 JavaThread "Service Thread" daemon [_thread_blocked, id=9132, stack(0x00000076ede00000,0x00000076edf00000)]
  0x000001b3f9659800 JavaThread "Daemon health stats" [_thread_blocked, id=1980, stack(0x00000076ee300000,0x00000076ee400000)]
  0x000001b3f881d800 JavaThread "Incoming local TCP Connector on port 54593" [_thread_in_native, id=3532, stack(0x00000076ee000000,0x00000076ee100000)]
  0x000001b3f9e27000 JavaThread "Daemon periodic checks" [_thread_blocked, id=6812, stack(0x00000076ee600000,0x00000076ee700000)]
  0x000001b3f9b7d000 JavaThread "Daemon" [_thread_blocked, id=8752, stack(0x00000076ee700000,0x00000076ee800000)]
  0x000001b3f998c000 JavaThread "Handler for socket connection from /127.0.0.1:54593 to /127.0.0.1:54594" [_thread_in_native, id=9088, stack(0x00000076ee800000,0x00000076ee900000)]
  0x000001b3f992b800 JavaThread "Cancel handler" [_thread_blocked, id=5072, stack(0x00000076eea00000,0x00000076eeb00000)]
  0x000001b3f955b800 JavaThread "Daemon worker" [_thread_blocked, id=3388, stack(0x00000076eeb00000,0x00000076eec00000)]
  0x000001b3f9876800 JavaThread "Asynchronous log dispatcher for DefaultDaemonConnection: socket connection from /127.0.0.1:54593 to /127.0.0.1:54594" [_thread_blocked, id=2360, stack(0x00000076eec00000,0x00000076eed00000)]
  0x000001b3f96d2800 JavaThread "Stdin handler" [_thread_blocked, id=8508, stack(0x00000076eed00000,0x00000076eee00000)]
  0x000001b3fa22e000 JavaThread "Thread-8" [_thread_blocked, id=8496, stack(0x00000076eee00000,0x00000076eef00000)]
  0x000001b3fa6d0000 JavaThread "Cache worker for journal cache (C:\Users\asus\.gradle\caches\journal-1)" [_thread_blocked, id=2596, stack(0x00000076ef400000,0x00000076ef500000)]
  0x000001b3fa6d0800 JavaThread "File lock request listener" [_thread_in_native, id=7236, stack(0x00000076ef500000,0x00000076ef600000)]
  0x000001b3fa6d1800 JavaThread "Cache worker for file hash cache (C:\Users\asus\.gradle\caches\6.5\fileHashes)" [_thread_blocked, id=2356, stack(0x00000076ef600000,0x00000076ef700000)]
  0x000001b3fa6d2800 JavaThread "Cache worker for file hash cache (D:\Android projects\Puzzle15_v1\.gradle\6.5\fileHashes)" [_thread_blocked, id=4348, stack(0x00000076ef800000,0x00000076ef900000)]
  0x000001b3fa6cf000 JavaThread "Cache worker for checksums cache (D:\Android projects\Puzzle15_v1\.gradle\checksums)" [_thread_blocked, id=7248, stack(0x00000076ef900000,0x00000076efa00000)]
  0x000001b3fa6d3000 JavaThread "Cache worker for cache directory md-supplier (C:\Users\asus\.gradle\caches\6.5\md-supplier)" [_thread_blocked, id=8624, stack(0x00000076efa00000,0x00000076efb00000)]
  0x000001b3fa6d4000 JavaThread "Cache worker for cache directory md-rule (C:\Users\asus\.gradle\caches\6.5\md-rule)" [_thread_blocked, id=240, stack(0x00000076efb00000,0x00000076efc00000)]
  0x000001b3fa6d5000 JavaThread "Cache worker for execution history cache (C:\Users\asus\.gradle\caches\6.5\executionHistory)" [_thread_blocked, id=2028, stack(0x00000076efd00000,0x00000076efe00000)]
  0x000001b3fa6d5800 JavaThread "jar transforms" [_thread_blocked, id=4012, stack(0x00000076efe00000,0x00000076eff00000)]
  0x000001b3fcf3b800 JavaThread "Cache worker for file content cache (C:\Users\asus\.gradle\caches\6.5\fileContent)" [_thread_blocked, id=7000, stack(0x00000076eff00000,0x00000076f0000000)]
  0x000001b3fcf3c000 JavaThread "Build operations" [_thread_blocked, id=4428, stack(0x00000076f0000000,0x00000076f0100000)]
  0x000001b3fcf37800 JavaThread "Build operations Thread 2" [_thread_blocked, id=7372, stack(0x00000076f0100000,0x00000076f0200000)]
  0x000001b3fcf3a000 JavaThread "Build operations Thread 3" [_thread_blocked, id=8412, stack(0x00000076f0200000,0x00000076f0300000)]
  0x000001b3fcf36800 JavaThread "Build operations Thread 4" [_thread_blocked, id=4140, stack(0x00000076f0300000,0x00000076f0400000)]
  0x000001b3fcf3e000 JavaThread "Build operations Thread 5" [_thread_blocked, id=7536, stack(0x00000076f0400000,0x00000076f0500000)]
  0x000001b3fcf3d000 JavaThread "Build operations Thread 6" [_thread_blocked, id=4000, stack(0x00000076f0500000,0x00000076f0600000)]
  0x000001b3fcf38000 JavaThread "Build operations Thread 7" [_thread_blocked, id=7692, stack(0x00000076f0600000,0x00000076f0700000)]
  0x000001b3fcf3e800 JavaThread "Build operations Thread 8" [_thread_blocked, id=9104, stack(0x00000076f0700000,0x00000076f0800000)]
  0x000001b3fcf40800 JavaThread "jar transforms Thread 2" [_thread_blocked, id=8716, stack(0x00000076f0800000,0x00000076f0900000)]
  0x000001b3fcf3f800 JavaThread "jar transforms Thread 3" [_thread_blocked, id=1620, stack(0x00000076f0900000,0x00000076f0a00000)]
  0x000001b3fcf3a800 JavaThread "jar transforms Thread 4" [_thread_blocked, id=9076, stack(0x00000076f0a00000,0x00000076f0b00000)]
  0x000001b3fcf42000 JavaThread "jar transforms Thread 5" [_thread_blocked, id=7044, stack(0x00000076f0b00000,0x00000076f0c00000)]
  0x000001b3fcf43800 JavaThread "jar transforms Thread 6" [_thread_blocked, id=8912, stack(0x00000076f0c00000,0x00000076f0d00000)]
  0x000001b3fcf42800 JavaThread "jar transforms Thread 7" [_thread_blocked, id=4236, stack(0x00000076f0d00000,0x00000076f0e00000)]
  0x000001b3fcf45000 JavaThread "jar transforms Thread 8" [_thread_blocked, id=8664, stack(0x00000076f0e00000,0x00000076f0f00000)]
  0x000001b3fcf41000 JavaThread "jar transforms Thread 9" [_thread_blocked, id=9184, stack(0x00000076f0f00000,0x00000076f1000000)]
  0x000001b3fcf44800 JavaThread "jar transforms Thread 10" [_thread_blocked, id=256, stack(0x00000076f1000000,0x00000076f1100000)]
  0x000001b3fe850800 JavaThread "jar transforms Thread 11" [_thread_blocked, id=7232, stack(0x00000076f1100000,0x00000076f1200000)]
  0x000001b3fe854800 JavaThread "jar transforms Thread 12" [_thread_blocked, id=5024, stack(0x00000076f1200000,0x00000076f1300000)]
  0x000001b3fe84e800 JavaThread "jar transforms Thread 13" [_thread_blocked, id=5852, stack(0x00000076f1300000,0x00000076f1400000)]
  0x000001b3fe852800 JavaThread "jar transforms Thread 14" [_thread_blocked, id=8724, stack(0x00000076f1400000,0x00000076f1500000)]
  0x000001b3fe84f800 JavaThread "jar transforms Thread 15" [_thread_blocked, id=8948, stack(0x00000076f1500000,0x00000076f1600000)]
  0x000001b3fe852000 JavaThread "jar transforms Thread 16" [_thread_blocked, id=8224, stack(0x00000076f1600000,0x00000076f1700000)]
  0x000001b3fe855000 JavaThread "jar transforms Thread 17" [_thread_blocked, id=8916, stack(0x00000076f1700000,0x00000076f1800000)]
  0x000001b3fe853800 JavaThread "jar transforms Thread 18" [_thread_blocked, id=3360, stack(0x00000076f1800000,0x00000076f1900000)]
  0x000001b3fe856000 JavaThread "jar transforms Thread 19" [_thread_blocked, id=7860, stack(0x00000076f1900000,0x00000076f1a00000)]
  0x000001b3fe857000 JavaThread "jar transforms Thread 20" [_thread_blocked, id=8388, stack(0x00000076f1a00000,0x00000076f1b00000)]
  0x000001b3fe851000 JavaThread "jar transforms Thread 21" [_thread_blocked, id=9188, stack(0x00000076f1b00000,0x00000076f1c00000)]
  0x000001b3fe85a000 JavaThread "jar transforms Thread 22" [_thread_blocked, id=5152, stack(0x00000076f1c00000,0x00000076f1d00000)]
  0x000001b3fe85b000 JavaThread "jar transforms Thread 23" [_thread_blocked, id=8872, stack(0x00000076f1d00000,0x00000076f1e00000)]
  0x000001b3fe85b800 JavaThread "jar transforms Thread 24" [_thread_blocked, id=9080, stack(0x00000076f1e00000,0x00000076f1f00000)]
  0x000001b3fe85d800 JavaThread "jar transforms Thread 25" [_thread_blocked, id=6732, stack(0x00000076f1f00000,0x00000076f2000000)]
  0x000001b3fe85c800 JavaThread "jar transforms Thread 26" [_thread_blocked, id=7388, stack(0x00000076f2000000,0x00000076f2100000)]
  0x000001b3fe857800 JavaThread "jar transforms Thread 27" [_thread_blocked, id=8328, stack(0x00000076f2100000,0x00000076f2200000)]
  0x000001b3fe859800 JavaThread "jar transforms Thread 28" [_thread_blocked, id=4652, stack(0x00000076f2200000,0x00000076f2300000)]
  0x000001b3fe858800 JavaThread "jar transforms Thread 29" [_thread_blocked, id=8532, stack(0x00000076f2300000,0x00000076f2400000)]
  0x000001b3f9b32800 JavaThread "jar transforms Thread 30" [_thread_blocked, id=752, stack(0x00000076f2400000,0x00000076f2500000)]
  0x000001b3f9b32000 JavaThread "jar transforms Thread 31" [_thread_blocked, id=7300, stack(0x00000076f2500000,0x00000076f2600000)]
  0x000001b3f9b33800 JavaThread "jar transforms Thread 32" [_thread_blocked, id=388, stack(0x00000076f2600000,0x00000076f2700000)]
  0x000001b3f9b30000 JavaThread "jar transforms Thread 33" [_thread_blocked, id=6980, stack(0x00000076f2700000,0x00000076f2800000)]
  0x000001b3f9b31000 JavaThread "jar transforms Thread 34" [_thread_blocked, id=7200, stack(0x00000076f2800000,0x00000076f2900000)]
  0x000001b3f9b36800 JavaThread "jar transforms Thread 35" [_thread_blocked, id=5892, stack(0x00000076f2900000,0x00000076f2a00000)]
  0x000001b3f9b39000 JavaThread "jar transforms Thread 36" [_thread_blocked, id=8256, stack(0x00000076f2a00000,0x00000076f2b00000)]
  0x000001b3f9b3a000 JavaThread "jar transforms Thread 37" [_thread_blocked, id=8220, stack(0x00000076f2b00000,0x00000076f2c00000)]
  0x000001b3f9b35000 JavaThread "jar transforms Thread 38" [_thread_blocked, id=9016, stack(0x00000076f2c00000,0x00000076f2d00000)]
  0x000001b3f9b34000 JavaThread "jar transforms Thread 39" [_thread_blocked, id=8308, stack(0x00000076f2d00000,0x00000076f2e00000)]
  0x000001b3f9b3b000 JavaThread "jar transforms Thread 40" [_thread_blocked, id=8196, stack(0x00000076f2e00000,0x00000076f2f00000)]
  0x000001b3f9b38800 JavaThread "jar transforms Thread 41" [_thread_blocked, id=8868, stack(0x00000076f2f00000,0x00000076f3000000)]
  0x000001b3f9b3b800 JavaThread "jar transforms Thread 42" [_thread_blocked, id=8240, stack(0x00000076f3000000,0x00000076f3100000)]
  0x000001b3f9b36000 JavaThread "jar transforms Thread 43" [_thread_blocked, id=672, stack(0x00000076f3100000,0x00000076f3200000)]
  0x000001b3f9b3c800 JavaThread "jar transforms Thread 44" [_thread_blocked, id=5224, stack(0x00000076f3200000,0x00000076f3300000)]
  0x000001b3f9b3d000 JavaThread "jar transforms Thread 45" [_thread_blocked, id=8444, stack(0x00000076f3300000,0x00000076f3400000)]
  0x000001b3f9b37800 JavaThread "jar transforms Thread 46" [_thread_blocked, id=8700, stack(0x00000076f3400000,0x00000076f3500000)]
  0x000001b3f9b3e000 JavaThread "jar transforms Thread 47" [_thread_blocked, id=9108, stack(0x00000076f3500000,0x00000076f3600000)]
  0x000001b3f9b3f000 JavaThread "jar transforms Thread 48" [_thread_blocked, id=776, stack(0x00000076f3600000,0x00000076f3700000)]
  0x000001b3f8824000 JavaThread "jar transforms Thread 49" [_thread_blocked, id=1360, stack(0x00000076f3700000,0x00000076f3800000)]
  0x000001b3f881e000 JavaThread "jar transforms Thread 50" [_thread_blocked, id=6960, stack(0x00000076f3800000,0x00000076f3900000)]
  0x000001b3f8823000 JavaThread "jar transforms Thread 51" [_thread_blocked, id=7868, stack(0x00000076f3900000,0x00000076f3a00000)]
  0x000001b3f881f000 JavaThread "jar transforms Thread 52" [_thread_blocked, id=7732, stack(0x00000076f3a00000,0x00000076f3b00000)]
  0x000001b3f8825800 JavaThread "jar transforms Thread 53" [_thread_blocked, id=2232, stack(0x00000076f3b00000,0x00000076f3c00000)]
  0x000001b3f8825000 JavaThread "jar transforms Thread 54" [_thread_blocked, id=3944, stack(0x00000076f3c00000,0x00000076f3d00000)]
  0x000001b3f8820000 JavaThread "jar transforms Thread 55" [_thread_blocked, id=4896, stack(0x00000076f3d00000,0x00000076f3e00000)]
  0x000001b3f8822800 JavaThread "jar transforms Thread 56" [_thread_blocked, id=7596, stack(0x00000076f3e00000,0x00000076f3f00000)]
  0x000001b3f8826800 JavaThread "jar transforms Thread 57" [_thread_blocked, id=4196, stack(0x00000076f3f00000,0x00000076f4000000)]
  0x000001b3f8820800 JavaThread "jar transforms Thread 58" [_thread_blocked, id=8392, stack(0x00000076f4000000,0x00000076f4100000)]
  0x000001b3f8827000 JavaThread "jar transforms Thread 59" [_thread_blocked, id=6256, stack(0x00000076f4100000,0x00000076f4200000)]
  0x000001b3f8821800 JavaThread "jar transforms Thread 60" [_thread_blocked, id=2372, stack(0x00000076f4200000,0x00000076f4300000)]
  0x000001b3f8829000 JavaThread "jar transforms Thread 61" [_thread_blocked, id=144, stack(0x00000076f4300000,0x00000076f4400000)]
  0x000001b3f882c000 JavaThread "jar transforms Thread 62" [_thread_blocked, id=8252, stack(0x00000076f4400000,0x00000076f4500000)]
  0x000001b3f882d000 JavaThread "jar transforms Thread 63" [_thread_blocked, id=7712, stack(0x00000076f4500000,0x00000076f4600000)]
  0x000001b3f8828000 JavaThread "jar transforms Thread 64" [_thread_blocked, id=496, stack(0x00000076f4600000,0x00000076f4700000)]
  0x000001b3f8829800 JavaThread "jar transforms Thread 65" [_thread_blocked, id=7392, stack(0x00000076f4700000,0x00000076f4800000)]
  0x000001b3f882a800 JavaThread "jar transforms Thread 66" [_thread_blocked, id=8436, stack(0x00000076f4800000,0x00000076f4900000)]
  0x000001b3f882b800 JavaThread "jar transforms Thread 67" [_thread_blocked, id=2060, stack(0x00000076f4900000,0x00000076f4a00000)]
  0x000001b3fa642000 JavaThread "jar transforms Thread 68" [_thread_blocked, id=7192, stack(0x00000076f4a00000,0x00000076f4b00000)]
  0x000001b3fa649000 JavaThread "jar transforms Thread 69" [_thread_blocked, id=1804, stack(0x00000076f4b00000,0x00000076f4c00000)]
  0x000001b3fa643000 JavaThread "jar transforms Thread 70" [_thread_blocked, id=5496, stack(0x00000076f4c00000,0x00000076f4d00000)]
  0x000001b3fa648000 JavaThread "jar transforms Thread 71" [_thread_blocked, id=1004, stack(0x00000076f4d00000,0x00000076f4e00000)]
  0x000001b3fa649800 JavaThread "jar transforms Thread 72" [_thread_blocked, id=7856, stack(0x00000076f4e00000,0x00000076f4f00000)]
  0x000001b3fa644000 JavaThread "jar transforms Thread 73" [_thread_blocked, id=6248, stack(0x00000076f4f00000,0x00000076f5000000)]
  0x000001b3fa64a800 JavaThread "jar transforms Thread 74" [_thread_blocked, id=6600, stack(0x00000076f5000000,0x00000076f5100000)]
  0x000001b3fa644800 JavaThread "jar transforms Thread 75" [_thread_blocked, id=4892, stack(0x00000076f5100000,0x00000076f5200000)]
  0x000001b3fa64b000 JavaThread "jar transforms Thread 76" [_thread_blocked, id=8528, stack(0x00000076f5200000,0x00000076f5300000)]
  0x000001b3fa646800 JavaThread "jar transforms Thread 77" [_thread_blocked, id=7544, stack(0x00000076f5300000,0x00000076f5400000)]
  0x000001b3fa645800 JavaThread "jar transforms Thread 78" [_thread_blocked, id=4496, stack(0x00000076f5400000,0x00000076f5500000)]
  0x000001b3fa64c000 JavaThread "jar transforms Thread 79" [_thread_blocked, id=488, stack(0x00000076f5500000,0x00000076f5600000)]
  0x000001b3fa64d000 JavaThread "jar transforms Thread 80" [_thread_blocked, id=3588, stack(0x00000076f5600000,0x00000076f5700000)]
  0x000001b3fa647000 JavaThread "jar transforms Thread 81" [_thread_blocked, id=8620, stack(0x00000076f5700000,0x00000076f5800000)]
  0x000001b3fa64d800 JavaThread "jar transforms Thread 82" [_thread_blocked, id=7608, stack(0x00000076f5800000,0x00000076f5900000)]
  0x000001b3fa64f800 JavaThread "jar transforms Thread 83" [_thread_blocked, id=1712, stack(0x00000076f5900000,0x00000076f5a00000)]
  0x000001b3fa64e800 JavaThread "jar transforms Thread 84" [_thread_blocked, id=5644, stack(0x00000076f5a00000,0x00000076f5b00000)]
  0x000001b3fa650000 JavaThread "jar transforms Thread 85" [_thread_blocked, id=6232, stack(0x00000076f5b00000,0x00000076f5c00000)]
  0x000001b3fa651000 JavaThread "jar transforms Thread 86" [_thread_blocked, id=7284, stack(0x00000076f5c00000,0x00000076f5d00000)]
  0x000001b3fa465000 JavaThread "jar transforms Thread 87" [_thread_blocked, id=7760, stack(0x00000076f5d00000,0x00000076f5e00000)]
  0x000001b3fa464000 JavaThread "jar transforms Thread 88" [_thread_blocked, id=8964, stack(0x00000076f5e00000,0x00000076f5f00000)]
  0x000001b3fa465800 JavaThread "jar transforms Thread 89" [_thread_blocked, id=8564, stack(0x00000076f5f00000,0x00000076f6000000)]
  0x000001b3fa466800 JavaThread "jar transforms Thread 90" [_thread_blocked, id=8956, stack(0x00000076f6000000,0x00000076f6100000)]
  0x000001b3fa469000 JavaThread "jar transforms Thread 91" [_thread_blocked, id=9120, stack(0x00000076f6100000,0x00000076f6200000)]
  0x000001b3fa463800 JavaThread "jar transforms Thread 92" [_thread_blocked, id=936, stack(0x00000076f6200000,0x00000076f6300000)]
  0x000001b3fa468000 JavaThread "Cache worker for Build Output Cleanup Cache (D:\Android projects\Puzzle15_v1\.gradle\buildOutputCleanup)" [_thread_blocked, id=1724, stack(0x00000076efc00000,0x00000076efd00000)]
  0x000001b3fa46c800 JavaThread "Memory manager" [_thread_blocked, id=2528, stack(0x00000076f6400000,0x00000076f6500000)]
  0x000001b3fa46a000 JavaThread "Cache worker for file content cache (D:\Android projects\Puzzle15_v1\.gradle\6.5\fileContent)" [_thread_blocked, id=5708, stack(0x00000076f6500000,0x00000076f6600000)]
  0x000001b3fa467800 JavaThread "Execution worker for ':'" [_thread_blocked, id=7296, stack(0x00000076f6600000,0x00000076f6700000)]
  0x000001b3fa46e000 JavaThread "Execution worker for ':' Thread 2" [_thread_blocked, id=6056, stack(0x00000076f6700000,0x00000076f6800000)]
  0x000001b3fa46e800 JavaThread "Execution worker for ':' Thread 3" [_thread_blocked, id=7780, stack(0x00000076f6800000,0x00000076f6900000)]
  0x000001b3fa470800 JavaThread "Execution worker for ':' Thread 4" [_thread_blocked, id=6592, stack(0x00000076f6900000,0x00000076f6a00000)]
  0x000001b3fa46d000 JavaThread "Execution worker for ':' Thread 5" [_thread_blocked, id=7500, stack(0x00000076f6a00000,0x00000076f6b00000)]
  0x000001b3fa46f800 JavaThread "Execution worker for ':' Thread 6" [_thread_blocked, id=6860, stack(0x00000076f6b00000,0x00000076f6c00000)]
  0x000001b3fa46a800 JavaThread "Execution worker for ':' Thread 7" [_thread_blocked, id=3080, stack(0x00000076f6c00000,0x00000076f6d00000)]
  0x000001b3fa471000 JavaThread "Cache worker for execution history cache (D:\Android projects\Puzzle15_v1\.gradle\6.5\executionHistory)" [_thread_blocked, id=8908, stack(0x00000076f6d00000,0x00000076f6e00000)]
  0x000001b3fcc57800 JavaThread "WorkerExecutor Queue" [_thread_blocked, id=7756, stack(0x00000076f6e00000,0x00000076f6f00000)]
  0x000001b3fcc58800 JavaThread "pool-2-thread-1" [_thread_blocked, id=8600, stack(0x00000076f7000000,0x00000076f7100000)]
  0x000001b3fcc59800 JavaThread "stderr" [_thread_in_native, id=6936, stack(0x00000076f7100000,0x00000076f7200000)]
  0x000001b3fcc57000 JavaThread "stdout" [_thread_in_native, id=7456, stack(0x00000076f7200000,0x00000076f7300000)]
  0x000001b3fcc54800 JavaThread "Keep-Alive-Timer" daemon [_thread_blocked, id=8504, stack(0x00000076ee900000,0x00000076eea00000)]
  0x000001b3fcc55800 JavaThread "C2 CompilerThread1" daemon [_thread_blocked, id=5316, stack(0x00000076f6300000,0x00000076f6400000)]
  0x000001b3fcc5b000 JavaThread "C2 CompilerThread2" daemon [_thread_in_native, id=7556, stack(0x00000076f7300000,0x00000076f7400000)]
  0x000001b3fcc5a000 JavaThread "ForkJoinPool-3-worker-3" daemon [_thread_blocked, id=6792, stack(0x00000076f7400000,0x00000076f7500000)]
  0x000001b3fcc5c000 JavaThread "ForkJoinPool-3-worker-5" daemon [_thread_blocked, id=8972, stack(0x00000076f7500000,0x00000076f7600000)]
  0x000001b3fcc56000 JavaThread "ForkJoinPool-3-worker-7" daemon [_thread_blocked, id=9128, stack(0x00000076f7600000,0x00000076f7700000)]
  0x000001b3fcc5e800 JavaThread "ForkJoinPool-3-worker-1" daemon [_thread_blocked, id=8204, stack(0x00000076f7700000,0x00000076f7800000)]

Other Threads:
=>0x000001b3f7aae800 VMThread "VM Thread" [stack: 0x00000076ed500000,0x00000076ed600000] [id=8852]
  0x000001b3f85a0800 WatcherThread [stack: 0x00000076edf00000,0x00000076ee000000] [id=4156]
  0x000001b3db7e4000 GCTaskThread "GC Thread#0" [stack: 0x00000076ed000000,0x00000076ed100000] [id=7336]
  0x000001b3f8dde800 GCTaskThread "GC Thread#1" [stack: 0x00000076ee100000,0x00000076ee200000] [id=4412]
  0x000001b3f92b0000 GCTaskThread "GC Thread#2" [stack: 0x00000076ee200000,0x00000076ee300000] [id=1436]
  0x000001b3fa207800 GCTaskThread "GC Thread#3" [stack: 0x00000076eef00000,0x00000076ef000000] [id=2404]
  0x000001b3fa47f800 GCTaskThread "GC Thread#4" [stack: 0x00000076ef000000,0x00000076ef100000] [id=3936]
  0x000001b3fa328000 GCTaskThread "GC Thread#5" [stack: 0x00000076ef100000,0x00000076ef200000] [id=4584]
  0x000001b3fa5c4800 GCTaskThread "GC Thread#6" [stack: 0x00000076ef200000,0x00000076ef300000] [id=5228]
  0x000001b3fa270800 GCTaskThread "GC Thread#7" [stack: 0x00000076ef300000,0x00000076ef400000] [id=5676]
  0x000001b3db814800 ConcurrentGCThread "G1 Main Marker" [stack: 0x00000076ed100000,0x00000076ed200000] [id=940]
  0x000001b3db816000 ConcurrentGCThread "G1 Conc#0" [stack: 0x00000076ed200000,0x00000076ed300000] [id=6392]
  0x000001b3fa392000 ConcurrentGCThread "G1 Conc#1" [stack: 0x00000076ef700000,0x00000076ef800000] [id=6308]
  0x000001b3f78fa800 ConcurrentGCThread "G1 Refine#0" [stack: 0x00000076ed300000,0x00000076ed400000] [id=6068]
  0x000001b3fd47e800 ConcurrentGCThread "G1 Refine#1" [stack: 0x00000076f7800000,0x00000076f7900000] [id=8576]
  0x000001b3fd483800 ConcurrentGCThread "G1 Refine#2" [stack: 0x00000076f7900000,0x00000076f7a00000] [id=6092]
  0x000001b3db89d800 ConcurrentGCThread "G1 Young RemSet Sampling" [stack: 0x00000076ed400000,0x00000076ed500000] [id=1852]

Threads with active compile tasks:
C2 CompilerThread0  31546 14238       4       com.android.tools.r8.graph.I0$b::a (66 bytes)
C2 CompilerThread1  31546 14298       4       com.android.tools.r8.graph.I0$c::a (578 bytes)
C2 CompilerThread2  31546 14386       4       com.android.tools.r8.z.a.a.f::a (3630 bytes)

VM state:at safepoint (normal execution)

VM Mutex/Monitor currently owned by a thread:  ([mutex/lock_event])
[0x000001b3db7ca240] Threads_lock - owner thread: 0x000001b3f7aae800
[0x000001b3db7ca120] Heap_lock - owner thread: 0x000001b3fa46e800

Heap address: 0x0000000080000000, size: 2048 MB, Compressed Oops mode: 32-bit
Narrow klass base: 0x0000000000000000, Narrow klass shift: 3
Compressed class space size: 1073741824 Address: 0x0000000100000000

Heap:
 garbage-first heap   total 665600K, used 179643K [0x0000000080000000, 0x0000000100000000)
  region size 1024K, 6 young (6144K), 6 survivors (6144K)
 Metaspace       used 136527K, capacity 139301K, committed 139600K, reserved 1171456K
  class space    used 17103K, capacity 18129K, committed 18176K, reserved 1048576K
Heap Regions: E=young(eden), S=young(survivor), O=old, HS=humongous(starts), HC=humongous(continues), CS=collection set, F=free, A=archive, TAMS=top-at-mark-start (previous, next)
|   0|0x0000000080000000, 0x0000000080100000, 0x0000000080100000|100%|HS|  |TAMS 0x0000000080100000, 0x0000000080000000| Complete 
|   1|0x0000000080100000, 0x0000000080200000, 0x0000000080200000|100%| O|  |TAMS 0x0000000080200000, 0x0000000080100000| Untracked 
|   2|0x0000000080200000, 0x0000000080300000, 0x0000000080300000|100%| O|  |TAMS 0x0000000080300000, 0x0000000080200000| Untracked 
|   3|0x0000000080300000, 0x0000000080400000, 0x0000000080400000|100%|HS|  |TAMS 0x0000000080400000, 0x0000000080300000| Complete 
|   4|0x0000000080400000, 0x0000000080500000, 0x0000000080500000|100%|HC|  |TAMS 0x0000000080500000, 0x0000000080400000| Complete 
|   5|0x0000000080500000, 0x0000000080600000, 0x0000000080600000|100%|HC|  |TAMS 0x0000000080600000, 0x0000000080500000| Complete 
|   6|0x0000000080600000, 0x0000000080700000, 0x0000000080700000|100%| O|  |TAMS 0x0000000080700000, 0x0000000080600000| Untracked 
|   7|0x0000000080700000, 0x0000000080800000, 0x0000000080800000|100%| O|  |TAMS 0x0000000080800000, 0x0000000080700000| Untracked 
|   8|0x0000000080800000, 0x0000000080900000, 0x0000000080900000|100%| O|  |TAMS 0x0000000080900000, 0x0000000080800000| Untracked 
|   9|0x0000000080900000, 0x0000000080a00000, 0x0000000080a00000|100%| O|  |TAMS 0x0000000080a00000, 0x0000000080900000| Untracked 
|  10|0x0000000080a00000, 0x0000000080b00000, 0x0000000080b00000|100%| O|  |TAMS 0x0000000080b00000, 0x0000000080a00000| Untracked 
|  11|0x0000000080b00000, 0x0000000080c00000, 0x0000000080c00000|100%| O|  |TAMS 0x0000000080c00000, 0x0000000080b00000| Untracked 
|  12|0x0000000080c00000, 0x0000000080d00000, 0x0000000080d00000|100%| O|  |TAMS 0x0000000080d00000, 0x0000000080c00000| Untracked 
|  13|0x0000000080d00000, 0x0000000080e00000, 0x0000000080e00000|100%| O|  |TAMS 0x0000000080e00000, 0x0000000080d00000| Untracked 
|  14|0x0000000080e00000, 0x0000000080f00000, 0x0000000080f00000|100%| O|  |TAMS 0x0000000080f00000, 0x0000000080e00000| Untracked 
|  15|0x0000000080f00000, 0x0000000081000000, 0x0000000081000000|100%| O|  |TAMS 0x0000000081000000, 0x0000000080f00000| Untracked 
|  16|0x0000000081000000, 0x0000000081100000, 0x0000000081100000|100%|HS|  |TAMS 0x0000000081100000, 0x0000000081000000| Complete 
|  17|0x0000000081100000, 0x0000000081200000, 0x0000000081200000|100%|HC|  |TAMS 0x0000000081200000, 0x0000000081100000| Complete 
|  18|0x0000000081200000, 0x0000000081300000, 0x0000000081300000|100%| O|  |TAMS 0x0000000081300000, 0x0000000081200000| Untracked 
|  19|0x0000000081300000, 0x0000000081400000, 0x0000000081400000|100%| O|  |TAMS 0x0000000081400000, 0x0000000081300000| Untracked 
|  20|0x0000000081400000, 0x0000000081500000, 0x0000000081500000|100%| O|  |TAMS 0x0000000081500000, 0x0000000081400000| Untracked 
|  21|0x0000000081500000, 0x0000000081600000, 0x0000000081600000|100%| O|  |TAMS 0x0000000081600000, 0x0000000081500000| Untracked 
|  22|0x0000000081600000, 0x0000000081700000, 0x0000000081700000|100%| O|  |TAMS 0x0000000081700000, 0x0000000081600000| Untracked 
|  23|0x0000000081700000, 0x0000000081800000, 0x0000000081800000|100%| O|  |TAMS 0x0000000081800000, 0x0000000081700000| Untracked 
|  24|0x0000000081800000, 0x0000000081900000, 0x0000000081900000|100%| O|  |TAMS 0x0000000081900000, 0x0000000081800000| Untracked 
|  25|0x0000000081900000, 0x0000000081a00000, 0x0000000081a00000|100%| O|  |TAMS 0x0000000081a00000, 0x0000000081900000| Untracked 
|  26|0x0000000081a00000, 0x0000000081b00000, 0x0000000081b00000|100%| O|  |TAMS 0x0000000081b00000, 0x0000000081a00000| Untracked 
|  27|0x0000000081b00000, 0x0000000081c00000, 0x0000000081c00000|100%| O|  |TAMS 0x0000000081c00000, 0x0000000081b00000| Untracked 
|  28|0x0000000081c00000, 0x0000000081d00000, 0x0000000081d00000|100%| O|  |TAMS 0x0000000081d00000, 0x0000000081c00000| Untracked 
|  29|0x0000000081d00000, 0x0000000081e00000, 0x0000000081e00000|100%| O|  |TAMS 0x0000000081e00000, 0x0000000081d00000| Untracked 
|  30|0x0000000081e00000, 0x0000000081f00000, 0x0000000081f00000|100%| O|  |TAMS 0x0000000081f00000, 0x0000000081e00000| Untracked 
|  31|0x0000000081f00000, 0x0000000082000000, 0x0000000082000000|100%| O|  |TAMS 0x0000000082000000, 0x0000000081f00000| Untracked 
|  32|0x0000000082000000, 0x0000000082100000, 0x0000000082100000|100%| O|  |TAMS 0x0000000082100000, 0x0000000082000000| Untracked 
|  33|0x0000000082100000, 0x0000000082200000, 0x0000000082200000|100%| O|  |TAMS 0x0000000082200000, 0x0000000082100000| Untracked 
|  34|0x0000000082200000, 0x0000000082300000, 0x0000000082300000|100%| O|  |TAMS 0x0000000082300000, 0x0000000082200000| Untracked 
|  35|0x0000000082300000, 0x0000000082400000, 0x0000000082400000|100%| O|  |TAMS 0x0000000082400000, 0x0000000082300000| Untracked 
|  36|0x0000000082400000, 0x0000000082500000, 0x0000000082500000|100%| O|  |TAMS 0x0000000082500000, 0x0000000082400000| Untracked 
|  37|0x0000000082500000, 0x0000000082600000, 0x0000000082600000|100%| O|  |TAMS 0x0000000082600000, 0x0000000082500000| Untracked 
|  38|0x0000000082600000, 0x0000000082700000, 0x0000000082700000|100%| O|  |TAMS 0x0000000082700000, 0x0000000082600000| Untracked 
|  39|0x0000000082700000, 0x0000000082800000, 0x0000000082800000|100%| O|  |TAMS 0x0000000082800000, 0x0000000082700000| Untracked 
|  40|0x0000000082800000, 0x0000000082900000, 0x0000000082900000|100%| O|  |TAMS 0x0000000082900000, 0x0000000082800000| Untracked 
|  41|0x0000000082900000, 0x0000000082a00000, 0x0000000082a00000|100%| O|  |TAMS 0x0000000082a00000, 0x0000000082900000| Untracked 
|  42|0x0000000082a00000, 0x0000000082b00000, 0x0000000082b00000|100%| O|  |TAMS 0x0000000082b00000, 0x0000000082a00000| Untracked 
|  43|0x0000000082b00000, 0x0000000082c00000, 0x0000000082c00000|100%| O|  |TAMS 0x0000000082c00000, 0x0000000082b00000| Untracked 
|  44|0x0000000082c00000, 0x0000000082d00000, 0x0000000082d00000|100%| O|  |TAMS 0x0000000082d00000, 0x0000000082c00000| Untracked 
|  45|0x0000000082d00000, 0x0000000082e00000, 0x0000000082e00000|100%| O|  |TAMS 0x0000000082e00000, 0x0000000082d00000| Untracked 
|  46|0x0000000082e00000, 0x0000000082f00000, 0x0000000082f00000|100%| O|  |TAMS 0x0000000082f00000, 0x0000000082e00000| Untracked 
|  47|0x0000000082f00000, 0x0000000083000000, 0x0000000083000000|100%| O|  |TAMS 0x0000000083000000, 0x0000000082f00000| Untracked 
|  48|0x0000000083000000, 0x0000000083100000, 0x0000000083100000|100%| O|  |TAMS 0x0000000083100000, 0x0000000083000000| Untracked 
|  49|0x0000000083100000, 0x0000000083200000, 0x0000000083200000|100%| O|  |TAMS 0x0000000083200000, 0x0000000083100000| Untracked 
|  50|0x0000000083200000, 0x0000000083300000, 0x0000000083300000|100%| O|  |TAMS 0x0000000083300000, 0x0000000083200000| Untracked 
|  51|0x0000000083300000, 0x0000000083400000, 0x0000000083400000|100%|HS|  |TAMS 0x0000000083400000, 0x0000000083300000| Complete 
|  52|0x0000000083400000, 0x0000000083500000, 0x0000000083500000|100%| O|  |TAMS 0x0000000083500000, 0x0000000083400000| Untracked 
|  53|0x0000000083500000, 0x0000000083600000, 0x0000000083600000|100%| O|  |TAMS 0x0000000083600000, 0x0000000083500000| Untracked 
|  54|0x0000000083600000, 0x0000000083700000, 0x0000000083700000|100%| O|  |TAMS 0x0000000083700000, 0x0000000083600000| Untracked 
|  55|0x0000000083700000, 0x0000000083800000, 0x0000000083800000|100%| O|  |TAMS 0x0000000083800000, 0x0000000083700000| Untracked 
|  56|0x0000000083800000, 0x0000000083900000, 0x0000000083900000|100%| O|  |TAMS 0x0000000083900000, 0x0000000083800000| Untracked 
|  57|0x0000000083900000, 0x0000000083a00000, 0x0000000083a00000|100%| O|  |TAMS 0x0000000083a00000, 0x0000000083900000| Untracked 
|  58|0x0000000083a00000, 0x0000000083b00000, 0x0000000083b00000|100%| O|  |TAMS 0x0000000083b00000, 0x0000000083a00000| Untracked 
|  59|0x0000000083b00000, 0x0000000083c00000, 0x0000000083c00000|100%| O|  |TAMS 0x0000000083c00000, 0x0000000083b00000| Untracked 
|  60|0x0000000083c00000, 0x0000000083d00000, 0x0000000083d00000|100%| O|  |TAMS 0x0000000083d00000, 0x0000000083c00000| Untracked 
|  61|0x0000000083d00000, 0x0000000083e00000, 0x0000000083e00000|100%|HS|  |TAMS 0x0000000083e00000, 0x0000000083d00000| Complete 
|  62|0x0000000083e00000, 0x0000000083f00000, 0x0000000083f00000|100%|HC|  |TAMS 0x0000000083f00000, 0x0000000083e00000| Complete 
|  63|0x0000000083f00000, 0x0000000084000000, 0x0000000084000000|100%| O|  |TAMS 0x0000000084000000, 0x0000000083f00000| Untracked 
|  64|0x0000000084000000, 0x0000000084100000, 0x0000000084100000|100%| O|  |TAMS 0x0000000084100000, 0x0000000084000000| Untracked 
|  65|0x0000000084100000, 0x0000000084200000, 0x0000000084200000|100%| O|  |TAMS 0x0000000084200000, 0x0000000084100000| Untracked 
|  66|0x0000000084200000, 0x0000000084300000, 0x0000000084300000|100%| O|  |TAMS 0x0000000084300000, 0x0000000084200000| Untracked 
|  67|0x0000000084300000, 0x0000000084400000, 0x0000000084400000|100%| O|  |TAMS 0x0000000084400000, 0x0000000084300000| Untracked 
|  68|0x0000000084400000, 0x0000000084500000, 0x0000000084500000|100%| O|  |TAMS 0x0000000084500000, 0x0000000084400000| Untracked 
|  69|0x0000000084500000, 0x0000000084600000, 0x0000000084600000|100%| O|  |TAMS 0x0000000084600000, 0x0000000084500000| Untracked 
|  70|0x0000000084600000, 0x0000000084700000, 0x0000000084700000|100%| O|  |TAMS 0x0000000084700000, 0x0000000084600000| Untracked 
|  71|0x0000000084700000, 0x0000000084800000, 0x0000000084800000|100%| O|  |TAMS 0x0000000084800000, 0x0000000084700000| Untracked 
|  72|0x0000000084800000, 0x0000000084900000, 0x0000000084900000|100%|HS|  |TAMS 0x0000000084900000, 0x0000000084800000| Complete 
|  73|0x0000000084900000, 0x0000000084a00000, 0x0000000084a00000|100%|HC|  |TAMS 0x0000000084a00000, 0x0000000084900000| Complete 
|  74|0x0000000084a00000, 0x0000000084b00000, 0x0000000084b00000|100%| O|  |TAMS 0x0000000084b00000, 0x0000000084a00000| Untracked 
|  75|0x0000000084b00000, 0x0000000084c00000, 0x0000000084c00000|100%| O|  |TAMS 0x0000000084c00000, 0x0000000084b00000| Untracked 
|  76|0x0000000084c00000, 0x0000000084d00000, 0x0000000084d00000|100%| O|  |TAMS 0x0000000084d00000, 0x0000000084c00000| Untracked 
|  77|0x0000000084d00000, 0x0000000084e00000, 0x0000000084e00000|100%| O|  |TAMS 0x0000000084e00000, 0x0000000084d00000| Untracked 
|  78|0x0000000084e00000, 0x0000000084f00000, 0x0000000084f00000|100%| O|  |TAMS 0x0000000084f00000, 0x0000000084e00000| Untracked 
|  79|0x0000000084f00000, 0x0000000085000000, 0x0000000085000000|100%| O|  |TAMS 0x0000000085000000, 0x0000000084f00000| Untracked 
|  80|0x0000000085000000, 0x0000000085100000, 0x0000000085100000|100%| O|  |TAMS 0x0000000085100000, 0x0000000085000000| Untracked 
|  81|0x0000000085100000, 0x0000000085200000, 0x0000000085200000|100%| O|  |TAMS 0x0000000085200000, 0x0000000085100000| Untracked 
|  82|0x0000000085200000, 0x0000000085300000, 0x0000000085300000|100%| O|  |TAMS 0x0000000085300000, 0x0000000085200000| Untracked 
|  83|0x0000000085300000, 0x0000000085400000, 0x0000000085400000|100%| O|  |TAMS 0x0000000085400000, 0x0000000085300000| Untracked 
|  84|0x0000000085400000, 0x0000000085500000, 0x0000000085500000|100%| O|  |TAMS 0x0000000085500000, 0x0000000085400000| Untracked 
|  85|0x0000000085500000, 0x0000000085600000, 0x0000000085600000|100%| O|  |TAMS 0x000000008552ea00, 0x0000000085500000| Untracked 
|  86|0x0000000085600000, 0x0000000085700000, 0x0000000085700000|100%| O|  |TAMS 0x0000000085700000, 0x0000000085600000| Untracked 
|  87|0x0000000085700000, 0x0000000085800000, 0x0000000085800000|100%| O|  |TAMS 0x0000000085800000, 0x0000000085700000| Untracked 
|  88|0x0000000085800000, 0x0000000085900000, 0x0000000085900000|100%| O|  |TAMS 0x0000000085900000, 0x0000000085800000| Untracked 
|  89|0x0000000085900000, 0x0000000085a00000, 0x0000000085a00000|100%| O|  |TAMS 0x0000000085a00000, 0x0000000085900000| Untracked 
|  90|0x0000000085a00000, 0x0000000085b00000, 0x0000000085b00000|100%| O|  |TAMS 0x0000000085a00000, 0x0000000085a00000| Untracked 
|  91|0x0000000085b00000, 0x0000000085c00000, 0x0000000085c00000|100%| O|  |TAMS 0x0000000085b00000, 0x0000000085b00000| Untracked 
|  92|0x0000000085c00000, 0x0000000085d00000, 0x0000000085d00000|100%| O|  |TAMS 0x0000000085c00000, 0x0000000085c00000| Untracked 
|  93|0x0000000085d00000, 0x0000000085e00000, 0x0000000085e00000|100%| O|  |TAMS 0x0000000085e00000, 0x0000000085d00000| Untracked 
|  94|0x0000000085e00000, 0x0000000085f00000, 0x0000000085f00000|100%| O|  |TAMS 0x0000000085f00000, 0x0000000085e00000| Untracked 
|  95|0x0000000085f00000, 0x0000000086000000, 0x0000000086000000|100%| O|  |TAMS 0x0000000086000000, 0x0000000085f00000| Untracked 
|  96|0x0000000086000000, 0x0000000086100000, 0x0000000086100000|100%| O|  |TAMS 0x0000000086100000, 0x0000000086000000| Untracked 
|  97|0x0000000086100000, 0x0000000086200000, 0x0000000086200000|100%| O|  |TAMS 0x0000000086200000, 0x0000000086100000| Untracked 
|  98|0x0000000086200000, 0x0000000086300000, 0x0000000086300000|100%| O|  |TAMS 0x0000000086300000, 0x0000000086200000| Untracked 
|  99|0x0000000086300000, 0x0000000086400000, 0x0000000086400000|100%| O|  |TAMS 0x0000000086400000, 0x0000000086300000| Untracked 
| 100|0x0000000086400000, 0x0000000086500000, 0x0000000086500000|100%| O|  |TAMS 0x0000000086500000, 0x0000000086400000| Untracked 
| 101|0x0000000086500000, 0x0000000086600000, 0x0000000086600000|100%| O|  |TAMS 0x0000000086600000, 0x0000000086500000| Untracked 
| 102|0x0000000086600000, 0x0000000086700000, 0x0000000086700000|100%| O|  |TAMS 0x0000000086700000, 0x0000000086600000| Untracked 
| 103|0x0000000086700000, 0x0000000086800000, 0x0000000086800000|100%| O|  |TAMS 0x0000000086800000, 0x0000000086700000| Untracked 
| 104|0x0000000086800000, 0x0000000086900000, 0x0000000086900000|100%| O|  |TAMS 0x0000000086900000, 0x0000000086800000| Untracked 
| 105|0x0000000086900000, 0x0000000086a00000, 0x0000000086a00000|100%| O|  |TAMS 0x0000000086a00000, 0x0000000086900000| Untracked 
| 106|0x0000000086a00000, 0x0000000086b00000, 0x0000000086b00000|100%|HS|  |TAMS 0x0000000086b00000, 0x0000000086a00000| Complete 
| 107|0x0000000086b00000, 0x0000000086c00000, 0x0000000086c00000|100%|HC|  |TAMS 0x0000000086c00000, 0x0000000086b00000| Complete 
| 108|0x0000000086c00000, 0x0000000086d00000, 0x0000000086d00000|100%| O|  |TAMS 0x0000000086d00000, 0x0000000086c00000| Untracked 
| 109|0x0000000086d00000, 0x0000000086e00000, 0x0000000086e00000|100%| O|  |TAMS 0x0000000086e00000, 0x0000000086d00000| Untracked 
| 110|0x0000000086e00000, 0x0000000086f00000, 0x0000000086f00000|100%| O|  |TAMS 0x0000000086f00000, 0x0000000086e00000| Untracked 
| 111|0x0000000086f00000, 0x0000000087000000, 0x0000000087000000|100%| O|  |TAMS 0x0000000087000000, 0x0000000086f00000| Untracked 
| 112|0x0000000087000000, 0x0000000087100000, 0x0000000087100000|100%| O|  |TAMS 0x0000000087100000, 0x0000000087000000| Untracked 
| 113|0x0000000087100000, 0x0000000087200000, 0x0000000087200000|100%| O|  |TAMS 0x0000000087200000, 0x0000000087100000| Untracked 
| 114|0x0000000087200000, 0x0000000087300000, 0x0000000087300000|100%| O|  |TAMS 0x0000000087300000, 0x0000000087200000| Untracked 
| 115|0x0000000087300000, 0x0000000087400000, 0x0000000087400000|100%| O|  |TAMS 0x0000000087400000, 0x0000000087300000| Untracked 
| 116|0x0000000087400000, 0x0000000087500000, 0x0000000087500000|100%| O|  |TAMS 0x0000000087500000, 0x0000000087400000| Untracked 
| 117|0x0000000087500000, 0x0000000087600000, 0x0000000087600000|100%| O|  |TAMS 0x0000000087600000, 0x0000000087500000| Untracked 
| 118|0x0000000087600000, 0x0000000087700000, 0x0000000087700000|100%| O|  |TAMS 0x0000000087600000, 0x0000000087600000| Untracked 
| 119|0x0000000087700000, 0x0000000087800000, 0x0000000087800000|100%| O|  |TAMS 0x0000000087700000, 0x0000000087700000| Untracked 
| 120|0x0000000087800000, 0x0000000087900000, 0x0000000087900000|100%| O|  |TAMS 0x0000000087800000, 0x0000000087800000| Untracked 
| 121|0x0000000087900000, 0x0000000087a00000, 0x0000000087a00000|100%| O|  |TAMS 0x0000000087900000, 0x0000000087900000| Untracked 
| 122|0x0000000087a00000, 0x0000000087b00000, 0x0000000087b00000|100%| O|  |TAMS 0x0000000087a00000, 0x0000000087a00000| Untracked 
| 123|0x0000000087b00000, 0x0000000087c00000, 0x0000000087c00000|100%| O|  |TAMS 0x0000000087b00000, 0x0000000087b00000| Untracked 
| 124|0x0000000087c00000, 0x0000000087d00000, 0x0000000087d00000|100%| O|  |TAMS 0x0000000087c00000, 0x0000000087c00000| Untracked 
| 125|0x0000000087d00000, 0x0000000087e00000, 0x0000000087e00000|100%| O|  |TAMS 0x0000000087d00000, 0x0000000087d00000| Untracked 
| 126|0x0000000087e00000, 0x0000000087f00000, 0x0000000087f00000|100%| O|  |TAMS 0x0000000087e00000, 0x0000000087e00000| Untracked 
| 127|0x0000000087f00000, 0x0000000088000000, 0x0000000088000000|100%| O|  |TAMS 0x0000000087f00000, 0x0000000087f00000| Untracked 
| 128|0x0000000088000000, 0x0000000088100000, 0x0000000088100000|100%| O|  |TAMS 0x0000000088000000, 0x0000000088000000| Untracked 
| 129|0x0000000088100000, 0x0000000088200000, 0x0000000088200000|100%| O|  |TAMS 0x0000000088100000, 0x0000000088100000| Untracked 
| 130|0x0000000088200000, 0x0000000088300000, 0x0000000088300000|100%| O|  |TAMS 0x0000000088200000, 0x0000000088200000| Untracked 
| 131|0x0000000088300000, 0x0000000088400000, 0x0000000088400000|100%| O|  |TAMS 0x0000000088300000, 0x0000000088300000| Untracked 
| 132|0x0000000088400000, 0x0000000088500000, 0x0000000088500000|100%| O|  |TAMS 0x0000000088400000, 0x0000000088400000| Untracked 
| 133|0x0000000088500000, 0x0000000088600000, 0x0000000088600000|100%| O|  |TAMS 0x0000000088500000, 0x0000000088500000| Untracked 
| 134|0x0000000088600000, 0x0000000088700000, 0x0000000088700000|100%| O|  |TAMS 0x0000000088600000, 0x0000000088600000| Untracked 
| 135|0x0000000088700000, 0x0000000088800000, 0x0000000088800000|100%| O|  |TAMS 0x0000000088700000, 0x0000000088700000| Untracked 
| 136|0x0000000088800000, 0x0000000088900000, 0x0000000088900000|100%|HS|  |TAMS 0x0000000088800000, 0x0000000088800000| Complete 
| 137|0x0000000088900000, 0x0000000088a00000, 0x0000000088a00000|100%| O|  |TAMS 0x0000000088900000, 0x0000000088900000| Untracked 
| 138|0x0000000088a00000, 0x0000000088b00000, 0x0000000088b00000|100%| O|  |TAMS 0x0000000088a00000, 0x0000000088a00000| Untracked 
| 139|0x0000000088b00000, 0x0000000088c00000, 0x0000000088c00000|100%| O|  |TAMS 0x0000000088b00000, 0x0000000088b00000| Untracked 
| 140|0x0000000088c00000, 0x0000000088d00000, 0x0000000088d00000|100%| O|  |TAMS 0x0000000088c00000, 0x0000000088c00000| Untracked 
| 141|0x0000000088d00000, 0x0000000088e00000, 0x0000000088e00000|100%| O|  |TAMS 0x0000000088d00000, 0x0000000088d00000| Untracked 
| 142|0x0000000088e00000, 0x0000000088f00000, 0x0000000088f00000|100%| O|  |TAMS 0x0000000088e00000, 0x0000000088e00000| Untracked 
| 143|0x0000000088f00000, 0x0000000089000000, 0x0000000089000000|100%| O|  |TAMS 0x0000000088f00000, 0x0000000088f00000| Untracked 
| 144|0x0000000089000000, 0x0000000089100000, 0x0000000089100000|100%| O|  |TAMS 0x0000000089000000, 0x0000000089000000| Untracked 
| 145|0x0000000089100000, 0x0000000089200000, 0x0000000089200000|100%| O|  |TAMS 0x0000000089100000, 0x0000000089100000| Untracked 
| 146|0x0000000089200000, 0x0000000089300000, 0x0000000089300000|100%|HS|  |TAMS 0x0000000089200000, 0x0000000089200000| Complete 
| 147|0x0000000089300000, 0x0000000089400000, 0x0000000089400000|100%|HS|  |TAMS 0x0000000089300000, 0x0000000089300000| Complete 
| 148|0x0000000089400000, 0x0000000089500000, 0x0000000089500000|100%| O|  |TAMS 0x0000000089400000, 0x0000000089400000| Untracked 
| 149|0x0000000089500000, 0x0000000089600000, 0x0000000089600000|100%| O|  |TAMS 0x0000000089500000, 0x0000000089500000| Untracked 
| 150|0x0000000089600000, 0x0000000089700000, 0x0000000089700000|100%| O|  |TAMS 0x0000000089600000, 0x0000000089600000| Untracked 
| 151|0x0000000089700000, 0x0000000089800000, 0x0000000089800000|100%| O|  |TAMS 0x0000000089700000, 0x0000000089700000| Untracked 
| 152|0x0000000089800000, 0x0000000089900000, 0x0000000089900000|100%| O|  |TAMS 0x0000000089800000, 0x0000000089800000| Untracked 
| 153|0x0000000089900000, 0x0000000089a00000, 0x0000000089a00000|100%| O|  |TAMS 0x0000000089900000, 0x0000000089900000| Untracked 
| 154|0x0000000089a00000, 0x0000000089b00000, 0x0000000089b00000|100%| O|  |TAMS 0x0000000089a00000, 0x0000000089a00000| Untracked 
| 155|0x0000000089b00000, 0x0000000089c00000, 0x0000000089c00000|100%| O|  |TAMS 0x0000000089b00000, 0x0000000089b00000| Untracked 
| 156|0x0000000089c00000, 0x0000000089d00000, 0x0000000089d00000|100%| O|  |TAMS 0x0000000089c00000, 0x0000000089c00000| Untracked 
| 157|0x0000000089d00000, 0x0000000089e00000, 0x0000000089e00000|100%| O|  |TAMS 0x0000000089d00000, 0x0000000089d00000| Untracked 
| 158|0x0000000089e00000, 0x0000000089f00000, 0x0000000089f00000|100%|HS|  |TAMS 0x0000000089e00000, 0x0000000089e00000| Complete 
| 159|0x0000000089f00000, 0x000000008a000000, 0x000000008a000000|100%| O|  |TAMS 0x0000000089f00000, 0x0000000089f00000| Untracked 
| 160|0x000000008a000000, 0x000000008a100000, 0x000000008a100000|100%| O|  |TAMS 0x000000008a000000, 0x000000008a000000| Untracked 
| 161|0x000000008a100000, 0x000000008a200000, 0x000000008a200000|100%| O|  |TAMS 0x000000008a100000, 0x000000008a100000| Untracked 
| 162|0x000000008a200000, 0x000000008a300000, 0x000000008a300000|100%| O|  |TAMS 0x000000008a200000, 0x000000008a200000| Untracked 
| 163|0x000000008a300000, 0x000000008a400000, 0x000000008a400000|100%| O|  |TAMS 0x000000008a300000, 0x000000008a300000| Untracked 
| 164|0x000000008a400000, 0x000000008a500000, 0x000000008a500000|100%| O|  |TAMS 0x000000008a400000, 0x000000008a400000| Untracked 
| 165|0x000000008a500000, 0x000000008a600000, 0x000000008a600000|100%| O|  |TAMS 0x000000008a500000, 0x000000008a500000| Untracked 
| 166|0x000000008a600000, 0x000000008a700000, 0x000000008a700000|100%| O|  |TAMS 0x000000008a600000, 0x000000008a600000| Untracked 
| 167|0x000000008a700000, 0x000000008a800000, 0x000000008a800000|100%| O|  |TAMS 0x000000008a700000, 0x000000008a700000| Untracked 
| 168|0x000000008a800000, 0x000000008a900000, 0x000000008a900000|100%| O|  |TAMS 0x000000008a800000, 0x000000008a800000| Untracked 
| 169|0x000000008a900000, 0x000000008a96ee00, 0x000000008aa00000| 43%| O|  |TAMS 0x000000008a900000, 0x000000008a900000| Untracked 
| 170|0x000000008aa00000, 0x000000008aa00000, 0x000000008ab00000|  0%| F|  |TAMS 0x000000008aa00000, 0x000000008aa00000| Untracked 
| 171|0x000000008ab00000, 0x000000008ab00000, 0x000000008ac00000|  0%| F|  |TAMS 0x000000008ab00000, 0x000000008ab00000| Untracked 
| 172|0x000000008ac00000, 0x000000008ac00000, 0x000000008ad00000|  0%| F|  |TAMS 0x000000008ac00000, 0x000000008ac00000| Untracked 
| 173|0x000000008ad00000, 0x000000008ad00000, 0x000000008ae00000|  0%| F|  |TAMS 0x000000008ad00000, 0x000000008ad00000| Untracked 
| 174|0x000000008ae00000, 0x000000008ae00000, 0x000000008af00000|  0%| F|  |TAMS 0x000000008ae00000, 0x000000008ae00000| Untracked 
| 175|0x000000008af00000, 0x000000008af00000, 0x000000008b000000|  0%| F|  |TAMS 0x000000008af00000, 0x000000008af00000| Untracked 
| 176|0x000000008b000000, 0x000000008b000000, 0x000000008b100000|  0%| F|  |TAMS 0x000000008b000000, 0x000000008b000000| Untracked 
| 177|0x000000008b100000, 0x000000008b100000, 0x000000008b200000|  0%| F|  |TAMS 0x000000008b100000, 0x000000008b100000| Untracked 
| 178|0x000000008b200000, 0x000000008b200000, 0x000000008b300000|  0%| F|  |TAMS 0x000000008b200000, 0x000000008b200000| Untracked 
| 179|0x000000008b300000, 0x000000008b300000, 0x000000008b400000|  0%| F|  |TAMS 0x000000008b300000, 0x000000008b300000| Untracked 
| 180|0x000000008b400000, 0x000000008b400000, 0x000000008b500000|  0%| F|  |TAMS 0x000000008b400000, 0x000000008b400000| Untracked 
| 181|0x000000008b500000, 0x000000008b500000, 0x000000008b600000|  0%| F|  |TAMS 0x000000008b500000, 0x000000008b500000| Untracked 
| 182|0x000000008b600000, 0x000000008b600000, 0x000000008b700000|  0%| F|  |TAMS 0x000000008b600000, 0x000000008b600000| Untracked 
| 183|0x000000008b700000, 0x000000008b700000, 0x000000008b800000|  0%| F|  |TAMS 0x000000008b700000, 0x000000008b700000| Untracked 
| 184|0x000000008b800000, 0x000000008b800000, 0x000000008b900000|  0%| F|  |TAMS 0x000000008b800000, 0x000000008b800000| Untracked 
| 185|0x000000008b900000, 0x000000008b900000, 0x000000008ba00000|  0%| F|  |TAMS 0x000000008b900000, 0x000000008b900000| Untracked 
| 186|0x000000008ba00000, 0x000000008ba00000, 0x000000008bb00000|  0%| F|  |TAMS 0x000000008ba00000, 0x000000008ba00000| Untracked 
| 187|0x000000008bb00000, 0x000000008bb00000, 0x000000008bc00000|  0%| F|  |TAMS 0x000000008bb00000, 0x000000008bb00000| Untracked 
| 188|0x000000008bc00000, 0x000000008bc00000, 0x000000008bd00000|  0%| F|  |TAMS 0x000000008bc00000, 0x000000008bc00000| Untracked 
| 189|0x000000008bd00000, 0x000000008bd00000, 0x000000008be00000|  0%| F|  |TAMS 0x000000008bd00000, 0x000000008bd00000| Untracked 
| 190|0x000000008be00000, 0x000000008be00000, 0x000000008bf00000|  0%| F|  |TAMS 0x000000008be00000, 0x000000008be00000| Untracked 
| 191|0x000000008bf00000, 0x000000008bf00000, 0x000000008c000000|  0%| F|  |TAMS 0x000000008bf00000, 0x000000008bf00000| Untracked 
| 192|0x000000008c000000, 0x000000008c000000, 0x000000008c100000|  0%| F|  |TAMS 0x000000008c000000, 0x000000008c000000| Untracked 
| 193|0x000000008c100000, 0x000000008c100000, 0x000000008c200000|  0%| F|  |TAMS 0x000000008c100000, 0x000000008c100000| Untracked 
| 194|0x000000008c200000, 0x000000008c200000, 0x000000008c300000|  0%| F|  |TAMS 0x000000008c200000, 0x000000008c200000| Untracked 
| 195|0x000000008c300000, 0x000000008c300000, 0x000000008c400000|  0%| F|  |TAMS 0x000000008c300000, 0x000000008c300000| Untracked 
| 196|0x000000008c400000, 0x000000008c400000, 0x000000008c500000|  0%| F|  |TAMS 0x000000008c400000, 0x000000008c400000| Untracked 
| 197|0x000000008c500000, 0x000000008c500000, 0x000000008c600000|  0%| F|  |TAMS 0x000000008c500000, 0x000000008c500000| Untracked 
| 198|0x000000008c600000, 0x000000008c600000, 0x000000008c700000|  0%| F|  |TAMS 0x000000008c600000, 0x000000008c600000| Untracked 
| 199|0x000000008c700000, 0x000000008c700000, 0x000000008c800000|  0%| F|  |TAMS 0x000000008c700000, 0x000000008c700000| Untracked 
| 200|0x000000008c800000, 0x000000008c800000, 0x000000008c900000|  0%| F|  |TAMS 0x000000008c800000, 0x000000008c800000| Untracked 
| 201|0x000000008c900000, 0x000000008c900000, 0x000000008ca00000|  0%| F|  |TAMS 0x000000008c900000, 0x000000008c900000| Untracked 
| 202|0x000000008ca00000, 0x000000008ca00000, 0x000000008cb00000|  0%| F|  |TAMS 0x000000008ca00000, 0x000000008ca00000| Untracked 
| 203|0x000000008cb00000, 0x000000008cb00000, 0x000000008cc00000|  0%| F|  |TAMS 0x000000008cb00000, 0x000000008cb00000| Untracked 
| 204|0x000000008cc00000, 0x000000008cc00000, 0x000000008cd00000|  0%| F|  |TAMS 0x000000008cc00000, 0x000000008cc00000| Untracked 
| 205|0x000000008cd00000, 0x000000008cd00000, 0x000000008ce00000|  0%| F|  |TAMS 0x000000008cd00000, 0x000000008cd00000| Untracked 
| 206|0x000000008ce00000, 0x000000008ce00000, 0x000000008cf00000|  0%| F|  |TAMS 0x000000008ce00000, 0x000000008ce00000| Untracked 
| 207|0x000000008cf00000, 0x000000008cf00000, 0x000000008d000000|  0%| F|  |TAMS 0x000000008cf00000, 0x000000008cf00000| Untracked 
| 208|0x000000008d000000, 0x000000008d000000, 0x000000008d100000|  0%| F|  |TAMS 0x000000008d000000, 0x000000008d000000| Untracked 
| 209|0x000000008d100000, 0x000000008d100000, 0x000000008d200000|  0%| F|  |TAMS 0x000000008d100000, 0x000000008d100000| Untracked 
| 210|0x000000008d200000, 0x000000008d200000, 0x000000008d300000|  0%| F|  |TAMS 0x000000008d200000, 0x000000008d200000| Untracked 
| 211|0x000000008d300000, 0x000000008d300000, 0x000000008d400000|  0%| F|  |TAMS 0x000000008d300000, 0x000000008d300000| Untracked 
| 212|0x000000008d400000, 0x000000008d400000, 0x000000008d500000|  0%| F|  |TAMS 0x000000008d400000, 0x000000008d400000| Untracked 
| 213|0x000000008d500000, 0x000000008d500000, 0x000000008d600000|  0%| F|  |TAMS 0x000000008d500000, 0x000000008d500000| Untracked 
| 214|0x000000008d600000, 0x000000008d600000, 0x000000008d700000|  0%| F|  |TAMS 0x000000008d600000, 0x000000008d600000| Untracked 
| 215|0x000000008d700000, 0x000000008d700000, 0x000000008d800000|  0%| F|  |TAMS 0x000000008d700000, 0x000000008d700000| Untracked 
| 216|0x000000008d800000, 0x000000008d800000, 0x000000008d900000|  0%| F|  |TAMS 0x000000008d800000, 0x000000008d800000| Untracked 
| 217|0x000000008d900000, 0x000000008d900000, 0x000000008da00000|  0%| F|  |TAMS 0x000000008d900000, 0x000000008d900000| Untracked 
| 218|0x000000008da00000, 0x000000008da00000, 0x000000008db00000|  0%| F|  |TAMS 0x000000008da00000, 0x000000008da00000| Untracked 
| 219|0x000000008db00000, 0x000000008db00000, 0x000000008dc00000|  0%| F|  |TAMS 0x000000008db00000, 0x000000008db00000| Untracked 
| 220|0x000000008dc00000, 0x000000008dd00000, 0x000000008dd00000|100%| S|CS|TAMS 0x000000008dc00000, 0x000000008dc00000| Complete 
| 221|0x000000008dd00000, 0x000000008dd00000, 0x000000008de00000|  0%| F|  |TAMS 0x000000008dd00000, 0x000000008dd00000| Untracked 
| 222|0x000000008de00000, 0x000000008de00000, 0x000000008df00000|  0%| F|  |TAMS 0x000000008de00000, 0x000000008de00000| Untracked 
| 223|0x000000008df00000, 0x000000008df00000, 0x000000008e000000|  0%| F|  |TAMS 0x000000008df00000, 0x000000008df00000| Untracked 
| 224|0x000000008e000000, 0x000000008e000000, 0x000000008e100000|  0%| F|  |TAMS 0x000000008e000000, 0x000000008e000000| Untracked 
| 225|0x000000008e100000, 0x000000008e100000, 0x000000008e200000|  0%| F|  |TAMS 0x000000008e100000, 0x000000008e100000| Untracked 
| 226|0x000000008e200000, 0x000000008e200000, 0x000000008e300000|  0%| F|  |TAMS 0x000000008e200000, 0x000000008e200000| Untracked 
| 227|0x000000008e300000, 0x000000008e400000, 0x000000008e400000|100%| S|CS|TAMS 0x000000008e300000, 0x000000008e300000| Complete 
| 228|0x000000008e400000, 0x000000008e500000, 0x000000008e500000|100%| S|CS|TAMS 0x000000008e400000, 0x000000008e400000| Complete 
| 229|0x000000008e500000, 0x000000008e500000, 0x000000008e600000|  0%| F|  |TAMS 0x000000008e500000, 0x000000008e500000| Untracked 
| 230|0x000000008e600000, 0x000000008e700000, 0x000000008e700000|100%| S|CS|TAMS 0x000000008e600000, 0x000000008e600000| Complete 
| 231|0x000000008e700000, 0x000000008e800000, 0x000000008e800000|100%| S|CS|TAMS 0x000000008e700000, 0x000000008e700000| Complete 
| 232|0x000000008e800000, 0x000000008e900000, 0x000000008e900000|100%| S|CS|TAMS 0x000000008e800000, 0x000000008e800000| Complete 
| 233|0x000000008e900000, 0x000000008e900000, 0x000000008ea00000|  0%| F|  |TAMS 0x000000008e900000, 0x000000008e900000| Untracked 
| 234|0x000000008ea00000, 0x000000008ea00000, 0x000000008eb00000|  0%| F|  |TAMS 0x000000008ea00000, 0x000000008ea00000| Untracked 
| 235|0x000000008eb00000, 0x000000008eb00000, 0x000000008ec00000|  0%| F|  |TAMS 0x000000008eb00000, 0x000000008eb00000| Untracked 
| 236|0x000000008ec00000, 0x000000008ec00000, 0x000000008ed00000|  0%| F|  |TAMS 0x000000008ec00000, 0x000000008ec00000| Untracked 
| 237|0x000000008ed00000, 0x000000008ed00000, 0x000000008ee00000|  0%| F|  |TAMS 0x000000008ed00000, 0x000000008ed00000| Untracked 
| 238|0x000000008ee00000, 0x000000008ee00000, 0x000000008ef00000|  0%| F|  |TAMS 0x000000008ee00000, 0x000000008ee00000| Untracked 
| 239|0x000000008ef00000, 0x000000008ef00000, 0x000000008f000000|  0%| F|  |TAMS 0x000000008ef00000, 0x000000008ef00000| Untracked 
| 240|0x000000008f000000, 0x000000008f000000, 0x000000008f100000|  0%| F|  |TAMS 0x000000008f000000, 0x000000008f000000| Untracked 
| 241|0x000000008f100000, 0x000000008f100000, 0x000000008f200000|  0%| F|  |TAMS 0x000000008f100000, 0x000000008f100000| Untracked 
| 242|0x000000008f200000, 0x000000008f200000, 0x000000008f300000|  0%| F|  |TAMS 0x000000008f200000, 0x000000008f200000| Untracked 
| 243|0x000000008f300000, 0x000000008f300000, 0x000000008f400000|  0%| F|  |TAMS 0x000000008f300000, 0x000000008f300000| Untracked 
| 244|0x000000008f400000, 0x000000008f400000, 0x000000008f500000|  0%| F|  |TAMS 0x000000008f400000, 0x000000008f400000| Untracked 
| 245|0x000000008f500000, 0x000000008f500000, 0x000000008f600000|  0%| F|  |TAMS 0x000000008f500000, 0x000000008f500000| Untracked 
| 246|0x000000008f600000, 0x000000008f600000, 0x000000008f700000|  0%| F|  |TAMS 0x000000008f600000, 0x000000008f600000| Untracked 
| 247|0x000000008f700000, 0x000000008f700000, 0x000000008f800000|  0%| F|  |TAMS 0x000000008f700000, 0x000000008f700000| Untracked 
| 248|0x000000008f800000, 0x000000008f800000, 0x000000008f900000|  0%| F|  |TAMS 0x000000008f800000, 0x000000008f800000| Untracked 
| 249|0x000000008f900000, 0x000000008f900000, 0x000000008fa00000|  0%| F|  |TAMS 0x000000008f900000, 0x000000008f900000| Untracked 
| 250|0x000000008fa00000, 0x000000008fa00000, 0x000000008fb00000|  0%| F|  |TAMS 0x000000008fa00000, 0x000000008fa00000| Untracked 
| 251|0x000000008fb00000, 0x000000008fb00000, 0x000000008fc00000|  0%| F|  |TAMS 0x000000008fb00000, 0x000000008fb00000| Untracked 
| 252|0x000000008fc00000, 0x000000008fc00000, 0x000000008fd00000|  0%| F|  |TAMS 0x000000008fc00000, 0x000000008fc00000| Untracked 
| 253|0x000000008fd00000, 0x000000008fd00000, 0x000000008fe00000|  0%| F|  |TAMS 0x000000008fd00000, 0x000000008fd00000| Untracked 
| 254|0x000000008fe00000, 0x000000008fe00000, 0x000000008ff00000|  0%| F|  |TAMS 0x000000008fe00000, 0x000000008fe00000| Untracked 
| 255|0x000000008ff00000, 0x000000008ff00000, 0x0000000090000000|  0%| F|  |TAMS 0x000000008ff00000, 0x000000008ff00000| Untracked 
| 256|0x0000000090000000, 0x0000000090000000, 0x0000000090100000|  0%| F|  |TAMS 0x0000000090000000, 0x0000000090000000| Untracked 
| 257|0x0000000090100000, 0x0000000090100000, 0x0000000090200000|  0%| F|  |TAMS 0x0000000090100000, 0x0000000090100000| Untracked 
| 258|0x0000000090200000, 0x0000000090200000, 0x0000000090300000|  0%| F|  |TAMS 0x0000000090200000, 0x0000000090200000| Untracked 
| 259|0x0000000090300000, 0x0000000090300000, 0x0000000090400000|  0%| F|  |TAMS 0x0000000090300000, 0x0000000090300000| Untracked 
| 260|0x0000000090400000, 0x0000000090400000, 0x0000000090500000|  0%| F|  |TAMS 0x0000000090400000, 0x0000000090400000| Untracked 
| 261|0x0000000090500000, 0x0000000090500000, 0x0000000090600000|  0%| F|  |TAMS 0x0000000090500000, 0x0000000090500000| Untracked 
| 262|0x0000000090600000, 0x0000000090600000, 0x0000000090700000|  0%| F|  |TAMS 0x0000000090600000, 0x0000000090600000| Untracked 
| 263|0x0000000090700000, 0x0000000090700000, 0x0000000090800000|  0%| F|  |TAMS 0x0000000090700000, 0x0000000090700000| Untracked 
| 264|0x0000000090800000, 0x0000000090800000, 0x0000000090900000|  0%| F|  |TAMS 0x0000000090800000, 0x0000000090800000| Untracked 
| 265|0x0000000090900000, 0x0000000090900000, 0x0000000090a00000|  0%| F|  |TAMS 0x0000000090900000, 0x0000000090900000| Untracked 
| 266|0x0000000090a00000, 0x0000000090a00000, 0x0000000090b00000|  0%| F|  |TAMS 0x0000000090a00000, 0x0000000090a00000| Untracked 
| 267|0x0000000090b00000, 0x0000000090b00000, 0x0000000090c00000|  0%| F|  |TAMS 0x0000000090b00000, 0x0000000090b00000| Untracked 
| 268|0x0000000090c00000, 0x0000000090c00000, 0x0000000090d00000|  0%| F|  |TAMS 0x0000000090c00000, 0x0000000090c00000| Untracked 
| 269|0x0000000090d00000, 0x0000000090d00000, 0x0000000090e00000|  0%| F|  |TAMS 0x0000000090d00000, 0x0000000090d00000| Untracked 
| 270|0x0000000090e00000, 0x0000000090e00000, 0x0000000090f00000|  0%| F|  |TAMS 0x0000000090e00000, 0x0000000090e00000| Untracked 
| 271|0x0000000090f00000, 0x0000000090f00000, 0x0000000091000000|  0%| F|  |TAMS 0x0000000090f00000, 0x0000000090f00000| Untracked 
| 272|0x0000000091000000, 0x0000000091000000, 0x0000000091100000|  0%| F|  |TAMS 0x0000000091000000, 0x0000000091000000| Untracked 
| 273|0x0000000091100000, 0x0000000091100000, 0x0000000091200000|  0%| F|  |TAMS 0x0000000091100000, 0x0000000091100000| Untracked 

Card table byte_map: [0x000001b3f07d0000,0x000001b3f0bd0000] _byte_map_base: 0x000001b3f03d0000

Marking Bits (Prev, Next): (CMBitMap*) 0x000001b3db80ba90, (CMBitMap*) 0x000001b3db80ba58
 Prev Bits: [0x000001b3f2fd0000, 0x000001b3f4fd0000)
 Next Bits: [0x000001b3f0fd0000, 0x000001b3f2fd0000)

Polling page: 0x000001b3db610000

Metaspace:

Usage:
  Non-class:    118.33 MB capacity,   116.62 MB ( 99%) used,     1.39 MB (  1%) free+waste,   325.75 KB ( <1%) overhead. 
      Class:     17.70 MB capacity,    16.70 MB ( 94%) used,   877.28 KB (  5%) free+waste,   148.06 KB ( <1%) overhead. 
       Both:    136.04 MB capacity,   133.33 MB ( 98%) used,     2.25 MB (  2%) free+waste,   473.81 KB ( <1%) overhead. 

Virtual space:
  Non-class space:      120.00 MB reserved,     118.58 MB ( 99%) committed 
      Class space:        1.00 GB reserved,      17.75 MB (  2%) committed 
             Both:        1.12 GB reserved,     136.33 MB ( 12%) committed 

Chunk freelists:
   Non-Class:  60.00 KB
       Class:  22.00 KB
        Both:  82.00 KB

MaxMetaspaceSize: 17179869184.00 GB
CompressedClassSpaceSize: 1.00 GB

CodeHeap 'non-profiled nmethods': size=120000Kb used=9084Kb max_used=9084Kb free=110915Kb
 bounds [0x000001b3e8440000, 0x000001b3e8d20000, 0x000001b3ef970000]
CodeHeap 'profiled nmethods': size=120000Kb used=30736Kb max_used=30736Kb free=89263Kb
 bounds [0x000001b3e0f10000, 0x000001b3e2d20000, 0x000001b3e8440000]
CodeHeap 'non-nmethods': size=5760Kb used=2386Kb max_used=2456Kb free=3373Kb
 bounds [0x000001b3e0970000, 0x000001b3e0be0000, 0x000001b3e0f10000]
 total_blobs=15001 nmethods=13996 adapters=916
 compilation: enabled
              stopped_count=0, restarted_count=0
 full_count=0

Compilation events (20 events):
Event: 31.406 Thread 0x000001b3fcc55800 nmethod 14402 0x000001b3e8d15410 code [0x000001b3e8d15680, 0x000001b3e8d17110]
Event: 31.406 Thread 0x000001b3fcc55800 14390       4       com.android.tools.r8.t.a.a.a.h.f0::put (278 bytes)
Event: 31.410 Thread 0x000001b3f7ad8800 14405 %     3       com.android.tools.r8.graph.a0::<init> @ 176 (247 bytes)
Event: 31.411 Thread 0x000001b3f7ad8800 nmethod 14405% 0x000001b3e2d13910 code [0x000001b3e2d13b00, 0x000001b3e2d13f88]
Event: 31.436 Thread 0x000001b3f7ad8800 14407   !   3       com.android.tools.r8.graph.I0::a (225 bytes)
Event: 31.437 Thread 0x000001b3f7ad8800 nmethod 14407 0x000001b3e2d14210 code [0x000001b3e2d14520, 0x000001b3e2d15818]
Event: 31.439 Thread 0x000001b3fcc55800 nmethod 14390 0x000001b3e8d18010 code [0x000001b3e8d182a0, 0x000001b3e8d19c60]
Event: 31.439 Thread 0x000001b3fcc55800 14399       4       com.android.tools.r8.graph.I0::b (147 bytes)
Event: 31.455 Thread 0x000001b3fcc55800 nmethod 14399 0x000001b3e8d1ae90 code [0x000001b3e8d1b080, 0x000001b3e8d1bca8]
Event: 31.455 Thread 0x000001b3f7ad8800 14408       3       com.android.tools.r8.graph.a0::<init> (247 bytes)
Event: 31.455 Thread 0x000001b3fcc55800 14300       4       com.android.tools.r8.q.a.a.b.O0::next (32 bytes)
Event: 31.456 Thread 0x000001b3f7ad8800 nmethod 14408 0x000001b3e2d16110 code [0x000001b3e2d162e0, 0x000001b3e2d166c8]
Event: 31.466 Thread 0x000001b3fcc55800 nmethod 14300 0x000001b3e8d1c290 code [0x000001b3e8d1c480, 0x000001b3e8d1cb38]
Event: 31.466 Thread 0x000001b3fcc55800 14295       4       com.android.tools.r8.graph.I0$c::<init> (66 bytes)
Event: 31.484 Thread 0x000001b3fcc55800 nmethod 14295 0x000001b3e8d1d010 code [0x000001b3e8d1d1e0, 0x000001b3e8d1de08]
Event: 31.484 Thread 0x000001b3fcc55800 14299       4       com.android.tools.r8.graph.I0$b::a (62 bytes)
Event: 31.493 Thread 0x000001b3fcc55800 nmethod 14299 0x000001b3e8d1e210 code [0x000001b3e8d1e3e0, 0x000001b3e8d1e848]
Event: 31.493 Thread 0x000001b3fcc55800 14296       4       com.android.tools.r8.graph.U::<init> (36 bytes)
Event: 31.497 Thread 0x000001b3fcc55800 nmethod 14296 0x000001b3e8d1ec10 code [0x000001b3e8d1eda0, 0x000001b3e8d1f2b8]
Event: 31.498 Thread 0x000001b3fcc55800 14298       4       com.android.tools.r8.graph.I0$c::a (578 bytes)

GC Heap History (20 events):
Event: 30.387 GC heap after
{Heap after GC invocations=51 (full 0):
 garbage-first heap   total 155648K, used 115314K [0x0000000080000000, 0x0000000100000000)
  region size 1024K, 1 young (1024K), 1 survivors (1024K)
 Metaspace       used 136369K, capacity 139213K, committed 139344K, reserved 1171456K
  class space    used 17109K, capacity 18151K, committed 18176K, reserved 1048576K
}
Event: 30.464 GC heap before
{Heap before GC invocations=51 (full 0):
 garbage-first heap   total 155648K, used 129650K [0x0000000080000000, 0x0000000100000000)
  region size 1024K, 15 young (15360K), 1 survivors (1024K)
 Metaspace       used 136457K, capacity 139285K, committed 139344K, reserved 1171456K
  class space    used 17110K, capacity 18151K, committed 18176K, reserved 1048576K
}
Event: 30.470 GC heap after
{Heap after GC invocations=52 (full 0):
 garbage-first heap   total 155648K, used 118970K [0x0000000080000000, 0x0000000100000000)
  region size 1024K, 2 young (2048K), 2 survivors (2048K)
 Metaspace       used 136457K, capacity 139285K, committed 139344K, reserved 1171456K
  class space    used 17110K, capacity 18151K, committed 18176K, reserved 1048576K
}
Event: 30.530 GC heap before
{Heap before GC invocations=52 (full 0):
 garbage-first heap   total 155648K, used 130234K [0x0000000080000000, 0x0000000100000000)
  region size 1024K, 14 young (14336K), 2 survivors (2048K)
 Metaspace       used 136467K, capacity 139285K, committed 139344K, reserved 1171456K
  class space    used 17110K, capacity 18151K, committed 18176K, reserved 1048576K
}
Event: 30.536 GC heap after
{Heap after GC invocations=53 (full 0):
 garbage-first heap   total 155648K, used 122341K [0x0000000080000000, 0x0000000100000000)
  region size 1024K, 2 young (2048K), 2 survivors (2048K)
 Metaspace       used 136467K, capacity 139285K, committed 139344K, reserved 1171456K
  class space    used 17110K, capacity 18151K, committed 18176K, reserved 1048576K
}
Event: 30.588 GC heap before
{Heap before GC invocations=53 (full 0):
 garbage-first heap   total 155648K, used 132581K [0x0000000080000000, 0x0000000100000000)
  region size 1024K, 12 young (12288K), 2 survivors (2048K)
 Metaspace       used 136467K, capacity 139285K, committed 139344K, reserved 1171456K
  class space    used 17110K, capacity 18151K, committed 18176K, reserved 1048576K
}
Event: 30.596 GC heap after
{Heap after GC invocations=54 (full 0):
 garbage-first heap   total 155648K, used 125421K [0x0000000080000000, 0x0000000100000000)
  region size 1024K, 2 young (2048K), 2 survivors (2048K)
 Metaspace       used 136467K, capacity 139285K, committed 139344K, reserved 1171456K
  class space    used 17110K, capacity 18151K, committed 18176K, reserved 1048576K
}
Event: 30.626 GC heap before
{Heap before GC invocations=54 (full 0):
 garbage-first heap   total 155648K, used 133613K [0x0000000080000000, 0x0000000100000000)
  region size 1024K, 10 young (10240K), 2 survivors (2048K)
 Metaspace       used 136471K, capacity 139285K, committed 139344K, reserved 1171456K
  class space    used 17111K, capacity 18151K, committed 18176K, reserved 1048576K
}
Event: 30.634 GC heap after
{Heap after GC invocations=55 (full 0):
 garbage-first heap   total 155648K, used 127673K [0x0000000080000000, 0x0000000100000000)
  region size 1024K, 2 young (2048K), 2 survivors (2048K)
 Metaspace       used 136471K, capacity 139285K, committed 139344K, reserved 1171456K
  class space    used 17111K, capacity 18151K, committed 18176K, reserved 1048576K
}
Event: 30.684 GC heap before
{Heap before GC invocations=55 (full 0):
 garbage-first heap   total 155648K, used 133817K [0x0000000080000000, 0x0000000100000000)
  region size 1024K, 8 young (8192K), 2 survivors (2048K)
 Metaspace       used 136428K, capacity 139204K, committed 139344K, reserved 1171456K
  class space    used 17095K, capacity 18122K, committed 18176K, reserved 1048576K
}
Event: 30.690 GC heap after
{Heap after GC invocations=56 (full 0):
 garbage-first heap   total 155648K, used 129380K [0x0000000080000000, 0x0000000100000000)
  region size 1024K, 1 young (1024K), 1 survivors (1024K)
 Metaspace       used 136428K, capacity 139204K, committed 139344K, reserved 1171456K
  class space    used 17095K, capacity 18122K, committed 18176K, reserved 1048576K
}
Event: 30.719 GC heap before
{Heap before GC invocations=56 (full 0):
 garbage-first heap   total 155648K, used 135524K [0x0000000080000000, 0x0000000100000000)
  region size 1024K, 7 young (7168K), 1 survivors (1024K)
 Metaspace       used 136436K, capacity 139209K, committed 139344K, reserved 1171456K
  class space    used 17095K, capacity 18123K, committed 18176K, reserved 1048576K
}
Event: 30.730 GC heap after
{Heap after GC invocations=57 (full 0):
 garbage-first heap   total 280576K, used 131067K [0x0000000080000000, 0x0000000100000000)
  region size 1024K, 1 young (1024K), 1 survivors (1024K)
 Metaspace       used 136436K, capacity 139209K, committed 139344K, reserved 1171456K
  class space    used 17095K, capacity 18123K, committed 18176K, reserved 1048576K
}
Event: 30.935 GC heap before
{Heap before GC invocations=58 (full 0):
 garbage-first heap   total 280576K, used 178171K [0x0000000080000000, 0x0000000100000000)
  region size 1024K, 48 young (49152K), 1 survivors (1024K)
 Metaspace       used 136517K, capacity 139300K, committed 139600K, reserved 1171456K
  class space    used 17103K, capacity 18129K, committed 18176K, reserved 1048576K
}
Event: 30.952 GC heap after
{Heap after GC invocations=59 (full 0):
 garbage-first heap   total 280576K, used 145287K [0x0000000080000000, 0x0000000100000000)
  region size 1024K, 6 young (6144K), 6 survivors (6144K)
 Metaspace       used 136517K, capacity 139300K, committed 139600K, reserved 1171456K
  class space    used 17103K, capacity 18129K, committed 18176K, reserved 1048576K
}
Event: 31.131 GC heap before
{Heap before GC invocations=59 (full 0):
 garbage-first heap   total 280576K, used 192391K [0x0000000080000000, 0x0000000100000000)
  region size 1024K, 51 young (52224K), 6 survivors (6144K)
 Metaspace       used 136519K, capacity 139301K, committed 139600K, reserved 1171456K
  class space    used 17103K, capacity 18129K, committed 18176K, reserved 1048576K
}
Event: 31.152 GC heap after
{Heap after GC invocations=60 (full 0):
 garbage-first heap   total 280576K, used 156336K [0x0000000080000000, 0x0000000100000000)
  region size 1024K, 7 young (7168K), 7 survivors (7168K)
 Metaspace       used 136519K, capacity 139301K, committed 139600K, reserved 1171456K
  class space    used 17103K, capacity 18129K, committed 18176K, reserved 1048576K
}
Event: 31.318 GC heap before
{Heap before GC invocations=60 (full 0):
 garbage-first heap   total 280576K, used 203440K [0x0000000080000000, 0x0000000100000000)
  region size 1024K, 51 young (52224K), 7 survivors (7168K)
 Metaspace       used 136526K, capacity 139301K, committed 139600K, reserved 1171456K
  class space    used 17103K, capacity 18129K, committed 18176K, reserved 1048576K
}
Event: 31.342 GC heap after
{Heap after GC invocations=61 (full 0):
 garbage-first heap   total 280576K, used 168646K [0x0000000080000000, 0x0000000100000000)
  region size 1024K, 7 young (7168K), 7 survivors (7168K)
 Metaspace       used 136526K, capacity 139301K, committed 139600K, reserved 1171456K
  class space    used 17103K, capacity 18129K, committed 18176K, reserved 1048576K
}
Event: 31.503 GC heap before
{Heap before GC invocations=61 (full 0):
 garbage-first heap   total 280576K, used 211654K [0x0000000080000000, 0x0000000100000000)
  region size 1024K, 48 young (49152K), 7 survivors (7168K)
 Metaspace       used 136527K, capacity 139301K, committed 139600K, reserved 1171456K
  class space    used 17103K, capacity 18129K, committed 18176K, reserved 1048576K
}

Deoptimization events (20 events):
Event: 30.930 Thread 0x000001b3fa46e800 DEOPT PACKING pc=0x000001b3e2c906f7 sp=0x00000076f68f9c50
Event: 30.930 Thread 0x000001b3fa46e800 DEOPT UNPACKING pc=0x000001b3e0998ade sp=0x00000076f68f91c8 mode 0
Event: 30.964 Thread 0x000001b3fa46e800 DEOPT PACKING pc=0x000001b3e2c906f7 sp=0x00000076f68f9c50
Event: 30.964 Thread 0x000001b3fa46e800 DEOPT UNPACKING pc=0x000001b3e0998ade sp=0x00000076f68f91c8 mode 0
Event: 30.977 Thread 0x000001b3fa46e800 DEOPT PACKING pc=0x000001b3e2c906f7 sp=0x00000076f68f9c50
Event: 30.977 Thread 0x000001b3fa46e800 DEOPT UNPACKING pc=0x000001b3e0998ade sp=0x00000076f68f91c8 mode 0
Event: 31.006 Thread 0x000001b3fa46e800 DEOPT PACKING pc=0x000001b3e2c906f7 sp=0x00000076f68f9c50
Event: 31.006 Thread 0x000001b3fa46e800 DEOPT UNPACKING pc=0x000001b3e0998ade sp=0x00000076f68f91c8 mode 0
Event: 31.015 Thread 0x000001b3fa46e800 DEOPT PACKING pc=0x000001b3e2c906f7 sp=0x00000076f68f9c50
Event: 31.015 Thread 0x000001b3fa46e800 DEOPT UNPACKING pc=0x000001b3e0998ade sp=0x00000076f68f91c8 mode 0
Event: 31.025 Thread 0x000001b3fa46e800 DEOPT PACKING pc=0x000001b3e2c42714 sp=0x00000076f68f9ed0
Event: 31.025 Thread 0x000001b3fa46e800 DEOPT UNPACKING pc=0x000001b3e0998ade sp=0x00000076f68f9500 mode 0
Event: 31.042 Thread 0x000001b3fa46e800 Uncommon trap: trap_request=0xffffff4d fr.pc=0x000001b3e8cf8c94 relative=0x0000000000005914
Event: 31.042 Thread 0x000001b3fa46e800 Uncommon trap: reason=unstable_if action=reinterpret pc=0x000001b3e8cf8c94 method=com.android.tools.r8.graph.I0$d.c()V @ 41 c2
Event: 31.042 Thread 0x000001b3fa46e800 DEOPT PACKING pc=0x000001b3e8cf8c94 sp=0x00000076f68fa080
Event: 31.042 Thread 0x000001b3fa46e800 DEOPT UNPACKING pc=0x000001b3e097822f sp=0x00000076f68fa040 mode 2
Event: 31.228 Thread 0x000001b3fa46e800 DEOPT PACKING pc=0x000001b3e2c367e7 sp=0x00000076f68f9cc0
Event: 31.228 Thread 0x000001b3fa46e800 DEOPT UNPACKING pc=0x000001b3e0998ade sp=0x00000076f68f9278 mode 0
Event: 31.287 Thread 0x000001b3fa46e800 DEOPT PACKING pc=0x000001b3e2c367e7 sp=0x00000076f68f9e20
Event: 31.287 Thread 0x000001b3fa46e800 DEOPT UNPACKING pc=0x000001b3e0998ade sp=0x00000076f68f93d8 mode 0

Classes redefined (0 events):
No events

Internal exceptions (20 events):
Event: 29.928 Thread 0x000001b3fa46e800 Exception <a 'sun/nio/fs/WindowsException'{0x00000000882f1368}> (0x00000000882f1368) thrown at [./src/hotspot/share/prims/jni.cpp, line 615]
Event: 29.928 Thread 0x000001b3fa46e800 Exception <a 'sun/nio/fs/WindowsException'{0x00000000882f15e8}> (0x00000000882f15e8) thrown at [./src/hotspot/share/prims/jni.cpp, line 615]
Event: 29.928 Thread 0x000001b3fa46e800 Exception <a 'sun/nio/fs/WindowsException'{0x00000000882f2418}> (0x00000000882f2418) thrown at [./src/hotspot/share/prims/jni.cpp, line 615]
Event: 29.928 Thread 0x000001b3fa46e800 Exception <a 'sun/nio/fs/WindowsException'{0x00000000882f2698}> (0x00000000882f2698) thrown at [./src/hotspot/share/prims/jni.cpp, line 615]
Event: 29.928 Thread 0x000001b3fa46e800 Exception <a 'sun/nio/fs/WindowsException'{0x00000000882f3240}> (0x00000000882f3240) thrown at [./src/hotspot/share/prims/jni.cpp, line 615]
Event: 29.936 Thread 0x000001b3fa46e800 Exception <a 'sun/nio/fs/WindowsException'{0x0000000088144e08}> (0x0000000088144e08) thrown at [./src/hotspot/share/prims/jni.cpp, line 615]
Event: 29.964 Thread 0x000001b3fa46e800 Exception <a 'java/lang/NoSuchMethodError'{0x00000000880249b0}: 'void java.lang.invoke.DirectMethodHandle$Holder.invokeSpecial(java.lang.Object, java.lang.Object, int)'> (0x00000000880249b0) thrown at [./src/hotspot/share/interpreter/linkResolver.cpp, line 773]
Event: 29.967 Thread 0x000001b3fa46e800 Exception <a 'sun/nio/fs/WindowsException'{0x0000000088030948}> (0x0000000088030948) thrown at [./src/hotspot/share/prims/jni.cpp, line 615]
Event: 29.971 Thread 0x000001b3fa46e800 Exception <a 'sun/nio/fs/WindowsException'{0x000000008804e7b8}> (0x000000008804e7b8) thrown at [./src/hotspot/share/prims/jni.cpp, line 615]
Event: 29.971 Thread 0x000001b3fa46e800 Exception <a 'sun/nio/fs/WindowsException'{0x000000008804e890}> (0x000000008804e890) thrown at [./src/hotspot/share/prims/jni.cpp, line 615]
Event: 29.971 Thread 0x000001b3fa46e800 Exception <a 'sun/nio/fs/WindowsException'{0x000000008804e968}> (0x000000008804e968) thrown at [./src/hotspot/share/prims/jni.cpp, line 615]
Event: 29.971 Thread 0x000001b3fa46e800 Exception <a 'sun/nio/fs/WindowsException'{0x000000008804ea50}> (0x000000008804ea50) thrown at [./src/hotspot/share/prims/jni.cpp, line 615]
Event: 29.971 Thread 0x000001b3fa46e800 Exception <a 'sun/nio/fs/WindowsException'{0x000000008804ee98}> (0x000000008804ee98) thrown at [./src/hotspot/share/prims/jni.cpp, line 615]
Event: 30.241 Thread 0x000001b3fa46e800 Exception <a 'java/lang/IncompatibleClassChangeError'{0x00000000893ae188}: Found class java.lang.Object, but interface was expected> (0x00000000893ae188) thrown at [./src/hotspot/share/interpreter/linkResolver.cpp, line 839]
Event: 30.294 Thread 0x000001b3fcc5c000 Exception <a 'java/lang/NoSuchMethodError'{0x0000000089094650}: 'long java.lang.invoke.DirectMethodHandle$Holder.invokeStatic(java.lang.Object, java.lang.Object)'> (0x0000000089094650) thrown at [./src/hotspot/share/interpreter/linkResolver.cpp, line 773]
Event: 30.294 Thread 0x000001b3fcc5e800 Exception <a 'java/lang/NoSuchMethodError'{0x0000000089098cd8}: 'long java.lang.invoke.DirectMethodHandle$Holder.invokeStatic(java.lang.Object, java.lang.Object)'> (0x0000000089098cd8) thrown at [./src/hotspot/share/interpreter/linkResolver.cpp, line 773]
Event: 30.294 Thread 0x000001b3fcc56000 Exception <a 'java/lang/NoSuchMethodError'{0x00000000890a3bd8}: 'long java.lang.invoke.DirectMethodHandle$Holder.invokeStatic(java.lang.Object, java.lang.Object)'> (0x00000000890a3bd8) thrown at [./src/hotspot/share/interpreter/linkResolver.cpp, line 773]
Event: 30.294 Thread 0x000001b3fcc5c000 Exception <a 'java/lang/NoSuchMethodError'{0x00000000890971d0}: 'long java.lang.invoke.DirectMethodHandle$Holder.invokeStaticInit(java.lang.Object, java.lang.Object)'> (0x00000000890971d0) thrown at [./src/hotspot/share/interpreter/linkResolver.cpp, line 773]
Event: 30.295 Thread 0x000001b3fcc56000 Exception <a 'java/lang/NoSuchMethodError'{0x00000000890a6730}: 'long java.lang.invoke.DirectMethodHandle$Holder.invokeStaticInit(java.lang.Object, java.lang.Object)'> (0x00000000890a6730) thrown at [./src/hotspot/share/interpreter/linkResolver.cpp, line 773]
Event: 30.295 Thread 0x000001b3fcc5e800 Exception <a 'java/lang/NoSuchMethodError'{0x000000008909b830}: 'long java.lang.invoke.DirectMethodHandle$Holder.invokeStaticInit(java.lang.Object, java.lang.Object)'> (0x000000008909b830) thrown at [./src/hotspot/share/interpreter/linkResolver.cpp, line 773]

Events (20 events):
Event: 30.803 loading class com/android/tools/r8/graph/C done
Event: 30.803 loading class com/android/tools/r8/graph/C
Event: 30.803 loading class com/android/tools/r8/graph/C done
Event: 30.803 loading class com/android/tools/r8/utils/I
Event: 30.803 loading class com/android/tools/r8/utils/I done
Event: 30.803 loading class com/android/tools/r8/ProgramResource
Event: 30.803 loading class com/android/tools/r8/ProgramResource done
Event: 30.803 loading class com/android/tools/r8/ProgramResource
Event: 30.803 loading class com/android/tools/r8/ProgramResource done
Event: 30.803 loading class com/android/builder/dexing/r8/CachingArchiveClassFileProvider
Event: 30.803 loading class com/android/builder/dexing/r8/CachingArchiveClassFileProvider done
Event: 30.935 Executing VM operation: G1CollectForAllocation
Event: 30.952 Executing VM operation: G1CollectForAllocation done
Event: 31.131 Executing VM operation: G1CollectForAllocation
Event: 31.152 Executing VM operation: G1CollectForAllocation done
Event: 31.318 Executing VM operation: G1CollectForAllocation
Event: 31.342 Executing VM operation: G1CollectForAllocation done
Event: 31.417 loading class com/android/tools/r8/graph/l0$a
Event: 31.417 loading class com/android/tools/r8/graph/l0$a done
Event: 31.503 Executing VM operation: G1CollectForAllocation


Dynamic libraries:
0x00007ff726470000 - 0x00007ff72647a000 	D:\Program Files\Android\jre\bin\java.exe
0x00007ffd67be0000 - 0x00007ffd67dd0000 	C:\Windows\SYSTEM32\ntdll.dll
0x00007ffd670d0000 - 0x00007ffd67182000 	C:\Windows\System32\KERNEL32.DLL
0x00007ffd65500000 - 0x00007ffd657a3000 	C:\Windows\System32\KERNELBASE.dll
0x00007ffd65a30000 - 0x00007ffd65b2a000 	C:\Windows\System32\ucrtbase.dll
0x00007ffd5c910000 - 0x00007ffd5c929000 	D:\Program Files\Android\jre\bin\jli.dll
0x00007ffd54210000 - 0x00007ffd54227000 	D:\Program Files\Android\jre\bin\VCRUNTIME140.dll
0x00007ffd67430000 - 0x00007ffd675c4000 	C:\Windows\System32\USER32.dll
0x00007ffd65480000 - 0x00007ffd654a1000 	C:\Windows\System32\win32u.dll
0x00007ffd663f0000 - 0x00007ffd66416000 	C:\Windows\System32\GDI32.dll
0x00007ffd51f40000 - 0x00007ffd521c5000 	C:\Windows\WinSxS\amd64_microsoft.windows.common-controls_6595b64144ccf1df_6.0.18362.535_none_e6c3b34713100821\COMCTL32.dll
0x00007ffd65b30000 - 0x00007ffd65cc4000 	C:\Windows\System32\gdi32full.dll
0x00007ffd64bb0000 - 0x00007ffd64c4e000 	C:\Windows\System32\msvcp_win.dll
0x00007ffd67030000 - 0x00007ffd670ce000 	C:\Windows\System32\msvcrt.dll
0x00007ffd675d0000 - 0x00007ffd67906000 	C:\Windows\System32\combase.dll
0x00007ffd67310000 - 0x00007ffd67430000 	C:\Windows\System32\RPCRT4.dll
0x00007ffd65900000 - 0x00007ffd65980000 	C:\Windows\System32\bcryptPrimitives.dll
0x00007ffd663c0000 - 0x00007ffd663ee000 	C:\Windows\System32\IMM32.DLL
0x00007ffd54170000 - 0x00007ffd5420d000 	D:\Program Files\Android\jre\bin\msvcp140.dll
0x00007ffd21c60000 - 0x00007ffd2271c000 	D:\Program Files\Android\jre\bin\server\jvm.dll
0x00007ffd67910000 - 0x00007ffd679b3000 	C:\Windows\System32\ADVAPI32.dll
0x00007ffd67270000 - 0x00007ffd67307000 	C:\Windows\System32\sechost.dll
0x00007ffd66700000 - 0x00007ffd66708000 	C:\Windows\System32\PSAPI.DLL
0x00007ffd61170000 - 0x00007ffd61179000 	C:\Windows\SYSTEM32\WSOCK32.dll
0x00007ffd626c0000 - 0x00007ffd626e4000 	C:\Windows\SYSTEM32\WINMM.dll
0x00007ffd5e980000 - 0x00007ffd5e98a000 	C:\Windows\SYSTEM32\VERSION.dll
0x00007ffd67b70000 - 0x00007ffd67bdf000 	C:\Windows\System32\WS2_32.dll
0x00007ffd62690000 - 0x00007ffd626bd000 	C:\Windows\SYSTEM32\WINMMBASE.dll
0x00007ffd654b0000 - 0x00007ffd654fa000 	C:\Windows\System32\cfgmgr32.dll
0x00007ffd64b00000 - 0x00007ffd64b11000 	C:\Windows\System32\kernel.appcore.dll
0x00007ffd61150000 - 0x00007ffd61161000 	D:\Program Files\Android\jre\bin\verify.dll
0x00007ffd63410000 - 0x00007ffd63604000 	C:\Windows\SYSTEM32\DBGHELP.DLL
0x00007ffd377f0000 - 0x00007ffd3781a000 	C:\Windows\SYSTEM32\dbgcore.DLL
0x00007ffd61120000 - 0x00007ffd61149000 	D:\Program Files\Android\jre\bin\java.dll
0x00007ffd61110000 - 0x00007ffd6111b000 	D:\Program Files\Android\jre\bin\jimage.dll
0x00007ffd60490000 - 0x00007ffd604a8000 	D:\Program Files\Android\jre\bin\zip.dll
0x00007ffd65cd0000 - 0x00007ffd663b5000 	C:\Windows\System32\SHELL32.dll
0x00007ffd66420000 - 0x00007ffd664c9000 	C:\Windows\System32\shcore.dll
0x00007ffd64c80000 - 0x00007ffd653ff000 	C:\Windows\System32\windows.storage.dll
0x00007ffd64b20000 - 0x00007ffd64b3f000 	C:\Windows\System32\profapi.dll
0x00007ffd64b60000 - 0x00007ffd64baa000 	C:\Windows\System32\powrprof.dll
0x00007ffd64af0000 - 0x00007ffd64b00000 	C:\Windows\System32\UMPDC.dll
0x00007ffd66dd0000 - 0x00007ffd66e22000 	C:\Windows\System32\shlwapi.dll
0x00007ffd65460000 - 0x00007ffd65477000 	C:\Windows\System32\cryptsp.dll
0x00007ffd60470000 - 0x00007ffd6048a000 	D:\Program Files\Android\jre\bin\net.dll
0x00007ffd57050000 - 0x00007ffd57140000 	C:\Windows\SYSTEM32\WINHTTP.dll
0x00007ffd64360000 - 0x00007ffd643c7000 	C:\Windows\system32\mswsock.dll
0x00007ffd60110000 - 0x00007ffd60124000 	D:\Program Files\Android\jre\bin\nio.dll
0x00007ffd4b270000 - 0x00007ffd4b297000 	C:\Users\asus\.gradle\native\f6784746aeab05261644944871eae4fe03e0ef1612fff0a4a95f87b438bc6780\windows-amd64\native-platform.dll
0x00007ffd61100000 - 0x00007ffd6110a000 	D:\Program Files\Android\jre\bin\management.dll
0x00007ffd610c0000 - 0x00007ffd610cc000 	D:\Program Files\Android\jre\bin\management_ext.dll
0x00007ffd63ed0000 - 0x00007ffd63f03000 	C:\Windows\system32\rsaenh.dll
0x00007ffd64c50000 - 0x00007ffd64c76000 	C:\Windows\System32\bcrypt.dll
0x00007ffd649e0000 - 0x00007ffd64a05000 	C:\Windows\SYSTEM32\USERENV.dll
0x00007ffd64530000 - 0x00007ffd6453c000 	C:\Windows\SYSTEM32\CRYPTBASE.dll
0x00007ffd64070000 - 0x00007ffd640aa000 	C:\Windows\SYSTEM32\IPHLPAPI.DLL
0x00007ffd67190000 - 0x00007ffd67198000 	C:\Windows\System32\NSI.dll
0x00007ffd5aa00000 - 0x00007ffd5aa16000 	C:\Windows\SYSTEM32\dhcpcsvc6.DLL
0x00007ffd5c5f0000 - 0x00007ffd5c60c000 	C:\Windows\SYSTEM32\dhcpcsvc.DLL
0x00007ffd640b0000 - 0x00007ffd6417a000 	C:\Windows\SYSTEM32\DNSAPI.dll
0x00007ffd5c900000 - 0x00007ffd5c90b000 	C:\Windows\SYSTEM32\WINNSI.DLL
0x00007ffd53ca0000 - 0x00007ffd53cc7000 	D:\Program Files\Android\jre\bin\sunec.dll
0x00007ffd55310000 - 0x00007ffd5531a000 	C:\Windows\System32\rasadhlp.dll
0x00007ffd5a0b0000 - 0x00007ffd5a127000 	C:\Windows\System32\fwpuclnt.dll

dbghelp: loaded successfully - version: 4.0.5 - missing functions: none
symbol engine: initialized successfully - sym options: 0x614 - pdb path: .;D:\Program Files\Android\jre\bin;C:\Windows\SYSTEM32;C:\Windows\WinSxS\amd64_microsoft.windows.common-controls_6595b64144ccf1df_6.0.18362.535_none_e6c3b34713100821;D:\Program Files\Android\jre\bin\server;C:\Users\asus\.gradle\native\f6784746aeab05261644944871eae4fe03e0ef1612fff0a4a95f87b438bc6780\windows-amd64

VM Arguments:
jvm_args: --add-opens=java.base/java.util=ALL-UNNAMED --add-opens=java.base/java.lang=ALL-UNNAMED --add-opens=java.base/java.lang.invoke=ALL-UNNAMED --add-opens=java.prefs/java.util.prefs=ALL-UNNAMED -Xmx2048m -Dfile.encoding=UTF-8 -Duser.country=RU -Duser.language=ru -Duser.variant 
java_command: org.gradle.launcher.daemon.bootstrap.GradleDaemon 6.5
java_class_path (initial): C:\Users\asus\.gradle\wrapper\dists\gradle-6.5-bin\6nifqtx7604sqp1q6g8wikw7p\gradle-6.5\lib\gradle-launcher-6.5.jar
Launcher Type: SUN_STANDARD

[Global flags]
     intx CICompilerCount                          = 4                                         {product} {ergonomic}
     uint ConcGCThreads                            = 2                                         {product} {ergonomic}
     uint G1ConcRefinementThreads                  = 8                                         {product} {ergonomic}
   size_t G1HeapRegionSize                         = 1048576                                   {product} {ergonomic}
    uintx GCDrainStackTargetSize                   = 64                                        {product} {ergonomic}
   size_t InitialHeapSize                          = 132120576                                 {product} {ergonomic}
   size_t MarkStackSize                            = 4194304                                   {product} {ergonomic}
   size_t MaxHeapSize                              = 2147483648                                {product} {command line}
   size_t MaxNewSize                               = 1287651328                                {product} {ergonomic}
   size_t MinHeapDeltaBytes                        = 1048576                                   {product} {ergonomic}
    uintx NonNMethodCodeHeapSize                   = 5836300                                {pd product} {ergonomic}
    uintx NonProfiledCodeHeapSize                  = 122910970                              {pd product} {ergonomic}
    uintx ProfiledCodeHeapSize                     = 122910970                              {pd product} {ergonomic}
    uintx ReservedCodeCacheSize                    = 251658240                              {pd product} {ergonomic}
     bool SegmentedCodeCache                       = true                                      {product} {ergonomic}
     bool UseCompressedClassPointers               = true                                 {lp64_product} {ergonomic}
     bool UseCompressedOops                        = true                                 {lp64_product} {ergonomic}
     bool UseG1GC                                  = true                                      {product} {ergonomic}
     bool UseLargePagesIndividualAllocation        = false                                  {pd product} {ergonomic}

Logging:
Log output configuration:
 #0: stdout all=warning uptime,level,tags
 #1: stderr all=off uptime,level,tags

Environment Variables:
JAVA_HOME=D:\Program Files\Java
PATH=C:\PROGRA~2\Borland\CBUILD~1\Bin;C:\PROGRA~2\Borland\CBUILD~1\Projects\Bpl;C:\Program Files\Common Files\Oracle\Java\javapath;C:\Windows\system32;C:\Windows;C:\Windows\System32\Wbem;C:\Windows\System32\WindowsPowerShell\v1.0\;C:\Program Files (x86)\NVIDIA Corporation\PhysX\Common;C:\Program Files\NVIDIA Corporation\NVIDIA NvDLISR;C:\Program Files\Microsoft\Web Platform Installer\;C:\Program Files (x86)\Microsoft ASP.NET\ASP.NET Web Pages\v1.0\;C:\Program Files\Microsoft SQL Server\110\Tools\Binn\;C:\Program Files\Git\cmd;C:\Users\asus\AppData\Local\Microsoft\WindowsApps;;D:\Program Files\JetBrains\IntelliJ IDEA Community Edition 2020.3\bin;
USERNAME=asus
OS=Windows_NT
PROCESSOR_IDENTIFIER=Intel64 Family 6 Model 126 Stepping 5, GenuineIntel



---------------  S Y S T E M  ---------------

OS: Windows 10 , 64 bit Build 18362 (10.0.18362.329)
OS uptime: 0 days 2:54 hours

CPU:total 8 (initial active 8) (4 cores per cpu, 2 threads per core) family 6 model 126 stepping 5, cmov, cx8, fxsr, mmx, sse, sse2, sse3, ssse3, sse4.1, sse4.2, popcnt, avx, avx2, aes, clmul, erms, 3dnowpref, lzcnt, ht, tsc, tscinvbit, bmi1, bmi2, adx, evex, sha, fma

Memory: 4k page, system-wide physical 7997M (1176M free)
TotalPageFile size 7997M (AvailPageFile size 376M)
current process WorkingSet (physical memory assigned to process): 584M, peak: 584M
current process commit charge ("private bytes"): 671M, peak: 1045M

vm_info: OpenJDK 64-Bit Server VM (11.0.8+10-b944.6842174) for windows-amd64 JRE (11.0.8+10-b944.6842174), built on Sep 19 2020 01:11:42 by "builder" with MS VC++ 14.0 (VS2015)

END.
