#
# There is insufficient memory for the Java Runtime Environment to continue.
# Native memory allocation (malloc) failed to allocate 1048736 bytes for Chunk::new
# Possible reasons:
#   The system is out of physical RAM or swap space
#   The process is running with CompressedOops enabled, and the Java Heap may be blocking the growth of the native heap
# Possible solutions:
#   Reduce memory load on the system
#   Increase physical memory or swap space
#   Check if swap backing store is full
#   Decrease Java heap size (-Xmx/-Xms)
#   Decrease number of Java threads
#   Decrease Java thread stack sizes (-Xss)
#   Set larger code cache with -XX:ReservedCodeCacheSize=
#   JVM is running with Unscaled Compressed Oops mode in which the Java heap is
#     placed in the first 4GB address space. The Java Heap base address is the
#     maximum limit for the native heap growth. Please use -XX:HeapBaseMinAddress
#     to set the Java Heap base and to place the Java Heap above 4GB virtual address.
# This output file may be truncated or incomplete.
#
#  Out of Memory Error (./src/hotspot/share/memory/arena.cpp:197), pid=8424, tid=8656
#
# JRE version: OpenJDK Runtime Environment (11.0.8+10) (build 11.0.8+10-b944.6842174)
# Java VM: OpenJDK 64-Bit Server VM (11.0.8+10-b944.6842174, mixed mode, tiered, compressed oops, g1 gc, windows-amd64)
# No core dump will be written. Minidumps are not enabled by default on client versions of Windows
#

---------------  S U M M A R Y ------------

Command Line: --add-opens=java.base/java.util=ALL-UNNAMED --add-opens=java.base/java.lang=ALL-UNNAMED --add-opens=java.base/java.lang.invoke=ALL-UNNAMED --add-opens=java.prefs/java.util.prefs=ALL-UNNAMED -Xmx2048m -Dfile.encoding=UTF-8 -Duser.country=RU -Duser.language=ru -Duser.variant org.gradle.launcher.daemon.bootstrap.GradleDaemon 6.5

Host: Intel(R) Core(TM) i7-1065G7 CPU @ 1.30GHz, 8 cores, 7G,  Windows 10 , 64 bit Build 18362 (10.0.18362.329)
Time: Sun May 30 08:33:28 2021 Caiaaiay Acey (ceia) elapsed time: 69 seconds (0d 0h 1m 9s)

---------------  T H R E A D  ---------------

Current thread (0x0000025149528800):  JavaThread "C2 CompilerThread2" daemon [_thread_in_native, id=8656, stack(0x000000f74a300000,0x000000f74a400000)]


Current CompileTask:
C2:  69803 18040   !   4       com.sun.org.apache.xerces.internal.parsers.XML11Configuration::setProperty (160 bytes)

Stack: [0x000000f74a300000,0x000000f74a400000]
Native frames: (J=compiled Java code, j=interpreted, Vv=VM code, C=native code)
V  [jvm.dll+0x5de50a]
V  [jvm.dll+0x7122f5]
V  [jvm.dll+0x71384d]
V  [jvm.dll+0x713f03]
V  [jvm.dll+0x23e728]
V  [jvm.dll+0xb899c]
V  [jvm.dll+0xb8e9c]
V  [jvm.dll+0x2b20e4]
V  [jvm.dll+0x502098]
V  [jvm.dll+0x1ff393]
V  [jvm.dll+0x1f917c]
V  [jvm.dll+0x1f685f]
V  [jvm.dll+0x17f32c]
V  [jvm.dll+0x205047]
V  [jvm.dll+0x203891]
V  [jvm.dll+0x6dad3f]
V  [jvm.dll+0x6d3895]
V  [jvm.dll+0x5dd4a6]
C  [ucrtbase.dll+0x20e72]
C  [KERNEL32.DLL+0x17bd4]
C  [ntdll.dll+0x6ced1]


---------------  P R O C E S S  ---------------

Threads class SMR info:
_java_thread_list=0x00000251497b77a0, length=145, elements={
0x000002512c0eb800, 0x00000251463e3800, 0x00000251463ed000, 0x0000025146d57800,
0x0000025146d5a000, 0x0000025146d5f000, 0x00000251463f7800, 0x00000251463f8800,
0x0000025146ebe800, 0x0000025146ec8800, 0x0000025147d5b000, 0x000002514828a000,
0x000002514850f800, 0x0000025148c62000, 0x0000025148ae2800, 0x0000025148b0e800,
0x0000025148b0c000, 0x0000025148b0c800, 0x0000025148b0a800, 0x0000025148b0f000,
0x000002514aff6000, 0x000002514aff8800, 0x000002514b002000, 0x000002514b003000,
0x000002514b003800, 0x000002514b001000, 0x000002514afff000, 0x000002514afff800,
0x000002514b004800, 0x000002514b000800, 0x000002514bf9c800, 0x000002514bf9e800,
0x000002514bf9d000, 0x000002514bf9f800, 0x000002514bfa1000, 0x000002514bfa0800,
0x000002514bf9b800, 0x000002514bfa3800, 0x000002514bf9e000, 0x000002514bfa4800,
0x000002514bfa2000, 0x000002514bfa8800, 0x000002514bfa7800, 0x000002514bfa3000,
0x000002514bfa7000, 0x000002514bfa9800, 0x000002514bfa5000, 0x000002514bfaa000,
0x000002514bfa6000, 0x000002514bac6800, 0x000002514bac4000, 0x000002514bac4800,
0x000002514bac3000, 0x000002514bac5800, 0x000002514bacd000, 0x000002514bacb000,
0x000002514bacc000, 0x000002514bac7000, 0x000002514bac9800, 0x000002514baca800,
0x000002514bacd800, 0x000002514bac8000, 0x000002514bace800, 0x000002514bac9000,
0x000002514bacf800, 0x000002514bad0000, 0x000002514bad1000, 0x000002514bad2000,
0x0000025149896000, 0x0000025149892800, 0x0000025149896800, 0x0000025149899000,
0x0000025149895000, 0x0000025149894800, 0x0000025149897800, 0x0000025149898800,
0x0000025149893800, 0x000002514989a000, 0x000002514989b800, 0x000002514989c800,
0x000002514989b000, 0x000002514989d800, 0x000002514989e000, 0x000002514989f000,
0x000002514989f800, 0x00000251498a0800, 0x00000251498a1800, 0x000002514b1b2000,
0x000002514b1b4000, 0x000002514b1af800, 0x000002514b1b3000, 0x000002514b1b4800,
0x000002514b1b0800, 0x000002514b1b5800, 0x000002514b1b6000, 0x000002514b1b7000,
0x000002514b1b1800, 0x000002514b1b9800, 0x000002514b1bc000, 0x000002514b1b8000,
0x000002514b1bb000, 0x000002514b1bd000, 0x000002514b1bd800, 0x000002514b1b8800,
0x000002514b1be800, 0x000002514b1ba800, 0x00000251492cc000, 0x00000251492c9800,
0x00000251492ca000, 0x00000251492cc800, 0x00000251492cf000, 0x00000251492cb000,
0x00000251492ce800, 0x0000025147077000, 0x000002514aff6800, 0x000002514affa000,
0x000002514affa800, 0x000002514affc800, 0x000002514affd000, 0x000002514aff7800,
0x000002514affe000, 0x0000025147074000, 0x0000025147072000, 0x0000025147070800,
0x0000025147075800, 0x0000025147076800, 0x0000025147073000, 0x0000025147071800,
0x0000025147078000, 0x0000025147074800, 0x000002514707c000, 0x000002514707d000,
0x0000025147079000, 0x0000025147079800, 0x000002514707d800, 0x000002514707a800,
0x000002514707b000, 0x000002514707e800, 0x00000251492d1800, 0x00000251492d3000,
0x00000251492d2800, 0x00000251492cd800, 0x00000251492d4000, 0x000002514903e000,
0x0000025149528800
}

Java Threads: ( => current thread )
  0x000002512c0eb800 JavaThread "main" [_thread_blocked, id=4652, stack(0x000000f747900000,0x000000f747a00000)]
  0x00000251463e3800 JavaThread "Reference Handler" daemon [_thread_blocked, id=8572, stack(0x000000f748000000,0x000000f748100000)]
  0x00000251463ed000 JavaThread "Finalizer" daemon [_thread_blocked, id=3412, stack(0x000000f748100000,0x000000f748200000)]
  0x0000025146d57800 JavaThread "Signal Dispatcher" daemon [_thread_blocked, id=7728, stack(0x000000f748200000,0x000000f748300000)]
  0x0000025146d5a000 JavaThread "Attach Listener" daemon [_thread_blocked, id=808, stack(0x000000f748300000,0x000000f748400000)]
  0x0000025146d5f000 JavaThread "C2 CompilerThread0" daemon [_thread_in_native, id=8496, stack(0x000000f748400000,0x000000f748500000)]
  0x00000251463f7800 JavaThread "C1 CompilerThread0" daemon [_thread_blocked, id=8548, stack(0x000000f748500000,0x000000f748600000)]
  0x00000251463f8800 JavaThread "Sweeper thread" daemon [_thread_blocked, id=8296, stack(0x000000f748600000,0x000000f748700000)]
  0x0000025146ebe800 JavaThread "Common-Cleaner" daemon [_thread_blocked, id=2724, stack(0x000000f748700000,0x000000f748800000)]
  0x0000025146ec8800 JavaThread "Service Thread" daemon [_thread_blocked, id=2412, stack(0x000000f748800000,0x000000f748900000)]
  0x0000025147d5b000 JavaThread "Daemon health stats" [_thread_blocked, id=8596, stack(0x000000f748d00000,0x000000f748e00000)]
  0x000002514828a000 JavaThread "Incoming local TCP Connector on port 54871" [_thread_in_native, id=8932, stack(0x000000f748f00000,0x000000f749000000)]
  0x000002514850f800 JavaThread "Daemon periodic checks" [_thread_blocked, id=3080, stack(0x000000f749000000,0x000000f749100000)]
  0x0000025148c62000 JavaThread "Daemon" [_thread_blocked, id=8868, stack(0x000000f749100000,0x000000f749200000)]
  0x0000025148ae2800 JavaThread "Daemon worker" [_thread_blocked, id=4236, stack(0x000000f749500000,0x000000f749600000)]
  0x0000025148b0e800 JavaThread "Cache worker for journal cache (C:\Users\asus\.gradle\caches\journal-1)" [_thread_blocked, id=8536, stack(0x000000f749e00000,0x000000f749f00000)]
  0x0000025148b0c000 JavaThread "File lock request listener" [_thread_in_native, id=1872, stack(0x000000f749f00000,0x000000f74a000000)]
  0x0000025148b0c800 JavaThread "Cache worker for file hash cache (C:\Users\asus\.gradle\caches\6.5\fileHashes)" [_thread_blocked, id=2712, stack(0x000000f749300000,0x000000f749400000)]
  0x0000025148b0a800 JavaThread "Cache worker for execution history cache (C:\Users\asus\.gradle\caches\6.5\executionHistory)" [_thread_blocked, id=3272, stack(0x000000f74a700000,0x000000f74a800000)]
  0x0000025148b0f000 JavaThread "jar transforms" [_thread_blocked, id=8304, stack(0x000000f74a800000,0x000000f74a900000)]
  0x000002514aff6000 JavaThread "Cache worker for file content cache (C:\Users\asus\.gradle\caches\6.5\fileContent)" [_thread_blocked, id=492, stack(0x000000f74a900000,0x000000f74aa00000)]
  0x000002514aff8800 JavaThread "jar transforms Thread 2" [_thread_blocked, id=9088, stack(0x000000f74b200000,0x000000f74b300000)]
  0x000002514b002000 JavaThread "jar transforms Thread 3" [_thread_blocked, id=4004, stack(0x000000f74b300000,0x000000f74b400000)]
  0x000002514b003000 JavaThread "jar transforms Thread 4" [_thread_blocked, id=4864, stack(0x000000f74b400000,0x000000f74b500000)]
  0x000002514b003800 JavaThread "jar transforms Thread 5" [_thread_blocked, id=4392, stack(0x000000f74b500000,0x000000f74b600000)]
  0x000002514b001000 JavaThread "jar transforms Thread 6" [_thread_blocked, id=520, stack(0x000000f74b600000,0x000000f74b700000)]
  0x000002514afff000 JavaThread "jar transforms Thread 7" [_thread_blocked, id=8344, stack(0x000000f74b700000,0x000000f74b800000)]
  0x000002514afff800 JavaThread "jar transforms Thread 8" [_thread_blocked, id=2308, stack(0x000000f74b800000,0x000000f74b900000)]
  0x000002514b004800 JavaThread "jar transforms Thread 9" [_thread_blocked, id=228, stack(0x000000f74b900000,0x000000f74ba00000)]
  0x000002514b000800 JavaThread "jar transforms Thread 10" [_thread_blocked, id=4244, stack(0x000000f74ba00000,0x000000f74bb00000)]
  0x000002514bf9c800 JavaThread "jar transforms Thread 11" [_thread_blocked, id=3588, stack(0x000000f74bb00000,0x000000f74bc00000)]
  0x000002514bf9e800 JavaThread "jar transforms Thread 12" [_thread_blocked, id=7000, stack(0x000000f74bc00000,0x000000f74bd00000)]
  0x000002514bf9d000 JavaThread "jar transforms Thread 13" [_thread_blocked, id=2136, stack(0x000000f74bd00000,0x000000f74be00000)]
  0x000002514bf9f800 JavaThread "jar transforms Thread 14" [_thread_blocked, id=2404, stack(0x000000f74be00000,0x000000f74bf00000)]
  0x000002514bfa1000 JavaThread "jar transforms Thread 15" [_thread_blocked, id=9072, stack(0x000000f74bf00000,0x000000f74c000000)]
  0x000002514bfa0800 JavaThread "jar transforms Thread 16" [_thread_blocked, id=6164, stack(0x000000f74c000000,0x000000f74c100000)]
  0x000002514bf9b800 JavaThread "jar transforms Thread 17" [_thread_blocked, id=4060, stack(0x000000f74c100000,0x000000f74c200000)]
  0x000002514bfa3800 JavaThread "jar transforms Thread 18" [_thread_blocked, id=5760, stack(0x000000f74c200000,0x000000f74c300000)]
  0x000002514bf9e000 JavaThread "jar transforms Thread 19" [_thread_blocked, id=8544, stack(0x000000f74c300000,0x000000f74c400000)]
  0x000002514bfa4800 JavaThread "jar transforms Thread 20" [_thread_blocked, id=8796, stack(0x000000f74c400000,0x000000f74c500000)]
  0x000002514bfa2000 JavaThread "jar transforms Thread 21" [_thread_blocked, id=4012, stack(0x000000f74c500000,0x000000f74c600000)]
  0x000002514bfa8800 JavaThread "jar transforms Thread 22" [_thread_blocked, id=7008, stack(0x000000f74c600000,0x000000f74c700000)]
  0x000002514bfa7800 JavaThread "jar transforms Thread 23" [_thread_blocked, id=1944, stack(0x000000f74c700000,0x000000f74c800000)]
  0x000002514bfa3000 JavaThread "jar transforms Thread 24" [_thread_blocked, id=1584, stack(0x000000f74c800000,0x000000f74c900000)]
  0x000002514bfa7000 JavaThread "jar transforms Thread 25" [_thread_blocked, id=6196, stack(0x000000f74c900000,0x000000f74ca00000)]
  0x000002514bfa9800 JavaThread "jar transforms Thread 26" [_thread_blocked, id=1568, stack(0x000000f74ca00000,0x000000f74cb00000)]
  0x000002514bfa5000 JavaThread "jar transforms Thread 27" [_thread_blocked, id=1888, stack(0x000000f74cb00000,0x000000f74cc00000)]
  0x000002514bfaa000 JavaThread "jar transforms Thread 28" [_thread_blocked, id=6128, stack(0x000000f74cc00000,0x000000f74cd00000)]
  0x000002514bfa6000 JavaThread "jar transforms Thread 29" [_thread_blocked, id=1364, stack(0x000000f74cd00000,0x000000f74ce00000)]
  0x000002514bac6800 JavaThread "jar transforms Thread 30" [_thread_blocked, id=1112, stack(0x000000f74ce00000,0x000000f74cf00000)]
  0x000002514bac4000 JavaThread "jar transforms Thread 31" [_thread_blocked, id=9152, stack(0x000000f74cf00000,0x000000f74d000000)]
  0x000002514bac4800 JavaThread "jar transforms Thread 32" [_thread_blocked, id=6384, stack(0x000000f74d000000,0x000000f74d100000)]
  0x000002514bac3000 JavaThread "jar transforms Thread 33" [_thread_blocked, id=8300, stack(0x000000f74d100000,0x000000f74d200000)]
  0x000002514bac5800 JavaThread "jar transforms Thread 34" [_thread_blocked, id=8388, stack(0x000000f74d200000,0x000000f74d300000)]
  0x000002514bacd000 JavaThread "jar transforms Thread 35" [_thread_blocked, id=8696, stack(0x000000f74d300000,0x000000f74d400000)]
  0x000002514bacb000 JavaThread "jar transforms Thread 36" [_thread_blocked, id=8964, stack(0x000000f74d400000,0x000000f74d500000)]
  0x000002514bacc000 JavaThread "jar transforms Thread 37" [_thread_blocked, id=9032, stack(0x000000f74d500000,0x000000f74d600000)]
  0x000002514bac7000 JavaThread "jar transforms Thread 38" [_thread_blocked, id=5676, stack(0x000000f74d600000,0x000000f74d700000)]
  0x000002514bac9800 JavaThread "jar transforms Thread 39" [_thread_blocked, id=9084, stack(0x000000f74d700000,0x000000f74d800000)]
  0x000002514baca800 JavaThread "jar transforms Thread 40" [_thread_blocked, id=3656, stack(0x000000f74d800000,0x000000f74d900000)]
  0x000002514bacd800 JavaThread "jar transforms Thread 41" [_thread_blocked, id=6232, stack(0x000000f74d900000,0x000000f74da00000)]
  0x000002514bac8000 JavaThread "jar transforms Thread 42" [_thread_blocked, id=4276, stack(0x000000f74da00000,0x000000f74db00000)]
  0x000002514bace800 JavaThread "jar transforms Thread 43" [_thread_blocked, id=7388, stack(0x000000f74db00000,0x000000f74dc00000)]
  0x000002514bac9000 JavaThread "jar transforms Thread 44" [_thread_blocked, id=1304, stack(0x000000f74dc00000,0x000000f74dd00000)]
  0x000002514bacf800 JavaThread "jar transforms Thread 45" [_thread_blocked, id=3428, stack(0x000000f74dd00000,0x000000f74de00000)]
  0x000002514bad0000 JavaThread "jar transforms Thread 46" [_thread_blocked, id=1196, stack(0x000000f74de00000,0x000000f74df00000)]
  0x000002514bad1000 JavaThread "jar transforms Thread 47" [_thread_blocked, id=7752, stack(0x000000f74df00000,0x000000f74e000000)]
  0x000002514bad2000 JavaThread "jar transforms Thread 48" [_thread_blocked, id=8532, stack(0x000000f74e000000,0x000000f74e100000)]
  0x0000025149896000 JavaThread "jar transforms Thread 49" [_thread_blocked, id=8840, stack(0x000000f74e100000,0x000000f74e200000)]
  0x0000025149892800 JavaThread "jar transforms Thread 50" [_thread_blocked, id=1000, stack(0x000000f74e200000,0x000000f74e300000)]
  0x0000025149896800 JavaThread "jar transforms Thread 51" [_thread_blocked, id=8836, stack(0x000000f74e300000,0x000000f74e400000)]
  0x0000025149899000 JavaThread "jar transforms Thread 52" [_thread_blocked, id=5228, stack(0x000000f74e400000,0x000000f74e500000)]
  0x0000025149895000 JavaThread "jar transforms Thread 53" [_thread_blocked, id=9184, stack(0x000000f74e500000,0x000000f74e600000)]
  0x0000025149894800 JavaThread "jar transforms Thread 54" [_thread_blocked, id=8824, stack(0x000000f74e600000,0x000000f74e700000)]
  0x0000025149897800 JavaThread "jar transforms Thread 55" [_thread_blocked, id=8916, stack(0x000000f74e700000,0x000000f74e800000)]
  0x0000025149898800 JavaThread "jar transforms Thread 56" [_thread_blocked, id=5248, stack(0x000000f74e800000,0x000000f74e900000)]
  0x0000025149893800 JavaThread "jar transforms Thread 57" [_thread_blocked, id=2628, stack(0x000000f74e900000,0x000000f74ea00000)]
  0x000002514989a000 JavaThread "jar transforms Thread 58" [_thread_blocked, id=8288, stack(0x000000f74ea00000,0x000000f74eb00000)]
  0x000002514989b800 JavaThread "jar transforms Thread 59" [_thread_blocked, id=8788, stack(0x000000f74eb00000,0x000000f74ec00000)]
  0x000002514989c800 JavaThread "jar transforms Thread 60" [_thread_blocked, id=2384, stack(0x000000f74ec00000,0x000000f74ed00000)]
  0x000002514989b000 JavaThread "jar transforms Thread 61" [_thread_blocked, id=8724, stack(0x000000f74ed00000,0x000000f74ee00000)]
  0x000002514989d800 JavaThread "jar transforms Thread 62" [_thread_blocked, id=5852, stack(0x000000f74ee00000,0x000000f74ef00000)]
  0x000002514989e000 JavaThread "jar transforms Thread 63" [_thread_blocked, id=540, stack(0x000000f74ef00000,0x000000f74f000000)]
  0x000002514989f000 JavaThread "jar transforms Thread 64" [_thread_blocked, id=8272, stack(0x000000f74f000000,0x000000f74f100000)]
  0x000002514989f800 JavaThread "jar transforms Thread 65" [_thread_blocked, id=1712, stack(0x000000f74f100000,0x000000f74f200000)]
  0x00000251498a0800 JavaThread "jar transforms Thread 66" [_thread_blocked, id=7340, stack(0x000000f74f200000,0x000000f74f300000)]
  0x00000251498a1800 JavaThread "jar transforms Thread 67" [_thread_blocked, id=5800, stack(0x000000f74f300000,0x000000f74f400000)]
  0x000002514b1b2000 JavaThread "jar transforms Thread 68" [_thread_blocked, id=8404, stack(0x000000f74f400000,0x000000f74f500000)]
  0x000002514b1b4000 JavaThread "jar transforms Thread 69" [_thread_blocked, id=2476, stack(0x000000f74f500000,0x000000f74f600000)]
  0x000002514b1af800 JavaThread "jar transforms Thread 70" [_thread_blocked, id=5988, stack(0x000000f74f600000,0x000000f74f700000)]
  0x000002514b1b3000 JavaThread "jar transforms Thread 71" [_thread_blocked, id=4908, stack(0x000000f74f700000,0x000000f74f800000)]
  0x000002514b1b4800 JavaThread "jar transforms Thread 72" [_thread_blocked, id=5216, stack(0x000000f74f800000,0x000000f74f900000)]
  0x000002514b1b0800 JavaThread "jar transforms Thread 73" [_thread_blocked, id=1228, stack(0x000000f74f900000,0x000000f74fa00000)]
  0x000002514b1b5800 JavaThread "jar transforms Thread 74" [_thread_blocked, id=8804, stack(0x000000f74fa00000,0x000000f74fb00000)]
  0x000002514b1b6000 JavaThread "jar transforms Thread 75" [_thread_blocked, id=7544, stack(0x000000f74fb00000,0x000000f74fc00000)]
  0x000002514b1b7000 JavaThread "jar transforms Thread 76" [_thread_blocked, id=1260, stack(0x000000f74fc00000,0x000000f74fd00000)]
  0x000002514b1b1800 JavaThread "jar transforms Thread 77" [_thread_blocked, id=8708, stack(0x000000f74fd00000,0x000000f74fe00000)]
  0x000002514b1b9800 JavaThread "jar transforms Thread 78" [_thread_blocked, id=6560, stack(0x000000f74fe00000,0x000000f74ff00000)]
  0x000002514b1bc000 JavaThread "jar transforms Thread 79" [_thread_blocked, id=5640, stack(0x000000f74ff00000,0x000000f750000000)]
  0x000002514b1b8000 JavaThread "jar transforms Thread 80" [_thread_blocked, id=4140, stack(0x000000f750000000,0x000000f750100000)]
  0x000002514b1bb000 JavaThread "jar transforms Thread 81" [_thread_blocked, id=6364, stack(0x000000f750100000,0x000000f750200000)]
  0x000002514b1bd000 JavaThread "jar transforms Thread 82" [_thread_blocked, id=8948, stack(0x000000f750200000,0x000000f750300000)]
  0x000002514b1bd800 JavaThread "jar transforms Thread 83" [_thread_blocked, id=3416, stack(0x000000f750300000,0x000000f750400000)]
  0x000002514b1b8800 JavaThread "jar transforms Thread 84" [_thread_blocked, id=516, stack(0x000000f750400000,0x000000f750500000)]
  0x000002514b1be800 JavaThread "jar transforms Thread 85" [_thread_blocked, id=9112, stack(0x000000f750500000,0x000000f750600000)]
  0x000002514b1ba800 JavaThread "jar transforms Thread 86" [_thread_blocked, id=6980, stack(0x000000f750600000,0x000000f750700000)]
  0x00000251492cc000 JavaThread "jar transforms Thread 87" [_thread_blocked, id=8476, stack(0x000000f750700000,0x000000f750800000)]
  0x00000251492c9800 JavaThread "jar transforms Thread 88" [_thread_blocked, id=9044, stack(0x000000f750800000,0x000000f750900000)]
  0x00000251492ca000 JavaThread "jar transforms Thread 89" [_thread_blocked, id=8972, stack(0x000000f750900000,0x000000f750a00000)]
  0x00000251492cc800 JavaThread "jar transforms Thread 90" [_thread_blocked, id=2516, stack(0x000000f750a00000,0x000000f750b00000)]
  0x00000251492cf000 JavaThread "jar transforms Thread 91" [_thread_blocked, id=5992, stack(0x000000f750b00000,0x000000f750c00000)]
  0x00000251492cb000 JavaThread "jar transforms Thread 92" [_thread_blocked, id=9052, stack(0x000000f750c00000,0x000000f750d00000)]
  0x00000251492ce800 JavaThread "Memory manager" [_thread_blocked, id=8468, stack(0x000000f750e00000,0x000000f750f00000)]
  0x0000025147077000 JavaThread "Java2D Disposer" daemon [_thread_blocked, id=8728, stack(0x000000f752000000,0x000000f752100000)]
  0x000002514aff6800 JavaThread "Cache worker for Java compile cache (C:\Users\asus\.gradle\caches\6.5\javaCompile)" [_thread_blocked, id=5832, stack(0x000000f751d00000,0x000000f751e00000)]
  0x000002514affa000 JavaThread "Handler for socket connection from /127.0.0.1:54871 to /127.0.0.1:54882" [_thread_in_native, id=6672, stack(0x000000f747600000,0x000000f747700000)]
  0x000002514affa800 JavaThread "Cancel handler" [_thread_blocked, id=2280, stack(0x000000f747700000,0x000000f747800000)]
  0x000002514affc800 JavaThread "Asynchronous log dispatcher for DefaultDaemonConnection: socket connection from /127.0.0.1:54871 to /127.0.0.1:54882" [_thread_blocked, id=2596, stack(0x000000f747800000,0x000000f747900000)]
  0x000002514affd000 JavaThread "Stdin handler" [_thread_blocked, id=6932, stack(0x000000f749200000,0x000000f749300000)]
  0x000002514aff7800 JavaThread "Thread-172" [_thread_blocked, id=5888, stack(0x000000f749400000,0x000000f749500000)]
  0x000002514affe000 JavaThread "Cache worker for file hash cache (D:\Android projects\Puzzle15_v1\.gradle\6.5\fileHashes)" [_thread_blocked, id=8416, stack(0x000000f749600000,0x000000f749700000)]
  0x0000025147074000 JavaThread "Cache worker for checksums cache (D:\Android projects\Puzzle15_v1\.gradle\checksums)" [_thread_blocked, id=7692, stack(0x000000f749700000,0x000000f749800000)]
  0x0000025147072000 JavaThread "Cache worker for cache directory md-supplier (C:\Users\asus\.gradle\caches\6.5\md-supplier)" [_thread_blocked, id=1132, stack(0x000000f74a100000,0x000000f74a200000)]
  0x0000025147070800 JavaThread "Cache worker for cache directory md-rule (C:\Users\asus\.gradle\caches\6.5\md-rule)" [_thread_blocked, id=6648, stack(0x000000f74a200000,0x000000f74a300000)]
  0x0000025147075800 JavaThread "Build operations" [_thread_blocked, id=3912, stack(0x000000f74a400000,0x000000f74a500000)]
  0x0000025147076800 JavaThread "Build operations Thread 2" [_thread_blocked, id=5880, stack(0x000000f74a500000,0x000000f74a600000)]
  0x0000025147073000 JavaThread "Build operations Thread 3" [_thread_blocked, id=5152, stack(0x000000f74a600000,0x000000f74a700000)]
  0x0000025147071800 JavaThread "Build operations Thread 4" [_thread_blocked, id=5892, stack(0x000000f74aa00000,0x000000f74ab00000)]
  0x0000025147078000 JavaThread "Build operations Thread 5" [_thread_blocked, id=6392, stack(0x000000f74ab00000,0x000000f74ac00000)]
  0x0000025147074800 JavaThread "Build operations Thread 6" [_thread_blocked, id=3780, stack(0x000000f74ac00000,0x000000f74ad00000)]
  0x000002514707c000 JavaThread "Build operations Thread 7" [_thread_blocked, id=5668, stack(0x000000f74ad00000,0x000000f74ae00000)]
  0x000002514707d000 JavaThread "Build operations Thread 8" [_thread_blocked, id=2124, stack(0x000000f74ae00000,0x000000f74af00000)]
  0x0000025147079000 JavaThread "Cache worker for Build Output Cleanup Cache (D:\Android projects\Puzzle15_v1\.gradle\buildOutputCleanup)" [_thread_blocked, id=1256, stack(0x000000f74af00000,0x000000f74b000000)]
  0x0000025147079800 JavaThread "Cache worker for file content cache (D:\Android projects\Puzzle15_v1\.gradle\6.5\fileContent)" [_thread_blocked, id=2224, stack(0x000000f74b000000,0x000000f74b100000)]
  0x000002514707d800 JavaThread "Execution worker for ':'" [_thread_blocked, id=8292, stack(0x000000f74b100000,0x000000f74b200000)]
  0x000002514707a800 JavaThread "Execution worker for ':' Thread 2" [_thread_blocked, id=6860, stack(0x000000f750d00000,0x000000f750e00000)]
  0x000002514707b000 JavaThread "Execution worker for ':' Thread 3" [_thread_blocked, id=5560, stack(0x000000f750f00000,0x000000f751000000)]
  0x000002514707e800 JavaThread "Execution worker for ':' Thread 4" [_thread_in_vm, id=7948, stack(0x000000f751000000,0x000000f751100000)]
  0x00000251492d1800 JavaThread "Execution worker for ':' Thread 5" [_thread_blocked, id=2220, stack(0x000000f751100000,0x000000f751200000)]
  0x00000251492d3000 JavaThread "Execution worker for ':' Thread 6" [_thread_blocked, id=6260, stack(0x000000f751200000,0x000000f751300000)]
  0x00000251492d2800 JavaThread "Execution worker for ':' Thread 7" [_thread_blocked, id=5544, stack(0x000000f751300000,0x000000f751400000)]
  0x00000251492cd800 JavaThread "Cache worker for execution history cache (D:\Android projects\Puzzle15_v1\.gradle\6.5\executionHistory)" [_thread_blocked, id=7472, stack(0x000000f751400000,0x000000f751500000)]
  0x00000251492d4000 JavaThread "Cache worker for Java compile cache (D:\Android projects\Puzzle15_v1\.gradle\6.5\javaCompile)" [_thread_blocked, id=2352, stack(0x000000f751500000,0x000000f751600000)]
  0x000002514903e000 JavaThread "C2 CompilerThread1" daemon [_thread_in_native, id=8648, stack(0x000000f749800000,0x000000f749900000)]
=>0x0000025149528800 JavaThread "C2 CompilerThread2" daemon [_thread_in_native, id=8656, stack(0x000000f74a300000,0x000000f74a400000)]

Other Threads:
  0x00000251463e1000 VMThread "VM Thread" [stack: 0x000000f747f00000,0x000000f748000000] [id=8712]
  0x0000025146ec9800 WatcherThread [stack: 0x000000f748900000,0x000000f748a00000] [id=2180]
  0x000002512c104000 GCTaskThread "GC Thread#0" [stack: 0x000000f747a00000,0x000000f747b00000] [id=7564]
  0x0000025146df9800 GCTaskThread "GC Thread#1" [stack: 0x000000f748b00000,0x000000f748c00000] [id=8560]
  0x0000025146df5800 GCTaskThread "GC Thread#2" [stack: 0x000000f748c00000,0x000000f748d00000] [id=7240]
  0x0000025146df4000 GCTaskThread "GC Thread#3" [stack: 0x000000f749900000,0x000000f749a00000] [id=8644]
  0x0000025146df3000 GCTaskThread "GC Thread#4" [stack: 0x000000f749a00000,0x000000f749b00000] [id=2812]
  0x0000025146df3800 GCTaskThread "GC Thread#5" [stack: 0x000000f749b00000,0x000000f749c00000] [id=8580]
  0x0000025146df5000 GCTaskThread "GC Thread#6" [stack: 0x000000f749c00000,0x000000f749d00000] [id=2192]
  0x0000025146dfa000 GCTaskThread "GC Thread#7" [stack: 0x000000f749d00000,0x000000f749e00000] [id=7284]
  0x000002512c134000 ConcurrentGCThread "G1 Main Marker" [stack: 0x000000f747b00000,0x000000f747c00000] [id=8752]
  0x000002512c138000 ConcurrentGCThread "G1 Conc#0" [stack: 0x000000f747c00000,0x000000f747d00000] [id=7712]
  0x0000025146df6800 ConcurrentGCThread "G1 Conc#1" [stack: 0x000000f74a000000,0x000000f74a100000] [id=4156]
  0x0000025146232800 ConcurrentGCThread "G1 Refine#0" [stack: 0x000000f747d00000,0x000000f747e00000] [id=2060]
  0x000002512c1b9800 ConcurrentGCThread "G1 Young RemSet Sampling" [stack: 0x000000f747e00000,0x000000f747f00000] [id=8564]

Threads with active compile tasks:
C2 CompilerThread0  69819 17921       4       org.jetbrains.org.objectweb.asm.ClassReader::readCode (5089 bytes)
C2 CompilerThread1  69819 17698       4       com.intellij.psi.stubs.MaterialStubList$1::visitStub (110 bytes)
C2 CompilerThread2  69819 18040   !   4       com.sun.org.apache.xerces.internal.parsers.XML11Configuration::setProperty (160 bytes)

VM state:not at safepoint (normal execution)

VM Mutex/Monitor currently owned by a thread: None

Heap address: 0x0000000080000000, size: 2048 MB, Compressed Oops mode: 32-bit
Narrow klass base: 0x0000000000000000, Narrow klass shift: 3
Compressed class space size: 1073741824 Address: 0x0000000100000000

Heap:
 garbage-first heap   total 187392K, used 126413K [0x0000000080000000, 0x0000000100000000)
  region size 1024K, 30 young (30720K), 3 survivors (3072K)
 Metaspace       used 138129K, capacity 141257K, committed 141660K, reserved 1173504K
  class space    used 17216K, capacity 18323K, committed 18432K, reserved 1048576K
Heap Regions: E=young(eden), S=young(survivor), O=old, HS=humongous(starts), HC=humongous(continues), CS=collection set, F=free, A=archive, TAMS=top-at-mark-start (previous, next)
|   0|0x0000000080000000, 0x0000000080100000, 0x0000000080100000|100%|HS|  |TAMS 0x0000000080100000, 0x0000000080000000| Complete 
|   1|0x0000000080100000, 0x0000000080200000, 0x0000000080200000|100%| O|  |TAMS 0x0000000080200000, 0x0000000080100000| Untracked 
|   2|0x0000000080200000, 0x0000000080300000, 0x0000000080300000|100%| O|  |TAMS 0x0000000080300000, 0x0000000080200000| Untracked 
|   3|0x0000000080300000, 0x0000000080400000, 0x0000000080400000|100%|HS|  |TAMS 0x0000000080400000, 0x0000000080300000| Complete 
|   4|0x0000000080400000, 0x0000000080500000, 0x0000000080500000|100%|HC|  |TAMS 0x0000000080500000, 0x0000000080400000| Complete 
|   5|0x0000000080500000, 0x0000000080600000, 0x0000000080600000|100%|HC|  |TAMS 0x0000000080600000, 0x0000000080500000| Complete 
|   6|0x0000000080600000, 0x0000000080700000, 0x0000000080700000|100%| O|  |TAMS 0x0000000080700000, 0x0000000080600000| Untracked 
|   7|0x0000000080700000, 0x0000000080800000, 0x0000000080800000|100%| O|  |TAMS 0x0000000080800000, 0x0000000080700000| Untracked 
|   8|0x0000000080800000, 0x0000000080900000, 0x0000000080900000|100%| O|  |TAMS 0x0000000080900000, 0x0000000080800000| Untracked 
|   9|0x0000000080900000, 0x0000000080a00000, 0x0000000080a00000|100%| O|  |TAMS 0x0000000080a00000, 0x0000000080900000| Untracked 
|  10|0x0000000080a00000, 0x0000000080b00000, 0x0000000080b00000|100%| O|  |TAMS 0x0000000080b00000, 0x0000000080a00000| Untracked 
|  11|0x0000000080b00000, 0x0000000080c00000, 0x0000000080c00000|100%| O|  |TAMS 0x0000000080c00000, 0x0000000080b00000| Untracked 
|  12|0x0000000080c00000, 0x0000000080d00000, 0x0000000080d00000|100%| O|  |TAMS 0x0000000080d00000, 0x0000000080c00000| Untracked 
|  13|0x0000000080d00000, 0x0000000080e00000, 0x0000000080e00000|100%| O|  |TAMS 0x0000000080e00000, 0x0000000080d00000| Untracked 
|  14|0x0000000080e00000, 0x0000000080f00000, 0x0000000080f00000|100%| O|  |TAMS 0x0000000080f00000, 0x0000000080e00000| Untracked 
|  15|0x0000000080f00000, 0x0000000081000000, 0x0000000081000000|100%| O|  |TAMS 0x0000000081000000, 0x0000000080f00000| Untracked 
|  16|0x0000000081000000, 0x0000000081100000, 0x0000000081100000|100%|HS|  |TAMS 0x0000000081100000, 0x0000000081000000| Complete 
|  17|0x0000000081100000, 0x0000000081200000, 0x0000000081200000|100%|HC|  |TAMS 0x0000000081200000, 0x0000000081100000| Complete 
|  18|0x0000000081200000, 0x0000000081300000, 0x0000000081300000|100%| O|  |TAMS 0x0000000081300000, 0x0000000081200000| Untracked 
|  19|0x0000000081300000, 0x0000000081400000, 0x0000000081400000|100%| O|  |TAMS 0x0000000081400000, 0x0000000081300000| Untracked 
|  20|0x0000000081400000, 0x0000000081500000, 0x0000000081500000|100%| O|  |TAMS 0x0000000081500000, 0x0000000081400000| Untracked 
|  21|0x0000000081500000, 0x0000000081600000, 0x0000000081600000|100%| O|  |TAMS 0x0000000081600000, 0x0000000081500000| Untracked 
|  22|0x0000000081600000, 0x0000000081700000, 0x0000000081700000|100%| O|  |TAMS 0x0000000081700000, 0x0000000081600000| Untracked 
|  23|0x0000000081700000, 0x0000000081800000, 0x0000000081800000|100%| O|  |TAMS 0x0000000081800000, 0x0000000081700000| Untracked 
|  24|0x0000000081800000, 0x0000000081900000, 0x0000000081900000|100%| O|  |TAMS 0x0000000081900000, 0x0000000081800000| Untracked 
|  25|0x0000000081900000, 0x0000000081a00000, 0x0000000081a00000|100%| O|  |TAMS 0x0000000081a00000, 0x0000000081900000| Untracked 
|  26|0x0000000081a00000, 0x0000000081b00000, 0x0000000081b00000|100%| O|  |TAMS 0x0000000081b00000, 0x0000000081a00000| Untracked 
|  27|0x0000000081b00000, 0x0000000081c00000, 0x0000000081c00000|100%| O|  |TAMS 0x0000000081c00000, 0x0000000081b00000| Untracked 
|  28|0x0000000081c00000, 0x0000000081d00000, 0x0000000081d00000|100%| O|  |TAMS 0x0000000081d00000, 0x0000000081c00000| Untracked 
|  29|0x0000000081d00000, 0x0000000081e00000, 0x0000000081e00000|100%| O|  |TAMS 0x0000000081e00000, 0x0000000081d00000| Untracked 
|  30|0x0000000081e00000, 0x0000000081f00000, 0x0000000081f00000|100%| O|  |TAMS 0x0000000081f00000, 0x0000000081e00000| Untracked 
|  31|0x0000000081f00000, 0x0000000082000000, 0x0000000082000000|100%| O|  |TAMS 0x0000000082000000, 0x0000000081f00000| Untracked 
|  32|0x0000000082000000, 0x0000000082100000, 0x0000000082100000|100%| O|  |TAMS 0x0000000082100000, 0x0000000082000000| Untracked 
|  33|0x0000000082100000, 0x0000000082200000, 0x0000000082200000|100%| O|  |TAMS 0x0000000082200000, 0x0000000082100000| Untracked 
|  34|0x0000000082200000, 0x0000000082300000, 0x0000000082300000|100%| O|  |TAMS 0x0000000082300000, 0x0000000082200000| Untracked 
|  35|0x0000000082300000, 0x0000000082400000, 0x0000000082400000|100%| O|  |TAMS 0x0000000082400000, 0x0000000082300000| Untracked 
|  36|0x0000000082400000, 0x0000000082500000, 0x0000000082500000|100%| O|  |TAMS 0x0000000082500000, 0x0000000082400000| Untracked 
|  37|0x0000000082500000, 0x0000000082600000, 0x0000000082600000|100%| O|  |TAMS 0x0000000082600000, 0x0000000082500000| Untracked 
|  38|0x0000000082600000, 0x0000000082700000, 0x0000000082700000|100%| O|  |TAMS 0x0000000082700000, 0x0000000082600000| Untracked 
|  39|0x0000000082700000, 0x0000000082800000, 0x0000000082800000|100%| O|  |TAMS 0x0000000082800000, 0x0000000082700000| Untracked 
|  40|0x0000000082800000, 0x0000000082900000, 0x0000000082900000|100%| O|  |TAMS 0x0000000082900000, 0x0000000082800000| Untracked 
|  41|0x0000000082900000, 0x0000000082a00000, 0x0000000082a00000|100%| O|  |TAMS 0x0000000082a00000, 0x0000000082900000| Untracked 
|  42|0x0000000082a00000, 0x0000000082b00000, 0x0000000082b00000|100%| O|  |TAMS 0x0000000082b00000, 0x0000000082a00000| Untracked 
|  43|0x0000000082b00000, 0x0000000082c00000, 0x0000000082c00000|100%| O|  |TAMS 0x0000000082c00000, 0x0000000082b00000| Untracked 
|  44|0x0000000082c00000, 0x0000000082d00000, 0x0000000082d00000|100%| O|  |TAMS 0x0000000082d00000, 0x0000000082c00000| Untracked 
|  45|0x0000000082d00000, 0x0000000082e00000, 0x0000000082e00000|100%| O|  |TAMS 0x0000000082e00000, 0x0000000082d00000| Untracked 
|  46|0x0000000082e00000, 0x0000000082f00000, 0x0000000082f00000|100%| O|  |TAMS 0x0000000082f00000, 0x0000000082e00000| Untracked 
|  47|0x0000000082f00000, 0x0000000083000000, 0x0000000083000000|100%| O|  |TAMS 0x0000000083000000, 0x0000000082f00000| Untracked 
|  48|0x0000000083000000, 0x0000000083100000, 0x0000000083100000|100%| O|  |TAMS 0x0000000083100000, 0x0000000083000000| Untracked 
|  49|0x0000000083100000, 0x0000000083200000, 0x0000000083200000|100%| O|  |TAMS 0x0000000083200000, 0x0000000083100000| Untracked 
|  50|0x0000000083200000, 0x0000000083300000, 0x0000000083300000|100%| O|  |TAMS 0x0000000083300000, 0x0000000083200000| Untracked 
|  51|0x0000000083300000, 0x0000000083400000, 0x0000000083400000|100%| O|  |TAMS 0x0000000083400000, 0x0000000083300000| Untracked 
|  52|0x0000000083400000, 0x0000000083500000, 0x0000000083500000|100%| O|  |TAMS 0x0000000083500000, 0x0000000083400000| Untracked 
|  53|0x0000000083500000, 0x0000000083600000, 0x0000000083600000|100%| O|  |TAMS 0x0000000083600000, 0x0000000083500000| Untracked 
|  54|0x0000000083600000, 0x0000000083700000, 0x0000000083700000|100%| O|  |TAMS 0x0000000083700000, 0x0000000083600000| Untracked 
|  55|0x0000000083700000, 0x0000000083800000, 0x0000000083800000|100%| O|  |TAMS 0x0000000083800000, 0x0000000083700000| Untracked 
|  56|0x0000000083800000, 0x0000000083900000, 0x0000000083900000|100%| O|  |TAMS 0x0000000083900000, 0x0000000083800000| Untracked 
|  57|0x0000000083900000, 0x0000000083a00000, 0x0000000083a00000|100%| O|  |TAMS 0x0000000083a00000, 0x0000000083900000| Untracked 
|  58|0x0000000083a00000, 0x0000000083b00000, 0x0000000083b00000|100%| O|  |TAMS 0x0000000083b00000, 0x0000000083a00000| Untracked 
|  59|0x0000000083b00000, 0x0000000083c00000, 0x0000000083c00000|100%| O|  |TAMS 0x0000000083c00000, 0x0000000083b00000| Untracked 
|  60|0x0000000083c00000, 0x0000000083d00000, 0x0000000083d00000|100%| O|  |TAMS 0x0000000083d00000, 0x0000000083c00000| Untracked 
|  61|0x0000000083d00000, 0x0000000083e00000, 0x0000000083e00000|100%| O|  |TAMS 0x0000000083e00000, 0x0000000083d00000| Untracked 
|  62|0x0000000083e00000, 0x0000000083f00000, 0x0000000083f00000|100%| O|  |TAMS 0x0000000083f00000, 0x0000000083e00000| Untracked 
|  63|0x0000000083f00000, 0x0000000084000000, 0x0000000084000000|100%| O|  |TAMS 0x0000000084000000, 0x0000000083f00000| Untracked 
|  64|0x0000000084000000, 0x0000000084100000, 0x0000000084100000|100%| O|  |TAMS 0x0000000084100000, 0x0000000084000000| Untracked 
|  65|0x0000000084100000, 0x0000000084200000, 0x0000000084200000|100%| O|  |TAMS 0x0000000084200000, 0x0000000084100000| Untracked 
|  66|0x0000000084200000, 0x0000000084300000, 0x0000000084300000|100%|HS|  |TAMS 0x0000000084300000, 0x0000000084200000| Complete 
|  67|0x0000000084300000, 0x0000000084400000, 0x0000000084400000|100%|HC|  |TAMS 0x0000000084400000, 0x0000000084300000| Complete 
|  68|0x0000000084400000, 0x0000000084500000, 0x0000000084500000|100%| O|  |TAMS 0x0000000084500000, 0x0000000084400000| Untracked 
|  69|0x0000000084500000, 0x0000000084600000, 0x0000000084600000|100%| O|  |TAMS 0x0000000084600000, 0x0000000084500000| Untracked 
|  70|0x0000000084600000, 0x0000000084700000, 0x0000000084700000|100%|HS|  |TAMS 0x0000000084600000, 0x0000000084600000| Complete 
|  71|0x0000000084700000, 0x0000000084800000, 0x0000000084800000|100%|HC|  |TAMS 0x0000000084700000, 0x0000000084700000| Complete 
|  72|0x0000000084800000, 0x0000000084900000, 0x0000000084900000|100%| O|  |TAMS 0x0000000084900000, 0x0000000084800000| Untracked 
|  73|0x0000000084900000, 0x0000000084a00000, 0x0000000084a00000|100%| O|  |TAMS 0x0000000084a00000, 0x0000000084900000| Untracked 
|  74|0x0000000084a00000, 0x0000000084b00000, 0x0000000084b00000|100%| O|  |TAMS 0x0000000084b00000, 0x0000000084a00000| Untracked 
|  75|0x0000000084b00000, 0x0000000084b1ca00, 0x0000000084c00000| 11%| O|  |TAMS 0x0000000084b1ca00, 0x0000000084b00000| Untracked 
|  76|0x0000000084c00000, 0x0000000084c00000, 0x0000000084d00000|  0%| F|  |TAMS 0x0000000084c00000, 0x0000000084c00000| Untracked 
|  77|0x0000000084d00000, 0x0000000084e00000, 0x0000000084e00000|100%| O|  |TAMS 0x0000000084e00000, 0x0000000084d00000| Untracked 
|  78|0x0000000084e00000, 0x0000000084f00000, 0x0000000084f00000|100%| O|  |TAMS 0x0000000084f00000, 0x0000000084e00000| Untracked 
|  79|0x0000000084f00000, 0x0000000085000000, 0x0000000085000000|100%| O|  |TAMS 0x0000000085000000, 0x0000000084f00000| Untracked 
|  80|0x0000000085000000, 0x0000000085000000, 0x0000000085100000|  0%| F|  |TAMS 0x0000000085000000, 0x0000000085000000| Untracked 
|  81|0x0000000085100000, 0x0000000085200000, 0x0000000085200000|100%| O|  |TAMS 0x0000000085200000, 0x0000000085100000| Untracked 
|  82|0x0000000085200000, 0x0000000085300000, 0x0000000085300000|100%| O|  |TAMS 0x0000000085300000, 0x0000000085200000| Untracked 
|  83|0x0000000085300000, 0x0000000085400000, 0x0000000085400000|100%| O|  |TAMS 0x0000000085400000, 0x0000000085300000| Untracked 
|  84|0x0000000085400000, 0x0000000085400000, 0x0000000085500000|  0%| F|  |TAMS 0x0000000085400000, 0x0000000085400000| Untracked 
|  85|0x0000000085500000, 0x0000000085600000, 0x0000000085600000|100%| O|  |TAMS 0x0000000085600000, 0x0000000085500000| Untracked 
|  86|0x0000000085600000, 0x0000000085700000, 0x0000000085700000|100%| O|  |TAMS 0x0000000085700000, 0x0000000085600000| Untracked 
|  87|0x0000000085700000, 0x0000000085800000, 0x0000000085800000|100%| O|  |TAMS 0x0000000085800000, 0x0000000085700000| Untracked 
|  88|0x0000000085800000, 0x0000000085900000, 0x0000000085900000|100%| O|  |TAMS 0x0000000085900000, 0x0000000085800000| Untracked 
|  89|0x0000000085900000, 0x0000000085a00000, 0x0000000085a00000|100%| O|  |TAMS 0x0000000085a00000, 0x0000000085900000| Untracked 
|  90|0x0000000085a00000, 0x0000000085a00000, 0x0000000085b00000|  0%| F|  |TAMS 0x0000000085a00000, 0x0000000085a00000| Untracked 
|  91|0x0000000085b00000, 0x0000000085b00000, 0x0000000085c00000|  0%| F|  |TAMS 0x0000000085b00000, 0x0000000085b00000| Untracked 
|  92|0x0000000085c00000, 0x0000000085d00000, 0x0000000085d00000|100%|HS|  |TAMS 0x0000000085d00000, 0x0000000085c00000| Complete 
|  93|0x0000000085d00000, 0x0000000085e00000, 0x0000000085e00000|100%|HS|  |TAMS 0x0000000085e00000, 0x0000000085d00000| Complete 
|  94|0x0000000085e00000, 0x0000000085f00000, 0x0000000085f00000|100%|HC|  |TAMS 0x0000000085f00000, 0x0000000085e00000| Complete 
|  95|0x0000000085f00000, 0x0000000086000000, 0x0000000086000000|100%| O|  |TAMS 0x0000000086000000, 0x0000000085f00000| Untracked 
|  96|0x0000000086000000, 0x0000000086100000, 0x0000000086100000|100%| O|  |TAMS 0x0000000086100000, 0x0000000086000000| Untracked 
|  97|0x0000000086100000, 0x0000000086200000, 0x0000000086200000|100%| O|  |TAMS 0x0000000086200000, 0x0000000086100000| Untracked 
|  98|0x0000000086200000, 0x0000000086300000, 0x0000000086300000|100%| O|  |TAMS 0x0000000086300000, 0x0000000086200000| Untracked 
|  99|0x0000000086300000, 0x0000000086400000, 0x0000000086400000|100%| O|  |TAMS 0x0000000086400000, 0x0000000086300000| Untracked 
| 100|0x0000000086400000, 0x0000000086500000, 0x0000000086500000|100%| O|  |TAMS 0x0000000086500000, 0x0000000086400000| Untracked 
| 101|0x0000000086500000, 0x0000000086500000, 0x0000000086600000|  0%| F|  |TAMS 0x0000000086500000, 0x0000000086500000| Untracked 
| 102|0x0000000086600000, 0x0000000086600000, 0x0000000086700000|  0%| F|  |TAMS 0x0000000086600000, 0x0000000086600000| Untracked 
| 103|0x0000000086700000, 0x0000000086700000, 0x0000000086800000|  0%| F|  |TAMS 0x0000000086700000, 0x0000000086700000| Untracked 
| 104|0x0000000086800000, 0x0000000086800000, 0x0000000086900000|  0%| F|  |TAMS 0x0000000086800000, 0x0000000086800000| Untracked 
| 105|0x0000000086900000, 0x0000000086900000, 0x0000000086a00000|  0%| F|  |TAMS 0x0000000086900000, 0x0000000086900000| Untracked 
| 106|0x0000000086a00000, 0x0000000086a00000, 0x0000000086b00000|  0%| F|  |TAMS 0x0000000086a00000, 0x0000000086a00000| Untracked 
| 107|0x0000000086b00000, 0x0000000086b00000, 0x0000000086c00000|  0%| F|  |TAMS 0x0000000086b00000, 0x0000000086b00000| Untracked 
| 108|0x0000000086c00000, 0x0000000086c00000, 0x0000000086d00000|  0%| F|  |TAMS 0x0000000086c00000, 0x0000000086c00000| Untracked 
| 109|0x0000000086d00000, 0x0000000086d00000, 0x0000000086e00000|  0%| F|  |TAMS 0x0000000086d00000, 0x0000000086d00000| Untracked 
| 110|0x0000000086e00000, 0x0000000086e00000, 0x0000000086f00000|  0%| F|  |TAMS 0x0000000086e00000, 0x0000000086e00000| Untracked 
| 111|0x0000000086f00000, 0x0000000086f00000, 0x0000000087000000|  0%| F|  |TAMS 0x0000000086f00000, 0x0000000086f00000| Untracked 
| 112|0x0000000087000000, 0x0000000087000000, 0x0000000087100000|  0%| F|  |TAMS 0x0000000087000000, 0x0000000087000000| Untracked 
| 113|0x0000000087100000, 0x0000000087100000, 0x0000000087200000|  0%| F|  |TAMS 0x0000000087100000, 0x0000000087100000| Untracked 
| 114|0x0000000087200000, 0x0000000087200000, 0x0000000087300000|  0%| F|  |TAMS 0x0000000087200000, 0x0000000087200000| Untracked 
| 115|0x0000000087300000, 0x0000000087300000, 0x0000000087400000|  0%| F|  |TAMS 0x0000000087300000, 0x0000000087300000| Untracked 
| 116|0x0000000087400000, 0x0000000087400000, 0x0000000087500000|  0%| F|  |TAMS 0x0000000087400000, 0x0000000087400000| Untracked 
| 117|0x0000000087500000, 0x0000000087500000, 0x0000000087600000|  0%| F|  |TAMS 0x0000000087500000, 0x0000000087500000| Untracked 
| 118|0x0000000087600000, 0x0000000087600000, 0x0000000087700000|  0%| F|  |TAMS 0x0000000087600000, 0x0000000087600000| Untracked 
| 119|0x0000000087700000, 0x0000000087700000, 0x0000000087800000|  0%| F|  |TAMS 0x0000000087700000, 0x0000000087700000| Untracked 
| 120|0x0000000087800000, 0x0000000087800000, 0x0000000087900000|  0%| F|  |TAMS 0x0000000087800000, 0x0000000087800000| Untracked 
| 121|0x0000000087900000, 0x0000000087900000, 0x0000000087a00000|  0%| F|  |TAMS 0x0000000087900000, 0x0000000087900000| Untracked 
| 122|0x0000000087a00000, 0x0000000087a00000, 0x0000000087b00000|  0%| F|  |TAMS 0x0000000087a00000, 0x0000000087a00000| Untracked 
| 123|0x0000000087b00000, 0x0000000087b00000, 0x0000000087c00000|  0%| F|  |TAMS 0x0000000087b00000, 0x0000000087b00000| Untracked 
| 124|0x0000000087c00000, 0x0000000087c00000, 0x0000000087d00000|  0%| F|  |TAMS 0x0000000087c00000, 0x0000000087c00000| Untracked 
| 125|0x0000000087d00000, 0x0000000087d00000, 0x0000000087e00000|  0%| F|  |TAMS 0x0000000087d00000, 0x0000000087d00000| Untracked 
| 126|0x0000000087e00000, 0x0000000087e00000, 0x0000000087f00000|  0%| F|  |TAMS 0x0000000087e00000, 0x0000000087e00000| Untracked 
| 127|0x0000000087f00000, 0x0000000087f00000, 0x0000000088000000|  0%| F|  |TAMS 0x0000000087f00000, 0x0000000087f00000| Untracked 
| 128|0x0000000088000000, 0x0000000088000000, 0x0000000088100000|  0%| F|  |TAMS 0x0000000088000000, 0x0000000088000000| Untracked 
| 129|0x0000000088100000, 0x0000000088100000, 0x0000000088200000|  0%| F|  |TAMS 0x0000000088100000, 0x0000000088100000| Untracked 
| 130|0x0000000088200000, 0x0000000088200000, 0x0000000088300000|  0%| F|  |TAMS 0x0000000088200000, 0x0000000088200000| Untracked 
| 131|0x0000000088300000, 0x0000000088300000, 0x0000000088400000|  0%| F|  |TAMS 0x0000000088300000, 0x0000000088300000| Untracked 
| 132|0x0000000088400000, 0x0000000088400000, 0x0000000088500000|  0%| F|  |TAMS 0x0000000088400000, 0x0000000088400000| Untracked 
| 133|0x0000000088500000, 0x0000000088500000, 0x0000000088600000|  0%| F|  |TAMS 0x0000000088500000, 0x0000000088500000| Untracked 
| 134|0x0000000088600000, 0x0000000088600000, 0x0000000088700000|  0%| F|  |TAMS 0x0000000088600000, 0x0000000088600000| Untracked 
| 135|0x0000000088700000, 0x0000000088700000, 0x0000000088800000|  0%| F|  |TAMS 0x0000000088700000, 0x0000000088700000| Untracked 
| 136|0x0000000088800000, 0x0000000088800000, 0x0000000088900000|  0%| F|  |TAMS 0x0000000088800000, 0x0000000088800000| Untracked 
| 137|0x0000000088900000, 0x0000000088900000, 0x0000000088a00000|  0%| F|  |TAMS 0x0000000088900000, 0x0000000088900000| Untracked 
| 138|0x0000000088a00000, 0x0000000088a00000, 0x0000000088b00000|  0%| F|  |TAMS 0x0000000088a00000, 0x0000000088a00000| Untracked 
| 139|0x0000000088b00000, 0x0000000088b00000, 0x0000000088c00000|  0%| F|  |TAMS 0x0000000088b00000, 0x0000000088b00000| Untracked 
| 140|0x0000000088c00000, 0x0000000088c00000, 0x0000000088d00000|  0%| F|  |TAMS 0x0000000088c00000, 0x0000000088c00000| Untracked 
| 141|0x0000000088d00000, 0x0000000088d00000, 0x0000000088e00000|  0%| F|  |TAMS 0x0000000088d00000, 0x0000000088d00000| Untracked 
| 142|0x0000000088e00000, 0x0000000088e00000, 0x0000000088f00000|  0%| F|  |TAMS 0x0000000088e00000, 0x0000000088e00000| Untracked 
| 143|0x0000000088f00000, 0x0000000088f00000, 0x0000000089000000|  0%| F|  |TAMS 0x0000000088f00000, 0x0000000088f00000| Untracked 
| 144|0x0000000089000000, 0x0000000089000000, 0x0000000089100000|  0%| F|  |TAMS 0x0000000089000000, 0x0000000089000000| Untracked 
| 145|0x0000000089100000, 0x0000000089156c70, 0x0000000089200000| 33%| S|CS|TAMS 0x0000000089100000, 0x0000000089100000| Complete 
| 146|0x0000000089200000, 0x0000000089300000, 0x0000000089300000|100%| S|CS|TAMS 0x0000000089200000, 0x0000000089200000| Complete 
| 147|0x0000000089300000, 0x0000000089400000, 0x0000000089400000|100%| S|CS|TAMS 0x0000000089300000, 0x0000000089300000| Complete 
| 148|0x0000000089400000, 0x0000000089400000, 0x0000000089500000|  0%| F|  |TAMS 0x0000000089400000, 0x0000000089400000| Untracked 
| 149|0x0000000089500000, 0x0000000089500000, 0x0000000089600000|  0%| F|  |TAMS 0x0000000089500000, 0x0000000089500000| Untracked 
| 150|0x0000000089600000, 0x0000000089600000, 0x0000000089700000|  0%| F|  |TAMS 0x0000000089600000, 0x0000000089600000| Untracked 
| 151|0x0000000089700000, 0x0000000089700000, 0x0000000089800000|  0%| F|  |TAMS 0x0000000089700000, 0x0000000089700000| Untracked 
| 152|0x0000000089800000, 0x0000000089800000, 0x0000000089900000|  0%| F|  |TAMS 0x0000000089800000, 0x0000000089800000| Untracked 
| 153|0x0000000089900000, 0x0000000089900000, 0x0000000089a00000|  0%| F|  |TAMS 0x0000000089900000, 0x0000000089900000| Untracked 
| 154|0x0000000089a00000, 0x0000000089a00000, 0x0000000089b00000|  0%| F|  |TAMS 0x0000000089a00000, 0x0000000089a00000| Untracked 
| 155|0x0000000089b00000, 0x0000000089b00000, 0x0000000089c00000|  0%| F|  |TAMS 0x0000000089b00000, 0x0000000089b00000| Untracked 
| 156|0x0000000089c00000, 0x0000000089c04558, 0x0000000089d00000|  1%| E|  |TAMS 0x0000000089c00000, 0x0000000089c00000| Complete 
| 157|0x0000000089d00000, 0x0000000089e00000, 0x0000000089e00000|100%| E|CS|TAMS 0x0000000089d00000, 0x0000000089d00000| Complete 
| 158|0x0000000089e00000, 0x0000000089f00000, 0x0000000089f00000|100%| E|CS|TAMS 0x0000000089e00000, 0x0000000089e00000| Complete 
| 159|0x0000000089f00000, 0x000000008a000000, 0x000000008a000000|100%| E|CS|TAMS 0x0000000089f00000, 0x0000000089f00000| Complete 
| 160|0x000000008a000000, 0x000000008a100000, 0x000000008a100000|100%| E|CS|TAMS 0x000000008a000000, 0x000000008a000000| Complete 
| 161|0x000000008a100000, 0x000000008a200000, 0x000000008a200000|100%| E|CS|TAMS 0x000000008a100000, 0x000000008a100000| Complete 
| 162|0x000000008a200000, 0x000000008a300000, 0x000000008a300000|100%| E|CS|TAMS 0x000000008a200000, 0x000000008a200000| Complete 
| 163|0x000000008a300000, 0x000000008a400000, 0x000000008a400000|100%| E|CS|TAMS 0x000000008a300000, 0x000000008a300000| Complete 
| 164|0x000000008a400000, 0x000000008a500000, 0x000000008a500000|100%| E|CS|TAMS 0x000000008a400000, 0x000000008a400000| Complete 
| 165|0x000000008a500000, 0x000000008a600000, 0x000000008a600000|100%| E|CS|TAMS 0x000000008a500000, 0x000000008a500000| Complete 
| 166|0x000000008a600000, 0x000000008a700000, 0x000000008a700000|100%| E|CS|TAMS 0x000000008a600000, 0x000000008a600000| Complete 
| 167|0x000000008a700000, 0x000000008a800000, 0x000000008a800000|100%| E|CS|TAMS 0x000000008a700000, 0x000000008a700000| Complete 
| 168|0x000000008a800000, 0x000000008a900000, 0x000000008a900000|100%| E|CS|TAMS 0x000000008a800000, 0x000000008a800000| Complete 
| 169|0x000000008a900000, 0x000000008aa00000, 0x000000008aa00000|100%| E|CS|TAMS 0x000000008a900000, 0x000000008a900000| Complete 
| 170|0x000000008aa00000, 0x000000008ab00000, 0x000000008ab00000|100%| E|CS|TAMS 0x000000008aa00000, 0x000000008aa00000| Complete 
| 171|0x000000008ab00000, 0x000000008ac00000, 0x000000008ac00000|100%| E|CS|TAMS 0x000000008ab00000, 0x000000008ab00000| Complete 
| 172|0x000000008ac00000, 0x000000008ad00000, 0x000000008ad00000|100%| E|CS|TAMS 0x000000008ac00000, 0x000000008ac00000| Complete 
| 173|0x000000008ad00000, 0x000000008ae00000, 0x000000008ae00000|100%| E|CS|TAMS 0x000000008ad00000, 0x000000008ad00000| Complete 
| 174|0x000000008ae00000, 0x000000008af00000, 0x000000008af00000|100%| E|CS|TAMS 0x000000008ae00000, 0x000000008ae00000| Complete 
| 175|0x000000008af00000, 0x000000008b000000, 0x000000008b000000|100%| E|CS|TAMS 0x000000008af00000, 0x000000008af00000| Complete 
| 176|0x000000008b000000, 0x000000008b100000, 0x000000008b100000|100%| E|CS|TAMS 0x000000008b000000, 0x000000008b000000| Complete 
| 177|0x000000008b100000, 0x000000008b200000, 0x000000008b200000|100%| E|CS|TAMS 0x000000008b100000, 0x000000008b100000| Complete 
| 178|0x000000008b200000, 0x000000008b300000, 0x000000008b300000|100%| E|CS|TAMS 0x000000008b200000, 0x000000008b200000| Complete 
| 179|0x000000008b300000, 0x000000008b400000, 0x000000008b400000|100%| E|CS|TAMS 0x000000008b300000, 0x000000008b300000| Complete 
| 180|0x000000008b400000, 0x000000008b500000, 0x000000008b500000|100%| E|CS|TAMS 0x000000008b400000, 0x000000008b400000| Complete 
| 181|0x000000008b500000, 0x000000008b600000, 0x000000008b600000|100%| E|CS|TAMS 0x000000008b500000, 0x000000008b500000| Complete 
| 182|0x000000008b600000, 0x000000008b700000, 0x000000008b700000|100%| E|CS|TAMS 0x000000008b600000, 0x000000008b600000| Complete 

Card table byte_map: [0x000002513f190000,0x000002513f590000] _byte_map_base: 0x000002513ed90000

Marking Bits (Prev, Next): (CMBitMap*) 0x000002512c12b190, (CMBitMap*) 0x000002512c12b158
 Prev Bits: [0x0000025141990000, 0x0000025143990000)
 Next Bits: [0x000002513f990000, 0x0000025141990000)

Polling page: 0x0000025129fd0000

Metaspace:

Usage:
  Non-class:    120.12 MB capacity,   118.11 MB ( 98%) used,     1.65 MB (  1%) free+waste,   361.31 KB ( <1%) overhead. 
      Class:     17.92 MB capacity,    16.83 MB ( 94%) used,   957.91 KB (  5%) free+waste,   164.13 KB ( <1%) overhead. 
       Both:    138.04 MB capacity,   134.94 MB ( 98%) used,     2.58 MB (  2%) free+waste,   525.44 KB ( <1%) overhead. 

Virtual space:
  Non-class space:      122.00 MB reserved,     120.34 MB ( 99%) committed 
      Class space:        1.00 GB reserved,      18.00 MB (  2%) committed 
             Both:        1.12 GB reserved,     138.34 MB ( 12%) committed 

Chunk freelists:
   Non-Class:  102.00 KB
       Class:  13.00 KB
        Both:  115.00 KB

MaxMetaspaceSize: 17179869184.00 GB
CompressedClassSpaceSize: 1.00 GB

CodeHeap 'non-profiled nmethods': size=120000Kb used=10188Kb max_used=10188Kb free=109811Kb
 bounds [0x0000025137530000, 0x0000025137f30000, 0x000002513ea60000]
CodeHeap 'profiled nmethods': size=120000Kb used=33627Kb max_used=33627Kb free=86372Kb
 bounds [0x0000025130000000, 0x0000025132100000, 0x0000025137530000]
CodeHeap 'non-nmethods': size=5760Kb used=2414Kb max_used=2458Kb free=3345Kb
 bounds [0x000002512fa60000, 0x000002512fce0000, 0x0000025130000000]
 total_blobs=16962 nmethods=15901 adapters=972
 compilation: enabled
              stopped_count=0, restarted_count=0
 full_count=0

Compilation events (20 events):
Event: 69.681 Thread 0x00000251463f7800 18051       2       java.io.FileInputStream::read (5 bytes)
Event: 69.681 Thread 0x00000251463f7800 nmethod 18051 0x00000251320e8690 code [0x00000251320e8840, 0x00000251320e8948]
Event: 69.682 Thread 0x00000251463f7800 18052       2       com.android.ide.common.resources.ResourcesUtil::isInvalidResourceFieldNameCharacter (24 bytes)
Event: 69.682 Thread 0x00000251463f7800 nmethod 18052 0x00000251320e8a10 code [0x00000251320e8bc0, 0x00000251320e8cd8]
Event: 69.684 Thread 0x00000251463f7800 18053       2       com.sun.org.apache.xerces.internal.dom.ElementImpl::getAttributeNode (32 bytes)
Event: 69.684 Thread 0x00000251463f7800 nmethod 18053 0x00000251320e8d90 code [0x00000251320e8f80, 0x00000251320e9228]
Event: 69.690 Thread 0x00000251463f7800 18054       2       com.intellij.util.containers.ImmutableList$Itr::hasNext (20 bytes)
Event: 69.690 Thread 0x00000251463f7800 nmethod 18054 0x00000251320e9390 code [0x00000251320e9540, 0x00000251320e9688]
Event: 69.703 Thread 0x0000025149528800 nmethod 17924 0x0000025137f22490 code [0x0000025137f226e0, 0x0000025137f23d08]
Event: 69.703 Thread 0x0000025149528800 18040   !   4       com.sun.org.apache.xerces.internal.parsers.XML11Configuration::setProperty (160 bytes)
Event: 69.716 Thread 0x00000251463f7800 18055       2       com.intellij.openapi.util.RecursionManager$MyKey::<init> (68 bytes)
Event: 69.718 Thread 0x00000251463f7800 nmethod 18055 0x00000251320e9710 code [0x00000251320e99a0, 0x00000251320ea308]
Event: 69.718 Thread 0x00000251463f7800 18056       2       com.intellij.openapi.util.RecursionManager::access$800 (4 bytes)
Event: 69.718 Thread 0x00000251463f7800 nmethod 18056 0x000002513033c090 code [0x000002513033c240, 0x000002513033c318]
Event: 69.718 Thread 0x00000251463f7800 18057       1       com.intellij.openapi.util.RecursionManager$CalculationStack::access$400 (5 bytes)
Event: 69.718 Thread 0x00000251463f7800 nmethod 18057 0x0000025137f24c90 code [0x0000025137f24e40, 0x0000025137f24ed8]
Event: 69.720 Thread 0x00000251463f7800 18058       2       com.intellij.openapi.util.RecursionManager$CalculationStack::checkDepth (100 bytes)
Event: 69.721 Thread 0x00000251463f7800 nmethod 18058 0x00000251320ea710 code [0x00000251320ea9a0, 0x00000251320eaf68]
Event: 69.758 Thread 0x00000251463f7800 18059       2       kotlin.collections.CollectionsKt__MutableCollectionsKt::addAll (79 bytes)
Event: 69.759 Thread 0x00000251463f7800 nmethod 18059 0x00000251320eb310 code [0x00000251320eb520, 0x00000251320eb888]

GC Heap History (20 events):
Event: 64.160 GC heap before
{Heap before GC invocations=36 (full 0):
 garbage-first heap   total 187392K, used 147893K [0x0000000080000000, 0x0000000100000000)
  region size 1024K, 53 young (54272K), 2 survivors (2048K)
 Metaspace       used 108765K, capacity 111525K, committed 111708K, reserved 1146880K
  class space    used 13335K, capacity 14321K, committed 14336K, reserved 1048576K
}
Event: 64.165 GC heap after
{Heap after GC invocations=37 (full 0):
 garbage-first heap   total 187392K, used 100052K [0x0000000080000000, 0x0000000100000000)
  region size 1024K, 6 young (6144K), 6 survivors (6144K)
 Metaspace       used 108765K, capacity 111525K, committed 111708K, reserved 1146880K
  class space    used 13335K, capacity 14321K, committed 14336K, reserved 1048576K
}
Event: 64.200 GC heap before
{Heap before GC invocations=37 (full 0):
 garbage-first heap   total 187392K, used 103124K [0x0000000080000000, 0x0000000100000000)
  region size 1024K, 9 young (9216K), 6 survivors (6144K)
 Metaspace       used 108870K, capacity 111589K, committed 111708K, reserved 1146880K
  class space    used 13344K, capacity 14321K, committed 14336K, reserved 1048576K
}
Event: 64.208 GC heap after
{Heap after GC invocations=38 (full 0):
 garbage-first heap   total 187392K, used 91492K [0x0000000080000000, 0x0000000100000000)
  region size 1024K, 1 young (1024K), 1 survivors (1024K)
 Metaspace       used 108870K, capacity 111589K, committed 111708K, reserved 1146880K
  class space    used 13344K, capacity 14321K, committed 14336K, reserved 1048576K
}
Event: 65.219 GC heap before
{Heap before GC invocations=38 (full 0):
 garbage-first heap   total 187392K, used 146788K [0x0000000080000000, 0x0000000100000000)
  region size 1024K, 55 young (56320K), 1 survivors (1024K)
 Metaspace       used 109441K, capacity 112149K, committed 112348K, reserved 1146880K
  class space    used 13407K, capacity 14358K, committed 14464K, reserved 1048576K
}
Event: 65.224 GC heap after
{Heap after GC invocations=39 (full 0):
 garbage-first heap   total 187392K, used 91418K [0x0000000080000000, 0x0000000100000000)
  region size 1024K, 1 young (1024K), 1 survivors (1024K)
 Metaspace       used 109441K, capacity 112149K, committed 112348K, reserved 1146880K
  class space    used 13407K, capacity 14358K, committed 14464K, reserved 1048576K
}
Event: 66.170 GC heap before
{Heap before GC invocations=40 (full 0):
 garbage-first heap   total 187392K, used 147738K [0x0000000080000000, 0x0000000100000000)
  region size 1024K, 58 young (59392K), 1 survivors (1024K)
 Metaspace       used 109441K, capacity 112149K, committed 112348K, reserved 1146880K
  class space    used 13407K, capacity 14358K, committed 14464K, reserved 1048576K
}
Event: 66.172 GC heap after
{Heap after GC invocations=41 (full 0):
 garbage-first heap   total 187392K, used 89318K [0x0000000080000000, 0x0000000100000000)
  region size 1024K, 1 young (1024K), 1 survivors (1024K)
 Metaspace       used 109441K, capacity 112149K, committed 112348K, reserved 1146880K
  class space    used 13407K, capacity 14358K, committed 14464K, reserved 1048576K
}
Event: 66.311 GC heap before
{Heap before GC invocations=41 (full 0):
 garbage-first heap   total 187392K, used 97510K [0x0000000080000000, 0x0000000100000000)
  region size 1024K, 9 young (9216K), 1 survivors (1024K)
 Metaspace       used 109441K, capacity 112149K, committed 112348K, reserved 1146880K
  class space    used 13407K, capacity 14358K, committed 14464K, reserved 1048576K
}
Event: 66.314 GC heap after
{Heap after GC invocations=42 (full 0):
 garbage-first heap   total 187392K, used 87308K [0x0000000080000000, 0x0000000100000000)
  region size 1024K, 1 young (1024K), 1 survivors (1024K)
 Metaspace       used 109441K, capacity 112149K, committed 112348K, reserved 1146880K
  class space    used 13407K, capacity 14358K, committed 14464K, reserved 1048576K
}
Event: 67.323 GC heap before
{Heap before GC invocations=42 (full 0):
 garbage-first heap   total 187392K, used 149772K [0x0000000080000000, 0x0000000100000000)
  region size 1024K, 62 young (63488K), 1 survivors (1024K)
 Metaspace       used 112611K, capacity 115445K, committed 115804K, reserved 1150976K
  class space    used 13742K, capacity 14727K, committed 14848K, reserved 1048576K
}
Event: 67.325 GC heap after
{Heap after GC invocations=43 (full 0):
 garbage-first heap   total 187392K, used 87584K [0x0000000080000000, 0x0000000100000000)
  region size 1024K, 1 young (1024K), 1 survivors (1024K)
 Metaspace       used 112611K, capacity 115445K, committed 115804K, reserved 1150976K
  class space    used 13742K, capacity 14727K, committed 14848K, reserved 1048576K
}
Event: 67.390 GC heap before
{Heap before GC invocations=43 (full 0):
 garbage-first heap   total 187392K, used 89632K [0x0000000080000000, 0x0000000100000000)
  region size 1024K, 4 young (4096K), 1 survivors (1024K)
 Metaspace       used 113527K, capacity 116328K, committed 116572K, reserved 1150976K
  class space    used 13854K, capacity 14830K, committed 14848K, reserved 1048576K
}
Event: 67.392 GC heap after
{Heap after GC invocations=44 (full 0):
 garbage-first heap   total 187392K, used 87675K [0x0000000080000000, 0x0000000100000000)
  region size 1024K, 1 young (1024K), 1 survivors (1024K)
 Metaspace       used 113527K, capacity 116328K, committed 116572K, reserved 1150976K
  class space    used 13854K, capacity 14830K, committed 14848K, reserved 1048576K
}
Event: 67.662 GC heap before
{Heap before GC invocations=45 (full 0):
 garbage-first heap   total 187392K, used 105083K [0x0000000080000000, 0x0000000100000000)
  region size 1024K, 17 young (17408K), 1 survivors (1024K)
 Metaspace       used 116589K, capacity 119348K, committed 119516K, reserved 1153024K
  class space    used 14213K, capacity 15227K, committed 15232K, reserved 1048576K
}
Event: 67.667 GC heap after
{Heap after GC invocations=46 (full 0):
 garbage-first heap   total 187392K, used 90857K [0x0000000080000000, 0x0000000100000000)
  region size 1024K, 2 young (2048K), 2 survivors (2048K)
 Metaspace       used 116589K, capacity 119348K, committed 119516K, reserved 1153024K
  class space    used 14213K, capacity 15227K, committed 15232K, reserved 1048576K
}
Event: 68.337 GC heap before
{Heap before GC invocations=47 (full 0):
 garbage-first heap   total 187392K, used 133865K [0x0000000080000000, 0x0000000100000000)
  region size 1024K, 42 young (43008K), 2 survivors (2048K)
 Metaspace       used 123519K, capacity 126580K, committed 126812K, reserved 1161216K
  class space    used 15081K, capacity 16120K, committed 16128K, reserved 1048576K
}
Event: 68.343 GC heap after
{Heap after GC invocations=48 (full 0):
 garbage-first heap   total 187392K, used 97655K [0x0000000080000000, 0x0000000100000000)
  region size 1024K, 6 young (6144K), 6 survivors (6144K)
 Metaspace       used 123519K, capacity 126580K, committed 126812K, reserved 1161216K
  class space    used 15081K, capacity 16120K, committed 16128K, reserved 1048576K
}
Event: 69.103 GC heap before
{Heap before GC invocations=48 (full 0):
 garbage-first heap   total 187392K, used 132471K [0x0000000080000000, 0x0000000100000000)
  region size 1024K, 41 young (41984K), 6 survivors (6144K)
 Metaspace       used 133932K, capacity 137060K, committed 137308K, reserved 1169408K
  class space    used 16717K, capacity 17822K, committed 17920K, reserved 1048576K
}
Event: 69.115 GC heap after
{Heap after GC invocations=49 (full 0):
 garbage-first heap   total 187392K, used 97741K [0x0000000080000000, 0x0000000100000000)
  region size 1024K, 3 young (3072K), 3 survivors (3072K)
 Metaspace       used 133932K, capacity 137060K, committed 137308K, reserved 1169408K
  class space    used 16717K, capacity 17822K, committed 17920K, reserved 1048576K
}

Deoptimization events (20 events):
Event: 69.549 Thread 0x000002514707e800 Uncommon trap: trap_request=0xffffff4d fr.pc=0x0000025137d04644 relative=0x00000000000006e4
Event: 69.549 Thread 0x000002514707e800 Uncommon trap: reason=unstable_if action=reinterpret pc=0x0000025137d04644 method=java.lang.StringLatin1.regionMatchesCI([BI[BII)Z @ 66 c2
Event: 69.549 Thread 0x000002514707e800 DEOPT PACKING pc=0x0000025137d04644 sp=0x000000f7510f9fb0
Event: 69.549 Thread 0x000002514707e800 DEOPT UNPACKING pc=0x000002512fa6822f sp=0x000000f7510f9e80 mode 2
Event: 69.561 Thread 0x000002514707e800 Uncommon trap: trap_request=0xffffff4d fr.pc=0x000002513756b84c relative=0x000000000000040c
Event: 69.561 Thread 0x000002514707e800 Uncommon trap: reason=unstable_if action=reinterpret pc=0x000002513756b84c method=java.lang.StringLatin1.regionMatchesCI([BI[BII)Z @ 66 c2
Event: 69.561 Thread 0x000002514707e800 DEOPT PACKING pc=0x000002513756b84c sp=0x000000f7510f9ee0
Event: 69.562 Thread 0x000002514707e800 DEOPT UNPACKING pc=0x000002512fa6822f sp=0x000000f7510f9e70 mode 2
Event: 69.627 Thread 0x000002514707e800 Uncommon trap: trap_request=0xffffff4d fr.pc=0x00000251375fe8f0 relative=0x0000000000000bb0
Event: 69.627 Thread 0x000002514707e800 Uncommon trap: reason=unstable_if action=reinterpret pc=0x00000251375fe8f0 method=com.sun.org.apache.xerces.internal.impl.XMLEntityScanner.scanData(Ljava/lang/String;Lcom/sun/org/apache/xerces/internal/util/XMLStringBuffer;I)Z @ 925 c2
Event: 69.627 Thread 0x000002514707e800 DEOPT PACKING pc=0x00000251375fe8f0 sp=0x000000f7510f9750
Event: 69.627 Thread 0x000002514707e800 DEOPT UNPACKING pc=0x000002512fa6822f sp=0x000000f7510f96f0 mode 2
Event: 69.627 Thread 0x000002514707e800 Uncommon trap: trap_request=0xffffff4d fr.pc=0x00000251375a9120 relative=0x0000000000000ae0
Event: 69.627 Thread 0x000002514707e800 Uncommon trap: reason=unstable_if action=reinterpret pc=0x00000251375a9120 method=com.sun.org.apache.xerces.internal.impl.XMLEntityScanner.scanData(Ljava/lang/String;Lcom/sun/org/apache/xerces/internal/util/XMLStringBuffer;I)Z @ 925 c2
Event: 69.627 Thread 0x000002514707e800 DEOPT PACKING pc=0x00000251375a9120 sp=0x000000f7510f9750
Event: 69.627 Thread 0x000002514707e800 DEOPT UNPACKING pc=0x000002512fa6822f sp=0x000000f7510f96f0 mode 2
Event: 69.669 Thread 0x000002514707e800 Uncommon trap: trap_request=0xffffffc6 fr.pc=0x0000025137bdcb7c relative=0x000000000000089c
Event: 69.669 Thread 0x000002514707e800 Uncommon trap: reason=bimorphic_or_optimized_type_check action=maybe_recompile pc=0x0000025137bdcb7c method=com.google.common.base.Objects.equal(Ljava/lang/Object;Ljava/lang/Object;)Z @ 11 c2
Event: 69.669 Thread 0x000002514707e800 DEOPT PACKING pc=0x0000025137bdcb7c sp=0x000000f7510fa1b0
Event: 69.669 Thread 0x000002514707e800 DEOPT UNPACKING pc=0x000002512fa6822f sp=0x000000f7510fa178 mode 2

Classes redefined (0 events):
No events

Internal exceptions (20 events):
Event: 67.031 Thread 0x000002514707e800 Exception <a 'sun/nio/fs/WindowsException'{0x0000000088c97dc8}> (0x0000000088c97dc8) thrown at [./src/hotspot/share/prims/jni.cpp, line 615]
Event: 67.031 Thread 0x000002514707e800 Exception <a 'sun/nio/fs/WindowsException'{0x0000000088c97e48}> (0x0000000088c97e48) thrown at [./src/hotspot/share/prims/jni.cpp, line 615]
Event: 67.031 Thread 0x000002514707e800 Exception <a 'sun/nio/fs/WindowsException'{0x0000000088c99d08}> (0x0000000088c99d08) thrown at [./src/hotspot/share/prims/jni.cpp, line 615]
Event: 67.031 Thread 0x000002514707e800 Exception <a 'sun/nio/fs/WindowsException'{0x0000000088c99d88}> (0x0000000088c99d88) thrown at [./src/hotspot/share/prims/jni.cpp, line 615]
Event: 67.031 Thread 0x000002514707e800 Exception <a 'sun/nio/fs/WindowsException'{0x0000000088c9c980}> (0x0000000088c9c980) thrown at [./src/hotspot/share/prims/jni.cpp, line 615]
Event: 67.031 Thread 0x000002514707e800 Exception <a 'sun/nio/fs/WindowsException'{0x0000000088c9ca00}> (0x0000000088c9ca00) thrown at [./src/hotspot/share/prims/jni.cpp, line 615]
Event: 67.031 Thread 0x000002514707e800 Exception <a 'sun/nio/fs/WindowsException'{0x0000000088c9e908}> (0x0000000088c9e908) thrown at [./src/hotspot/share/prims/jni.cpp, line 615]
Event: 67.031 Thread 0x000002514707e800 Exception <a 'sun/nio/fs/WindowsException'{0x0000000088c9e988}> (0x0000000088c9e988) thrown at [./src/hotspot/share/prims/jni.cpp, line 615]
Event: 67.031 Thread 0x000002514707e800 Exception <a 'sun/nio/fs/WindowsException'{0x0000000088ca12b8}> (0x0000000088ca12b8) thrown at [./src/hotspot/share/prims/jni.cpp, line 615]
Event: 67.031 Thread 0x000002514707e800 Exception <a 'sun/nio/fs/WindowsException'{0x0000000088ca1338}> (0x0000000088ca1338) thrown at [./src/hotspot/share/prims/jni.cpp, line 615]
Event: 67.031 Thread 0x000002514707e800 Exception <a 'sun/nio/fs/WindowsException'{0x0000000088ca3278}> (0x0000000088ca3278) thrown at [./src/hotspot/share/prims/jni.cpp, line 615]
Event: 67.031 Thread 0x000002514707e800 Exception <a 'sun/nio/fs/WindowsException'{0x0000000088ca32f8}> (0x0000000088ca32f8) thrown at [./src/hotspot/share/prims/jni.cpp, line 615]
Event: 67.227 Thread 0x000002514707e800 Exception <a 'java/lang/NoSuchMethodError'{0x0000000087eb58b0}: 'java.lang.Object java.lang.invoke.DirectMethodHandle$Holder.invokeStaticInit(java.lang.Object, int)'> (0x0000000087eb58b0) thrown at [./src/hotspot/share/interpreter/linkResolver.cpp, line 773]
Event: 67.258 Thread 0x000002514707e800 Exception <a 'java/lang/NoSuchMethodError'{0x0000000087c1aec8}: 'long java.lang.invoke.DirectMethodHandle$Holder.invokeStatic(java.lang.Object)'> (0x0000000087c1aec8) thrown at [./src/hotspot/share/interpreter/linkResolver.cpp, line 773]
Event: 67.258 Thread 0x000002514707e800 Exception <a 'java/lang/NoSuchMethodError'{0x0000000087c1e518}: 'long java.lang.invoke.DirectMethodHandle$Holder.invokeStaticInit(java.lang.Object)'> (0x0000000087c1e518) thrown at [./src/hotspot/share/interpreter/linkResolver.cpp, line 773]
Event: 67.576 Thread 0x000002514707e800 Implicit null exception at 0x0000025137bca1b3 to 0x0000025137bca2bc
Event: 67.794 Thread 0x000002514707e800 Implicit null exception at 0x00000251376848a2 to 0x0000025137686f24
Event: 67.795 Thread 0x000002514707e800 Implicit null exception at 0x0000025137c5ea8b to 0x0000025137c5ebd0
Event: 69.177 Thread 0x000002514707e800 Exception <a 'java/lang/NoSuchMethodError'{0x000000008b40b4b0}: 'void java.lang.invoke.DirectMethodHandle$Holder.invokeSpecial(java.lang.Object, java.lang.Object, int, java.lang.Object)'> (0x000000008b40b4b0) thrown at [./src/hotspot/share/interpreter/linkResolver.cpp, line 773]
Event: 69.409 Thread 0x000002514707e800 Exception <a 'java/lang/NoSuchMethodError'{0x000000008aed4b80}: 'int java.lang.invoke.DirectMethodHandle$Holder.invokeStaticInit(java.lang.Object, int)'> (0x000000008aed4b80) thrown at [./src/hotspot/share/interpreter/linkResolver.cpp, line 773]

Events (20 events):
Event: 69.785 loading class com/intellij/psi/PsiNameValuePair
Event: 69.785 loading class com/intellij/psi/PsiNameValuePair done
Event: 69.785 loading class com/intellij/util/ArrayFactory
Event: 69.785 loading class com/intellij/util/ArrayFactory done
Event: 69.785 loading class com/intellij/psi/impl/source/PsiParameterListImpl
Event: 69.785 loading class com/intellij/psi/impl/source/PsiParameterListImpl done
Event: 69.786 loading class com/intellij/psi/PsiParameter
Event: 69.786 loading class com/intellij/psi/PsiParameter done
Event: 69.786 loading class com/intellij/psi/PsiParameter
Event: 69.786 loading class com/intellij/psi/PsiParameter done
Event: 69.786 loading class com/intellij/util/ArrayFactory
Event: 69.786 loading class com/intellij/util/ArrayFactory done
Event: 69.786 loading class com/intellij/psi/impl/source/PsiParameterImpl
Event: 69.786 loading class com/intellij/psi/impl/source/PsiParameterImpl done
Event: 69.788 loading class com/intellij/psi/PsiLambdaParameterType
Event: 69.788 loading class com/intellij/psi/PsiLambdaParameterType done
Event: 69.788 loading class org/jetbrains/uast/java/JavaUParameter
Event: 69.788 loading class org/jetbrains/uast/java/JavaUParameter done
Event: 69.789 loading class org/jetbrains/uast/UParameterEx
Event: 69.789 loading class org/jetbrains/uast/UParameterEx done


Dynamic libraries:
0x00007ff726470000 - 0x00007ff72647a000 	D:\Program Files\Android\jre\bin\java.exe
0x00007ffd67be0000 - 0x00007ffd67dd0000 	C:\Windows\SYSTEM32\ntdll.dll
0x00007ffd670d0000 - 0x00007ffd67182000 	C:\Windows\System32\KERNEL32.DLL
0x00007ffd65500000 - 0x00007ffd657a3000 	C:\Windows\System32\KERNELBASE.dll
0x00007ffd65a30000 - 0x00007ffd65b2a000 	C:\Windows\System32\ucrtbase.dll
0x00007ffd5c910000 - 0x00007ffd5c927000 	D:\Program Files\Android\jre\bin\VCRUNTIME140.dll
0x00007ffd54210000 - 0x00007ffd54229000 	D:\Program Files\Android\jre\bin\jli.dll
0x00007ffd67430000 - 0x00007ffd675c4000 	C:\Windows\System32\USER32.dll
0x00007ffd65480000 - 0x00007ffd654a1000 	C:\Windows\System32\win32u.dll
0x00007ffd51f40000 - 0x00007ffd521c5000 	C:\Windows\WinSxS\amd64_microsoft.windows.common-controls_6595b64144ccf1df_6.0.18362.535_none_e6c3b34713100821\COMCTL32.dll
0x00007ffd663f0000 - 0x00007ffd66416000 	C:\Windows\System32\GDI32.dll
0x00007ffd67030000 - 0x00007ffd670ce000 	C:\Windows\System32\msvcrt.dll
0x00007ffd65b30000 - 0x00007ffd65cc4000 	C:\Windows\System32\gdi32full.dll
0x00007ffd675d0000 - 0x00007ffd67906000 	C:\Windows\System32\combase.dll
0x00007ffd67310000 - 0x00007ffd67430000 	C:\Windows\System32\RPCRT4.dll
0x00007ffd64bb0000 - 0x00007ffd64c4e000 	C:\Windows\System32\msvcp_win.dll
0x00007ffd65900000 - 0x00007ffd65980000 	C:\Windows\System32\bcryptPrimitives.dll
0x00007ffd663c0000 - 0x00007ffd663ee000 	C:\Windows\System32\IMM32.DLL
0x00007ffd54170000 - 0x00007ffd5420d000 	D:\Program Files\Android\jre\bin\msvcp140.dll
0x00007ffd21c60000 - 0x00007ffd2271c000 	D:\Program Files\Android\jre\bin\server\jvm.dll
0x00007ffd67910000 - 0x00007ffd679b3000 	C:\Windows\System32\ADVAPI32.dll
0x00007ffd67270000 - 0x00007ffd67307000 	C:\Windows\System32\sechost.dll
0x00007ffd66700000 - 0x00007ffd66708000 	C:\Windows\System32\PSAPI.DLL
0x00007ffd626c0000 - 0x00007ffd626e4000 	C:\Windows\SYSTEM32\WINMM.dll
0x00007ffd61170000 - 0x00007ffd61179000 	C:\Windows\SYSTEM32\WSOCK32.dll
0x00007ffd67b70000 - 0x00007ffd67bdf000 	C:\Windows\System32\WS2_32.dll
0x00007ffd5e980000 - 0x00007ffd5e98a000 	C:\Windows\SYSTEM32\VERSION.dll
0x00007ffd62690000 - 0x00007ffd626bd000 	C:\Windows\SYSTEM32\WINMMBASE.dll
0x00007ffd654b0000 - 0x00007ffd654fa000 	C:\Windows\System32\cfgmgr32.dll
0x00007ffd64b00000 - 0x00007ffd64b11000 	C:\Windows\System32\kernel.appcore.dll
0x00007ffd61150000 - 0x00007ffd61161000 	D:\Program Files\Android\jre\bin\verify.dll
0x00007ffd63410000 - 0x00007ffd63604000 	C:\Windows\SYSTEM32\DBGHELP.DLL
0x00007ffd377f0000 - 0x00007ffd3781a000 	C:\Windows\SYSTEM32\dbgcore.DLL
0x00007ffd61120000 - 0x00007ffd61149000 	D:\Program Files\Android\jre\bin\java.dll
0x00007ffd61110000 - 0x00007ffd6111b000 	D:\Program Files\Android\jre\bin\jimage.dll
0x00007ffd60490000 - 0x00007ffd604a8000 	D:\Program Files\Android\jre\bin\zip.dll
0x00007ffd65cd0000 - 0x00007ffd663b5000 	C:\Windows\System32\SHELL32.dll
0x00007ffd66420000 - 0x00007ffd664c9000 	C:\Windows\System32\shcore.dll
0x00007ffd64c80000 - 0x00007ffd653ff000 	C:\Windows\System32\windows.storage.dll
0x00007ffd64b20000 - 0x00007ffd64b3f000 	C:\Windows\System32\profapi.dll
0x00007ffd64b60000 - 0x00007ffd64baa000 	C:\Windows\System32\powrprof.dll
0x00007ffd64af0000 - 0x00007ffd64b00000 	C:\Windows\System32\UMPDC.dll
0x00007ffd66dd0000 - 0x00007ffd66e22000 	C:\Windows\System32\shlwapi.dll
0x00007ffd65460000 - 0x00007ffd65477000 	C:\Windows\System32\cryptsp.dll
0x00007ffd60470000 - 0x00007ffd6048a000 	D:\Program Files\Android\jre\bin\net.dll
0x00007ffd57050000 - 0x00007ffd57140000 	C:\Windows\SYSTEM32\WINHTTP.dll
0x00007ffd64360000 - 0x00007ffd643c7000 	C:\Windows\system32\mswsock.dll
0x00007ffd60110000 - 0x00007ffd60124000 	D:\Program Files\Android\jre\bin\nio.dll
0x00007ffd4b270000 - 0x00007ffd4b297000 	C:\Users\asus\.gradle\native\f6784746aeab05261644944871eae4fe03e0ef1612fff0a4a95f87b438bc6780\windows-amd64\native-platform.dll
0x00007ffd61100000 - 0x00007ffd6110a000 	D:\Program Files\Android\jre\bin\management.dll
0x00007ffd610c0000 - 0x00007ffd610cc000 	D:\Program Files\Android\jre\bin\management_ext.dll
0x00007ffd63ed0000 - 0x00007ffd63f03000 	C:\Windows\system32\rsaenh.dll
0x00007ffd64c50000 - 0x00007ffd64c76000 	C:\Windows\System32\bcrypt.dll
0x00007ffd649e0000 - 0x00007ffd64a05000 	C:\Windows\SYSTEM32\USERENV.dll
0x00007ffd64530000 - 0x00007ffd6453c000 	C:\Windows\SYSTEM32\CRYPTBASE.dll
0x00007ffd64070000 - 0x00007ffd640aa000 	C:\Windows\SYSTEM32\IPHLPAPI.DLL
0x00007ffd67190000 - 0x00007ffd67198000 	C:\Windows\System32\NSI.dll
0x00007ffd5aa00000 - 0x00007ffd5aa16000 	C:\Windows\SYSTEM32\dhcpcsvc6.DLL
0x00007ffd5c5f0000 - 0x00007ffd5c60c000 	C:\Windows\SYSTEM32\dhcpcsvc.DLL
0x00007ffd640b0000 - 0x00007ffd6417a000 	C:\Windows\SYSTEM32\DNSAPI.dll
0x00007ffd5c900000 - 0x00007ffd5c90b000 	C:\Windows\SYSTEM32\WINNSI.DLL
0x00007ffd55b40000 - 0x00007ffd55ce2000 	D:\Program Files\Android\jre\bin\awt.dll
0x00007ffd66d00000 - 0x00007ffd66dc4000 	C:\Windows\System32\OLEAUT32.dll
0x00007ffd62ee0000 - 0x00007ffd62f0d000 	C:\Windows\SYSTEM32\dwmapi.dll
0x00007ffd62930000 - 0x00007ffd629bf000 	C:\Windows\SYSTEM32\apphelp.dll
0x00007ffd62ad0000 - 0x00007ffd62b69000 	C:\Windows\system32\uxtheme.dll
0x00007ffd63b50000 - 0x00007ffd63b81000 	C:\Windows\SYSTEM32\ntmarta.dll

dbghelp: loaded successfully - version: 4.0.5 - missing functions: none
symbol engine: initialized successfully - sym options: 0x614 - pdb path: .;D:\Program Files\Android\jre\bin;C:\Windows\SYSTEM32;C:\Windows\WinSxS\amd64_microsoft.windows.common-controls_6595b64144ccf1df_6.0.18362.535_none_e6c3b34713100821;D:\Program Files\Android\jre\bin\server;C:\Users\asus\.gradle\native\f6784746aeab05261644944871eae4fe03e0ef1612fff0a4a95f87b438bc6780\windows-amd64

VM Arguments:
jvm_args: --add-opens=java.base/java.util=ALL-UNNAMED --add-opens=java.base/java.lang=ALL-UNNAMED --add-opens=java.base/java.lang.invoke=ALL-UNNAMED --add-opens=java.prefs/java.util.prefs=ALL-UNNAMED -Xmx2048m -Dfile.encoding=UTF-8 -Duser.country=RU -Duser.language=ru -Duser.variant 
java_command: org.gradle.launcher.daemon.bootstrap.GradleDaemon 6.5
java_class_path (initial): C:\Users\asus\.gradle\wrapper\dists\gradle-6.5-bin\6nifqtx7604sqp1q6g8wikw7p\gradle-6.5\lib\gradle-launcher-6.5.jar
Launcher Type: SUN_STANDARD

[Global flags]
     intx CICompilerCount                          = 4                                         {product} {ergonomic}
     uint ConcGCThreads                            = 2                                         {product} {ergonomic}
     uint G1ConcRefinementThreads                  = 8                                         {product} {ergonomic}
   size_t G1HeapRegionSize                         = 1048576                                   {product} {ergonomic}
    uintx GCDrainStackTargetSize                   = 64                                        {product} {ergonomic}
   size_t InitialHeapSize                          = 132120576                                 {product} {ergonomic}
   size_t MarkStackSize                            = 4194304                                   {product} {ergonomic}
   size_t MaxHeapSize                              = 2147483648                                {product} {command line}
   size_t MaxNewSize                               = 1287651328                                {product} {ergonomic}
   size_t MinHeapDeltaBytes                        = 1048576                                   {product} {ergonomic}
    uintx NonNMethodCodeHeapSize                   = 5836300                                {pd product} {ergonomic}
    uintx NonProfiledCodeHeapSize                  = 122910970                              {pd product} {ergonomic}
    uintx ProfiledCodeHeapSize                     = 122910970                              {pd product} {ergonomic}
    uintx ReservedCodeCacheSize                    = 251658240                              {pd product} {ergonomic}
     bool SegmentedCodeCache                       = true                                      {product} {ergonomic}
     bool UseCompressedClassPointers               = true                                 {lp64_product} {ergonomic}
     bool UseCompressedOops                        = true                                 {lp64_product} {ergonomic}
     bool UseG1GC                                  = true                                      {product} {ergonomic}
     bool UseLargePagesIndividualAllocation        = false                                  {pd product} {ergonomic}

Logging:
Log output configuration:
 #0: stdout all=warning uptime,level,tags
 #1: stderr all=off uptime,level,tags

Environment Variables:
JAVA_HOME=D:\Program Files\Java
PATH=C:\PROGRA~2\Borland\CBUILD~1\Bin;C:\PROGRA~2\Borland\CBUILD~1\Projects\Bpl;C:\Program Files\Common Files\Oracle\Java\javapath;C:\Windows\system32;C:\Windows;C:\Windows\System32\Wbem;C:\Windows\System32\WindowsPowerShell\v1.0\;C:\Program Files (x86)\NVIDIA Corporation\PhysX\Common;C:\Program Files\NVIDIA Corporation\NVIDIA NvDLISR;C:\Program Files\Microsoft\Web Platform Installer\;C:\Program Files (x86)\Microsoft ASP.NET\ASP.NET Web Pages\v1.0\;C:\Program Files\Microsoft SQL Server\110\Tools\Binn\;C:\Program Files\Git\cmd;C:\Users\asus\AppData\Local\Microsoft\WindowsApps;;D:\Program Files\JetBrains\IntelliJ IDEA Community Edition 2020.3\bin;
USERNAME=asus
OS=Windows_NT
PROCESSOR_IDENTIFIER=Intel64 Family 6 Model 126 Stepping 5, GenuineIntel



---------------  S Y S T E M  ---------------

OS: Windows 10 , 64 bit Build 18362 (10.0.18362.329)
OS uptime: 0 days 3:13 hours

CPU:total 8 (initial active 8) (4 cores per cpu, 2 threads per core) family 6 model 126 stepping 5, cmov, cx8, fxsr, mmx, sse, sse2, sse3, ssse3, sse4.1, sse4.2, popcnt, avx, avx2, aes, clmul, erms, 3dnowpref, lzcnt, ht, tsc, tscinvbit, bmi1, bmi2, adx, evex, sha, fma

Memory: 4k page, system-wide physical 7997M (854M free)
TotalPageFile size 7997M (AvailPageFile size 5M)
current process WorkingSet (physical memory assigned to process): 543M, peak: 543M
current process commit charge ("private bytes"): 577M, peak: 578M

vm_info: OpenJDK 64-Bit Server VM (11.0.8+10-b944.6842174) for windows-amd64 JRE (11.0.8+10-b944.6842174), built on Sep 19 2020 01:11:42 by "builder" with MS VC++ 14.0 (VS2015)

END.
