#
# There is insufficient memory for the Java Runtime Environment to continue.
# Native memory allocation (malloc) failed to allocate 1480176 bytes for Chunk::new
# Possible reasons:
#   The system is out of physical RAM or swap space
#   The process is running with CompressedOops enabled, and the Java Heap may be blocking the growth of the native heap
# Possible solutions:
#   Reduce memory load on the system
#   Increase physical memory or swap space
#   Check if swap backing store is full
#   Decrease Java heap size (-Xmx/-Xms)
#   Decrease number of Java threads
#   Decrease Java thread stack sizes (-Xss)
#   Set larger code cache with -XX:ReservedCodeCacheSize=
#   JVM is running with Unscaled Compressed Oops mode in which the Java heap is
#     placed in the first 4GB address space. The Java Heap base address is the
#     maximum limit for the native heap growth. Please use -XX:HeapBaseMinAddress
#     to set the Java Heap base and to place the Java Heap above 4GB virtual address.
# This output file may be truncated or incomplete.
#
#  Out of Memory Error (./src/hotspot/share/memory/arena.cpp:197), pid=7868, tid=516
#
# JRE version: OpenJDK Runtime Environment (11.0.8+10) (build 11.0.8+10-b944.6842174)
# Java VM: OpenJDK 64-Bit Server VM (11.0.8+10-b944.6842174, mixed mode, tiered, compressed oops, g1 gc, windows-amd64)
# No core dump will be written. Minidumps are not enabled by default on client versions of Windows
#

---------------  S U M M A R Y ------------

Command Line: --add-opens=java.base/java.util=ALL-UNNAMED --add-opens=java.base/java.lang=ALL-UNNAMED --add-opens=java.base/java.lang.invoke=ALL-UNNAMED --add-opens=java.prefs/java.util.prefs=ALL-UNNAMED -Xmx2048m -Dfile.encoding=UTF-8 -Duser.country=RU -Duser.language=ru -Duser.variant org.gradle.launcher.daemon.bootstrap.GradleDaemon 6.5

Host: Intel(R) Core(TM) i7-1065G7 CPU @ 1.30GHz, 8 cores, 7G,  Windows 10 , 64 bit Build 18362 (10.0.18362.329)
Time: Sun May 30 08:34:56 2021 Caiaaiay Acey (ceia) elapsed time: 18 seconds (0d 0h 0m 18s)

---------------  T H R E A D  ---------------

Current thread (0x0000023540d29000):  JavaThread "C2 CompilerThread1" daemon [_thread_in_native, id=516, stack(0x000000d052300000,0x000000d052400000)]


Current CompileTask:
C2:  18908 11312       4       org.jetbrains.org.objectweb.asm.ClassReader::readCode (5089 bytes)

Stack: [0x000000d052300000,0x000000d052400000]
Native frames: (J=compiled Java code, j=interpreted, Vv=VM code, C=native code)
V  [jvm.dll+0x5de50a]
V  [jvm.dll+0x7122f5]
V  [jvm.dll+0x71384d]
V  [jvm.dll+0x713f03]
V  [jvm.dll+0x23e728]
V  [jvm.dll+0xb899c]
V  [jvm.dll+0xb8e9c]
V  [jvm.dll+0x35024d]
V  [jvm.dll+0x31dea3]
V  [jvm.dll+0x31d39a]
V  [jvm.dll+0x1f7702]
V  [jvm.dll+0x1f68d4]
V  [jvm.dll+0x17f32c]
V  [jvm.dll+0x205047]
V  [jvm.dll+0x203891]
V  [jvm.dll+0x6dad3f]
V  [jvm.dll+0x6d3895]
V  [jvm.dll+0x5dd4a6]
C  [ucrtbase.dll+0x20e72]
C  [KERNEL32.DLL+0x17bd4]
C  [ntdll.dll+0x6ced1]


---------------  P R O C E S S  ---------------

Threads class SMR info:
_java_thread_list=0x00000235441f0470, length=142, elements={
0x0000023522b5b000, 0x000002353efc7000, 0x000002353efc9000, 0x000002353f7e4000,
0x000002353f7e6800, 0x000002353f7e9800, 0x000002353f7ef000, 0x000002353f7f0000,
0x000002353f999000, 0x000002353f9c0000, 0x0000023541194000, 0x00000235411d7800,
0x000002354170d800, 0x0000023541427000, 0x00000235409e4800, 0x0000023541781000,
0x000002354171c800, 0x000002354177b800, 0x0000023541718000, 0x00000235416d8000,
0x0000023541936000, 0x0000023541934800, 0x0000023541937000, 0x0000023541935800,
0x0000023541938000, 0x0000023541938800, 0x0000023541939800, 0x0000023541933800,
0x000002354193a000, 0x0000023541a41000, 0x0000023541a40000, 0x0000023541a42800,
0x0000023541a44000, 0x0000023541a3e800, 0x0000023541a45000, 0x0000023541ee3800,
0x0000023541edf800, 0x0000023541ee6000, 0x0000023541ee4800, 0x0000023541ee5000,
0x0000023541ee0000, 0x0000023541ee6800, 0x0000023541ee1000, 0x0000023541ee7800,
0x0000023541ee2000, 0x0000023541ee2800, 0x0000023541eeb800, 0x0000023541eec800,
0x0000023541eed000, 0x0000023541eee000, 0x0000023541ee8800, 0x0000023541ee9000,
0x0000023541eea000, 0x0000023541eeb000, 0x00000235421aa000, 0x00000235421a6800,
0x00000235421a5000, 0x00000235421a7800, 0x00000235421a8800, 0x00000235421a9000,
0x00000235421a4800, 0x00000235421ab000, 0x00000235421ab800, 0x00000235421a6000,
0x00000235421ad800, 0x00000235421b1800, 0x00000235421af000, 0x00000235421b2000,
0x00000235421ac800, 0x00000235421b3000, 0x00000235421ae000, 0x00000235421af800,
0x00000235421b0800, 0x0000023544ac2000, 0x0000023544abf800, 0x0000023544abe000,
0x0000023544ac0800, 0x0000023544ac1000, 0x0000023544abe800, 0x0000023544ac6000,
0x0000023544ac4800, 0x0000023544ac8800, 0x0000023544ac7000, 0x0000023544ac7800,
0x0000023544ac3800, 0x0000023544ac5000, 0x0000023544ac3000, 0x0000023544ac9800,
0x0000023544acb800, 0x0000023544aca000, 0x0000023544acb000, 0x0000023544acc800,
0x0000023544a80800, 0x0000023544a80000, 0x0000023544a81800, 0x0000023544a82800,
0x0000023544a7c800, 0x0000023544a7d800, 0x0000023544a84000, 0x0000023544a83000,
0x0000023544a7f000, 0x0000023544a7e800, 0x0000023544a89800, 0x0000023544a85000,
0x0000023544a8b800, 0x0000023544a88000, 0x0000023544a85800, 0x0000023544a87000,
0x0000023544a86800, 0x0000023544a89000, 0x0000023544a8a800, 0x0000023543d15000,
0x0000023543d14000, 0x0000023543d10000, 0x0000023543d12800, 0x0000023543d15800,
0x0000023543d13000, 0x0000023543d16800, 0x0000023543d11800, 0x0000023543d11000,
0x0000023543d1c000, 0x0000023543d1a800, 0x0000023543d1b800, 0x0000023543d1d000,
0x0000023543d17800, 0x0000023543d1e000, 0x0000023543d18000, 0x0000023543d1e800,
0x0000023543d19800, 0x0000023543d19000, 0x00000235457ac000, 0x00000235457a8800,
0x00000235457a6800, 0x00000235457a8000, 0x00000235457a9800, 0x00000235457aa800,
0x00000235457ab000, 0x00000235457a7000, 0x00000235457b0000, 0x00000235457ad000,
0x0000023540d29000, 0x000002353fa63000
}

Java Threads: ( => current thread )
  0x0000023522b5b000 JavaThread "main" [_thread_blocked, id=7148, stack(0x000000d051200000,0x000000d051300000)]
  0x000002353efc7000 JavaThread "Reference Handler" daemon [_thread_blocked, id=2324, stack(0x000000d051900000,0x000000d051a00000)]
  0x000002353efc9000 JavaThread "Finalizer" daemon [_thread_blocked, id=8320, stack(0x000000d051a00000,0x000000d051b00000)]
  0x000002353f7e4000 JavaThread "Signal Dispatcher" daemon [_thread_blocked, id=8328, stack(0x000000d051b00000,0x000000d051c00000)]
  0x000002353f7e6800 JavaThread "Attach Listener" daemon [_thread_blocked, id=8676, stack(0x000000d051c00000,0x000000d051d00000)]
  0x000002353f7e9800 JavaThread "C2 CompilerThread0" daemon [_thread_blocked, id=5644, stack(0x000000d051d00000,0x000000d051e00000)]
  0x000002353f7ef000 JavaThread "C1 CompilerThread0" daemon [_thread_blocked, id=2968, stack(0x000000d051e00000,0x000000d051f00000)]
  0x000002353f7f0000 JavaThread "Sweeper thread" daemon [_thread_blocked, id=8588, stack(0x000000d051f00000,0x000000d052000000)]
  0x000002353f999000 JavaThread "Common-Cleaner" daemon [_thread_blocked, id=1376, stack(0x000000d052000000,0x000000d052100000)]
  0x000002353f9c0000 JavaThread "Service Thread" daemon [_thread_blocked, id=8744, stack(0x000000d052100000,0x000000d052200000)]
  0x0000023541194000 JavaThread "Daemon health stats" [_thread_blocked, id=3156, stack(0x000000d052700000,0x000000d052800000)]
  0x00000235411d7800 JavaThread "Incoming local TCP Connector on port 54900" [_thread_in_native, id=4496, stack(0x000000d052900000,0x000000d052a00000)]
  0x000002354170d800 JavaThread "Daemon periodic checks" [_thread_blocked, id=5200, stack(0x000000d052a00000,0x000000d052b00000)]
  0x0000023541427000 JavaThread "Daemon" [_thread_blocked, id=6940, stack(0x000000d052b00000,0x000000d052c00000)]
  0x00000235409e4800 JavaThread "Handler for socket connection from /127.0.0.1:54900 to /127.0.0.1:54901" [_thread_in_native, id=6936, stack(0x000000d052c00000,0x000000d052d00000)]
  0x0000023541781000 JavaThread "Cancel handler" [_thread_blocked, id=1916, stack(0x000000d052d00000,0x000000d052e00000)]
  0x000002354171c800 JavaThread "Daemon worker" [_thread_blocked, id=8276, stack(0x000000d052e00000,0x000000d052f00000)]
  0x000002354177b800 JavaThread "Asynchronous log dispatcher for DefaultDaemonConnection: socket connection from /127.0.0.1:54900 to /127.0.0.1:54901" [_thread_blocked, id=7612, stack(0x000000d052f00000,0x000000d053000000)]
  0x0000023541718000 JavaThread "Stdin handler" [_thread_blocked, id=1152, stack(0x000000d053000000,0x000000d053100000)]
  0x00000235416d8000 JavaThread "Thread-8" [_thread_blocked, id=1056, stack(0x000000d053100000,0x000000d053200000)]
  0x0000023541936000 JavaThread "Cache worker for journal cache (C:\Users\asus\.gradle\caches\journal-1)" [_thread_blocked, id=6624, stack(0x000000d053200000,0x000000d053300000)]
  0x0000023541934800 JavaThread "File lock request listener" [_thread_in_native, id=8716, stack(0x000000d053300000,0x000000d053400000)]
  0x0000023541937000 JavaThread "Cache worker for file hash cache (C:\Users\asus\.gradle\caches\6.5\fileHashes)" [_thread_blocked, id=3792, stack(0x000000d053400000,0x000000d053500000)]
  0x0000023541935800 JavaThread "Cache worker for file hash cache (D:\Android projects\Puzzle15_v1\.gradle\6.5\fileHashes)" [_thread_blocked, id=6140, stack(0x000000d053b00000,0x000000d053c00000)]
  0x0000023541938000 JavaThread "Cache worker for checksums cache (D:\Android projects\Puzzle15_v1\.gradle\checksums)" [_thread_blocked, id=2256, stack(0x000000d053c00000,0x000000d053d00000)]
  0x0000023541938800 JavaThread "Cache worker for cache directory md-supplier (C:\Users\asus\.gradle\caches\6.5\md-supplier)" [_thread_blocked, id=1220, stack(0x000000d053d00000,0x000000d053e00000)]
  0x0000023541939800 JavaThread "Cache worker for cache directory md-rule (C:\Users\asus\.gradle\caches\6.5\md-rule)" [_thread_blocked, id=8340, stack(0x000000d053e00000,0x000000d053f00000)]
  0x0000023541933800 JavaThread "Cache worker for execution history cache (C:\Users\asus\.gradle\caches\6.5\executionHistory)" [_thread_blocked, id=7536, stack(0x000000d053f00000,0x000000d054000000)]
  0x000002354193a000 JavaThread "jar transforms" [_thread_blocked, id=1556, stack(0x000000d054100000,0x000000d054200000)]
  0x0000023541a41000 JavaThread "Cache worker for file content cache (C:\Users\asus\.gradle\caches\6.5\fileContent)" [_thread_blocked, id=7300, stack(0x000000d054200000,0x000000d054300000)]
  0x0000023541a40000 JavaThread "Build operations" [_thread_blocked, id=2496, stack(0x000000d054000000,0x000000d054100000)]
  0x0000023541a42800 JavaThread "Build operations Thread 2" [_thread_blocked, id=752, stack(0x000000d054300000,0x000000d054400000)]
  0x0000023541a44000 JavaThread "Build operations Thread 3" [_thread_blocked, id=8408, stack(0x000000d054400000,0x000000d054500000)]
  0x0000023541a3e800 JavaThread "Build operations Thread 4" [_thread_blocked, id=32, stack(0x000000d054500000,0x000000d054600000)]
  0x0000023541a45000 JavaThread "Build operations Thread 5" [_thread_blocked, id=7428, stack(0x000000d054600000,0x000000d054700000)]
  0x0000023541ee3800 JavaThread "Build operations Thread 6" [_thread_blocked, id=3136, stack(0x000000d054700000,0x000000d054800000)]
  0x0000023541edf800 JavaThread "Build operations Thread 7" [_thread_blocked, id=8400, stack(0x000000d054800000,0x000000d054900000)]
  0x0000023541ee6000 JavaThread "Build operations Thread 8" [_thread_blocked, id=6732, stack(0x000000d054900000,0x000000d054a00000)]
  0x0000023541ee4800 JavaThread "jar transforms Thread 2" [_thread_blocked, id=9148, stack(0x000000d054a00000,0x000000d054b00000)]
  0x0000023541ee5000 JavaThread "jar transforms Thread 3" [_thread_blocked, id=6132, stack(0x000000d054b00000,0x000000d054c00000)]
  0x0000023541ee0000 JavaThread "jar transforms Thread 4" [_thread_blocked, id=3316, stack(0x000000d054c00000,0x000000d054d00000)]
  0x0000023541ee6800 JavaThread "jar transforms Thread 5" [_thread_blocked, id=2356, stack(0x000000d054d00000,0x000000d054e00000)]
  0x0000023541ee1000 JavaThread "jar transforms Thread 6" [_thread_blocked, id=4352, stack(0x000000d054e00000,0x000000d054f00000)]
  0x0000023541ee7800 JavaThread "jar transforms Thread 7" [_thread_blocked, id=4892, stack(0x000000d054f00000,0x000000d055000000)]
  0x0000023541ee2000 JavaThread "jar transforms Thread 8" [_thread_blocked, id=3152, stack(0x000000d055000000,0x000000d055100000)]
  0x0000023541ee2800 JavaThread "jar transforms Thread 9" [_thread_blocked, id=4988, stack(0x000000d055100000,0x000000d055200000)]
  0x0000023541eeb800 JavaThread "jar transforms Thread 10" [_thread_blocked, id=8612, stack(0x000000d055200000,0x000000d055300000)]
  0x0000023541eec800 JavaThread "jar transforms Thread 11" [_thread_blocked, id=8196, stack(0x000000d055300000,0x000000d055400000)]
  0x0000023541eed000 JavaThread "jar transforms Thread 12" [_thread_blocked, id=8856, stack(0x000000d055400000,0x000000d055500000)]
  0x0000023541eee000 JavaThread "jar transforms Thread 13" [_thread_blocked, id=2976, stack(0x000000d055500000,0x000000d055600000)]
  0x0000023541ee8800 JavaThread "jar transforms Thread 14" [_thread_blocked, id=8520, stack(0x000000d055600000,0x000000d055700000)]
  0x0000023541ee9000 JavaThread "jar transforms Thread 15" [_thread_blocked, id=7632, stack(0x000000d055700000,0x000000d055800000)]
  0x0000023541eea000 JavaThread "jar transforms Thread 16" [_thread_blocked, id=5176, stack(0x000000d055800000,0x000000d055900000)]
  0x0000023541eeb000 JavaThread "jar transforms Thread 17" [_thread_blocked, id=8200, stack(0x000000d055900000,0x000000d055a00000)]
  0x00000235421aa000 JavaThread "jar transforms Thread 18" [_thread_blocked, id=8232, stack(0x000000d055a00000,0x000000d055b00000)]
  0x00000235421a6800 JavaThread "jar transforms Thread 19" [_thread_blocked, id=6332, stack(0x000000d055b00000,0x000000d055c00000)]
  0x00000235421a5000 JavaThread "jar transforms Thread 20" [_thread_blocked, id=3988, stack(0x000000d055c00000,0x000000d055d00000)]
  0x00000235421a7800 JavaThread "jar transforms Thread 21" [_thread_blocked, id=8904, stack(0x000000d055d00000,0x000000d055e00000)]
  0x00000235421a8800 JavaThread "jar transforms Thread 22" [_thread_blocked, id=8596, stack(0x000000d055e00000,0x000000d055f00000)]
  0x00000235421a9000 JavaThread "jar transforms Thread 23" [_thread_blocked, id=5072, stack(0x000000d055f00000,0x000000d056000000)]
  0x00000235421a4800 JavaThread "jar transforms Thread 24" [_thread_blocked, id=4652, stack(0x000000d056000000,0x000000d056100000)]
  0x00000235421ab000 JavaThread "jar transforms Thread 25" [_thread_blocked, id=4156, stack(0x000000d056100000,0x000000d056200000)]
  0x00000235421ab800 JavaThread "jar transforms Thread 26" [_thread_blocked, id=8464, stack(0x000000d056200000,0x000000d056300000)]
  0x00000235421a6000 JavaThread "jar transforms Thread 27" [_thread_blocked, id=8544, stack(0x000000d056300000,0x000000d056400000)]
  0x00000235421ad800 JavaThread "jar transforms Thread 28" [_thread_blocked, id=3984, stack(0x000000d056400000,0x000000d056500000)]
  0x00000235421b1800 JavaThread "jar transforms Thread 29" [_thread_blocked, id=3020, stack(0x000000d056500000,0x000000d056600000)]
  0x00000235421af000 JavaThread "jar transforms Thread 30" [_thread_blocked, id=1364, stack(0x000000d056600000,0x000000d056700000)]
  0x00000235421b2000 JavaThread "jar transforms Thread 31" [_thread_blocked, id=1112, stack(0x000000d056700000,0x000000d056800000)]
  0x00000235421ac800 JavaThread "jar transforms Thread 32" [_thread_blocked, id=9152, stack(0x000000d056800000,0x000000d056900000)]
  0x00000235421b3000 JavaThread "jar transforms Thread 33" [_thread_blocked, id=6128, stack(0x000000d056900000,0x000000d056a00000)]
  0x00000235421ae000 JavaThread "jar transforms Thread 34" [_thread_blocked, id=4680, stack(0x000000d056a00000,0x000000d056b00000)]
  0x00000235421af800 JavaThread "jar transforms Thread 35" [_thread_blocked, id=4324, stack(0x000000d056b00000,0x000000d056c00000)]
  0x00000235421b0800 JavaThread "jar transforms Thread 36" [_thread_blocked, id=6384, stack(0x000000d056c00000,0x000000d056d00000)]
  0x0000023544ac2000 JavaThread "jar transforms Thread 37" [_thread_blocked, id=8696, stack(0x000000d056d00000,0x000000d056e00000)]
  0x0000023544abf800 JavaThread "jar transforms Thread 38" [_thread_blocked, id=8300, stack(0x000000d056e00000,0x000000d056f00000)]
  0x0000023544abe000 JavaThread "jar transforms Thread 39" [_thread_blocked, id=8964, stack(0x000000d056f00000,0x000000d057000000)]
  0x0000023544ac0800 JavaThread "jar transforms Thread 40" [_thread_blocked, id=8388, stack(0x000000d057000000,0x000000d057100000)]
  0x0000023544ac1000 JavaThread "jar transforms Thread 41" [_thread_blocked, id=6196, stack(0x000000d057100000,0x000000d057200000)]
  0x0000023544abe800 JavaThread "jar transforms Thread 42" [_thread_blocked, id=7008, stack(0x000000d057200000,0x000000d057300000)]
  0x0000023544ac6000 JavaThread "jar transforms Thread 43" [_thread_blocked, id=1568, stack(0x000000d057300000,0x000000d057400000)]
  0x0000023544ac4800 JavaThread "jar transforms Thread 44" [_thread_blocked, id=8272, stack(0x000000d057400000,0x000000d057500000)]
  0x0000023544ac8800 JavaThread "jar transforms Thread 45" [_thread_blocked, id=228, stack(0x000000d057500000,0x000000d057600000)]
  0x0000023544ac7000 JavaThread "jar transforms Thread 46" [_thread_blocked, id=9088, stack(0x000000d057600000,0x000000d057700000)]
  0x0000023544ac7800 JavaThread "jar transforms Thread 47" [_thread_blocked, id=6648, stack(0x000000d057700000,0x000000d057800000)]
  0x0000023544ac3800 JavaThread "jar transforms Thread 48" [_thread_blocked, id=2856, stack(0x000000d057800000,0x000000d057900000)]
  0x0000023544ac5000 JavaThread "jar transforms Thread 49" [_thread_blocked, id=6324, stack(0x000000d057900000,0x000000d057a00000)]
  0x0000023544ac3000 JavaThread "jar transforms Thread 50" [_thread_blocked, id=8536, stack(0x000000d057a00000,0x000000d057b00000)]
  0x0000023544ac9800 JavaThread "jar transforms Thread 51" [_thread_blocked, id=5560, stack(0x000000d057b00000,0x000000d057c00000)]
  0x0000023544acb800 JavaThread "jar transforms Thread 52" [_thread_blocked, id=2716, stack(0x000000d057c00000,0x000000d057d00000)]
  0x0000023544aca000 JavaThread "jar transforms Thread 53" [_thread_blocked, id=8288, stack(0x000000d057d00000,0x000000d057e00000)]
  0x0000023544acb000 JavaThread "jar transforms Thread 54" [_thread_blocked, id=3912, stack(0x000000d057e00000,0x000000d057f00000)]
  0x0000023544acc800 JavaThread "jar transforms Thread 55" [_thread_blocked, id=2556, stack(0x000000d057f00000,0x000000d058000000)]
  0x0000023544a80800 JavaThread "jar transforms Thread 56" [_thread_blocked, id=4908, stack(0x000000d058000000,0x000000d058100000)]
  0x0000023544a80000 JavaThread "jar transforms Thread 57" [_thread_blocked, id=5132, stack(0x000000d058100000,0x000000d058200000)]
  0x0000023544a81800 JavaThread "jar transforms Thread 58" [_thread_blocked, id=2072, stack(0x000000d058200000,0x000000d058300000)]
  0x0000023544a82800 JavaThread "jar transforms Thread 59" [_thread_blocked, id=2028, stack(0x000000d058300000,0x000000d058400000)]
  0x0000023544a7c800 JavaThread "jar transforms Thread 60" [_thread_blocked, id=5872, stack(0x000000d058400000,0x000000d058500000)]
  0x0000023544a7d800 JavaThread "jar transforms Thread 61" [_thread_blocked, id=8524, stack(0x000000d058500000,0x000000d058600000)]
  0x0000023544a84000 JavaThread "jar transforms Thread 62" [_thread_blocked, id=7608, stack(0x000000d058700000,0x000000d058800000)]
  0x0000023544a83000 JavaThread "jar transforms Thread 63" [_thread_blocked, id=9076, stack(0x000000d058800000,0x000000d058900000)]
  0x0000023544a7f000 JavaThread "jar transforms Thread 64" [_thread_blocked, id=4252, stack(0x000000d058900000,0x000000d058a00000)]
  0x0000023544a7e800 JavaThread "jar transforms Thread 65" [_thread_blocked, id=8756, stack(0x000000d058a00000,0x000000d058b00000)]
  0x0000023544a89800 JavaThread "jar transforms Thread 66" [_thread_blocked, id=1336, stack(0x000000d058b00000,0x000000d058c00000)]
  0x0000023544a85000 JavaThread "jar transforms Thread 67" [_thread_blocked, id=3532, stack(0x000000d058c00000,0x000000d058d00000)]
  0x0000023544a8b800 JavaThread "jar transforms Thread 68" [_thread_blocked, id=8692, stack(0x000000d058d00000,0x000000d058e00000)]
  0x0000023544a88000 JavaThread "jar transforms Thread 69" [_thread_blocked, id=8880, stack(0x000000d058e00000,0x000000d058f00000)]
  0x0000023544a85800 JavaThread "jar transforms Thread 70" [_thread_blocked, id=6092, stack(0x000000d058f00000,0x000000d059000000)]
  0x0000023544a87000 JavaThread "jar transforms Thread 71" [_thread_blocked, id=7296, stack(0x000000d059000000,0x000000d059100000)]
  0x0000023544a86800 JavaThread "jar transforms Thread 72" [_thread_blocked, id=7648, stack(0x000000d059100000,0x000000d059200000)]
  0x0000023544a89000 JavaThread "jar transforms Thread 73" [_thread_blocked, id=5112, stack(0x000000d059200000,0x000000d059300000)]
  0x0000023544a8a800 JavaThread "jar transforms Thread 74" [_thread_blocked, id=3904, stack(0x000000d059300000,0x000000d059400000)]
  0x0000023543d15000 JavaThread "jar transforms Thread 75" [_thread_blocked, id=4664, stack(0x000000d059400000,0x000000d059500000)]
  0x0000023543d14000 JavaThread "jar transforms Thread 76" [_thread_blocked, id=1660, stack(0x000000d059500000,0x000000d059600000)]
  0x0000023543d10000 JavaThread "jar transforms Thread 77" [_thread_blocked, id=3148, stack(0x000000d059600000,0x000000d059700000)]
  0x0000023543d12800 JavaThread "jar transforms Thread 78" [_thread_blocked, id=8460, stack(0x000000d059700000,0x000000d059800000)]
  0x0000023543d15800 JavaThread "jar transforms Thread 79" [_thread_blocked, id=7484, stack(0x000000d059800000,0x000000d059900000)]
  0x0000023543d13000 JavaThread "jar transforms Thread 80" [_thread_blocked, id=9168, stack(0x000000d059900000,0x000000d059a00000)]
  0x0000023543d16800 JavaThread "jar transforms Thread 81" [_thread_blocked, id=1656, stack(0x000000d059a00000,0x000000d059b00000)]
  0x0000023543d11800 JavaThread "jar transforms Thread 82" [_thread_blocked, id=1852, stack(0x000000d059b00000,0x000000d059c00000)]
  0x0000023543d11000 JavaThread "jar transforms Thread 83" [_thread_blocked, id=1584, stack(0x000000d059c00000,0x000000d059d00000)]
  0x0000023543d1c000 JavaThread "jar transforms Thread 84" [_thread_blocked, id=1888, stack(0x000000d059d00000,0x000000d059e00000)]
  0x0000023543d1a800 JavaThread "jar transforms Thread 85" [_thread_blocked, id=9084, stack(0x000000d059e00000,0x000000d059f00000)]
  0x0000023543d1b800 JavaThread "jar transforms Thread 86" [_thread_blocked, id=5676, stack(0x000000d059f00000,0x000000d05a000000)]
  0x0000023543d1d000 JavaThread "jar transforms Thread 87" [_thread_blocked, id=9032, stack(0x000000d05a000000,0x000000d05a100000)]
  0x0000023543d17800 JavaThread "jar transforms Thread 88" [_thread_blocked, id=6232, stack(0x000000d05a100000,0x000000d05a200000)]
  0x0000023543d1e000 JavaThread "jar transforms Thread 89" [_thread_blocked, id=4276, stack(0x000000d05a200000,0x000000d05a300000)]
  0x0000023543d18000 JavaThread "jar transforms Thread 90" [_thread_blocked, id=7388, stack(0x000000d05a300000,0x000000d05a400000)]
  0x0000023543d1e800 JavaThread "jar transforms Thread 91" [_thread_blocked, id=1304, stack(0x000000d05a400000,0x000000d05a500000)]
  0x0000023543d19800 JavaThread "jar transforms Thread 92" [_thread_blocked, id=3428, stack(0x000000d05a500000,0x000000d05a600000)]
  0x0000023543d19000 JavaThread "Cache worker for Build Output Cleanup Cache (D:\Android projects\Puzzle15_v1\.gradle\buildOutputCleanup)" [_thread_blocked, id=1196, stack(0x000000d05a600000,0x000000d05a700000)]
  0x00000235457ac000 JavaThread "Memory manager" [_thread_blocked, id=8916, stack(0x000000d05a700000,0x000000d05a800000)]
  0x00000235457a8800 JavaThread "Cache worker for file content cache (D:\Android projects\Puzzle15_v1\.gradle\6.5\fileContent)" [_thread_blocked, id=1712, stack(0x000000d05a800000,0x000000d05a900000)]
  0x00000235457a6800 JavaThread "Execution worker for ':'" [_thread_blocked, id=8804, stack(0x000000d05a900000,0x000000d05aa00000)]
  0x00000235457a8000 JavaThread "Execution worker for ':' Thread 2" [_thread_blocked, id=8788, stack(0x000000d05aa00000,0x000000d05ab00000)]
  0x00000235457a9800 JavaThread "Execution worker for ':' Thread 3" [_thread_blocked, id=2384, stack(0x000000d05ab00000,0x000000d05ac00000)]
  0x00000235457aa800 JavaThread "Execution worker for ':' Thread 4" [_thread_blocked, id=7544, stack(0x000000d05ac00000,0x000000d05ad00000)]
  0x00000235457ab000 JavaThread "Execution worker for ':' Thread 5" [_thread_in_vm, id=8724, stack(0x000000d05ad00000,0x000000d05ae00000)]
  0x00000235457a7000 JavaThread "Execution worker for ':' Thread 6" [_thread_blocked, id=7340, stack(0x000000d05ae00000,0x000000d05af00000)]
  0x00000235457b0000 JavaThread "Execution worker for ':' Thread 7" [_thread_blocked, id=3656, stack(0x000000d05af00000,0x000000d05b000000)]
  0x00000235457ad000 JavaThread "Cache worker for execution history cache (D:\Android projects\Puzzle15_v1\.gradle\6.5\executionHistory)" [_thread_blocked, id=5800, stack(0x000000d05b000000,0x000000d05b100000)]
=>0x0000023540d29000 JavaThread "C2 CompilerThread1" daemon [_thread_in_native, id=516, stack(0x000000d052300000,0x000000d052400000)]
  0x000002353fa63000 JavaThread "C2 CompilerThread2" daemon [_thread_in_native, id=9112, stack(0x000000d058600000,0x000000d058700000)]

Other Threads:
  0x000002353efc4800 VMThread "VM Thread" [stack: 0x000000d051800000,0x000000d051900000] [id=8584]
  0x000002353f9c9800 WatcherThread [stack: 0x000000d052200000,0x000000d052300000] [id=8828]
  0x0000023522cb5000 GCTaskThread "GC Thread#0" [stack: 0x000000d051300000,0x000000d051400000] [id=7596]
  0x0000023540748800 GCTaskThread "GC Thread#1" [stack: 0x000000d052400000,0x000000d052500000] [id=1868]
  0x000002354070a000 GCTaskThread "GC Thread#2" [stack: 0x000000d052500000,0x000000d052600000] [id=7244]
  0x0000023540b65000 GCTaskThread "GC Thread#3" [stack: 0x000000d053500000,0x000000d053600000] [id=5564]
  0x000002354194d800 GCTaskThread "GC Thread#4" [stack: 0x000000d053600000,0x000000d053700000] [id=8760]
  0x0000023541460000 GCTaskThread "GC Thread#5" [stack: 0x000000d053700000,0x000000d053800000] [id=7844]
  0x0000023540de5800 GCTaskThread "GC Thread#6" [stack: 0x000000d053800000,0x000000d053900000] [id=1924]
  0x00000235416d9800 GCTaskThread "GC Thread#7" [stack: 0x000000d053900000,0x000000d053a00000] [id=4592]
  0x0000023522d05000 ConcurrentGCThread "G1 Main Marker" [stack: 0x000000d051400000,0x000000d051500000] [id=1460]
  0x0000023522d06000 ConcurrentGCThread "G1 Conc#0" [stack: 0x000000d051500000,0x000000d051600000] [id=8384]
  0x0000023540a95800 ConcurrentGCThread "G1 Conc#1" [stack: 0x000000d053a00000,0x000000d053b00000] [id=9160]
  0x0000023522d6e800 ConcurrentGCThread "G1 Refine#0" [stack: 0x000000d051600000,0x000000d051700000] [id=4692]
  0x000002353ee0a000 ConcurrentGCThread "G1 Young RemSet Sampling" [stack: 0x000000d051700000,0x000000d051800000] [id=5660]

Threads with active compile tasks:
C2 CompilerThread1  18921 11312       4       org.jetbrains.org.objectweb.asm.ClassReader::readCode (5089 bytes)
C2 CompilerThread2  18921 11644       4       com.sun.org.apache.xerces.internal.impl.XMLEntityScanner::scanQName (502 bytes)

VM state:not at safepoint (normal execution)

VM Mutex/Monitor currently owned by a thread: None

Heap address: 0x0000000080000000, size: 2048 MB, Compressed Oops mode: 32-bit
Narrow klass base: 0x0000000000000000, Narrow klass shift: 3
Compressed class space size: 1073741824 Address: 0x0000000100000000

Heap:
 garbage-first heap   total 225280K, used 117943K [0x0000000080000000, 0x0000000100000000)
  region size 1024K, 34 young (34816K), 5 survivors (5120K)
 Metaspace       used 116376K, capacity 119088K, committed 119716K, reserved 1153024K
  class space    used 15032K, capacity 15980K, committed 16128K, reserved 1048576K
Heap Regions: E=young(eden), S=young(survivor), O=old, HS=humongous(starts), HC=humongous(continues), CS=collection set, F=free, A=archive, TAMS=top-at-mark-start (previous, next)
|   0|0x0000000080000000, 0x0000000080100000, 0x0000000080100000|100%| O|  |TAMS 0x0000000080100000, 0x0000000080000000| Untracked 
|   1|0x0000000080100000, 0x0000000080200000, 0x0000000080200000|100%| O|  |TAMS 0x0000000080200000, 0x0000000080100000| Untracked 
|   2|0x0000000080200000, 0x0000000080300000, 0x0000000080300000|100%| O|  |TAMS 0x0000000080300000, 0x0000000080200000| Untracked 
|   3|0x0000000080300000, 0x0000000080400000, 0x0000000080400000|100%|HS|  |TAMS 0x0000000080400000, 0x0000000080300000| Complete 
|   4|0x0000000080400000, 0x0000000080500000, 0x0000000080500000|100%|HC|  |TAMS 0x0000000080500000, 0x0000000080400000| Complete 
|   5|0x0000000080500000, 0x0000000080600000, 0x0000000080600000|100%|HC|  |TAMS 0x0000000080600000, 0x0000000080500000| Complete 
|   6|0x0000000080600000, 0x0000000080700000, 0x0000000080700000|100%| O|  |TAMS 0x0000000080700000, 0x0000000080600000| Untracked 
|   7|0x0000000080700000, 0x0000000080800000, 0x0000000080800000|100%| O|  |TAMS 0x0000000080800000, 0x0000000080700000| Untracked 
|   8|0x0000000080800000, 0x0000000080900000, 0x0000000080900000|100%| O|  |TAMS 0x0000000080900000, 0x0000000080800000| Untracked 
|   9|0x0000000080900000, 0x0000000080a00000, 0x0000000080a00000|100%| O|  |TAMS 0x0000000080a00000, 0x0000000080900000| Untracked 
|  10|0x0000000080a00000, 0x0000000080b00000, 0x0000000080b00000|100%| O|  |TAMS 0x0000000080b00000, 0x0000000080a00000| Untracked 
|  11|0x0000000080b00000, 0x0000000080c00000, 0x0000000080c00000|100%| O|  |TAMS 0x0000000080c00000, 0x0000000080b00000| Untracked 
|  12|0x0000000080c00000, 0x0000000080d00000, 0x0000000080d00000|100%| O|  |TAMS 0x0000000080d00000, 0x0000000080c00000| Untracked 
|  13|0x0000000080d00000, 0x0000000080e00000, 0x0000000080e00000|100%| O|  |TAMS 0x0000000080e00000, 0x0000000080d00000| Untracked 
|  14|0x0000000080e00000, 0x0000000080f00000, 0x0000000080f00000|100%| O|  |TAMS 0x0000000080f00000, 0x0000000080e00000| Untracked 
|  15|0x0000000080f00000, 0x0000000081000000, 0x0000000081000000|100%| O|  |TAMS 0x0000000081000000, 0x0000000080f00000| Untracked 
|  16|0x0000000081000000, 0x0000000081100000, 0x0000000081100000|100%|HS|  |TAMS 0x0000000081100000, 0x0000000081000000| Complete 
|  17|0x0000000081100000, 0x0000000081200000, 0x0000000081200000|100%|HS|  |TAMS 0x0000000081200000, 0x0000000081100000| Complete 
|  18|0x0000000081200000, 0x0000000081300000, 0x0000000081300000|100%|HC|  |TAMS 0x0000000081300000, 0x0000000081200000| Complete 
|  19|0x0000000081300000, 0x0000000081400000, 0x0000000081400000|100%| O|  |TAMS 0x0000000081400000, 0x0000000081300000| Untracked 
|  20|0x0000000081400000, 0x0000000081500000, 0x0000000081500000|100%| O|  |TAMS 0x0000000081500000, 0x0000000081400000| Untracked 
|  21|0x0000000081500000, 0x0000000081600000, 0x0000000081600000|100%| O|  |TAMS 0x0000000081600000, 0x0000000081500000| Untracked 
|  22|0x0000000081600000, 0x0000000081700000, 0x0000000081700000|100%| O|  |TAMS 0x0000000081700000, 0x0000000081600000| Untracked 
|  23|0x0000000081700000, 0x0000000081800000, 0x0000000081800000|100%| O|  |TAMS 0x0000000081800000, 0x0000000081700000| Untracked 
|  24|0x0000000081800000, 0x0000000081900000, 0x0000000081900000|100%| O|  |TAMS 0x0000000081900000, 0x0000000081800000| Untracked 
|  25|0x0000000081900000, 0x0000000081a00000, 0x0000000081a00000|100%| O|  |TAMS 0x0000000081a00000, 0x0000000081900000| Untracked 
|  26|0x0000000081a00000, 0x0000000081b00000, 0x0000000081b00000|100%| O|  |TAMS 0x0000000081b00000, 0x0000000081a00000| Untracked 
|  27|0x0000000081b00000, 0x0000000081c00000, 0x0000000081c00000|100%| O|  |TAMS 0x0000000081c00000, 0x0000000081b00000| Untracked 
|  28|0x0000000081c00000, 0x0000000081d00000, 0x0000000081d00000|100%| O|  |TAMS 0x0000000081d00000, 0x0000000081c00000| Untracked 
|  29|0x0000000081d00000, 0x0000000081e00000, 0x0000000081e00000|100%| O|  |TAMS 0x0000000081e00000, 0x0000000081d00000| Untracked 
|  30|0x0000000081e00000, 0x0000000081f00000, 0x0000000081f00000|100%| O|  |TAMS 0x0000000081f00000, 0x0000000081e00000| Untracked 
|  31|0x0000000081f00000, 0x0000000082000000, 0x0000000082000000|100%| O|  |TAMS 0x0000000082000000, 0x0000000081f00000| Untracked 
|  32|0x0000000082000000, 0x0000000082100000, 0x0000000082100000|100%| O|  |TAMS 0x0000000082100000, 0x0000000082000000| Untracked 
|  33|0x0000000082100000, 0x0000000082200000, 0x0000000082200000|100%| O|  |TAMS 0x0000000082200000, 0x0000000082100000| Untracked 
|  34|0x0000000082200000, 0x0000000082300000, 0x0000000082300000|100%| O|  |TAMS 0x0000000082300000, 0x0000000082200000| Untracked 
|  35|0x0000000082300000, 0x0000000082400000, 0x0000000082400000|100%| O|  |TAMS 0x0000000082400000, 0x0000000082300000| Untracked 
|  36|0x0000000082400000, 0x0000000082500000, 0x0000000082500000|100%| O|  |TAMS 0x0000000082500000, 0x0000000082400000| Untracked 
|  37|0x0000000082500000, 0x0000000082600000, 0x0000000082600000|100%| O|  |TAMS 0x0000000082600000, 0x0000000082500000| Untracked 
|  38|0x0000000082600000, 0x0000000082700000, 0x0000000082700000|100%| O|  |TAMS 0x0000000082700000, 0x0000000082600000| Untracked 
|  39|0x0000000082700000, 0x0000000082800000, 0x0000000082800000|100%| O|  |TAMS 0x0000000082800000, 0x0000000082700000| Untracked 
|  40|0x0000000082800000, 0x0000000082900000, 0x0000000082900000|100%| O|  |TAMS 0x0000000082900000, 0x0000000082800000| Untracked 
|  41|0x0000000082900000, 0x0000000082a00000, 0x0000000082a00000|100%| O|  |TAMS 0x0000000082a00000, 0x0000000082900000| Untracked 
|  42|0x0000000082a00000, 0x0000000082b00000, 0x0000000082b00000|100%| O|  |TAMS 0x0000000082b00000, 0x0000000082a00000| Untracked 
|  43|0x0000000082b00000, 0x0000000082c00000, 0x0000000082c00000|100%| O|  |TAMS 0x0000000082c00000, 0x0000000082b00000| Untracked 
|  44|0x0000000082c00000, 0x0000000082d00000, 0x0000000082d00000|100%| O|  |TAMS 0x0000000082d00000, 0x0000000082c00000| Untracked 
|  45|0x0000000082d00000, 0x0000000082e00000, 0x0000000082e00000|100%| O|  |TAMS 0x0000000082e00000, 0x0000000082d00000| Untracked 
|  46|0x0000000082e00000, 0x0000000082f00000, 0x0000000082f00000|100%| O|  |TAMS 0x0000000082f00000, 0x0000000082e00000| Untracked 
|  47|0x0000000082f00000, 0x0000000083000000, 0x0000000083000000|100%| O|  |TAMS 0x0000000083000000, 0x0000000082f00000| Untracked 
|  48|0x0000000083000000, 0x0000000083100000, 0x0000000083100000|100%| O|  |TAMS 0x0000000083100000, 0x0000000083000000| Untracked 
|  49|0x0000000083100000, 0x0000000083200000, 0x0000000083200000|100%| O|  |TAMS 0x0000000083200000, 0x0000000083100000| Untracked 
|  50|0x0000000083200000, 0x0000000083300000, 0x0000000083300000|100%|HS|  |TAMS 0x0000000083300000, 0x0000000083200000| Complete 
|  51|0x0000000083300000, 0x0000000083400000, 0x0000000083400000|100%|HS|  |TAMS 0x0000000083400000, 0x0000000083300000| Complete 
|  52|0x0000000083400000, 0x0000000083500000, 0x0000000083500000|100%|HC|  |TAMS 0x0000000083500000, 0x0000000083400000| Complete 
|  53|0x0000000083500000, 0x0000000083600000, 0x0000000083600000|100%| O|  |TAMS 0x0000000083600000, 0x0000000083500000| Untracked 
|  54|0x0000000083600000, 0x0000000083700000, 0x0000000083700000|100%| O|  |TAMS 0x0000000083700000, 0x0000000083600000| Untracked 
|  55|0x0000000083700000, 0x0000000083800000, 0x0000000083800000|100%| O|  |TAMS 0x0000000083800000, 0x0000000083700000| Untracked 
|  56|0x0000000083800000, 0x0000000083900000, 0x0000000083900000|100%| O|  |TAMS 0x0000000083900000, 0x0000000083800000| Untracked 
|  57|0x0000000083900000, 0x0000000083a00000, 0x0000000083a00000|100%| O|  |TAMS 0x0000000083a00000, 0x0000000083900000| Untracked 
|  58|0x0000000083a00000, 0x0000000083b00000, 0x0000000083b00000|100%| O|  |TAMS 0x0000000083b00000, 0x0000000083a00000| Untracked 
|  59|0x0000000083b00000, 0x0000000083c00000, 0x0000000083c00000|100%| O|  |TAMS 0x0000000083c00000, 0x0000000083b00000| Untracked 
|  60|0x0000000083c00000, 0x0000000083d00000, 0x0000000083d00000|100%| O|  |TAMS 0x0000000083d00000, 0x0000000083c00000| Untracked 
|  61|0x0000000083d00000, 0x0000000083e00000, 0x0000000083e00000|100%| O|  |TAMS 0x0000000083e00000, 0x0000000083d00000| Untracked 
|  62|0x0000000083e00000, 0x0000000083f00000, 0x0000000083f00000|100%| O|  |TAMS 0x0000000083f00000, 0x0000000083e00000| Untracked 
|  63|0x0000000083f00000, 0x0000000084000000, 0x0000000084000000|100%| O|  |TAMS 0x0000000084000000, 0x0000000083f00000| Untracked 
|  64|0x0000000084000000, 0x0000000084100000, 0x0000000084100000|100%| O|  |TAMS 0x0000000084100000, 0x0000000084000000| Untracked 
|  65|0x0000000084100000, 0x0000000084200000, 0x0000000084200000|100%| O|  |TAMS 0x0000000084200000, 0x0000000084100000| Untracked 
|  66|0x0000000084200000, 0x0000000084300000, 0x0000000084300000|100%| O|  |TAMS 0x0000000084300000, 0x0000000084200000| Untracked 
|  67|0x0000000084300000, 0x0000000084400000, 0x0000000084400000|100%| O|  |TAMS 0x0000000084400000, 0x0000000084300000| Untracked 
|  68|0x0000000084400000, 0x0000000084500000, 0x0000000084500000|100%| O|  |TAMS 0x0000000084500000, 0x0000000084400000| Untracked 
|  69|0x0000000084500000, 0x0000000084600000, 0x0000000084600000|100%| O|  |TAMS 0x0000000084600000, 0x0000000084500000| Untracked 
|  70|0x0000000084600000, 0x0000000084700000, 0x0000000084700000|100%|HS|  |TAMS 0x0000000084700000, 0x0000000084600000| Complete 
|  71|0x0000000084700000, 0x0000000084800000, 0x0000000084800000|100%|HC|  |TAMS 0x0000000084800000, 0x0000000084700000| Complete 
|  72|0x0000000084800000, 0x0000000084900000, 0x0000000084900000|100%|HS|  |TAMS 0x0000000084800000, 0x0000000084800000| Complete 
|  73|0x0000000084900000, 0x0000000084a00000, 0x0000000084a00000|100%|HC|  |TAMS 0x0000000084900000, 0x0000000084900000| Complete 
|  74|0x0000000084a00000, 0x0000000084b00000, 0x0000000084b00000|100%| O|  |TAMS 0x0000000084b00000, 0x0000000084a00000| Untracked 
|  75|0x0000000084b00000, 0x0000000084c00000, 0x0000000084c00000|100%| O|  |TAMS 0x0000000084c00000, 0x0000000084b00000| Untracked 
|  76|0x0000000084c00000, 0x0000000084d00000, 0x0000000084d00000|100%| O|  |TAMS 0x0000000084d00000, 0x0000000084c00000| Untracked 
|  77|0x0000000084d00000, 0x0000000084e00000, 0x0000000084e00000|100%| O|  |TAMS 0x0000000084e00000, 0x0000000084d00000| Untracked 
|  78|0x0000000084e00000, 0x0000000084f00000, 0x0000000084f00000|100%| O|  |TAMS 0x0000000084f00000, 0x0000000084e00000| Untracked 
|  79|0x0000000084f00000, 0x0000000085000000, 0x0000000085000000|100%| O|  |TAMS 0x0000000085000000, 0x0000000084f00000| Untracked 
|  80|0x0000000085000000, 0x0000000085100000, 0x0000000085100000|100%| O|  |TAMS 0x0000000085100000, 0x0000000085000000| Untracked 
|  81|0x0000000085100000, 0x0000000085200000, 0x0000000085200000|100%| O|  |TAMS 0x0000000085200000, 0x0000000085100000| Untracked 
|  82|0x0000000085200000, 0x0000000085263800, 0x0000000085300000| 38%| O|  |TAMS 0x0000000085263800, 0x0000000085200000| Untracked 
|  83|0x0000000085300000, 0x0000000085300000, 0x0000000085400000|  0%| F|  |TAMS 0x0000000085300000, 0x0000000085300000| Untracked 
|  84|0x0000000085400000, 0x0000000085400000, 0x0000000085500000|  0%| F|  |TAMS 0x0000000085400000, 0x0000000085400000| Untracked 
|  85|0x0000000085500000, 0x0000000085500000, 0x0000000085600000|  0%| F|  |TAMS 0x0000000085500000, 0x0000000085500000| Untracked 
|  86|0x0000000085600000, 0x0000000085600000, 0x0000000085700000|  0%| F|  |TAMS 0x0000000085600000, 0x0000000085600000| Untracked 
|  87|0x0000000085700000, 0x0000000085700000, 0x0000000085800000|  0%| F|  |TAMS 0x0000000085700000, 0x0000000085700000| Untracked 
|  88|0x0000000085800000, 0x0000000085800000, 0x0000000085900000|  0%| F|  |TAMS 0x0000000085800000, 0x0000000085800000| Untracked 
|  89|0x0000000085900000, 0x0000000085900000, 0x0000000085a00000|  0%| F|  |TAMS 0x0000000085900000, 0x0000000085900000| Untracked 
|  90|0x0000000085a00000, 0x0000000085a00000, 0x0000000085b00000|  0%| F|  |TAMS 0x0000000085a00000, 0x0000000085a00000| Untracked 
|  91|0x0000000085b00000, 0x0000000085b00000, 0x0000000085c00000|  0%| F|  |TAMS 0x0000000085b00000, 0x0000000085b00000| Untracked 
|  92|0x0000000085c00000, 0x0000000085c00000, 0x0000000085d00000|  0%| F|  |TAMS 0x0000000085c00000, 0x0000000085c00000| Untracked 
|  93|0x0000000085d00000, 0x0000000085d00000, 0x0000000085e00000|  0%| F|  |TAMS 0x0000000085d00000, 0x0000000085d00000| Untracked 
|  94|0x0000000085e00000, 0x0000000085e00000, 0x0000000085f00000|  0%| F|  |TAMS 0x0000000085e00000, 0x0000000085e00000| Untracked 
|  95|0x0000000085f00000, 0x0000000085f00000, 0x0000000086000000|  0%| F|  |TAMS 0x0000000085f00000, 0x0000000085f00000| Untracked 
|  96|0x0000000086000000, 0x0000000086000000, 0x0000000086100000|  0%| F|  |TAMS 0x0000000086000000, 0x0000000086000000| Untracked 
|  97|0x0000000086100000, 0x0000000086100000, 0x0000000086200000|  0%| F|  |TAMS 0x0000000086100000, 0x0000000086100000| Untracked 
|  98|0x0000000086200000, 0x0000000086200000, 0x0000000086300000|  0%| F|  |TAMS 0x0000000086200000, 0x0000000086200000| Untracked 
|  99|0x0000000086300000, 0x0000000086300000, 0x0000000086400000|  0%| F|  |TAMS 0x0000000086300000, 0x0000000086300000| Untracked 
| 100|0x0000000086400000, 0x0000000086400000, 0x0000000086500000|  0%| F|  |TAMS 0x0000000086400000, 0x0000000086400000| Untracked 
| 101|0x0000000086500000, 0x0000000086500000, 0x0000000086600000|  0%| F|  |TAMS 0x0000000086500000, 0x0000000086500000| Untracked 
| 102|0x0000000086600000, 0x0000000086600000, 0x0000000086700000|  0%| F|  |TAMS 0x0000000086600000, 0x0000000086600000| Untracked 
| 103|0x0000000086700000, 0x0000000086700000, 0x0000000086800000|  0%| F|  |TAMS 0x0000000086700000, 0x0000000086700000| Untracked 
| 104|0x0000000086800000, 0x0000000086800000, 0x0000000086900000|  0%| F|  |TAMS 0x0000000086800000, 0x0000000086800000| Untracked 
| 105|0x0000000086900000, 0x0000000086900000, 0x0000000086a00000|  0%| F|  |TAMS 0x0000000086900000, 0x0000000086900000| Untracked 
| 106|0x0000000086a00000, 0x0000000086a00000, 0x0000000086b00000|  0%| F|  |TAMS 0x0000000086a00000, 0x0000000086a00000| Untracked 
| 107|0x0000000086b00000, 0x0000000086b00000, 0x0000000086c00000|  0%| F|  |TAMS 0x0000000086b00000, 0x0000000086b00000| Untracked 
| 108|0x0000000086c00000, 0x0000000086c00000, 0x0000000086d00000|  0%| F|  |TAMS 0x0000000086c00000, 0x0000000086c00000| Untracked 
| 109|0x0000000086d00000, 0x0000000086d00000, 0x0000000086e00000|  0%| F|  |TAMS 0x0000000086d00000, 0x0000000086d00000| Untracked 
| 110|0x0000000086e00000, 0x0000000086e00000, 0x0000000086f00000|  0%| F|  |TAMS 0x0000000086e00000, 0x0000000086e00000| Untracked 
| 111|0x0000000086f00000, 0x0000000086f00000, 0x0000000087000000|  0%| F|  |TAMS 0x0000000086f00000, 0x0000000086f00000| Untracked 
| 112|0x0000000087000000, 0x0000000087000000, 0x0000000087100000|  0%| F|  |TAMS 0x0000000087000000, 0x0000000087000000| Untracked 
| 113|0x0000000087100000, 0x0000000087100000, 0x0000000087200000|  0%| F|  |TAMS 0x0000000087100000, 0x0000000087100000| Untracked 
| 114|0x0000000087200000, 0x0000000087200000, 0x0000000087300000|  0%| F|  |TAMS 0x0000000087200000, 0x0000000087200000| Untracked 
| 115|0x0000000087300000, 0x0000000087300000, 0x0000000087400000|  0%| F|  |TAMS 0x0000000087300000, 0x0000000087300000| Untracked 
| 116|0x0000000087400000, 0x0000000087400000, 0x0000000087500000|  0%| F|  |TAMS 0x0000000087400000, 0x0000000087400000| Untracked 
| 117|0x0000000087500000, 0x00000000875ca5f0, 0x0000000087600000| 79%| S|CS|TAMS 0x0000000087500000, 0x0000000087500000| Complete 
| 118|0x0000000087600000, 0x0000000087700000, 0x0000000087700000|100%| S|CS|TAMS 0x0000000087600000, 0x0000000087600000| Complete 
| 119|0x0000000087700000, 0x0000000087800000, 0x0000000087800000|100%| S|CS|TAMS 0x0000000087700000, 0x0000000087700000| Complete 
| 120|0x0000000087800000, 0x0000000087900000, 0x0000000087900000|100%| S|CS|TAMS 0x0000000087800000, 0x0000000087800000| Complete 
| 121|0x0000000087900000, 0x0000000087a00000, 0x0000000087a00000|100%| S|CS|TAMS 0x0000000087900000, 0x0000000087900000| Complete 
| 122|0x0000000087a00000, 0x0000000087a00000, 0x0000000087b00000|  0%| F|  |TAMS 0x0000000087a00000, 0x0000000087a00000| Untracked 
| 123|0x0000000087b00000, 0x0000000087b00000, 0x0000000087c00000|  0%| F|  |TAMS 0x0000000087b00000, 0x0000000087b00000| Untracked 
| 124|0x0000000087c00000, 0x0000000087c00000, 0x0000000087d00000|  0%| F|  |TAMS 0x0000000087c00000, 0x0000000087c00000| Untracked 
| 125|0x0000000087d00000, 0x0000000087d00000, 0x0000000087e00000|  0%| F|  |TAMS 0x0000000087d00000, 0x0000000087d00000| Untracked 
| 126|0x0000000087e00000, 0x0000000087e00000, 0x0000000087f00000|  0%| F|  |TAMS 0x0000000087e00000, 0x0000000087e00000| Untracked 
| 127|0x0000000087f00000, 0x0000000087f00000, 0x0000000088000000|  0%| F|  |TAMS 0x0000000087f00000, 0x0000000087f00000| Untracked 
| 128|0x0000000088000000, 0x0000000088000000, 0x0000000088100000|  0%| F|  |TAMS 0x0000000088000000, 0x0000000088000000| Untracked 
| 129|0x0000000088100000, 0x0000000088100000, 0x0000000088200000|  0%| F|  |TAMS 0x0000000088100000, 0x0000000088100000| Untracked 
| 130|0x0000000088200000, 0x0000000088200000, 0x0000000088300000|  0%| F|  |TAMS 0x0000000088200000, 0x0000000088200000| Untracked 
| 131|0x0000000088300000, 0x0000000088300000, 0x0000000088400000|  0%| F|  |TAMS 0x0000000088300000, 0x0000000088300000| Untracked 
| 132|0x0000000088400000, 0x0000000088400000, 0x0000000088500000|  0%| F|  |TAMS 0x0000000088400000, 0x0000000088400000| Untracked 
| 133|0x0000000088500000, 0x0000000088500000, 0x0000000088600000|  0%| F|  |TAMS 0x0000000088500000, 0x0000000088500000| Untracked 
| 134|0x0000000088600000, 0x0000000088600000, 0x0000000088700000|  0%| F|  |TAMS 0x0000000088600000, 0x0000000088600000| Untracked 
| 135|0x0000000088700000, 0x0000000088700000, 0x0000000088800000|  0%| F|  |TAMS 0x0000000088700000, 0x0000000088700000| Untracked 
| 136|0x0000000088800000, 0x0000000088800000, 0x0000000088900000|  0%| F|  |TAMS 0x0000000088800000, 0x0000000088800000| Untracked 
| 137|0x0000000088900000, 0x0000000088900000, 0x0000000088a00000|  0%| F|  |TAMS 0x0000000088900000, 0x0000000088900000| Untracked 
| 138|0x0000000088a00000, 0x0000000088a00000, 0x0000000088b00000|  0%| F|  |TAMS 0x0000000088a00000, 0x0000000088a00000| Untracked 
| 139|0x0000000088b00000, 0x0000000088b00000, 0x0000000088c00000|  0%| F|  |TAMS 0x0000000088b00000, 0x0000000088b00000| Untracked 
| 140|0x0000000088c00000, 0x0000000088c00000, 0x0000000088d00000|  0%| F|  |TAMS 0x0000000088c00000, 0x0000000088c00000| Untracked 
| 141|0x0000000088d00000, 0x0000000088d00000, 0x0000000088e00000|  0%| F|  |TAMS 0x0000000088d00000, 0x0000000088d00000| Untracked 
| 142|0x0000000088e00000, 0x0000000088e00000, 0x0000000088f00000|  0%| F|  |TAMS 0x0000000088e00000, 0x0000000088e00000| Untracked 
| 143|0x0000000088f00000, 0x0000000088f00000, 0x0000000089000000|  0%| F|  |TAMS 0x0000000088f00000, 0x0000000088f00000| Untracked 
| 144|0x0000000089000000, 0x0000000089000000, 0x0000000089100000|  0%| F|  |TAMS 0x0000000089000000, 0x0000000089000000| Untracked 
| 145|0x0000000089100000, 0x0000000089100000, 0x0000000089200000|  0%| F|  |TAMS 0x0000000089100000, 0x0000000089100000| Untracked 
| 146|0x0000000089200000, 0x0000000089200000, 0x0000000089300000|  0%| F|  |TAMS 0x0000000089200000, 0x0000000089200000| Untracked 
| 147|0x0000000089300000, 0x0000000089300000, 0x0000000089400000|  0%| F|  |TAMS 0x0000000089300000, 0x0000000089300000| Untracked 
| 148|0x0000000089400000, 0x0000000089400000, 0x0000000089500000|  0%| F|  |TAMS 0x0000000089400000, 0x0000000089400000| Untracked 
| 149|0x0000000089500000, 0x0000000089500000, 0x0000000089600000|  0%| F|  |TAMS 0x0000000089500000, 0x0000000089500000| Untracked 
| 150|0x0000000089600000, 0x0000000089600000, 0x0000000089700000|  0%| F|  |TAMS 0x0000000089600000, 0x0000000089600000| Untracked 
| 151|0x0000000089700000, 0x0000000089700000, 0x0000000089800000|  0%| F|  |TAMS 0x0000000089700000, 0x0000000089700000| Untracked 
| 152|0x0000000089800000, 0x0000000089800000, 0x0000000089900000|  0%| F|  |TAMS 0x0000000089800000, 0x0000000089800000| Untracked 
| 153|0x0000000089900000, 0x0000000089900000, 0x0000000089a00000|  0%| F|  |TAMS 0x0000000089900000, 0x0000000089900000| Untracked 
| 154|0x0000000089a00000, 0x0000000089a00000, 0x0000000089b00000|  0%| F|  |TAMS 0x0000000089a00000, 0x0000000089a00000| Untracked 
| 155|0x0000000089b00000, 0x0000000089b00000, 0x0000000089c00000|  0%| F|  |TAMS 0x0000000089b00000, 0x0000000089b00000| Untracked 
| 156|0x0000000089c00000, 0x0000000089c00000, 0x0000000089d00000|  0%| F|  |TAMS 0x0000000089c00000, 0x0000000089c00000| Untracked 
| 157|0x0000000089d00000, 0x0000000089d00000, 0x0000000089e00000|  0%| F|  |TAMS 0x0000000089d00000, 0x0000000089d00000| Untracked 
| 158|0x0000000089e00000, 0x0000000089e00000, 0x0000000089f00000|  0%| F|  |TAMS 0x0000000089e00000, 0x0000000089e00000| Untracked 
| 159|0x0000000089f00000, 0x0000000089f00000, 0x000000008a000000|  0%| F|  |TAMS 0x0000000089f00000, 0x0000000089f00000| Untracked 
| 160|0x000000008a000000, 0x000000008a000000, 0x000000008a100000|  0%| F|  |TAMS 0x000000008a000000, 0x000000008a000000| Untracked 
| 161|0x000000008a100000, 0x000000008a100000, 0x000000008a200000|  0%| F|  |TAMS 0x000000008a100000, 0x000000008a100000| Untracked 
| 162|0x000000008a200000, 0x000000008a200000, 0x000000008a300000|  0%| F|  |TAMS 0x000000008a200000, 0x000000008a200000| Untracked 
| 163|0x000000008a300000, 0x000000008a300000, 0x000000008a400000|  0%| F|  |TAMS 0x000000008a300000, 0x000000008a300000| Untracked 
| 164|0x000000008a400000, 0x000000008a400000, 0x000000008a500000|  0%| F|  |TAMS 0x000000008a400000, 0x000000008a400000| Untracked 
| 165|0x000000008a500000, 0x000000008a500000, 0x000000008a600000|  0%| F|  |TAMS 0x000000008a500000, 0x000000008a500000| Untracked 
| 166|0x000000008a600000, 0x000000008a600000, 0x000000008a700000|  0%| F|  |TAMS 0x000000008a600000, 0x000000008a600000| Untracked 
| 167|0x000000008a700000, 0x000000008a700000, 0x000000008a800000|  0%| F|  |TAMS 0x000000008a700000, 0x000000008a700000| Untracked 
| 168|0x000000008a800000, 0x000000008a800000, 0x000000008a900000|  0%| F|  |TAMS 0x000000008a800000, 0x000000008a800000| Untracked 
| 169|0x000000008a900000, 0x000000008a900000, 0x000000008aa00000|  0%| F|  |TAMS 0x000000008a900000, 0x000000008a900000| Untracked 
| 170|0x000000008aa00000, 0x000000008aa00000, 0x000000008ab00000|  0%| F|  |TAMS 0x000000008aa00000, 0x000000008aa00000| Untracked 
| 171|0x000000008ab00000, 0x000000008ab00000, 0x000000008ac00000|  0%| F|  |TAMS 0x000000008ab00000, 0x000000008ab00000| Untracked 
| 172|0x000000008ac00000, 0x000000008ac00000, 0x000000008ad00000|  0%| F|  |TAMS 0x000000008ac00000, 0x000000008ac00000| Untracked 
| 173|0x000000008ad00000, 0x000000008ad00000, 0x000000008ae00000|  0%| F|  |TAMS 0x000000008ad00000, 0x000000008ad00000| Untracked 
| 174|0x000000008ae00000, 0x000000008ae00000, 0x000000008af00000|  0%| F|  |TAMS 0x000000008ae00000, 0x000000008ae00000| Untracked 
| 175|0x000000008af00000, 0x000000008af00000, 0x000000008b000000|  0%| F|  |TAMS 0x000000008af00000, 0x000000008af00000| Untracked 
| 176|0x000000008b000000, 0x000000008b000000, 0x000000008b100000|  0%| F|  |TAMS 0x000000008b000000, 0x000000008b000000| Untracked 
| 177|0x000000008b100000, 0x000000008b100000, 0x000000008b200000|  0%| F|  |TAMS 0x000000008b100000, 0x000000008b100000| Untracked 
| 178|0x000000008b200000, 0x000000008b200000, 0x000000008b300000|  0%| F|  |TAMS 0x000000008b200000, 0x000000008b200000| Untracked 
| 179|0x000000008b300000, 0x000000008b300000, 0x000000008b400000|  0%| F|  |TAMS 0x000000008b300000, 0x000000008b300000| Untracked 
| 180|0x000000008b400000, 0x000000008b400000, 0x000000008b500000|  0%| F|  |TAMS 0x000000008b400000, 0x000000008b400000| Untracked 
| 181|0x000000008b500000, 0x000000008b500000, 0x000000008b600000|  0%| F|  |TAMS 0x000000008b500000, 0x000000008b500000| Untracked 
| 182|0x000000008b600000, 0x000000008b600000, 0x000000008b700000|  0%| F|  |TAMS 0x000000008b600000, 0x000000008b600000| Untracked 
| 183|0x000000008b700000, 0x000000008b700000, 0x000000008b800000|  0%| F|  |TAMS 0x000000008b700000, 0x000000008b700000| Untracked 
| 184|0x000000008b800000, 0x000000008b800000, 0x000000008b900000|  0%| F|  |TAMS 0x000000008b800000, 0x000000008b800000| Untracked 
| 185|0x000000008b900000, 0x000000008b900000, 0x000000008ba00000|  0%| F|  |TAMS 0x000000008b900000, 0x000000008b900000| Untracked 
| 186|0x000000008ba00000, 0x000000008ba00000, 0x000000008bb00000|  0%| F|  |TAMS 0x000000008ba00000, 0x000000008ba00000| Untracked 
| 187|0x000000008bb00000, 0x000000008bb00000, 0x000000008bc00000|  0%| F|  |TAMS 0x000000008bb00000, 0x000000008bb00000| Untracked 
| 188|0x000000008bc00000, 0x000000008bc00000, 0x000000008bd00000|  0%| F|  |TAMS 0x000000008bc00000, 0x000000008bc00000| Untracked 
| 189|0x000000008bd00000, 0x000000008bd00000, 0x000000008be00000|  0%| F|  |TAMS 0x000000008bd00000, 0x000000008bd00000| Untracked 
| 190|0x000000008be00000, 0x000000008be84098, 0x000000008bf00000| 51%| E|  |TAMS 0x000000008be00000, 0x000000008be00000| Complete 
| 191|0x000000008bf00000, 0x000000008c000000, 0x000000008c000000|100%| E|CS|TAMS 0x000000008bf00000, 0x000000008bf00000| Complete 
| 192|0x000000008c000000, 0x000000008c100000, 0x000000008c100000|100%| E|CS|TAMS 0x000000008c000000, 0x000000008c000000| Complete 
| 193|0x000000008c100000, 0x000000008c200000, 0x000000008c200000|100%| E|CS|TAMS 0x000000008c100000, 0x000000008c100000| Complete 
| 194|0x000000008c200000, 0x000000008c300000, 0x000000008c300000|100%| E|CS|TAMS 0x000000008c200000, 0x000000008c200000| Complete 
| 195|0x000000008c300000, 0x000000008c400000, 0x000000008c400000|100%| E|CS|TAMS 0x000000008c300000, 0x000000008c300000| Complete 
| 196|0x000000008c400000, 0x000000008c500000, 0x000000008c500000|100%| E|CS|TAMS 0x000000008c400000, 0x000000008c400000| Complete 
| 197|0x000000008c500000, 0x000000008c600000, 0x000000008c600000|100%| E|CS|TAMS 0x000000008c500000, 0x000000008c500000| Complete 
| 198|0x000000008c600000, 0x000000008c700000, 0x000000008c700000|100%| E|CS|TAMS 0x000000008c600000, 0x000000008c600000| Complete 
| 199|0x000000008c700000, 0x000000008c800000, 0x000000008c800000|100%| E|CS|TAMS 0x000000008c700000, 0x000000008c700000| Complete 
| 200|0x000000008c800000, 0x000000008c900000, 0x000000008c900000|100%| E|CS|TAMS 0x000000008c800000, 0x000000008c800000| Complete 
| 201|0x000000008c900000, 0x000000008ca00000, 0x000000008ca00000|100%| E|CS|TAMS 0x000000008c900000, 0x000000008c900000| Complete 
| 202|0x000000008ca00000, 0x000000008cb00000, 0x000000008cb00000|100%| E|CS|TAMS 0x000000008ca00000, 0x000000008ca00000| Complete 
| 203|0x000000008cb00000, 0x000000008cc00000, 0x000000008cc00000|100%| E|CS|TAMS 0x000000008cb00000, 0x000000008cb00000| Complete 
| 204|0x000000008cc00000, 0x000000008cd00000, 0x000000008cd00000|100%| E|CS|TAMS 0x000000008cc00000, 0x000000008cc00000| Complete 
| 205|0x000000008cd00000, 0x000000008ce00000, 0x000000008ce00000|100%| E|CS|TAMS 0x000000008cd00000, 0x000000008cd00000| Complete 
| 206|0x000000008ce00000, 0x000000008cf00000, 0x000000008cf00000|100%| E|CS|TAMS 0x000000008ce00000, 0x000000008ce00000| Complete 
| 207|0x000000008cf00000, 0x000000008d000000, 0x000000008d000000|100%| E|CS|TAMS 0x000000008cf00000, 0x000000008cf00000| Complete 
| 208|0x000000008d000000, 0x000000008d100000, 0x000000008d100000|100%| E|CS|TAMS 0x000000008d000000, 0x000000008d000000| Complete 
| 209|0x000000008d100000, 0x000000008d200000, 0x000000008d200000|100%| E|CS|TAMS 0x000000008d100000, 0x000000008d100000| Complete 
| 210|0x000000008d200000, 0x000000008d300000, 0x000000008d300000|100%| E|CS|TAMS 0x000000008d200000, 0x000000008d200000| Complete 
| 211|0x000000008d300000, 0x000000008d400000, 0x000000008d400000|100%| E|CS|TAMS 0x000000008d300000, 0x000000008d300000| Complete 
| 212|0x000000008d400000, 0x000000008d500000, 0x000000008d500000|100%| E|CS|TAMS 0x000000008d400000, 0x000000008d400000| Complete 
| 213|0x000000008d500000, 0x000000008d600000, 0x000000008d600000|100%| E|CS|TAMS 0x000000008d500000, 0x000000008d500000| Complete 
| 214|0x000000008d600000, 0x000000008d700000, 0x000000008d700000|100%| E|CS|TAMS 0x000000008d600000, 0x000000008d600000| Complete 
| 215|0x000000008d700000, 0x000000008d800000, 0x000000008d800000|100%| E|CS|TAMS 0x000000008d700000, 0x000000008d700000| Complete 
| 216|0x000000008d800000, 0x000000008d900000, 0x000000008d900000|100%| E|CS|TAMS 0x000000008d800000, 0x000000008d800000| Complete 
| 217|0x000000008d900000, 0x000000008da00000, 0x000000008da00000|100%| E|CS|TAMS 0x000000008d900000, 0x000000008d900000| Complete 
| 218|0x000000008da00000, 0x000000008db00000, 0x000000008db00000|100%| E|CS|TAMS 0x000000008da00000, 0x000000008da00000| Complete 
| 219|0x000000008db00000, 0x000000008dc00000, 0x000000008dc00000|100%| E|CS|TAMS 0x000000008db00000, 0x000000008db00000| Complete 

Card table byte_map: [0x0000023537c90000,0x0000023538090000] _byte_map_base: 0x0000023537890000

Marking Bits (Prev, Next): (CMBitMap*) 0x0000023522cfbf80, (CMBitMap*) 0x0000023522cfbf48
 Prev Bits: [0x000002353a490000, 0x000002353c490000)
 Next Bits: [0x0000023538490000, 0x000002353a490000)

Polling page: 0x0000023522a50000

Metaspace:

Usage:
  Non-class:    100.69 MB capacity,    99.01 MB ( 98%) used,     1.41 MB (  1%) free+waste,   279.75 KB ( <1%) overhead. 
      Class:     15.61 MB capacity,    14.69 MB ( 94%) used,   805.02 KB (  5%) free+waste,   132.00 KB ( <1%) overhead. 
       Both:    116.30 MB capacity,   113.70 MB ( 98%) used,     2.20 MB (  2%) free+waste,   411.75 KB ( <1%) overhead. 

Virtual space:
  Non-class space:      102.00 MB reserved,     101.16 MB (>99%) committed 
      Class space:        1.00 GB reserved,      15.75 MB (  2%) committed 
             Both:        1.10 GB reserved,     116.91 MB ( 10%) committed 

Chunk freelists:
   Non-Class:  288.00 KB
       Class:  52.00 KB
        Both:  340.00 KB

MaxMetaspaceSize: 17179869184.00 GB
CompressedClassSpaceSize: 1.00 GB

CodeHeap 'non-profiled nmethods': size=120000Kb used=6147Kb max_used=6646Kb free=113852Kb
 bounds [0x000002352f8f0000, 0x000002352ff70000, 0x0000023536e20000]
CodeHeap 'profiled nmethods': size=120000Kb used=20597Kb max_used=22415Kb free=99403Kb
 bounds [0x00000235283c0000, 0x00000235299e0000, 0x000002352f8f0000]
CodeHeap 'non-nmethods': size=5760Kb used=2321Kb max_used=2360Kb free=3438Kb
 bounds [0x0000023527e20000, 0x0000023528090000, 0x00000235283c0000]
 total_blobs=11146 nmethods=10228 adapters=829
 compilation: enabled
              stopped_count=0, restarted_count=0
 full_count=0

Compilation events (20 events):
Event: 18.807 Thread 0x000002353f7ef000 nmethod 11741 0x000002352887b010 code [0x000002352887b1c0, 0x000002352887b418]
Event: 18.812 Thread 0x000002353f7ef000 11746       3       com.intellij.util.containers.ImmutableList$Itr::hasNext (20 bytes)
Event: 18.813 Thread 0x000002353f7ef000 nmethod 11746 0x000002352887d110 code [0x000002352887d2e0, 0x000002352887d508]
Event: 18.826 Thread 0x000002353f7ef000 11747       3       kotlin.LazyKt__LazyJVMKt::lazy (102 bytes)
Event: 18.827 Thread 0x000002353f7ef000 nmethod 11747 0x00000235288b6b10 code [0x00000235288b6dc0, 0x00000235288b7958]
Event: 18.829 Thread 0x000002353f7e9800 nmethod 11704 0x000002352fa43a10 code [0x000002352fa43c20, 0x000002352fa44ea8]
Event: 18.829 Thread 0x000002353f7e9800 11699       4       com.sun.org.apache.xerces.internal.impl.XMLEntityScanner::scanLiteral (755 bytes)
Event: 18.844 Thread 0x000002353f7ef000 11748       3       com.intellij.openapi.util.RecursionManager$MyKey::<init> (68 bytes)
Event: 18.845 Thread 0x000002353f7ef000 nmethod 11748 0x0000023528911810 code [0x0000023528911b20, 0x0000023528912dc8]
Event: 18.845 Thread 0x000002353f7ef000 11749       3       com.intellij.openapi.util.RecursionManager::access$800 (4 bytes)
Event: 18.845 Thread 0x000002353f7ef000 nmethod 11749 0x000002352884a210 code [0x000002352884a3c0, 0x000002352884a4b8]
Event: 18.846 Thread 0x000002353f7ef000 11750       1       com.intellij.openapi.util.RecursionManager$CalculationStack::access$400 (5 bytes)
Event: 18.846 Thread 0x000002353f7ef000 nmethod 11750 0x000002352fa30c90 code [0x000002352fa30e40, 0x000002352fa30ed8]
Event: 18.849 Thread 0x000002353f7ef000 11751       3       com.intellij.openapi.util.RecursionManager$CalculationStack::checkDepth (100 bytes)
Event: 18.851 Thread 0x000002353f7ef000 nmethod 11751 0x0000023528927690 code [0x00000235289279e0, 0x0000023528928aa8]
Event: 18.862 Thread 0x000002353f7e9800 nmethod 11699 0x000002352fa4b490 code [0x000002352fa4b6c0, 0x000002352fa4c468]
Event: 18.862 Thread 0x000002353f7e9800 11737 %     4       com.android.utils.PositionXmlParser$DomBuilder::findOpeningTag @ 7 (131 bytes)
Event: 18.887 Thread 0x000002353f7e9800 nmethod 11737% 0x000002352fa5de90 code [0x000002352fa5e060, 0x000002352fa5eab8]
Event: 18.890 Thread 0x000002353f7ef000 11752       3       kotlin.collections.CollectionsKt__MutableCollectionsKt::addAll (79 bytes)
Event: 18.890 Thread 0x000002353f7ef000 nmethod 11752 0x00000235288cd990 code [0x00000235288cdbe0, 0x00000235288ce5a8]

GC Heap History (20 events):
Event: 7.466 GC heap before
{Heap before GC invocations=12 (full 0):
 garbage-first heap   total 155648K, used 111528K [0x0000000080000000, 0x0000000100000000)
  region size 1024K, 70 young (71680K), 3 survivors (3072K)
 Metaspace       used 65117K, capacity 66624K, committed 66724K, reserved 1107968K
  class space    used 8417K, capacity 8957K, committed 8960K, reserved 1048576K
}
Event: 7.478 GC heap after
{Heap after GC invocations=13 (full 0):
 garbage-first heap   total 187392K, used 48165K [0x0000000080000000, 0x0000000100000000)
  region size 1024K, 8 young (8192K), 8 survivors (8192K)
 Metaspace       used 65117K, capacity 66624K, committed 66724K, reserved 1107968K
  class space    used 8417K, capacity 8957K, committed 8960K, reserved 1048576K
}
Event: 8.900 GC heap before
{Heap before GC invocations=13 (full 0):
 garbage-first heap   total 187392K, used 128037K [0x0000000080000000, 0x0000000100000000)
  region size 1024K, 86 young (88064K), 8 survivors (8192K)
 Metaspace       used 71303K, capacity 73212K, committed 73508K, reserved 1112064K
  class space    used 9357K, capacity 10062K, committed 10112K, reserved 1048576K
}
Event: 8.909 GC heap after
{Heap after GC invocations=14 (full 0):
 garbage-first heap   total 187392K, used 52850K [0x0000000080000000, 0x0000000100000000)
  region size 1024K, 10 young (10240K), 10 survivors (10240K)
 Metaspace       used 71303K, capacity 73212K, committed 73508K, reserved 1112064K
  class space    used 9357K, capacity 10062K, committed 10112K, reserved 1048576K
}
Event: 10.045 GC heap before
{Heap before GC invocations=14 (full 0):
 garbage-first heap   total 187392K, used 135794K [0x0000000080000000, 0x0000000100000000)
  region size 1024K, 91 young (93184K), 10 survivors (10240K)
 Metaspace       used 74191K, capacity 76192K, committed 76452K, reserved 1116160K
  class space    used 9650K, capacity 10372K, committed 10496K, reserved 1048576K
}
Event: 10.058 GC heap after
{Heap after GC invocations=15 (full 0):
 garbage-first heap   total 187392K, used 61634K [0x0000000080000000, 0x0000000100000000)
  region size 1024K, 12 young (12288K), 12 survivors (12288K)
 Metaspace       used 74191K, capacity 76192K, committed 76452K, reserved 1116160K
  class space    used 9650K, capacity 10372K, committed 10496K, reserved 1048576K
}
Event: 10.983 GC heap before
{Heap before GC invocations=15 (full 0):
 garbage-first heap   total 187392K, used 144578K [0x0000000080000000, 0x0000000100000000)
  region size 1024K, 90 young (92160K), 12 survivors (12288K)
 Metaspace       used 77935K, capacity 80095K, committed 80164K, reserved 1118208K
  class space    used 10062K, capacity 10840K, committed 10880K, reserved 1048576K
}
Event: 10.998 GC heap after
{Heap after GC invocations=16 (full 0):
 garbage-first heap   total 187392K, used 72000K [0x0000000080000000, 0x0000000100000000)
  region size 1024K, 7 young (7168K), 7 survivors (7168K)
 Metaspace       used 77935K, capacity 80095K, committed 80164K, reserved 1118208K
  class space    used 10062K, capacity 10840K, committed 10880K, reserved 1048576K
}
Event: 12.093 GC heap before
{Heap before GC invocations=16 (full 0):
 garbage-first heap   total 187392K, used 144704K [0x0000000080000000, 0x0000000100000000)
  region size 1024K, 79 young (80896K), 7 survivors (7168K)
 Metaspace       used 86654K, capacity 89059K, committed 89380K, reserved 1126400K
  class space    used 11197K, capacity 12073K, committed 12160K, reserved 1048576K
}
Event: 12.103 GC heap after
{Heap after GC invocations=17 (full 0):
 garbage-first heap   total 187392K, used 76300K [0x0000000080000000, 0x0000000100000000)
  region size 1024K, 5 young (5120K), 5 survivors (5120K)
 Metaspace       used 86654K, capacity 89059K, committed 89380K, reserved 1126400K
  class space    used 11197K, capacity 12073K, committed 12160K, reserved 1048576K
}
Event: 13.471 GC heap before
{Heap before GC invocations=17 (full 0):
 garbage-first heap   total 187392K, used 147980K [0x0000000080000000, 0x0000000100000000)
  region size 1024K, 75 young (76800K), 5 survivors (5120K)
 Metaspace       used 87571K, capacity 89955K, committed 90276K, reserved 1128448K
  class space    used 11280K, capacity 12178K, committed 12288K, reserved 1048576K
}
Event: 13.477 GC heap after
{Heap after GC invocations=18 (full 0):
 garbage-first heap   total 187392K, used 76800K [0x0000000080000000, 0x0000000100000000)
  region size 1024K, 5 young (5120K), 5 survivors (5120K)
 Metaspace       used 87571K, capacity 89955K, committed 90276K, reserved 1128448K
  class space    used 11280K, capacity 12178K, committed 12288K, reserved 1048576K
}
Event: 14.799 GC heap before
{Heap before GC invocations=18 (full 0):
 garbage-first heap   total 187392K, used 151552K [0x0000000080000000, 0x0000000100000000)
  region size 1024K, 78 young (79872K), 5 survivors (5120K)
 Metaspace       used 87571K, capacity 89955K, committed 90276K, reserved 1128448K
  class space    used 11280K, capacity 12178K, committed 12288K, reserved 1048576K
}
Event: 14.804 GC heap after
{Heap after GC invocations=19 (full 0):
 garbage-first heap   total 187392K, used 76800K [0x0000000080000000, 0x0000000100000000)
  region size 1024K, 5 young (5120K), 5 survivors (5120K)
 Metaspace       used 87571K, capacity 89955K, committed 90276K, reserved 1128448K
  class space    used 11280K, capacity 12178K, committed 12288K, reserved 1048576K
}
Event: 16.427 GC heap before
{Heap before GC invocations=19 (full 0):
 garbage-first heap   total 187392K, used 156672K [0x0000000080000000, 0x0000000100000000)
  region size 1024K, 79 young (80896K), 5 survivors (5120K)
 Metaspace       used 95575K, capacity 98254K, committed 98340K, reserved 1134592K
  class space    used 12176K, capacity 13164K, committed 13184K, reserved 1048576K
}
Event: 16.435 GC heap after
{Heap after GC invocations=20 (full 0):
 garbage-first heap   total 187392K, used 84664K [0x0000000080000000, 0x0000000100000000)
  region size 1024K, 9 young (9216K), 9 survivors (9216K)
 Metaspace       used 95575K, capacity 98254K, committed 98340K, reserved 1134592K
  class space    used 12176K, capacity 13164K, committed 13184K, reserved 1048576K
}
Event: 16.621 GC heap before
{Heap before GC invocations=20 (full 0):
 garbage-first heap   total 187392K, used 91832K [0x0000000080000000, 0x0000000100000000)
  region size 1024K, 17 young (17408K), 9 survivors (9216K)
 Metaspace       used 97234K, capacity 99955K, committed 100116K, reserved 1136640K
  class space    used 12381K, capacity 13366K, committed 13440K, reserved 1048576K
}
Event: 16.638 GC heap after
{Heap after GC invocations=21 (full 0):
 garbage-first heap   total 187392K, used 85384K [0x0000000080000000, 0x0000000100000000)
  region size 1024K, 6 young (6144K), 6 survivors (6144K)
 Metaspace       used 97234K, capacity 99955K, committed 100116K, reserved 1136640K
  class space    used 12381K, capacity 13366K, committed 13440K, reserved 1048576K
}
Event: 17.980 GC heap before
{Heap before GC invocations=22 (full 0):
 garbage-first heap   total 187392K, used 140680K [0x0000000080000000, 0x0000000100000000)
  region size 1024K, 61 young (62464K), 6 survivors (6144K)
 Metaspace       used 111483K, capacity 114077K, committed 114724K, reserved 1148928K
  class space    used 14409K, capacity 15313K, committed 15488K, reserved 1048576K
}
Event: 18.001 GC heap after
{Heap after GC invocations=23 (full 0):
 garbage-first heap   total 225280K, used 87223K [0x0000000080000000, 0x0000000100000000)
  region size 1024K, 5 young (5120K), 5 survivors (5120K)
 Metaspace       used 111483K, capacity 114077K, committed 114724K, reserved 1148928K
  class space    used 14409K, capacity 15313K, committed 15488K, reserved 1048576K
}

Deoptimization events (20 events):
Event: 18.409 Thread 0x00000235457ab000 DEOPT PACKING pc=0x00000235298706c4 sp=0x000000d05adf7580
Event: 18.409 Thread 0x00000235457ab000 DEOPT UNPACKING pc=0x0000023527e48ade sp=0x000000d05adf6b20 mode 0
Event: 18.591 Thread 0x00000235457ab000 Uncommon trap: trap_request=0xffffff4d fr.pc=0x000002352f999a5c relative=0x000000000000041c
Event: 18.591 Thread 0x00000235457ab000 Uncommon trap: reason=unstable_if action=reinterpret pc=0x000002352f999a5c method=java.lang.StringLatin1.regionMatchesCI([BI[BII)Z @ 66 c2
Event: 18.591 Thread 0x00000235457ab000 DEOPT PACKING pc=0x000002352f999a5c sp=0x000000d05adf9ec0
Event: 18.591 Thread 0x00000235457ab000 DEOPT UNPACKING pc=0x0000023527e2822f sp=0x000000d05adf9e28 mode 2
Event: 18.609 Thread 0x00000235457ab000 Uncommon trap: trap_request=0xffffff4d fr.pc=0x000002352fba62b8 relative=0x00000000000003f8
Event: 18.609 Thread 0x00000235457ab000 Uncommon trap: reason=unstable_if action=reinterpret pc=0x000002352fba62b8 method=com.sun.org.apache.xerces.internal.util.SymbolTable.addSymbol([CII)Ljava/lang/String; @ 64 c2
Event: 18.609 Thread 0x00000235457ab000 DEOPT PACKING pc=0x000002352fba62b8 sp=0x000000d05adf9570
Event: 18.609 Thread 0x00000235457ab000 DEOPT UNPACKING pc=0x0000023527e2822f sp=0x000000d05adf94e8 mode 2
Event: 18.665 Thread 0x00000235457ab000 DEOPT PACKING pc=0x00000235298706c4 sp=0x000000d05adf8560
Event: 18.665 Thread 0x00000235457ab000 DEOPT UNPACKING pc=0x0000023527e48ade sp=0x000000d05adf7b00 mode 0
Event: 18.673 Thread 0x00000235457ab000 Uncommon trap: trap_request=0xffffff4d fr.pc=0x000002352f9e4a90 relative=0x0000000000000070
Event: 18.673 Thread 0x00000235457ab000 Uncommon trap: reason=unstable_if action=reinterpret pc=0x000002352f9e4a90 method=com.intellij.openapi.util.text.StringUtil.isJavaIdentifierPart(C)Z @ 9 c2
Event: 18.673 Thread 0x00000235457ab000 DEOPT PACKING pc=0x000002352f9e4a90 sp=0x000000d05adf7fb0
Event: 18.673 Thread 0x00000235457ab000 DEOPT UNPACKING pc=0x0000023527e2822f sp=0x000000d05adf7f40 mode 2
Event: 18.782 Thread 0x00000235457ab000 Uncommon trap: trap_request=0xffffff4d fr.pc=0x000002352fe63dd8 relative=0x00000000000004f8
Event: 18.782 Thread 0x00000235457ab000 Uncommon trap: reason=unstable_if action=reinterpret pc=0x000002352fe63dd8 method=java.io.File.equals(Ljava/lang/Object;)Z @ 1 c2
Event: 18.782 Thread 0x00000235457ab000 DEOPT PACKING pc=0x000002352fe63dd8 sp=0x000000d05adf9fe0
Event: 18.782 Thread 0x00000235457ab000 DEOPT UNPACKING pc=0x0000023527e2822f sp=0x000000d05adf9fa0 mode 2

Classes redefined (0 events):
No events

Internal exceptions (20 events):
Event: 15.321 Thread 0x00000235457ab000 Exception <a 'sun/nio/fs/WindowsException'{0x0000000089d490a0}> (0x0000000089d490a0) thrown at [./src/hotspot/share/prims/jni.cpp, line 615]
Event: 15.321 Thread 0x00000235457ab000 Exception <a 'sun/nio/fs/WindowsException'{0x0000000089d4af60}> (0x0000000089d4af60) thrown at [./src/hotspot/share/prims/jni.cpp, line 615]
Event: 15.321 Thread 0x00000235457ab000 Exception <a 'sun/nio/fs/WindowsException'{0x0000000089d4b098}> (0x0000000089d4b098) thrown at [./src/hotspot/share/prims/jni.cpp, line 615]
Event: 15.321 Thread 0x00000235457ab000 Exception <a 'sun/nio/fs/WindowsException'{0x0000000089d4dc90}> (0x0000000089d4dc90) thrown at [./src/hotspot/share/prims/jni.cpp, line 615]
Event: 15.321 Thread 0x00000235457ab000 Exception <a 'sun/nio/fs/WindowsException'{0x0000000089d4ddd0}> (0x0000000089d4ddd0) thrown at [./src/hotspot/share/prims/jni.cpp, line 615]
Event: 15.321 Thread 0x00000235457ab000 Exception <a 'sun/nio/fs/WindowsException'{0x0000000089d4fcd8}> (0x0000000089d4fcd8) thrown at [./src/hotspot/share/prims/jni.cpp, line 615]
Event: 15.321 Thread 0x00000235457ab000 Exception <a 'sun/nio/fs/WindowsException'{0x0000000089d4fe28}> (0x0000000089d4fe28) thrown at [./src/hotspot/share/prims/jni.cpp, line 615]
Event: 15.322 Thread 0x00000235457ab000 Exception <a 'sun/nio/fs/WindowsException'{0x0000000089d52768}> (0x0000000089d52768) thrown at [./src/hotspot/share/prims/jni.cpp, line 615]
Event: 15.322 Thread 0x00000235457ab000 Exception <a 'sun/nio/fs/WindowsException'{0x0000000089d528c0}> (0x0000000089d528c0) thrown at [./src/hotspot/share/prims/jni.cpp, line 615]
Event: 15.322 Thread 0x00000235457ab000 Exception <a 'sun/nio/fs/WindowsException'{0x0000000089d54800}> (0x0000000089d54800) thrown at [./src/hotspot/share/prims/jni.cpp, line 615]
Event: 15.322 Thread 0x00000235457ab000 Exception <a 'sun/nio/fs/WindowsException'{0x0000000089d54960}> (0x0000000089d54960) thrown at [./src/hotspot/share/prims/jni.cpp, line 615]
Event: 15.575 Thread 0x00000235457ab000 Exception <a 'java/lang/NoSuchMethodError'{0x0000000088f7d170}: 'java.lang.Object java.lang.invoke.DirectMethodHandle$Holder.invokeStaticInit(java.lang.Object, int)'> (0x0000000088f7d170) thrown at [./src/hotspot/share/interpreter/linkResolver.cpp, line 773]
Event: 15.608 Thread 0x00000235457ab000 Exception <a 'java/lang/NoSuchMethodError'{0x0000000088ee22e8}: 'long java.lang.invoke.DirectMethodHandle$Holder.invokeStatic(java.lang.Object)'> (0x0000000088ee22e8) thrown at [./src/hotspot/share/interpreter/linkResolver.cpp, line 773]
Event: 15.608 Thread 0x00000235457ab000 Exception <a 'java/lang/NoSuchMethodError'{0x0000000088ee5938}: 'long java.lang.invoke.DirectMethodHandle$Holder.invokeStaticInit(java.lang.Object)'> (0x0000000088ee5938) thrown at [./src/hotspot/share/interpreter/linkResolver.cpp, line 773]
Event: 15.789 Thread 0x00000235457ab000 Implicit null exception at 0x000002352fe1f0ac to 0x000002352fe1f1ce
Event: 16.383 Thread 0x00000235457ab000 Implicit null exception at 0x000002352fa3d622 to 0x000002352fa3fc98
Event: 16.384 Thread 0x00000235457ab000 Implicit null exception at 0x000002352fee5c0b to 0x000002352fee5d50
Event: 18.167 Thread 0x00000235457ab000 Exception <a 'java/lang/NoSuchMethodError'{0x000000008d796850}: 'void java.lang.invoke.DirectMethodHandle$Holder.invokeSpecial(java.lang.Object, java.lang.Object, int, java.lang.Object)'> (0x000000008d796850) thrown at [./src/hotspot/share/interpreter/linkResolver.cpp, line 773]
Event: 18.404 Thread 0x00000235457ab000 Exception <a 'java/lang/NoSuchMethodError'{0x000000008d05c5f0}: 'int java.lang.invoke.DirectMethodHandle$Holder.invokeStaticInit(java.lang.Object, int)'> (0x000000008d05c5f0) thrown at [./src/hotspot/share/interpreter/linkResolver.cpp, line 773]
Event: 18.782 Thread 0x00000235457ab000 Implicit null exception at 0x000002352fe6390f to 0x000002352fe63dc4

Events (20 events):
Event: 18.889 loading class org/jetbrains/uast/USwitchClauseExpression
Event: 18.889 loading class org/jetbrains/uast/USwitchClauseExpression done
Event: 18.889 loading class org/jetbrains/uast/UComment
Event: 18.889 loading class org/jetbrains/uast/UComment done
Event: 18.890 loading class org/jetbrains/uast/internal/UElementToPsiElementMappingKt
Event: 18.890 loading class org/jetbrains/uast/internal/UElementToPsiElementMappingKt done
Event: 18.890 loading class org/jetbrains/uast/java/JavaUastLanguagePlugin$convertDeclaration$1
Event: 18.890 loading class org/jetbrains/uast/java/JavaUastLanguagePlugin$convertDeclaration$1 done
Event: 18.891 loading class org/jetbrains/uast/java/JavaUastLanguagePlugin$convertDeclaration$2$9
Event: 18.891 loading class org/jetbrains/uast/java/JavaUastLanguagePlugin$convertDeclaration$2$9 done
Event: 18.891 loading class org/jetbrains/uast/java/JavaUastLanguagePlugin$convertDeclaration$1$1
Event: 18.891 loading class org/jetbrains/uast/java/JavaUastLanguagePlugin$convertDeclaration$1$1 done
Event: 18.891 loading class org/jetbrains/uast/java/JavaUField
Event: 18.891 loading class org/jetbrains/uast/java/JavaUField done
Event: 18.892 loading class org/jetbrains/uast/UFieldEx
Event: 18.892 loading class org/jetbrains/uast/UFieldEx done
Event: 18.894 loading class org/jetbrains/uast/java/AbstractJavaUVariable
Event: 18.894 loading class org/jetbrains/uast/java/AbstractJavaUVariable done
Event: 18.894 loading class org/jetbrains/uast/UVariableEx
Event: 18.894 loading class org/jetbrains/uast/UVariableEx done


Dynamic libraries:
0x00007ff726470000 - 0x00007ff72647a000 	D:\Program Files\Android\jre\bin\java.exe
0x00007ffd67be0000 - 0x00007ffd67dd0000 	C:\Windows\SYSTEM32\ntdll.dll
0x00007ffd670d0000 - 0x00007ffd67182000 	C:\Windows\System32\KERNEL32.DLL
0x00007ffd65500000 - 0x00007ffd657a3000 	C:\Windows\System32\KERNELBASE.dll
0x00007ffd65a30000 - 0x00007ffd65b2a000 	C:\Windows\System32\ucrtbase.dll
0x00007ffd5c910000 - 0x00007ffd5c927000 	D:\Program Files\Android\jre\bin\VCRUNTIME140.dll
0x00007ffd54210000 - 0x00007ffd54229000 	D:\Program Files\Android\jre\bin\jli.dll
0x00007ffd67430000 - 0x00007ffd675c4000 	C:\Windows\System32\USER32.dll
0x00007ffd65480000 - 0x00007ffd654a1000 	C:\Windows\System32\win32u.dll
0x00007ffd51f40000 - 0x00007ffd521c5000 	C:\Windows\WinSxS\amd64_microsoft.windows.common-controls_6595b64144ccf1df_6.0.18362.535_none_e6c3b34713100821\COMCTL32.dll
0x00007ffd663f0000 - 0x00007ffd66416000 	C:\Windows\System32\GDI32.dll
0x00007ffd67030000 - 0x00007ffd670ce000 	C:\Windows\System32\msvcrt.dll
0x00007ffd65b30000 - 0x00007ffd65cc4000 	C:\Windows\System32\gdi32full.dll
0x00007ffd64bb0000 - 0x00007ffd64c4e000 	C:\Windows\System32\msvcp_win.dll
0x00007ffd675d0000 - 0x00007ffd67906000 	C:\Windows\System32\combase.dll
0x00007ffd67310000 - 0x00007ffd67430000 	C:\Windows\System32\RPCRT4.dll
0x00007ffd65900000 - 0x00007ffd65980000 	C:\Windows\System32\bcryptPrimitives.dll
0x00007ffd663c0000 - 0x00007ffd663ee000 	C:\Windows\System32\IMM32.DLL
0x00007ffd54170000 - 0x00007ffd5420d000 	D:\Program Files\Android\jre\bin\msvcp140.dll
0x00007ffd21c60000 - 0x00007ffd2271c000 	D:\Program Files\Android\jre\bin\server\jvm.dll
0x00007ffd67910000 - 0x00007ffd679b3000 	C:\Windows\System32\ADVAPI32.dll
0x00007ffd67270000 - 0x00007ffd67307000 	C:\Windows\System32\sechost.dll
0x00007ffd66700000 - 0x00007ffd66708000 	C:\Windows\System32\PSAPI.DLL
0x00007ffd61170000 - 0x00007ffd61179000 	C:\Windows\SYSTEM32\WSOCK32.dll
0x00007ffd626c0000 - 0x00007ffd626e4000 	C:\Windows\SYSTEM32\WINMM.dll
0x00007ffd67b70000 - 0x00007ffd67bdf000 	C:\Windows\System32\WS2_32.dll
0x00007ffd5e980000 - 0x00007ffd5e98a000 	C:\Windows\SYSTEM32\VERSION.dll
0x00007ffd62690000 - 0x00007ffd626bd000 	C:\Windows\SYSTEM32\WINMMBASE.dll
0x00007ffd654b0000 - 0x00007ffd654fa000 	C:\Windows\System32\cfgmgr32.dll
0x00007ffd64b00000 - 0x00007ffd64b11000 	C:\Windows\System32\kernel.appcore.dll
0x00007ffd61150000 - 0x00007ffd61161000 	D:\Program Files\Android\jre\bin\verify.dll
0x00007ffd63410000 - 0x00007ffd63604000 	C:\Windows\SYSTEM32\DBGHELP.DLL
0x00007ffd377f0000 - 0x00007ffd3781a000 	C:\Windows\SYSTEM32\dbgcore.DLL
0x00007ffd61120000 - 0x00007ffd61149000 	D:\Program Files\Android\jre\bin\java.dll
0x00007ffd61110000 - 0x00007ffd6111b000 	D:\Program Files\Android\jre\bin\jimage.dll
0x00007ffd60490000 - 0x00007ffd604a8000 	D:\Program Files\Android\jre\bin\zip.dll
0x00007ffd65cd0000 - 0x00007ffd663b5000 	C:\Windows\System32\SHELL32.dll
0x00007ffd66420000 - 0x00007ffd664c9000 	C:\Windows\System32\shcore.dll
0x00007ffd64c80000 - 0x00007ffd653ff000 	C:\Windows\System32\windows.storage.dll
0x00007ffd64b20000 - 0x00007ffd64b3f000 	C:\Windows\System32\profapi.dll
0x00007ffd64b60000 - 0x00007ffd64baa000 	C:\Windows\System32\powrprof.dll
0x00007ffd64af0000 - 0x00007ffd64b00000 	C:\Windows\System32\UMPDC.dll
0x00007ffd66dd0000 - 0x00007ffd66e22000 	C:\Windows\System32\shlwapi.dll
0x00007ffd65460000 - 0x00007ffd65477000 	C:\Windows\System32\cryptsp.dll
0x00007ffd60470000 - 0x00007ffd6048a000 	D:\Program Files\Android\jre\bin\net.dll
0x00007ffd57050000 - 0x00007ffd57140000 	C:\Windows\SYSTEM32\WINHTTP.dll
0x00007ffd64360000 - 0x00007ffd643c7000 	C:\Windows\system32\mswsock.dll
0x00007ffd60110000 - 0x00007ffd60124000 	D:\Program Files\Android\jre\bin\nio.dll
0x00007ffd4b270000 - 0x00007ffd4b297000 	C:\Users\asus\.gradle\native\f6784746aeab05261644944871eae4fe03e0ef1612fff0a4a95f87b438bc6780\windows-amd64\native-platform.dll
0x00007ffd61100000 - 0x00007ffd6110a000 	D:\Program Files\Android\jre\bin\management.dll
0x00007ffd610c0000 - 0x00007ffd610cc000 	D:\Program Files\Android\jre\bin\management_ext.dll
0x00007ffd63ed0000 - 0x00007ffd63f03000 	C:\Windows\system32\rsaenh.dll
0x00007ffd64c50000 - 0x00007ffd64c76000 	C:\Windows\System32\bcrypt.dll
0x00007ffd649e0000 - 0x00007ffd64a05000 	C:\Windows\SYSTEM32\USERENV.dll
0x00007ffd64530000 - 0x00007ffd6453c000 	C:\Windows\SYSTEM32\CRYPTBASE.dll
0x00007ffd64070000 - 0x00007ffd640aa000 	C:\Windows\SYSTEM32\IPHLPAPI.DLL
0x00007ffd67190000 - 0x00007ffd67198000 	C:\Windows\System32\NSI.dll
0x00007ffd5aa00000 - 0x00007ffd5aa16000 	C:\Windows\SYSTEM32\dhcpcsvc6.DLL
0x00007ffd5c5f0000 - 0x00007ffd5c60c000 	C:\Windows\SYSTEM32\dhcpcsvc.DLL
0x00007ffd640b0000 - 0x00007ffd6417a000 	C:\Windows\SYSTEM32\DNSAPI.dll
0x00007ffd5c900000 - 0x00007ffd5c90b000 	C:\Windows\SYSTEM32\WINNSI.DLL

dbghelp: loaded successfully - version: 4.0.5 - missing functions: none
symbol engine: initialized successfully - sym options: 0x614 - pdb path: .;D:\Program Files\Android\jre\bin;C:\Windows\SYSTEM32;C:\Windows\WinSxS\amd64_microsoft.windows.common-controls_6595b64144ccf1df_6.0.18362.535_none_e6c3b34713100821;D:\Program Files\Android\jre\bin\server;C:\Users\asus\.gradle\native\f6784746aeab05261644944871eae4fe03e0ef1612fff0a4a95f87b438bc6780\windows-amd64

VM Arguments:
jvm_args: --add-opens=java.base/java.util=ALL-UNNAMED --add-opens=java.base/java.lang=ALL-UNNAMED --add-opens=java.base/java.lang.invoke=ALL-UNNAMED --add-opens=java.prefs/java.util.prefs=ALL-UNNAMED -Xmx2048m -Dfile.encoding=UTF-8 -Duser.country=RU -Duser.language=ru -Duser.variant 
java_command: org.gradle.launcher.daemon.bootstrap.GradleDaemon 6.5
java_class_path (initial): C:\Users\asus\.gradle\wrapper\dists\gradle-6.5-bin\6nifqtx7604sqp1q6g8wikw7p\gradle-6.5\lib\gradle-launcher-6.5.jar
Launcher Type: SUN_STANDARD

[Global flags]
     intx CICompilerCount                          = 4                                         {product} {ergonomic}
     uint ConcGCThreads                            = 2                                         {product} {ergonomic}
     uint G1ConcRefinementThreads                  = 8                                         {product} {ergonomic}
   size_t G1HeapRegionSize                         = 1048576                                   {product} {ergonomic}
    uintx GCDrainStackTargetSize                   = 64                                        {product} {ergonomic}
   size_t InitialHeapSize                          = 132120576                                 {product} {ergonomic}
   size_t MarkStackSize                            = 4194304                                   {product} {ergonomic}
   size_t MaxHeapSize                              = 2147483648                                {product} {command line}
   size_t MaxNewSize                               = 1287651328                                {product} {ergonomic}
   size_t MinHeapDeltaBytes                        = 1048576                                   {product} {ergonomic}
    uintx NonNMethodCodeHeapSize                   = 5836300                                {pd product} {ergonomic}
    uintx NonProfiledCodeHeapSize                  = 122910970                              {pd product} {ergonomic}
    uintx ProfiledCodeHeapSize                     = 122910970                              {pd product} {ergonomic}
    uintx ReservedCodeCacheSize                    = 251658240                              {pd product} {ergonomic}
     bool SegmentedCodeCache                       = true                                      {product} {ergonomic}
     bool UseCompressedClassPointers               = true                                 {lp64_product} {ergonomic}
     bool UseCompressedOops                        = true                                 {lp64_product} {ergonomic}
     bool UseG1GC                                  = true                                      {product} {ergonomic}
     bool UseLargePagesIndividualAllocation        = false                                  {pd product} {ergonomic}

Logging:
Log output configuration:
 #0: stdout all=warning uptime,level,tags
 #1: stderr all=off uptime,level,tags

Environment Variables:
JAVA_HOME=D:\Program Files\Java
PATH=C:\PROGRA~2\Borland\CBUILD~1\Bin;C:\PROGRA~2\Borland\CBUILD~1\Projects\Bpl;C:\Program Files\Common Files\Oracle\Java\javapath;C:\Windows\system32;C:\Windows;C:\Windows\System32\Wbem;C:\Windows\System32\WindowsPowerShell\v1.0\;C:\Program Files (x86)\NVIDIA Corporation\PhysX\Common;C:\Program Files\NVIDIA Corporation\NVIDIA NvDLISR;C:\Program Files\Microsoft\Web Platform Installer\;C:\Program Files (x86)\Microsoft ASP.NET\ASP.NET Web Pages\v1.0\;C:\Program Files\Microsoft SQL Server\110\Tools\Binn\;C:\Program Files\Git\cmd;C:\Users\asus\AppData\Local\Microsoft\WindowsApps;;D:\Program Files\JetBrains\IntelliJ IDEA Community Edition 2020.3\bin;
USERNAME=asus
OS=Windows_NT
PROCESSOR_IDENTIFIER=Intel64 Family 6 Model 126 Stepping 5, GenuineIntel



---------------  S Y S T E M  ---------------

OS: Windows 10 , 64 bit Build 18362 (10.0.18362.329)
OS uptime: 0 days 3:15 hours

CPU:total 8 (initial active 8) (4 cores per cpu, 2 threads per core) family 6 model 126 stepping 5, cmov, cx8, fxsr, mmx, sse, sse2, sse3, ssse3, sse4.1, sse4.2, popcnt, avx, avx2, aes, clmul, erms, 3dnowpref, lzcnt, ht, tsc, tscinvbit, bmi1, bmi2, adx, evex, sha, fma

Memory: 4k page, system-wide physical 7997M (890M free)
TotalPageFile size 7997M (AvailPageFile size 5M)
current process WorkingSet (physical memory assigned to process): 516M, peak: 518M
current process commit charge ("private bytes"): 567M, peak: 569M

vm_info: OpenJDK 64-Bit Server VM (11.0.8+10-b944.6842174) for windows-amd64 JRE (11.0.8+10-b944.6842174), built on Sep 19 2020 01:11:42 by "builder" with MS VC++ 14.0 (VS2015)

END.
