#
# There is insufficient memory for the Java Runtime Environment to continue.
# Native memory allocation (mmap) failed to map 91226112 bytes for Failed to commit area from 0x000000008b700000 to 0x0000000090e00000 of length 91226112.
# Possible reasons:
#   The system is out of physical RAM or swap space
#   The process is running with CompressedOops enabled, and the Java Heap may be blocking the growth of the native heap
# Possible solutions:
#   Reduce memory load on the system
#   Increase physical memory or swap space
#   Check if swap backing store is full
#   Decrease Java heap size (-Xmx/-Xms)
#   Decrease number of Java threads
#   Decrease Java thread stack sizes (-Xss)
#   Set larger code cache with -XX:ReservedCodeCacheSize=
#   JVM is running with Unscaled Compressed Oops mode in which the Java heap is
#     placed in the first 4GB address space. The Java Heap base address is the
#     maximum limit for the native heap growth. Please use -XX:HeapBaseMinAddress
#     to set the Java Heap base and to place the Java Heap above 4GB virtual address.
# This output file may be truncated or incomplete.
#
#  Out of Memory Error (./src/hotspot/os/windows/os_windows.cpp:3303), pid=5132, tid=3988
#
# JRE version: OpenJDK Runtime Environment (11.0.8+10) (build 11.0.8+10-b944.6842174)
# Java VM: OpenJDK 64-Bit Server VM (11.0.8+10-b944.6842174, mixed mode, tiered, compressed oops, g1 gc, windows-amd64)
# No core dump will be written. Minidumps are not enabled by default on client versions of Windows
#

---------------  S U M M A R Y ------------

Command Line: --add-opens=java.base/java.util=ALL-UNNAMED --add-opens=java.base/java.lang=ALL-UNNAMED --add-opens=java.base/java.lang.invoke=ALL-UNNAMED --add-opens=java.prefs/java.util.prefs=ALL-UNNAMED -Xmx2048m -Dfile.encoding=UTF-8 -Duser.country=RU -Duser.language=ru -Duser.variant org.gradle.launcher.daemon.bootstrap.GradleDaemon 6.5

Host: Intel(R) Core(TM) i7-1065G7 CPU @ 1.30GHz, 8 cores, 7G,  Windows 10 , 64 bit Build 18362 (10.0.18362.329)
Time: Sun May 30 08:33:52 2021 Caiaaiay Acey (ceia) elapsed time: 21 seconds (0d 0h 0m 21s)

---------------  T H R E A D  ---------------

Current thread (0x000001b5f3384000):  VMThread "VM Thread" [stack: 0x000000650b300000,0x000000650b400000] [id=3988]

Stack: [0x000000650b300000,0x000000650b400000]
[error occurred during error reporting (printing stack bounds), id 0xc0000005, EXCEPTION_ACCESS_VIOLATION (0xc0000005) at pc=0x000001b5dca00f67]

Native frames: (J=compiled Java code, j=interpreted, Vv=VM code, C=native code)
V  [jvm.dll+0x5de50a]
V  [jvm.dll+0x7122f5]
V  [jvm.dll+0x71384d]
V  [jvm.dll+0x713e65]
V  [jvm.dll+0x713e1b]
V  [jvm.dll+0x5dd958]
V  [jvm.dll+0x5de0f8]
C  [ntdll.dll+0xa11ff]
C  [ntdll.dll+0x6a289]
C  [ntdll.dll+0x9fe6e]
C  0x000001b5dca00f67

VM_Operation (0x000000650c9f6d50): G1CollectForAllocation, mode: safepoint, requested by thread 0x000001b5f5362000


---------------  P R O C E S S  ---------------

Threads class SMR info:
_java_thread_list=0x000001b5faaeac80, length=149, elements={
0x000001b5d9090800, 0x000001b5f3bb3800, 0x000001b5f3bbd800, 0x000001b5f3c0b800,
0x000001b5f3c0e800, 0x000001b5f3c12800, 0x000001b5f3388000, 0x000001b5f3389800,
0x000001b5f3d61000, 0x000001b5f3d64000, 0x000001b5f486d800, 0x000001b5f4faa800,
0x000001b5f4dbe800, 0x000001b5f4beb000, 0x000001b5f4dab800, 0x000001b5f5360000,
0x000001b5f5362000, 0x000001b5f6137800, 0x000001b5f5851000, 0x000001b5f5b7d800,
0x000001b5f5c02800, 0x000001b5f5c03800, 0x000001b5f5c05000, 0x000001b5f5c05800,
0x000001b5f5c06800, 0x000001b5f5c01800, 0x000001b5f5c04000, 0x000001b5f5c01000,
0x000001b5f5c07800, 0x000001b5f85a7800, 0x000001b5f85a4000, 0x000001b5f85aa800,
0x000001b5f85a5000, 0x000001b5f85a6800, 0x000001b5f85ab800, 0x000001b5f85a6000,
0x000001b5f85ad000, 0x000001b5f85ae000, 0x000001b5f85af000, 0x000001b5f85b1800,
0x000001b5f85b0800, 0x000001b5f85b2000, 0x000001b5f85ac800, 0x000001b5f85af800,
0x000001b5f85b3000, 0x000001b5f852c000, 0x000001b5f852f800, 0x000001b5f852b800,
0x000001b5f8530000, 0x000001b5f8532000, 0x000001b5f8531000, 0x000001b5f852d000,
0x000001b5f8532800, 0x000001b5f8533800, 0x000001b5f852e000, 0x000001b5f8534800,
0x000001b5f852e800, 0x000001b5f8535000, 0x000001b5f8536000, 0x000001b5f8536800,
0x000001b5f8537800, 0x000001b5f8539000, 0x000001b5f8538800, 0x000001b5f853a000,
0x000001b5f8287000, 0x000001b5f8287800, 0x000001b5f8289800, 0x000001b5f828b000,
0x000001b5f8286000, 0x000001b5f828a000, 0x000001b5f828c000, 0x000001b5f828c800,
0x000001b5f8288800, 0x000001b5f8290000, 0x000001b5f828e000, 0x000001b5f8293000,
0x000001b5f828d800, 0x000001b5f8294800, 0x000001b5f828f000, 0x000001b5f8292800,
0x000001b5f8290800, 0x000001b5f8294000, 0x000001b5f8291800, 0x000001b5f7f2e800,
0x000001b5f7f2f800, 0x000001b5f7f2e000, 0x000001b5f7f30800, 0x000001b5f7f31000,
0x000001b5f7f2c800, 0x000001b5f7f33000, 0x000001b5f7f32000, 0x000001b5f7f2d000,
0x000001b5f7f37000, 0x000001b5f7f36000, 0x000001b5f7f35800, 0x000001b5f7f39800,
0x000001b5f7f38800, 0x000001b5f7f33800, 0x000001b5f7f3a000, 0x000001b5f7f37800,
0x000001b5f7f34800, 0x000001b5f7f3b000, 0x000001b5f8268000, 0x000001b5f826a800,
0x000001b5f8269000, 0x000001b5f8269800, 0x000001b5f826b800, 0x000001b5f8265800,
0x000001b5f826c000, 0x000001b5f8266800, 0x000001b5f8267800, 0x000001b5f826f800,
0x000001b5f826d000, 0x000001b5f8270000, 0x000001b5f8271000, 0x000001b5f8272000,
0x000001b5f8272800, 0x000001b5f8273800, 0x000001b5f826e800, 0x000001b5f826e000,
0x000001b5f8274800, 0x000001b5f879e800, 0x000001b5f879f000, 0x000001b5f879d800,
0x000001b5f87a1800, 0x000001b5f879c000, 0x000001b5f87a0000, 0x000001b5f87a1000,
0x000001b5f87a2800, 0x000001b5f87a7800, 0x000001b5f87a3800, 0x000001b5f87a5800,
0x000001b5f87a9000, 0x000001b5f87a8000, 0x000001b5f87aa000, 0x000001b5f87a5000,
0x000001b5f87a6800, 0x000001b5f87a4000, 0x000001b5f87aa800, 0x000001b5fc922000,
0x000001b5fc923000, 0x000001b5fc91d000, 0x000001b5fc91f800, 0x000001b5fc921800,
0x000001b5fc91e000, 0x000001b5fc926000, 0x000001b5fc929800, 0x000001b5fc928000,
0x000001b5fc927000
}

Java Threads: ( => current thread )
  0x000001b5d9090800 JavaThread "main" [_thread_blocked, id=9200, stack(0x000000650ad00000,0x000000650ae00000)]
  0x000001b5f3bb3800 JavaThread "Reference Handler" daemon [_thread_blocked, id=8764, stack(0x000000650b400000,0x000000650b500000)]
  0x000001b5f3bbd800 JavaThread "Finalizer" daemon [_thread_blocked, id=5504, stack(0x000000650b500000,0x000000650b600000)]
  0x000001b5f3c0b800 JavaThread "Signal Dispatcher" daemon [_thread_blocked, id=3388, stack(0x000000650b600000,0x000000650b700000)]
  0x000001b5f3c0e800 JavaThread "Attach Listener" daemon [_thread_blocked, id=4412, stack(0x000000650b700000,0x000000650b800000)]
  0x000001b5f3c12800 JavaThread "C2 CompilerThread0" daemon [_thread_in_native, id=4676, stack(0x000000650b800000,0x000000650b900000)]
  0x000001b5f3388000 JavaThread "C1 CompilerThread0" daemon [_thread_blocked, id=4992, stack(0x000000650b900000,0x000000650ba00000)]
  0x000001b5f3389800 JavaThread "Sweeper thread" daemon [_thread_blocked, id=1436, stack(0x000000650ba00000,0x000000650bb00000)]
  0x000001b5f3d61000 JavaThread "Common-Cleaner" daemon [_thread_blocked, id=4328, stack(0x000000650bb00000,0x000000650bc00000)]
  0x000001b5f3d64000 JavaThread "Service Thread" daemon [_thread_blocked, id=7532, stack(0x000000650bc00000,0x000000650bd00000)]
  0x000001b5f486d800 JavaThread "Daemon health stats" [_thread_blocked, id=5804, stack(0x000000650c200000,0x000000650c300000)]
  0x000001b5f4faa800 JavaThread "Incoming local TCP Connector on port 54887" [_thread_in_native, id=7540, stack(0x000000650c300000,0x000000650c400000)]
  0x000001b5f4dbe800 JavaThread "Daemon periodic checks" [_thread_blocked, id=676, stack(0x000000650c400000,0x000000650c500000)]
  0x000001b5f4beb000 JavaThread "Daemon" [_thread_blocked, id=5244, stack(0x000000650c500000,0x000000650c600000)]
  0x000001b5f4dab800 JavaThread "Handler for socket connection from /127.0.0.1:54887 to /127.0.0.1:54888" [_thread_in_native, id=8792, stack(0x000000650c600000,0x000000650c700000)]
  0x000001b5f5360000 JavaThread "Cancel handler" [_thread_blocked, id=3936, stack(0x000000650c800000,0x000000650c900000)]
  0x000001b5f5362000 JavaThread "Daemon worker" [_thread_blocked, id=8852, stack(0x000000650c900000,0x000000650ca00000)]
  0x000001b5f6137800 JavaThread "Asynchronous log dispatcher for DefaultDaemonConnection: socket connection from /127.0.0.1:54887 to /127.0.0.1:54888" [_thread_blocked, id=1732, stack(0x000000650ca00000,0x000000650cb00000)]
  0x000001b5f5851000 JavaThread "Stdin handler" [_thread_blocked, id=388, stack(0x000000650cb00000,0x000000650cc00000)]
  0x000001b5f5b7d800 JavaThread "Thread-8" [_thread_blocked, id=2028, stack(0x000000650cc00000,0x000000650cd00000)]
  0x000001b5f5c02800 JavaThread "Cache worker for journal cache (C:\Users\asus\.gradle\caches\journal-1)" [_thread_blocked, id=8240, stack(0x000000650d200000,0x000000650d300000)]
  0x000001b5f5c03800 JavaThread "File lock request listener" [_thread_in_native, id=2052, stack(0x000000650d300000,0x000000650d400000)]
  0x000001b5f5c05000 JavaThread "Cache worker for file hash cache (C:\Users\asus\.gradle\caches\6.5\fileHashes)" [_thread_blocked, id=7288, stack(0x000000650c700000,0x000000650c800000)]
  0x000001b5f5c05800 JavaThread "Cache worker for file hash cache (D:\Android projects\Puzzle15_v1\.gradle\6.5\fileHashes)" [_thread_blocked, id=9092, stack(0x000000650d700000,0x000000650d800000)]
  0x000001b5f5c06800 JavaThread "Cache worker for checksums cache (D:\Android projects\Puzzle15_v1\.gradle\checksums)" [_thread_blocked, id=5288, stack(0x000000650d800000,0x000000650d900000)]
  0x000001b5f5c01800 JavaThread "Cache worker for cache directory md-supplier (C:\Users\asus\.gradle\caches\6.5\md-supplier)" [_thread_blocked, id=6344, stack(0x000000650d900000,0x000000650da00000)]
  0x000001b5f5c04000 JavaThread "Cache worker for cache directory md-rule (C:\Users\asus\.gradle\caches\6.5\md-rule)" [_thread_blocked, id=3132, stack(0x000000650da00000,0x000000650db00000)]
  0x000001b5f5c01000 JavaThread "Cache worker for execution history cache (C:\Users\asus\.gradle\caches\6.5\executionHistory)" [_thread_blocked, id=9188, stack(0x000000650db00000,0x000000650dc00000)]
  0x000001b5f5c07800 JavaThread "jar transforms" [_thread_blocked, id=3712, stack(0x000000650dc00000,0x000000650dd00000)]
  0x000001b5f85a7800 JavaThread "Cache worker for file content cache (C:\Users\asus\.gradle\caches\6.5\fileContent)" [_thread_blocked, id=3344, stack(0x000000650dd00000,0x000000650de00000)]
  0x000001b5f85a4000 JavaThread "Build operations" [_thread_blocked, id=2072, stack(0x000000650de00000,0x000000650df00000)]
  0x000001b5f85aa800 JavaThread "Build operations Thread 2" [_thread_blocked, id=8248, stack(0x000000650df00000,0x000000650e000000)]
  0x000001b5f85a5000 JavaThread "Build operations Thread 3" [_thread_blocked, id=8524, stack(0x000000650e000000,0x000000650e100000)]
  0x000001b5f85a6800 JavaThread "Build operations Thread 4" [_thread_blocked, id=5872, stack(0x000000650e100000,0x000000650e200000)]
  0x000001b5f85ab800 JavaThread "Build operations Thread 5" [_thread_blocked, id=6592, stack(0x000000650e200000,0x000000650e300000)]
  0x000001b5f85a6000 JavaThread "Build operations Thread 6" [_thread_blocked, id=1852, stack(0x000000650e300000,0x000000650e400000)]
  0x000001b5f85ad000 JavaThread "Build operations Thread 7" [_thread_blocked, id=3024, stack(0x000000650e400000,0x000000650e500000)]
  0x000001b5f85ae000 JavaThread "Build operations Thread 8" [_thread_blocked, id=8848, stack(0x000000650e500000,0x000000650e600000)]
  0x000001b5f85af000 JavaThread "jar transforms Thread 2" [_thread_blocked, id=8888, stack(0x000000650e600000,0x000000650e700000)]
  0x000001b5f85b1800 JavaThread "jar transforms Thread 3" [_thread_blocked, id=9000, stack(0x000000650e700000,0x000000650e800000)]
  0x000001b5f85b0800 JavaThread "jar transforms Thread 4" [_thread_blocked, id=1268, stack(0x000000650e800000,0x000000650e900000)]
  0x000001b5f85b2000 JavaThread "jar transforms Thread 5" [_thread_blocked, id=7392, stack(0x000000650e900000,0x000000650ea00000)]
  0x000001b5f85ac800 JavaThread "jar transforms Thread 6" [_thread_blocked, id=8952, stack(0x000000650ea00000,0x000000650eb00000)]
  0x000001b5f85af800 JavaThread "jar transforms Thread 7" [_thread_blocked, id=848, stack(0x000000650eb00000,0x000000650ec00000)]
  0x000001b5f85b3000 JavaThread "jar transforms Thread 8" [_thread_blocked, id=7580, stack(0x000000650ec00000,0x000000650ed00000)]
  0x000001b5f852c000 JavaThread "jar transforms Thread 9" [_thread_blocked, id=5808, stack(0x000000650ed00000,0x000000650ee00000)]
  0x000001b5f852f800 JavaThread "jar transforms Thread 10" [_thread_blocked, id=2408, stack(0x000000650ee00000,0x000000650ef00000)]
  0x000001b5f852b800 JavaThread "jar transforms Thread 11" [_thread_blocked, id=9104, stack(0x000000650ef00000,0x000000650f000000)]
  0x000001b5f8530000 JavaThread "jar transforms Thread 12" [_thread_blocked, id=2128, stack(0x000000650f000000,0x000000650f100000)]
  0x000001b5f8532000 JavaThread "jar transforms Thread 13" [_thread_blocked, id=9120, stack(0x000000650f100000,0x000000650f200000)]
  0x000001b5f8531000 JavaThread "jar transforms Thread 14" [_thread_blocked, id=940, stack(0x000000650f200000,0x000000650f300000)]
  0x000001b5f852d000 JavaThread "jar transforms Thread 15" [_thread_blocked, id=8704, stack(0x000000650f300000,0x000000650f400000)]
  0x000001b5f8532800 JavaThread "jar transforms Thread 16" [_thread_blocked, id=7868, stack(0x000000650f400000,0x000000650f500000)]
  0x000001b5f8533800 JavaThread "jar transforms Thread 17" [_thread_blocked, id=5256, stack(0x000000650f500000,0x000000650f600000)]
  0x000001b5f852e000 JavaThread "jar transforms Thread 18" [_thread_blocked, id=7876, stack(0x000000650f600000,0x000000650f700000)]
  0x000001b5f8534800 JavaThread "jar transforms Thread 19" [_thread_blocked, id=8624, stack(0x000000650f700000,0x000000650f800000)]
  0x000001b5f852e800 JavaThread "jar transforms Thread 20" [_thread_blocked, id=1856, stack(0x000000650f800000,0x000000650f900000)]
  0x000001b5f8535000 JavaThread "jar transforms Thread 21" [_thread_blocked, id=1300, stack(0x000000650f900000,0x000000650fa00000)]
  0x000001b5f8536000 JavaThread "jar transforms Thread 22" [_thread_blocked, id=5000, stack(0x000000650fa00000,0x000000650fb00000)]
  0x000001b5f8536800 JavaThread "jar transforms Thread 23" [_thread_blocked, id=5232, stack(0x000000650fb00000,0x000000650fc00000)]
  0x000001b5f8537800 JavaThread "jar transforms Thread 24" [_thread_blocked, id=5496, stack(0x000000650fc00000,0x000000650fd00000)]
  0x000001b5f8539000 JavaThread "jar transforms Thread 25" [_thread_blocked, id=4000, stack(0x000000650fd00000,0x000000650fe00000)]
  0x000001b5f8538800 JavaThread "jar transforms Thread 26" [_thread_blocked, id=5724, stack(0x000000650fe00000,0x000000650ff00000)]
  0x000001b5f853a000 JavaThread "jar transforms Thread 27" [_thread_blocked, id=7804, stack(0x000000650ff00000,0x0000006510000000)]
  0x000001b5f8287000 JavaThread "jar transforms Thread 28" [_thread_blocked, id=5464, stack(0x0000006510000000,0x0000006510100000)]
  0x000001b5f8287800 JavaThread "jar transforms Thread 29" [_thread_blocked, id=8484, stack(0x0000006510100000,0x0000006510200000)]
  0x000001b5f8289800 JavaThread "jar transforms Thread 30" [_thread_blocked, id=5600, stack(0x0000006510200000,0x0000006510300000)]
  0x000001b5f828b000 JavaThread "jar transforms Thread 31" [_thread_blocked, id=2216, stack(0x0000006510300000,0x0000006510400000)]
  0x000001b5f8286000 JavaThread "jar transforms Thread 32" [_thread_blocked, id=9196, stack(0x0000006510400000,0x0000006510500000)]
  0x000001b5f828a000 JavaThread "jar transforms Thread 33" [_thread_blocked, id=6308, stack(0x0000006510500000,0x0000006510600000)]
  0x000001b5f828c000 JavaThread "jar transforms Thread 34" [_thread_blocked, id=7148, stack(0x0000006510600000,0x0000006510700000)]
  0x000001b5f828c800 JavaThread "jar transforms Thread 35" [_thread_blocked, id=1460, stack(0x0000006510700000,0x0000006510800000)]
  0x000001b5f8288800 JavaThread "jar transforms Thread 36" [_thread_blocked, id=8384, stack(0x0000006510800000,0x0000006510900000)]
  0x000001b5f8290000 JavaThread "jar transforms Thread 37" [_thread_blocked, id=4692, stack(0x0000006510900000,0x0000006510a00000)]
  0x000001b5f828e000 JavaThread "jar transforms Thread 38" [_thread_blocked, id=5660, stack(0x0000006510a00000,0x0000006510b00000)]
  0x000001b5f8293000 JavaThread "jar transforms Thread 39" [_thread_blocked, id=8584, stack(0x0000006510b00000,0x0000006510c00000)]
  0x000001b5f828d800 JavaThread "jar transforms Thread 40" [_thread_blocked, id=2324, stack(0x0000006510c00000,0x0000006510d00000)]
  0x000001b5f8294800 JavaThread "jar transforms Thread 41" [_thread_blocked, id=8320, stack(0x0000006510d00000,0x0000006510e00000)]
  0x000001b5f828f000 JavaThread "jar transforms Thread 42" [_thread_blocked, id=8328, stack(0x0000006510e00000,0x0000006510f00000)]
  0x000001b5f8292800 JavaThread "jar transforms Thread 43" [_thread_blocked, id=8676, stack(0x0000006510f00000,0x0000006511000000)]
  0x000001b5f8290800 JavaThread "jar transforms Thread 44" [_thread_blocked, id=5644, stack(0x0000006511000000,0x0000006511100000)]
  0x000001b5f8294000 JavaThread "jar transforms Thread 45" [_thread_blocked, id=2968, stack(0x0000006511100000,0x0000006511200000)]
  0x000001b5f8291800 JavaThread "jar transforms Thread 46" [_thread_blocked, id=8588, stack(0x0000006511200000,0x0000006511300000)]
  0x000001b5f7f2e800 JavaThread "jar transforms Thread 47" [_thread_blocked, id=1376, stack(0x0000006511300000,0x0000006511400000)]
  0x000001b5f7f2f800 JavaThread "jar transforms Thread 48" [_thread_blocked, id=8744, stack(0x0000006511400000,0x0000006511500000)]
  0x000001b5f7f2e000 JavaThread "jar transforms Thread 49" [_thread_blocked, id=8828, stack(0x0000006511500000,0x0000006511600000)]
  0x000001b5f7f30800 JavaThread "jar transforms Thread 50" [_thread_blocked, id=2188, stack(0x0000006511600000,0x0000006511700000)]
  0x000001b5f7f31000 JavaThread "jar transforms Thread 51" [_thread_blocked, id=1868, stack(0x0000006511700000,0x0000006511800000)]
  0x000001b5f7f2c800 JavaThread "jar transforms Thread 52" [_thread_blocked, id=7244, stack(0x0000006511800000,0x0000006511900000)]
  0x000001b5f7f33000 JavaThread "jar transforms Thread 53" [_thread_blocked, id=6376, stack(0x0000006511900000,0x0000006511a00000)]
  0x000001b5f7f32000 JavaThread "jar transforms Thread 54" [_thread_blocked, id=3156, stack(0x0000006511a00000,0x0000006511b00000)]
  0x000001b5f7f2d000 JavaThread "jar transforms Thread 55" [_thread_blocked, id=5460, stack(0x0000006511b00000,0x0000006511c00000)]
  0x000001b5f7f37000 JavaThread "jar transforms Thread 56" [_thread_blocked, id=7456, stack(0x0000006511c00000,0x0000006511d00000)]
  0x000001b5f7f36000 JavaThread "jar transforms Thread 57" [_thread_blocked, id=4496, stack(0x0000006511d00000,0x0000006511e00000)]
  0x000001b5f7f35800 JavaThread "jar transforms Thread 58" [_thread_blocked, id=5200, stack(0x0000006511e00000,0x0000006511f00000)]
  0x000001b5f7f39800 JavaThread "jar transforms Thread 59" [_thread_blocked, id=6940, stack(0x0000006511f00000,0x0000006512000000)]
  0x000001b5f7f38800 JavaThread "jar transforms Thread 60" [_thread_blocked, id=6936, stack(0x0000006512000000,0x0000006512100000)]
  0x000001b5f7f33800 JavaThread "jar transforms Thread 61" [_thread_blocked, id=1916, stack(0x0000006512100000,0x0000006512200000)]
  0x000001b5f7f3a000 JavaThread "jar transforms Thread 62" [_thread_blocked, id=8276, stack(0x0000006512200000,0x0000006512300000)]
  0x000001b5f7f37800 JavaThread "jar transforms Thread 63" [_thread_blocked, id=488, stack(0x0000006512300000,0x0000006512400000)]
  0x000001b5f7f34800 JavaThread "jar transforms Thread 64" [_thread_blocked, id=8600, stack(0x0000006512400000,0x0000006512500000)]
  0x000001b5f7f3b000 JavaThread "jar transforms Thread 65" [_thread_blocked, id=7612, stack(0x0000006512500000,0x0000006512600000)]
  0x000001b5f8268000 JavaThread "jar transforms Thread 66" [_thread_blocked, id=1152, stack(0x0000006512600000,0x0000006512700000)]
  0x000001b5f826a800 JavaThread "jar transforms Thread 67" [_thread_blocked, id=1056, stack(0x0000006512700000,0x0000006512800000)]
  0x000001b5f8269000 JavaThread "jar transforms Thread 68" [_thread_blocked, id=6624, stack(0x0000006512800000,0x0000006512900000)]
  0x000001b5f8269800 JavaThread "jar transforms Thread 69" [_thread_blocked, id=8716, stack(0x0000006512900000,0x0000006512a00000)]
  0x000001b5f826b800 JavaThread "jar transforms Thread 70" [_thread_blocked, id=3792, stack(0x0000006512a00000,0x0000006512b00000)]
  0x000001b5f8265800 JavaThread "jar transforms Thread 71" [_thread_blocked, id=8760, stack(0x0000006512b00000,0x0000006512c00000)]
  0x000001b5f826c000 JavaThread "jar transforms Thread 72" [_thread_blocked, id=7844, stack(0x0000006512c00000,0x0000006512d00000)]
  0x000001b5f8266800 JavaThread "jar transforms Thread 73" [_thread_blocked, id=4592, stack(0x0000006512d00000,0x0000006512e00000)]
  0x000001b5f8267800 JavaThread "jar transforms Thread 74" [_thread_blocked, id=9160, stack(0x0000006512e00000,0x0000006512f00000)]
  0x000001b5f826f800 JavaThread "jar transforms Thread 75" [_thread_blocked, id=6140, stack(0x0000006512f00000,0x0000006513000000)]
  0x000001b5f826d000 JavaThread "jar transforms Thread 76" [_thread_blocked, id=2256, stack(0x0000006513000000,0x0000006513100000)]
  0x000001b5f8270000 JavaThread "jar transforms Thread 77" [_thread_blocked, id=1220, stack(0x0000006513100000,0x0000006513200000)]
  0x000001b5f8271000 JavaThread "jar transforms Thread 78" [_thread_blocked, id=8340, stack(0x0000006513200000,0x0000006513300000)]
  0x000001b5f8272000 JavaThread "jar transforms Thread 79" [_thread_blocked, id=7536, stack(0x0000006513300000,0x0000006513400000)]
  0x000001b5f8272800 JavaThread "jar transforms Thread 80" [_thread_blocked, id=1980, stack(0x0000006513400000,0x0000006513500000)]
  0x000001b5f8273800 JavaThread "jar transforms Thread 81" [_thread_blocked, id=1556, stack(0x0000006513500000,0x0000006513600000)]
  0x000001b5f826e800 JavaThread "jar transforms Thread 82" [_thread_blocked, id=7300, stack(0x0000006513600000,0x0000006513700000)]
  0x000001b5f826e000 JavaThread "jar transforms Thread 83" [_thread_blocked, id=6400, stack(0x0000006513700000,0x0000006513800000)]
  0x000001b5f8274800 JavaThread "jar transforms Thread 84" [_thread_blocked, id=6228, stack(0x0000006513800000,0x0000006513900000)]
  0x000001b5f879e800 JavaThread "jar transforms Thread 85" [_thread_blocked, id=6792, stack(0x0000006513900000,0x0000006513a00000)]
  0x000001b5f879f000 JavaThread "jar transforms Thread 86" [_thread_blocked, id=7780, stack(0x0000006513a00000,0x0000006513b00000)]
  0x000001b5f879d800 JavaThread "jar transforms Thread 87" [_thread_blocked, id=5448, stack(0x0000006513b00000,0x0000006513c00000)]
  0x000001b5f87a1800 JavaThread "jar transforms Thread 88" [_thread_blocked, id=2496, stack(0x0000006513c00000,0x0000006513d00000)]
  0x000001b5f879c000 JavaThread "jar transforms Thread 89" [_thread_blocked, id=752, stack(0x0000006513d00000,0x0000006513e00000)]
  0x000001b5f87a0000 JavaThread "jar transforms Thread 90" [_thread_blocked, id=8408, stack(0x0000006513e00000,0x0000006513f00000)]
  0x000001b5f87a1000 JavaThread "jar transforms Thread 91" [_thread_blocked, id=32, stack(0x0000006513f00000,0x0000006514000000)]
  0x000001b5f87a2800 JavaThread "jar transforms Thread 92" [_thread_blocked, id=7428, stack(0x0000006514000000,0x0000006514100000)]
  0x000001b5f87a7800 JavaThread "Cache worker for Build Output Cleanup Cache (D:\Android projects\Puzzle15_v1\.gradle\buildOutputCleanup)" [_thread_blocked, id=1620, stack(0x000000650d500000,0x000000650d600000)]
  0x000001b5f87a3800 JavaThread "Memory manager" [_thread_blocked, id=3136, stack(0x0000006514200000,0x0000006514300000)]
  0x000001b5f87a5800 JavaThread "Cache worker for file content cache (D:\Android projects\Puzzle15_v1\.gradle\6.5\fileContent)" [_thread_blocked, id=8400, stack(0x0000006514300000,0x0000006514400000)]
  0x000001b5f87a9000 JavaThread "Execution worker for ':'" [_thread_blocked, id=7596, stack(0x0000006514400000,0x0000006514500000)]
  0x000001b5f87a8000 JavaThread "Execution worker for ':' Thread 2" [_thread_blocked, id=6132, stack(0x0000006514500000,0x0000006514600000)]
  0x000001b5f87aa000 JavaThread "Execution worker for ':' Thread 3" [_thread_blocked, id=9148, stack(0x0000006514600000,0x0000006514700000)]
  0x000001b5f87a5000 JavaThread "Execution worker for ':' Thread 4" [_thread_blocked, id=6732, stack(0x0000006514700000,0x0000006514800000)]
  0x000001b5f87a6800 JavaThread "Execution worker for ':' Thread 5" [_thread_blocked, id=3316, stack(0x0000006514800000,0x0000006514900000)]
  0x000001b5f87a4000 JavaThread "Execution worker for ':' Thread 6" [_thread_blocked, id=2356, stack(0x0000006514900000,0x0000006514a00000)]
  0x000001b5f87aa800 JavaThread "Execution worker for ':' Thread 7" [_thread_blocked, id=4352, stack(0x0000006514a00000,0x0000006514b00000)]
  0x000001b5fc922000 JavaThread "Cache worker for execution history cache (D:\Android projects\Puzzle15_v1\.gradle\6.5\executionHistory)" [_thread_blocked, id=4988, stack(0x0000006514b00000,0x0000006514c00000)]
  0x000001b5fc923000 JavaThread "C2 CompilerThread1" daemon [_thread_in_native, id=8856, stack(0x000000650d600000,0x000000650d700000)]
  0x000001b5fc91d000 JavaThread "C2 CompilerThread2" daemon [_thread_in_native, id=2976, stack(0x0000006514100000,0x0000006514200000)]
  0x000001b5fc91f800 JavaThread "WorkerExecutor Queue" [_thread_blocked, id=4892, stack(0x0000006514c00000,0x0000006514d00000)]
  0x000001b5fc921800 JavaThread "WorkerExecutor Queue Thread 2" [_thread_blocked, id=7632, stack(0x0000006514d00000,0x0000006514e00000)]
  0x000001b5fc91e000 JavaThread "WorkerExecutor Queue Thread 3" [_thread_blocked, id=5176, stack(0x0000006514e00000,0x0000006514f00000)]
  0x000001b5fc926000 JavaThread "ForkJoinPool-3-worker-3" daemon [_thread_blocked, id=8200, stack(0x0000006514f00000,0x0000006515000000)]
  0x000001b5fc929800 JavaThread "ForkJoinPool-3-worker-5" daemon [_thread_blocked, id=8232, stack(0x0000006515000000,0x0000006515100000)]
  0x000001b5fc928000 JavaThread "ForkJoinPool-3-worker-1" daemon [_thread_blocked, id=8520, stack(0x0000006515100000,0x0000006515200000)]
  0x000001b5fc927000 JavaThread "ForkJoinPool-3-worker-7" daemon [_thread_blocked, id=8196, stack(0x0000006515200000,0x0000006515300000)]

Other Threads:
=>0x000001b5f3384000 VMThread "VM Thread" [stack: 0x000000650b300000,0x000000650b400000] [id=3988]
  0x000001b5f3d79800 WatcherThread [stack: 0x000000650bd00000,0x000000650be00000] [id=1596]
  0x000001b5d90a7800 GCTaskThread "GC Thread#0" [stack: 0x000000650ae00000,0x000000650af00000] [id=8808]
  0x000001b5f4a40000 GCTaskThread "GC Thread#1" [stack: 0x000000650bf00000,0x000000650c000000] [id=2232]
  0x000001b5f4681800 GCTaskThread "GC Thread#2" [stack: 0x000000650c000000,0x000000650c100000] [id=7128]
  0x000001b5f5c92800 GCTaskThread "GC Thread#3" [stack: 0x000000650cd00000,0x000000650ce00000] [id=8448]
  0x000001b5f5c8a800 GCTaskThread "GC Thread#4" [stack: 0x000000650ce00000,0x000000650cf00000] [id=900]
  0x000001b5f6019000 GCTaskThread "GC Thread#5" [stack: 0x000000650cf00000,0x000000650d000000] [id=2840]
  0x000001b5f55d2800 GCTaskThread "GC Thread#6" [stack: 0x000000650d000000,0x000000650d100000] [id=5904]
  0x000001b5f6134800 GCTaskThread "GC Thread#7" [stack: 0x000000650d100000,0x000000650d200000] [id=9008]
  0x000001b5d90da000 ConcurrentGCThread "G1 Main Marker" [stack: 0x000000650af00000,0x000000650b000000] [id=6068]
  0x000001b5d90db800 ConcurrentGCThread "G1 Conc#0" [stack: 0x000000650b000000,0x000000650b100000] [id=5172]
  0x000001b5f5ab8800 ConcurrentGCThread "G1 Conc#1" [stack: 0x000000650d400000,0x000000650d500000] [id=9096]
  0x000001b5d915a000 ConcurrentGCThread "G1 Refine#0" [stack: 0x000000650b100000,0x000000650b200000] [id=9024]
  0x000001b58481d000 ConcurrentGCThread "G1 Refine#1" [stack: 0x0000006515300000,0x0000006515400000] [id=8612]
  0x000001b5f7d9e800 ConcurrentGCThread "G1 Refine#2" [stack: 0x0000006515400000,0x0000006515500000] [id=6332]
  0x000001b5d915a800 ConcurrentGCThread "G1 Young RemSet Sampling" [stack: 0x000000650b200000,0x000000650b300000] [id=8552]

Threads with active compile tasks:
C2 CompilerThread0  21466 14433       4       com.android.tools.r8.graph.I0$d::c (802 bytes)
C2 CompilerThread1  21466 14507 %     4       com.android.tools.r8.graph.u::a @ 45 (173 bytes)
C2 CompilerThread2  21466 14432       4       com.android.tools.r8.graph.I0$d::<init> (189 bytes)

VM state:at safepoint (normal execution)

VM Mutex/Monitor currently owned by a thread:  ([mutex/lock_event])
[0x000001b5d702b8e0] Threads_lock - owner thread: 0x000001b5f3384000
[0x000001b5d702b220] Heap_lock - owner thread: 0x000001b5f5362000

Heap address: 0x0000000080000000, size: 2048 MB, Compressed Oops mode: 32-bit
Narrow klass base: 0x0000000000000000, Narrow klass shift: 3
Compressed class space size: 1073741824 Address: 0x0000000100000000

Heap:
 garbage-first heap   total 276480K, used 146834K [0x0000000080000000, 0x0000000100000000)
  region size 1024K, 3 young (3072K), 3 survivors (3072K)
 Metaspace       used 134820K, capacity 137763K, committed 137856K, reserved 1169408K
  class space    used 16971K, capacity 18024K, committed 18048K, reserved 1048576K
Heap Regions: E=young(eden), S=young(survivor), O=old, HS=humongous(starts), HC=humongous(continues), CS=collection set, F=free, A=archive, TAMS=top-at-mark-start (previous, next)
|   0|0x0000000080000000, 0x0000000080100000, 0x0000000080100000|100%|HS|  |TAMS 0x0000000080100000, 0x0000000080000000| Complete 
|   1|0x0000000080100000, 0x0000000080200000, 0x0000000080200000|100%| O|  |TAMS 0x0000000080200000, 0x0000000080100000| Untracked 
|   2|0x0000000080200000, 0x0000000080300000, 0x0000000080300000|100%| O|  |TAMS 0x0000000080300000, 0x0000000080200000| Untracked 
|   3|0x0000000080300000, 0x0000000080400000, 0x0000000080400000|100%|HS|  |TAMS 0x0000000080400000, 0x0000000080300000| Complete 
|   4|0x0000000080400000, 0x0000000080500000, 0x0000000080500000|100%|HC|  |TAMS 0x0000000080500000, 0x0000000080400000| Complete 
|   5|0x0000000080500000, 0x0000000080600000, 0x0000000080600000|100%|HC|  |TAMS 0x0000000080600000, 0x0000000080500000| Complete 
|   6|0x0000000080600000, 0x0000000080700000, 0x0000000080700000|100%| O|  |TAMS 0x0000000080700000, 0x0000000080600000| Untracked 
|   7|0x0000000080700000, 0x0000000080800000, 0x0000000080800000|100%| O|  |TAMS 0x0000000080800000, 0x0000000080700000| Untracked 
|   8|0x0000000080800000, 0x0000000080900000, 0x0000000080900000|100%| O|  |TAMS 0x0000000080900000, 0x0000000080800000| Untracked 
|   9|0x0000000080900000, 0x0000000080a00000, 0x0000000080a00000|100%| O|  |TAMS 0x0000000080a00000, 0x0000000080900000| Untracked 
|  10|0x0000000080a00000, 0x0000000080b00000, 0x0000000080b00000|100%| O|  |TAMS 0x0000000080b00000, 0x0000000080a00000| Untracked 
|  11|0x0000000080b00000, 0x0000000080c00000, 0x0000000080c00000|100%| O|  |TAMS 0x0000000080c00000, 0x0000000080b00000| Untracked 
|  12|0x0000000080c00000, 0x0000000080d00000, 0x0000000080d00000|100%| O|  |TAMS 0x0000000080d00000, 0x0000000080c00000| Untracked 
|  13|0x0000000080d00000, 0x0000000080e00000, 0x0000000080e00000|100%| O|  |TAMS 0x0000000080e00000, 0x0000000080d00000| Complete 
|  14|0x0000000080e00000, 0x0000000080f00000, 0x0000000080f00000|100%| O|  |TAMS 0x0000000080f00000, 0x0000000080e00000| Untracked 
|  15|0x0000000080f00000, 0x0000000081000000, 0x0000000081000000|100%| O|  |TAMS 0x0000000081000000, 0x0000000080f00000| Untracked 
|  16|0x0000000081000000, 0x0000000081100000, 0x0000000081100000|100%|HS|  |TAMS 0x0000000081100000, 0x0000000081000000| Complete 
|  17|0x0000000081100000, 0x0000000081200000, 0x0000000081200000|100%|HC|  |TAMS 0x0000000081200000, 0x0000000081100000| Complete 
|  18|0x0000000081200000, 0x0000000081300000, 0x0000000081300000|100%| O|  |TAMS 0x0000000081300000, 0x0000000081200000| Untracked 
|  19|0x0000000081300000, 0x0000000081400000, 0x0000000081400000|100%| O|  |TAMS 0x0000000081400000, 0x0000000081300000| Untracked 
|  20|0x0000000081400000, 0x0000000081500000, 0x0000000081500000|100%| O|  |TAMS 0x0000000081500000, 0x0000000081400000| Untracked 
|  21|0x0000000081500000, 0x0000000081600000, 0x0000000081600000|100%| O|  |TAMS 0x0000000081600000, 0x0000000081500000| Untracked 
|  22|0x0000000081600000, 0x0000000081700000, 0x0000000081700000|100%| O|  |TAMS 0x0000000081700000, 0x0000000081600000| Untracked 
|  23|0x0000000081700000, 0x0000000081800000, 0x0000000081800000|100%| O|  |TAMS 0x0000000081800000, 0x0000000081700000| Untracked 
|  24|0x0000000081800000, 0x0000000081900000, 0x0000000081900000|100%| O|  |TAMS 0x0000000081900000, 0x0000000081800000| Untracked 
|  25|0x0000000081900000, 0x0000000081a00000, 0x0000000081a00000|100%| O|  |TAMS 0x0000000081a00000, 0x0000000081900000| Untracked 
|  26|0x0000000081a00000, 0x0000000081b00000, 0x0000000081b00000|100%| O|  |TAMS 0x0000000081b00000, 0x0000000081a00000| Untracked 
|  27|0x0000000081b00000, 0x0000000081c00000, 0x0000000081c00000|100%| O|  |TAMS 0x0000000081c00000, 0x0000000081b00000| Untracked 
|  28|0x0000000081c00000, 0x0000000081d00000, 0x0000000081d00000|100%| O|  |TAMS 0x0000000081d00000, 0x0000000081c00000| Untracked 
|  29|0x0000000081d00000, 0x0000000081e00000, 0x0000000081e00000|100%| O|  |TAMS 0x0000000081e00000, 0x0000000081d00000| Untracked 
|  30|0x0000000081e00000, 0x0000000081f00000, 0x0000000081f00000|100%| O|  |TAMS 0x0000000081f00000, 0x0000000081e00000| Untracked 
|  31|0x0000000081f00000, 0x0000000082000000, 0x0000000082000000|100%| O|  |TAMS 0x0000000082000000, 0x0000000081f00000| Untracked 
|  32|0x0000000082000000, 0x0000000082100000, 0x0000000082100000|100%| O|  |TAMS 0x0000000082100000, 0x0000000082000000| Complete 
|  33|0x0000000082100000, 0x0000000082200000, 0x0000000082200000|100%| O|  |TAMS 0x0000000082200000, 0x0000000082100000| Untracked 
|  34|0x0000000082200000, 0x0000000082300000, 0x0000000082300000|100%| O|  |TAMS 0x0000000082300000, 0x0000000082200000| Untracked 
|  35|0x0000000082300000, 0x0000000082400000, 0x0000000082400000|100%| O|  |TAMS 0x0000000082400000, 0x0000000082300000| Untracked 
|  36|0x0000000082400000, 0x0000000082500000, 0x0000000082500000|100%| O|  |TAMS 0x0000000082500000, 0x0000000082400000| Untracked 
|  37|0x0000000082500000, 0x0000000082600000, 0x0000000082600000|100%| O|  |TAMS 0x0000000082600000, 0x0000000082500000| Untracked 
|  38|0x0000000082600000, 0x0000000082700000, 0x0000000082700000|100%| O|  |TAMS 0x0000000082700000, 0x0000000082600000| Complete 
|  39|0x0000000082700000, 0x0000000082800000, 0x0000000082800000|100%| O|  |TAMS 0x0000000082800000, 0x0000000082700000| Complete 
|  40|0x0000000082800000, 0x0000000082900000, 0x0000000082900000|100%| O|  |TAMS 0x0000000082900000, 0x0000000082800000| Untracked 
|  41|0x0000000082900000, 0x0000000082a00000, 0x0000000082a00000|100%| O|  |TAMS 0x0000000082a00000, 0x0000000082900000| Untracked 
|  42|0x0000000082a00000, 0x0000000082b00000, 0x0000000082b00000|100%| O|  |TAMS 0x0000000082b00000, 0x0000000082a00000| Untracked 
|  43|0x0000000082b00000, 0x0000000082c00000, 0x0000000082c00000|100%| O|  |TAMS 0x0000000082c00000, 0x0000000082b00000| Untracked 
|  44|0x0000000082c00000, 0x0000000082d00000, 0x0000000082d00000|100%| O|  |TAMS 0x0000000082d00000, 0x0000000082c00000| Untracked 
|  45|0x0000000082d00000, 0x0000000082e00000, 0x0000000082e00000|100%| O|  |TAMS 0x0000000082e00000, 0x0000000082d00000| Untracked 
|  46|0x0000000082e00000, 0x0000000082f00000, 0x0000000082f00000|100%| O|  |TAMS 0x0000000082f00000, 0x0000000082e00000| Untracked 
|  47|0x0000000082f00000, 0x0000000083000000, 0x0000000083000000|100%| O|  |TAMS 0x0000000083000000, 0x0000000082f00000| Complete 
|  48|0x0000000083000000, 0x0000000083100000, 0x0000000083100000|100%|HS|  |TAMS 0x0000000083100000, 0x0000000083000000| Complete 
|  49|0x0000000083100000, 0x0000000083200000, 0x0000000083200000|100%| O|  |TAMS 0x0000000083200000, 0x0000000083100000| Untracked 
|  50|0x0000000083200000, 0x0000000083300000, 0x0000000083300000|100%| O|  |TAMS 0x0000000083300000, 0x0000000083200000| Untracked 
|  51|0x0000000083300000, 0x0000000083400000, 0x0000000083400000|100%| O|  |TAMS 0x0000000083400000, 0x0000000083300000| Untracked 
|  52|0x0000000083400000, 0x0000000083500000, 0x0000000083500000|100%| O|  |TAMS 0x0000000083500000, 0x0000000083400000| Untracked 
|  53|0x0000000083500000, 0x0000000083600000, 0x0000000083600000|100%| O|  |TAMS 0x0000000083600000, 0x0000000083500000| Untracked 
|  54|0x0000000083600000, 0x0000000083700000, 0x0000000083700000|100%| O|  |TAMS 0x0000000083700000, 0x0000000083600000| Untracked 
|  55|0x0000000083700000, 0x0000000083800000, 0x0000000083800000|100%| O|  |TAMS 0x0000000083800000, 0x0000000083700000| Untracked 
|  56|0x0000000083800000, 0x0000000083900000, 0x0000000083900000|100%| O|  |TAMS 0x0000000083900000, 0x0000000083800000| Untracked 
|  57|0x0000000083900000, 0x0000000083a00000, 0x0000000083a00000|100%| O|  |TAMS 0x0000000083a00000, 0x0000000083900000| Complete 
|  58|0x0000000083a00000, 0x0000000083b00000, 0x0000000083b00000|100%|HS|  |TAMS 0x0000000083b00000, 0x0000000083a00000| Complete 
|  59|0x0000000083b00000, 0x0000000083c00000, 0x0000000083c00000|100%|HC|  |TAMS 0x0000000083c00000, 0x0000000083b00000| Complete 
|  60|0x0000000083c00000, 0x0000000083d00000, 0x0000000083d00000|100%| O|  |TAMS 0x0000000083d00000, 0x0000000083c00000| Untracked 
|  61|0x0000000083d00000, 0x0000000083e00000, 0x0000000083e00000|100%| O|  |TAMS 0x0000000083e00000, 0x0000000083d00000| Untracked 
|  62|0x0000000083e00000, 0x0000000083f00000, 0x0000000083f00000|100%| O|  |TAMS 0x0000000083f00000, 0x0000000083e00000| Untracked 
|  63|0x0000000083f00000, 0x0000000084000000, 0x0000000084000000|100%| O|  |TAMS 0x0000000084000000, 0x0000000083f00000| Untracked 
|  64|0x0000000084000000, 0x0000000084100000, 0x0000000084100000|100%| O|  |TAMS 0x0000000084100000, 0x0000000084000000| Untracked 
|  65|0x0000000084100000, 0x0000000084200000, 0x0000000084200000|100%| O|  |TAMS 0x0000000084200000, 0x0000000084100000| Complete 
|  66|0x0000000084200000, 0x0000000084300000, 0x0000000084300000|100%| O|  |TAMS 0x0000000084300000, 0x0000000084200000| Complete 
|  67|0x0000000084300000, 0x0000000084400000, 0x0000000084400000|100%| O|  |TAMS 0x0000000084400000, 0x0000000084300000| Complete 
|  68|0x0000000084400000, 0x0000000084500000, 0x0000000084500000|100%| O|  |TAMS 0x0000000084500000, 0x0000000084400000| Complete 
|  69|0x0000000084500000, 0x0000000084600000, 0x0000000084600000|100%| O|  |TAMS 0x0000000084600000, 0x0000000084500000| Untracked 
|  70|0x0000000084600000, 0x0000000084700000, 0x0000000084700000|100%| O|  |TAMS 0x0000000084700000, 0x0000000084600000| Untracked 
|  71|0x0000000084700000, 0x0000000084800000, 0x0000000084800000|100%| O|  |TAMS 0x0000000084800000, 0x0000000084700000| Complete 
|  72|0x0000000084800000, 0x0000000084900000, 0x0000000084900000|100%|HS|  |TAMS 0x0000000084900000, 0x0000000084800000| Complete 
|  73|0x0000000084900000, 0x0000000084a00000, 0x0000000084a00000|100%|HC|  |TAMS 0x0000000084a00000, 0x0000000084900000| Complete 
|  74|0x0000000084a00000, 0x0000000084b00000, 0x0000000084b00000|100%| O|  |TAMS 0x0000000084b00000, 0x0000000084a00000| Untracked 
|  75|0x0000000084b00000, 0x0000000084c00000, 0x0000000084c00000|100%| O|  |TAMS 0x0000000084c00000, 0x0000000084b00000| Untracked 
|  76|0x0000000084c00000, 0x0000000084d00000, 0x0000000084d00000|100%| O|  |TAMS 0x0000000084d00000, 0x0000000084c00000| Untracked 
|  77|0x0000000084d00000, 0x0000000084e00000, 0x0000000084e00000|100%| O|  |TAMS 0x0000000084e00000, 0x0000000084d00000| Complete 
|  78|0x0000000084e00000, 0x0000000084f00000, 0x0000000084f00000|100%| O|  |TAMS 0x0000000084f00000, 0x0000000084e00000| Untracked 
|  79|0x0000000084f00000, 0x0000000085000000, 0x0000000085000000|100%| O|  |TAMS 0x0000000085000000, 0x0000000084f00000| Untracked 
|  80|0x0000000085000000, 0x0000000085100000, 0x0000000085100000|100%| O|  |TAMS 0x0000000085100000, 0x0000000085000000| Untracked 
|  81|0x0000000085100000, 0x0000000085200000, 0x0000000085200000|100%| O|  |TAMS 0x0000000085200000, 0x0000000085100000| Complete 
|  82|0x0000000085200000, 0x0000000085300000, 0x0000000085300000|100%| O|  |TAMS 0x0000000085300000, 0x0000000085200000| Untracked 
|  83|0x0000000085300000, 0x0000000085400000, 0x0000000085400000|100%| O|  |TAMS 0x0000000085400000, 0x0000000085300000| Complete 
|  84|0x0000000085400000, 0x0000000085500000, 0x0000000085500000|100%| O|  |TAMS 0x0000000085500000, 0x0000000085400000| Complete 
|  85|0x0000000085500000, 0x0000000085600000, 0x0000000085600000|100%| O|  |TAMS 0x0000000085600000, 0x0000000085500000| Complete 
|  86|0x0000000085600000, 0x0000000085700000, 0x0000000085700000|100%| O|  |TAMS 0x0000000085700000, 0x0000000085600000| Untracked 
|  87|0x0000000085700000, 0x0000000085800000, 0x0000000085800000|100%| O|  |TAMS 0x0000000085800000, 0x0000000085700000| Complete 
|  88|0x0000000085800000, 0x0000000085900000, 0x0000000085900000|100%| O|  |TAMS 0x0000000085900000, 0x0000000085800000| Complete 
|  89|0x0000000085900000, 0x0000000085a00000, 0x0000000085a00000|100%| O|  |TAMS 0x0000000085a00000, 0x0000000085900000| Complete 
|  90|0x0000000085a00000, 0x0000000085b00000, 0x0000000085b00000|100%| O|  |TAMS 0x0000000085b00000, 0x0000000085a00000| Complete 
|  91|0x0000000085b00000, 0x0000000085c00000, 0x0000000085c00000|100%| O|  |TAMS 0x0000000085c00000, 0x0000000085b00000| Complete 
|  92|0x0000000085c00000, 0x0000000085d00000, 0x0000000085d00000|100%| O|  |TAMS 0x0000000085d00000, 0x0000000085c00000| Untracked 
|  93|0x0000000085d00000, 0x0000000085e00000, 0x0000000085e00000|100%| O|  |TAMS 0x0000000085e00000, 0x0000000085d00000| Untracked 
|  94|0x0000000085e00000, 0x0000000085f00000, 0x0000000085f00000|100%| O|  |TAMS 0x0000000085f00000, 0x0000000085e00000| Untracked 
|  95|0x0000000085f00000, 0x0000000086000000, 0x0000000086000000|100%| O|  |TAMS 0x0000000086000000, 0x0000000085f00000| Untracked 
|  96|0x0000000086000000, 0x0000000086100000, 0x0000000086100000|100%| O|  |TAMS 0x0000000086100000, 0x0000000086000000| Untracked 
|  97|0x0000000086100000, 0x0000000086200000, 0x0000000086200000|100%| O|  |TAMS 0x0000000086200000, 0x0000000086100000| Complete 
|  98|0x0000000086200000, 0x0000000086300000, 0x0000000086300000|100%| O|  |TAMS 0x0000000086300000, 0x0000000086200000| Complete 
|  99|0x0000000086300000, 0x0000000086400000, 0x0000000086400000|100%| O|  |TAMS 0x0000000086400000, 0x0000000086300000| Untracked 
| 100|0x0000000086400000, 0x0000000086500000, 0x0000000086500000|100%| O|  |TAMS 0x0000000086500000, 0x0000000086400000| Untracked 
| 101|0x0000000086500000, 0x0000000086600000, 0x0000000086600000|100%| O|  |TAMS 0x0000000086600000, 0x0000000086500000| Untracked 
| 102|0x0000000086600000, 0x0000000086700000, 0x0000000086700000|100%| O|  |TAMS 0x0000000086700000, 0x0000000086600000| Untracked 
| 103|0x0000000086700000, 0x0000000086800000, 0x0000000086800000|100%| O|  |TAMS 0x0000000086800000, 0x0000000086700000| Untracked 
| 104|0x0000000086800000, 0x0000000086900000, 0x0000000086900000|100%| O|  |TAMS 0x0000000086900000, 0x0000000086800000| Untracked 
| 105|0x0000000086900000, 0x0000000086a00000, 0x0000000086a00000|100%| O|  |TAMS 0x0000000086a00000, 0x0000000086900000| Complete 
| 106|0x0000000086a00000, 0x0000000086b00000, 0x0000000086b00000|100%|HS|  |TAMS 0x0000000086b00000, 0x0000000086a00000| Complete 
| 107|0x0000000086b00000, 0x0000000086c00000, 0x0000000086c00000|100%|HC|  |TAMS 0x0000000086c00000, 0x0000000086b00000| Complete 
| 108|0x0000000086c00000, 0x0000000086d00000, 0x0000000086d00000|100%| O|  |TAMS 0x0000000086d00000, 0x0000000086c00000| Untracked 
| 109|0x0000000086d00000, 0x0000000086e00000, 0x0000000086e00000|100%| O|  |TAMS 0x0000000086e00000, 0x0000000086d00000| Untracked 
| 110|0x0000000086e00000, 0x0000000086f00000, 0x0000000086f00000|100%| O|  |TAMS 0x0000000086f00000, 0x0000000086e00000| Untracked 
| 111|0x0000000086f00000, 0x0000000087000000, 0x0000000087000000|100%| O|  |TAMS 0x0000000087000000, 0x0000000086f00000| Untracked 
| 112|0x0000000087000000, 0x0000000087100000, 0x0000000087100000|100%| O|  |TAMS 0x0000000087100000, 0x0000000087000000| Untracked 
| 113|0x0000000087100000, 0x0000000087200000, 0x0000000087200000|100%| O|  |TAMS 0x0000000087200000, 0x0000000087100000| Untracked 
| 114|0x0000000087200000, 0x0000000087300000, 0x0000000087300000|100%| O|  |TAMS 0x0000000087300000, 0x0000000087200000| Untracked 
| 115|0x0000000087300000, 0x0000000087400000, 0x0000000087400000|100%| O|  |TAMS 0x0000000087400000, 0x0000000087300000| Untracked 
| 116|0x0000000087400000, 0x0000000087500000, 0x0000000087500000|100%| O|  |TAMS 0x0000000087500000, 0x0000000087400000| Untracked 
| 117|0x0000000087500000, 0x0000000087600000, 0x0000000087600000|100%| O|  |TAMS 0x0000000087600000, 0x0000000087500000| Untracked 
| 118|0x0000000087600000, 0x0000000087700000, 0x0000000087700000|100%| O|  |TAMS 0x0000000087700000, 0x0000000087600000| Untracked 
| 119|0x0000000087700000, 0x0000000087800000, 0x0000000087800000|100%| O|  |TAMS 0x0000000087800000, 0x0000000087700000| Untracked 
| 120|0x0000000087800000, 0x0000000087900000, 0x0000000087900000|100%| O|  |TAMS 0x0000000087900000, 0x0000000087800000| Untracked 
| 121|0x0000000087900000, 0x0000000087a00000, 0x0000000087a00000|100%| O|  |TAMS 0x0000000087a00000, 0x0000000087900000| Complete 
| 122|0x0000000087a00000, 0x0000000087b00000, 0x0000000087b00000|100%| O|  |TAMS 0x0000000087a1a400, 0x0000000087a00000| Untracked 
| 123|0x0000000087b00000, 0x0000000087c00000, 0x0000000087c00000|100%| O|  |TAMS 0x0000000087b00000, 0x0000000087b00000| Untracked 
| 124|0x0000000087c00000, 0x0000000087d00000, 0x0000000087d00000|100%| O|  |TAMS 0x0000000087c00000, 0x0000000087c00000| Untracked 
| 125|0x0000000087d00000, 0x0000000087e00000, 0x0000000087e00000|100%| O|  |TAMS 0x0000000087d00000, 0x0000000087d00000| Untracked 
| 126|0x0000000087e00000, 0x0000000087f00000, 0x0000000087f00000|100%| O|  |TAMS 0x0000000087e00000, 0x0000000087e00000| Untracked 
| 127|0x0000000087f00000, 0x0000000088000000, 0x0000000088000000|100%| O|  |TAMS 0x0000000087f00000, 0x0000000087f00000| Untracked 
| 128|0x0000000088000000, 0x0000000088100000, 0x0000000088100000|100%| O|  |TAMS 0x0000000088000000, 0x0000000088000000| Untracked 
| 129|0x0000000088100000, 0x0000000088200000, 0x0000000088200000|100%| O|  |TAMS 0x0000000088100000, 0x0000000088100000| Untracked 
| 130|0x0000000088200000, 0x0000000088300000, 0x0000000088300000|100%| O|  |TAMS 0x0000000088200000, 0x0000000088200000| Untracked 
| 131|0x0000000088300000, 0x0000000088400000, 0x0000000088400000|100%| O|  |TAMS 0x0000000088300000, 0x0000000088300000| Untracked 
| 132|0x0000000088400000, 0x0000000088500000, 0x0000000088500000|100%| O|  |TAMS 0x0000000088400000, 0x0000000088400000| Untracked 
| 133|0x0000000088500000, 0x0000000088600000, 0x0000000088600000|100%| O|  |TAMS 0x0000000088500000, 0x0000000088500000| Untracked 
| 134|0x0000000088600000, 0x0000000088700000, 0x0000000088700000|100%| O|  |TAMS 0x0000000088600000, 0x0000000088600000| Untracked 
| 135|0x0000000088700000, 0x0000000088800000, 0x0000000088800000|100%| O|  |TAMS 0x0000000088700000, 0x0000000088700000| Untracked 
| 136|0x0000000088800000, 0x0000000088900000, 0x0000000088900000|100%| O|  |TAMS 0x0000000088800000, 0x0000000088800000| Untracked 
| 137|0x0000000088900000, 0x0000000088a00000, 0x0000000088a00000|100%| O|  |TAMS 0x0000000088900000, 0x0000000088900000| Untracked 
| 138|0x0000000088a00000, 0x0000000088b00000, 0x0000000088b00000|100%| O|  |TAMS 0x0000000088a00000, 0x0000000088a00000| Untracked 
| 139|0x0000000088b00000, 0x0000000088c00000, 0x0000000088c00000|100%| O|  |TAMS 0x0000000088b00000, 0x0000000088b00000| Untracked 
| 140|0x0000000088c00000, 0x0000000088c64a00, 0x0000000088d00000| 39%| O|  |TAMS 0x0000000088c00000, 0x0000000088c00000| Untracked 
| 141|0x0000000088d00000, 0x0000000088d00000, 0x0000000088e00000|  0%| F|  |TAMS 0x0000000088d00000, 0x0000000088d00000| Untracked 
| 142|0x0000000088e00000, 0x0000000088e00000, 0x0000000088f00000|  0%| F|  |TAMS 0x0000000088e00000, 0x0000000088e00000| Untracked 
| 143|0x0000000088f00000, 0x0000000088f00000, 0x0000000089000000|  0%| F|  |TAMS 0x0000000088f00000, 0x0000000088f00000| Untracked 
| 144|0x0000000089000000, 0x0000000089000000, 0x0000000089100000|  0%| F|  |TAMS 0x0000000089000000, 0x0000000089000000| Untracked 
| 145|0x0000000089100000, 0x0000000089100000, 0x0000000089200000|  0%| F|  |TAMS 0x0000000089100000, 0x0000000089100000| Untracked 
| 146|0x0000000089200000, 0x0000000089200000, 0x0000000089300000|  0%| F|  |TAMS 0x0000000089200000, 0x0000000089200000| Untracked 
| 147|0x0000000089300000, 0x0000000089300000, 0x0000000089400000|  0%| F|  |TAMS 0x0000000089300000, 0x0000000089300000| Untracked 
| 148|0x0000000089400000, 0x0000000089400000, 0x0000000089500000|  0%| F|  |TAMS 0x0000000089400000, 0x0000000089400000| Untracked 
| 149|0x0000000089500000, 0x0000000089500000, 0x0000000089600000|  0%| F|  |TAMS 0x0000000089500000, 0x0000000089500000| Untracked 
| 150|0x0000000089600000, 0x0000000089600000, 0x0000000089700000|  0%| F|  |TAMS 0x0000000089600000, 0x0000000089600000| Untracked 
| 151|0x0000000089700000, 0x0000000089700000, 0x0000000089800000|  0%| F|  |TAMS 0x0000000089700000, 0x0000000089700000| Untracked 
| 152|0x0000000089800000, 0x0000000089800000, 0x0000000089900000|  0%| F|  |TAMS 0x0000000089800000, 0x0000000089800000| Untracked 
| 153|0x0000000089900000, 0x0000000089900000, 0x0000000089a00000|  0%| F|  |TAMS 0x0000000089900000, 0x0000000089900000| Untracked 
| 154|0x0000000089a00000, 0x0000000089a00000, 0x0000000089b00000|  0%| F|  |TAMS 0x0000000089a00000, 0x0000000089a00000| Untracked 
| 155|0x0000000089b00000, 0x0000000089b00000, 0x0000000089c00000|  0%| F|  |TAMS 0x0000000089b00000, 0x0000000089b00000| Untracked 
| 156|0x0000000089c00000, 0x0000000089c00000, 0x0000000089d00000|  0%| F|  |TAMS 0x0000000089c00000, 0x0000000089c00000| Untracked 
| 157|0x0000000089d00000, 0x0000000089d00000, 0x0000000089e00000|  0%| F|  |TAMS 0x0000000089d00000, 0x0000000089d00000| Untracked 
| 158|0x0000000089e00000, 0x0000000089e00000, 0x0000000089f00000|  0%| F|  |TAMS 0x0000000089e00000, 0x0000000089e00000| Untracked 
| 159|0x0000000089f00000, 0x0000000089f00000, 0x000000008a000000|  0%| F|  |TAMS 0x0000000089f00000, 0x0000000089f00000| Untracked 
| 160|0x000000008a000000, 0x000000008a000000, 0x000000008a100000|  0%| F|  |TAMS 0x000000008a000000, 0x000000008a000000| Untracked 
| 161|0x000000008a100000, 0x000000008a100000, 0x000000008a200000|  0%| F|  |TAMS 0x000000008a100000, 0x000000008a100000| Untracked 
| 162|0x000000008a200000, 0x000000008a200000, 0x000000008a300000|  0%| F|  |TAMS 0x000000008a200000, 0x000000008a200000| Untracked 
| 163|0x000000008a300000, 0x000000008a400000, 0x000000008a400000|100%| S|CS|TAMS 0x000000008a300000, 0x000000008a300000| Complete 
| 164|0x000000008a400000, 0x000000008a400000, 0x000000008a500000|  0%| F|  |TAMS 0x000000008a400000, 0x000000008a400000| Untracked 
| 165|0x000000008a500000, 0x000000008a500000, 0x000000008a600000|  0%| F|  |TAMS 0x000000008a500000, 0x000000008a500000| Untracked 
| 166|0x000000008a600000, 0x000000008a600000, 0x000000008a700000|  0%| F|  |TAMS 0x000000008a600000, 0x000000008a600000| Untracked 
| 167|0x000000008a700000, 0x000000008a800000, 0x000000008a800000|100%| S|CS|TAMS 0x000000008a700000, 0x000000008a700000| Complete 
| 168|0x000000008a800000, 0x000000008a900000, 0x000000008a900000|100%| S|CS|TAMS 0x000000008a800000, 0x000000008a800000| Complete 
| 169|0x000000008a900000, 0x000000008a900000, 0x000000008aa00000|  0%| F|  |TAMS 0x000000008a900000, 0x000000008a900000| Untracked 
| 170|0x000000008aa00000, 0x000000008aa00000, 0x000000008ab00000|  0%| F|  |TAMS 0x000000008aa00000, 0x000000008aa00000| Untracked 
| 171|0x000000008ab00000, 0x000000008ab00000, 0x000000008ac00000|  0%| F|  |TAMS 0x000000008ab00000, 0x000000008ab00000| Untracked 
| 172|0x000000008ac00000, 0x000000008ac00000, 0x000000008ad00000|  0%| F|  |TAMS 0x000000008ac00000, 0x000000008ac00000| Untracked 
| 173|0x000000008ad00000, 0x000000008ad00000, 0x000000008ae00000|  0%| F|  |TAMS 0x000000008ad00000, 0x000000008ad00000| Untracked 
| 174|0x000000008ae00000, 0x000000008ae00000, 0x000000008af00000|  0%| F|  |TAMS 0x000000008ae00000, 0x000000008ae00000| Untracked 
| 175|0x000000008af00000, 0x000000008af00000, 0x000000008b000000|  0%| F|  |TAMS 0x000000008af00000, 0x000000008af00000| Untracked 
| 176|0x000000008b000000, 0x000000008b000000, 0x000000008b100000|  0%| F|  |TAMS 0x000000008b000000, 0x000000008b000000| Untracked 
| 177|0x000000008b100000, 0x000000008b100000, 0x000000008b200000|  0%| F|  |TAMS 0x000000008b100000, 0x000000008b100000| Untracked 
| 178|0x000000008b200000, 0x000000008b200000, 0x000000008b300000|  0%| F|  |TAMS 0x000000008b200000, 0x000000008b200000| Untracked 
| 179|0x000000008b300000, 0x000000008b300000, 0x000000008b400000|  0%| F|  |TAMS 0x000000008b300000, 0x000000008b300000| Untracked 
| 180|0x000000008b400000, 0x000000008b400000, 0x000000008b500000|  0%| F|  |TAMS 0x000000008b400000, 0x000000008b400000| Untracked 
| 181|0x000000008b500000, 0x000000008b500000, 0x000000008b600000|  0%| F|  |TAMS 0x000000008b500000, 0x000000008b500000| Untracked 
| 182|0x000000008b600000, 0x000000008b600000, 0x000000008b700000|  0%| F|  |TAMS 0x000000008b600000, 0x000000008b600000| Untracked 

Card table byte_map: [0x000001b5ec130000,0x000001b5ec530000] _byte_map_base: 0x000001b5ebd30000

Marking Bits (Prev, Next): (CMBitMap*) 0x000001b5d90d1458, (CMBitMap*) 0x000001b5d90d1490
 Prev Bits: [0x000001b5ec930000, 0x000001b5ee930000)
 Next Bits: [0x000001b5ee930000, 0x000001b5f0930000)

Polling page: 0x000001b5d7030000

Metaspace:

Usage:
  Non-class:    116.93 MB capacity,   115.09 MB ( 98%) used,     1.52 MB (  1%) free+waste,   333.50 KB ( <1%) overhead. 
      Class:     17.60 MB capacity,    16.57 MB ( 94%) used,   899.93 KB (  5%) free+waste,   152.75 KB ( <1%) overhead. 
       Both:    134.53 MB capacity,   131.66 MB ( 98%) used,     2.40 MB (  2%) free+waste,   486.25 KB ( <1%) overhead. 

Virtual space:
  Non-class space:      118.00 MB reserved,     117.00 MB (>99%) committed 
      Class space:        1.00 GB reserved,      17.63 MB (  2%) committed 
             Both:        1.12 GB reserved,     134.63 MB ( 12%) committed 

Chunk freelists:
   Non-Class:  5.00 KB
       Class:  0 bytes
        Both:  5.00 KB

MaxMetaspaceSize: 17179869184.00 GB
CompressedClassSpaceSize: 1.00 GB

CodeHeap 'non-profiled nmethods': size=120000Kb used=9171Kb max_used=9171Kb free=110828Kb
 bounds [0x000001b5e44d0000, 0x000001b5e4dd0000, 0x000001b5eba00000]
CodeHeap 'profiled nmethods': size=120000Kb used=30381Kb max_used=30381Kb free=89618Kb
 bounds [0x000001b5dcfa0000, 0x000001b5ded50000, 0x000001b5e44d0000]
CodeHeap 'non-nmethods': size=5760Kb used=2365Kb max_used=2426Kb free=3395Kb
 bounds [0x000001b5dca00000, 0x000001b5dcc70000, 0x000001b5dcfa0000]
 total_blobs=15103 nmethods=14126 adapters=888
 compilation: enabled
              stopped_count=0, restarted_count=0
 full_count=0

Compilation events (20 events):
Event: 21.413 Thread 0x000001b5f3388000 14518       2       com.android.tools.r8.graph.I0$b::a (17 bytes)
Event: 21.414 Thread 0x000001b5fc923000 nmethod 14499 0x000001b5e4dc3810 code [0x000001b5e4dc3a00, 0x000001b5e4dc45f8]
Event: 21.414 Thread 0x000001b5fc923000 14507 %     4       com.android.tools.r8.graph.u::a @ 45 (173 bytes)
Event: 21.414 Thread 0x000001b5f3388000 nmethod 14518 0x000001b5ded4a710 code [0x000001b5ded4a8e0, 0x000001b5ded4ab48]
Event: 21.416 Thread 0x000001b5f3388000 14519       2       com.android.tools.r8.t.a.a.a.c::a (73 bytes)
Event: 21.417 Thread 0x000001b5f3388000 nmethod 14519 0x000001b5ded4ac90 code [0x000001b5ded4af20, 0x000001b5ded4b438]
Event: 21.424 Thread 0x000001b5f3388000 14520   !   2       com.android.tools.r8.utils.I::a (170 bytes)
Event: 21.425 Thread 0x000001b5f3388000 nmethod 14520 0x000001b5ded4b790 code [0x000001b5ded4b960, 0x000001b5ded4bdc8]
Event: 21.426 Thread 0x000001b5f3388000 14521       2       com.android.tools.r8.t.a.a.a.h.f0::<init> (107 bytes)
Event: 21.426 Thread 0x000001b5f3388000 nmethod 14521 0x000001b5ded4bf90 code [0x000001b5ded4c1e0, 0x000001b5ded4c898]
Event: 21.426 Thread 0x000001b5f3388000 14522       2       com.android.tools.r8.t.a.a.a.h.f0::a (27 bytes)
Event: 21.427 Thread 0x000001b5f3388000 nmethod 14522 0x000001b5ded4ca90 code [0x000001b5ded4cc40, 0x000001b5ded4ce58]
Event: 21.427 Thread 0x000001b5f3388000 14523       2       com.android.tools.r8.t.a.a.a.h.f0$e::<init> (6 bytes)
Event: 21.427 Thread 0x000001b5f3388000 nmethod 14523 0x000001b5ded4cf10 code [0x000001b5ded4d0c0, 0x000001b5ded4d218]
Event: 21.427 Thread 0x000001b5f3388000 14524       2       com.android.tools.r8.t.a.a.a.h.f0$e::<init> (10 bytes)
Event: 21.427 Thread 0x000001b5f3388000 nmethod 14524 0x000001b5ded4d290 code [0x000001b5ded4d440, 0x000001b5ded4d578]
Event: 21.427 Thread 0x000001b5f3388000 14525       2       com.android.tools.r8.t.a.a.a.h.s::<init> (5 bytes)
Event: 21.427 Thread 0x000001b5f3388000 nmethod 14525 0x000001b5ded4d610 code [0x000001b5ded4d7c0, 0x000001b5ded4d8b8]
Event: 21.427 Thread 0x000001b5f3388000 14526       2       com.android.tools.r8.t.a.a.a.h.f0$f::<init> (6 bytes)
Event: 21.427 Thread 0x000001b5f3388000 nmethod 14526 0x000001b5ded4d990 code [0x000001b5ded4db40, 0x000001b5ded4dc48]

GC Heap History (20 events):
Event: 19.228 GC heap after
{Heap after GC invocations=29 (full 0):
 garbage-first heap   total 187392K, used 98461K [0x0000000080000000, 0x0000000100000000)
  region size 1024K, 5 young (5120K), 5 survivors (5120K)
 Metaspace       used 128370K, capacity 131217K, committed 131456K, reserved 1163264K
  class space    used 16183K, capacity 17193K, committed 17280K, reserved 1048576K
}
Event: 19.893 GC heap before
{Heap before GC invocations=30 (full 0):
 garbage-first heap   total 187392K, used 157853K [0x0000000080000000, 0x0000000100000000)
  region size 1024K, 58 young (59392K), 5 survivors (5120K)
 Metaspace       used 131889K, capacity 134753K, committed 134912K, reserved 1167360K
  class space    used 16584K, capacity 17629K, committed 17664K, reserved 1048576K
}
Event: 19.901 GC heap after
{Heap after GC invocations=31 (full 0):
 garbage-first heap   total 187392K, used 101846K [0x0000000080000000, 0x0000000100000000)
  region size 1024K, 5 young (5120K), 5 survivors (5120K)
 Metaspace       used 131889K, capacity 134753K, committed 134912K, reserved 1167360K
  class space    used 16584K, capacity 17629K, committed 17664K, reserved 1048576K
}
Event: 20.304 GC heap before
{Heap before GC invocations=31 (full 0):
 garbage-first heap   total 187392K, used 154070K [0x0000000080000000, 0x0000000100000000)
  region size 1024K, 57 young (58368K), 5 survivors (5120K)
 Metaspace       used 132532K, capacity 135364K, committed 135552K, reserved 1167360K
  class space    used 16675K, capacity 17698K, committed 17792K, reserved 1048576K
}
Event: 20.315 GC heap after
{Heap after GC invocations=32 (full 0):
 garbage-first heap   total 187392K, used 103897K [0x0000000080000000, 0x0000000100000000)
  region size 1024K, 6 young (6144K), 6 survivors (6144K)
 Metaspace       used 132532K, capacity 135364K, committed 135552K, reserved 1167360K
  class space    used 16675K, capacity 17698K, committed 17792K, reserved 1048576K
}
Event: 20.552 GC heap before
{Heap before GC invocations=33 (full 0):
 garbage-first heap   total 187392K, used 156121K [0x0000000080000000, 0x0000000100000000)
  region size 1024K, 56 young (57344K), 6 survivors (6144K)
 Metaspace       used 132847K, capacity 135642K, committed 135808K, reserved 1167360K
  class space    used 16711K, capacity 17747K, committed 17792K, reserved 1048576K
}
Event: 20.559 GC heap after
{Heap after GC invocations=34 (full 0):
 garbage-first heap   total 187392K, used 108258K [0x0000000080000000, 0x0000000100000000)
  region size 1024K, 7 young (7168K), 7 survivors (7168K)
 Metaspace       used 132847K, capacity 135642K, committed 135808K, reserved 1167360K
  class space    used 16711K, capacity 17747K, committed 17792K, reserved 1048576K
}
Event: 20.562 GC heap before
{Heap before GC invocations=34 (full 0):
 garbage-first heap   total 187392K, used 109282K [0x0000000080000000, 0x0000000100000000)
  region size 1024K, 9 young (9216K), 7 survivors (7168K)
 Metaspace       used 132847K, capacity 135642K, committed 135808K, reserved 1167360K
  class space    used 16711K, capacity 17747K, committed 17792K, reserved 1048576K
}
Event: 20.565 GC heap after
{Heap after GC invocations=35 (full 0):
 garbage-first heap   total 187392K, used 107623K [0x0000000080000000, 0x0000000100000000)
  region size 1024K, 2 young (2048K), 2 survivors (2048K)
 Metaspace       used 132847K, capacity 135642K, committed 135808K, reserved 1167360K
  class space    used 16711K, capacity 17747K, committed 17792K, reserved 1048576K
}
Event: 20.603 GC heap before
{Heap before GC invocations=35 (full 0):
 garbage-first heap   total 187392K, used 129127K [0x0000000080000000, 0x0000000100000000)
  region size 1024K, 24 young (24576K), 2 survivors (2048K)
 Metaspace       used 132917K, capacity 135718K, committed 135808K, reserved 1167360K
  class space    used 16724K, capacity 17751K, committed 17792K, reserved 1048576K
}
Event: 20.606 GC heap after
{Heap after GC invocations=36 (full 0):
 garbage-first heap   total 187392K, used 111093K [0x0000000080000000, 0x0000000100000000)
  region size 1024K, 5 young (5120K), 5 survivors (5120K)
 Metaspace       used 132917K, capacity 135718K, committed 135808K, reserved 1167360K
  class space    used 16724K, capacity 17751K, committed 17792K, reserved 1048576K
}
Event: 21.008 GC heap before
{Heap before GC invocations=37 (full 0):
 garbage-first heap   total 187392K, used 156149K [0x0000000080000000, 0x0000000100000000)
  region size 1024K, 47 young (48128K), 5 survivors (5120K)
 Metaspace       used 134660K, capacity 137529K, committed 137600K, reserved 1169408K
  class space    used 16962K, capacity 18016K, committed 18048K, reserved 1048576K
}
Event: 21.019 GC heap after
{Heap after GC invocations=38 (full 0):
 garbage-first heap   total 187392K, used 122048K [0x0000000080000000, 0x0000000100000000)
  region size 1024K, 6 young (6144K), 6 survivors (6144K)
 Metaspace       used 134660K, capacity 137529K, committed 137600K, reserved 1169408K
  class space    used 16962K, capacity 18016K, committed 18048K, reserved 1048576K
}
Event: 21.115 GC heap before
{Heap before GC invocations=38 (full 0):
 garbage-first heap   total 187392K, used 152768K [0x0000000080000000, 0x0000000100000000)
  region size 1024K, 37 young (37888K), 6 survivors (6144K)
 Metaspace       used 134715K, capacity 137598K, committed 137856K, reserved 1169408K
  class space    used 16962K, capacity 18016K, committed 18048K, reserved 1048576K
}
Event: 21.142 GC heap after
{Heap after GC invocations=39 (full 0):
 garbage-first heap   total 187392K, used 130153K [0x0000000080000000, 0x0000000100000000)
  region size 1024K, 5 young (5120K), 5 survivors (5120K)
 Metaspace       used 134715K, capacity 137598K, committed 137856K, reserved 1169408K
  class space    used 16962K, capacity 18016K, committed 18048K, reserved 1048576K
}
Event: 21.220 GC heap before
{Heap before GC invocations=39 (full 0):
 garbage-first heap   total 187392K, used 152681K [0x0000000080000000, 0x0000000100000000)
  region size 1024K, 28 young (28672K), 5 survivors (5120K)
 Metaspace       used 134739K, capacity 137608K, committed 137856K, reserved 1169408K
  class space    used 16964K, capacity 18018K, committed 18048K, reserved 1048576K
}
Event: 21.236 GC heap after
{Heap after GC invocations=40 (full 0):
 garbage-first heap   total 187392K, used 138423K [0x0000000080000000, 0x0000000100000000)
  region size 1024K, 4 young (4096K), 4 survivors (4096K)
 Metaspace       used 134739K, capacity 137608K, committed 137856K, reserved 1169408K
  class space    used 16964K, capacity 18018K, committed 18048K, reserved 1048576K
}
Event: 21.356 GC heap before
{Heap before GC invocations=40 (full 0):
 garbage-first heap   total 187392K, used 154807K [0x0000000080000000, 0x0000000100000000)
  region size 1024K, 20 young (20480K), 4 survivors (4096K)
 Metaspace       used 134805K, capacity 137761K, committed 137856K, reserved 1169408K
  class space    used 16971K, capacity 18024K, committed 18048K, reserved 1048576K
}
Event: 21.370 GC heap after
{Heap after GC invocations=41 (full 0):
 garbage-first heap   total 187392K, used 143344K [0x0000000080000000, 0x0000000100000000)
  region size 1024K, 3 young (3072K), 3 survivors (3072K)
 Metaspace       used 134805K, capacity 137761K, committed 137856K, reserved 1169408K
  class space    used 16971K, capacity 18024K, committed 18048K, reserved 1048576K
}
Event: 21.442 GC heap before
{Heap before GC invocations=42 (full 0):
 garbage-first heap   total 187392K, used 156656K [0x0000000080000000, 0x0000000100000000)
  region size 1024K, 17 young (17408K), 3 survivors (3072K)
 Metaspace       used 134820K, capacity 137763K, committed 137856K, reserved 1169408K
  class space    used 16971K, capacity 18024K, committed 18048K, reserved 1048576K
}

Deoptimization events (20 events):
Event: 21.098 Thread 0x000001b5fc928000 DEOPT PACKING pc=0x000001b5dec4c7d1 sp=0x00000065151fe8c0
Event: 21.098 Thread 0x000001b5fc928000 DEOPT UNPACKING pc=0x000001b5dca28ade sp=0x00000065151fdd98 mode 0
Event: 21.099 Thread 0x000001b5fc928000 DEOPT PACKING pc=0x000001b5decb6f77 sp=0x00000065151fe3b0
Event: 21.099 Thread 0x000001b5fc928000 DEOPT UNPACKING pc=0x000001b5dca28ade sp=0x00000065151fd928 mode 0
Event: 21.111 Thread 0x000001b5fc929800 DEOPT PACKING pc=0x000001b5decb6f77 sp=0x00000065150fe300
Event: 21.111 Thread 0x000001b5fc929800 DEOPT UNPACKING pc=0x000001b5dca28ade sp=0x00000065150fd878 mode 0
Event: 21.111 Thread 0x000001b5fc926000 Uncommon trap: trap_request=0xffffff4d fr.pc=0x000001b5e4d7e738 relative=0x0000000000000098
Event: 21.111 Thread 0x000001b5fc926000 Uncommon trap: reason=unstable_if action=reinterpret pc=0x000001b5e4d7e738 method=com.android.tools.r8.utils.Y.d(I)Z @ 45 c2
Event: 21.111 Thread 0x000001b5fc926000 DEOPT PACKING pc=0x000001b5e4d7e738 sp=0x0000006514ffdd30
Event: 21.111 Thread 0x000001b5fc926000 DEOPT UNPACKING pc=0x000001b5dca0822f sp=0x0000006514ffdcc0 mode 2
Event: 21.145 Thread 0x000001b5fc929800 DEOPT PACKING pc=0x000001b5decb6f77 sp=0x00000065150fe300
Event: 21.145 Thread 0x000001b5fc929800 DEOPT UNPACKING pc=0x000001b5dca28ade sp=0x00000065150fd878 mode 0
Event: 21.220 Thread 0x000001b5fc928000 Uncommon trap: trap_request=0xffffff4d fr.pc=0x000001b5e4db1e30 relative=0x00000000000007f0
Event: 21.220 Thread 0x000001b5fc928000 Uncommon trap: reason=unstable_if action=reinterpret pc=0x000001b5e4db1e30 method=com.android.tools.r8.z.a.a.f.<init>([BIZ)V @ 133 c2
Event: 21.220 Thread 0x000001b5fc928000 DEOPT PACKING pc=0x000001b5e4db1e30 sp=0x00000065151fedd0
Event: 21.220 Thread 0x000001b5fc928000 DEOPT UNPACKING pc=0x000001b5dca0822f sp=0x00000065151fed78 mode 2
Event: 21.238 Thread 0x000001b5fc926000 Uncommon trap: trap_request=0xffffff4d fr.pc=0x000001b5e4dadbd4 relative=0x0000000000000494
Event: 21.238 Thread 0x000001b5fc926000 Uncommon trap: reason=unstable_if action=reinterpret pc=0x000001b5e4dadbd4 method=com.android.tools.r8.z.a.a.f.<init>([BIZ)V @ 362 c2
Event: 21.238 Thread 0x000001b5fc926000 DEOPT PACKING pc=0x000001b5e4dadbd4 sp=0x0000006514ffec20
Event: 21.239 Thread 0x000001b5fc926000 DEOPT UNPACKING pc=0x000001b5dca0822f sp=0x0000006514ffebc8 mode 2

Classes redefined (0 events):
No events

Internal exceptions (20 events):
Event: 20.433 Thread 0x000001b5f5362000 Exception <a 'sun/nio/fs/WindowsException'{0x000000008af9e590}> (0x000000008af9e590) thrown at [./src/hotspot/share/prims/jni.cpp, line 615]
Event: 20.433 Thread 0x000001b5f5362000 Exception <a 'sun/nio/fs/WindowsException'{0x000000008af9e830}> (0x000000008af9e830) thrown at [./src/hotspot/share/prims/jni.cpp, line 615]
Event: 20.433 Thread 0x000001b5f5362000 Exception <a 'sun/nio/fs/WindowsException'{0x000000008af9fbe0}> (0x000000008af9fbe0) thrown at [./src/hotspot/share/prims/jni.cpp, line 615]
Event: 20.433 Thread 0x000001b5f5362000 Exception <a 'sun/nio/fs/WindowsException'{0x000000008af9fe60}> (0x000000008af9fe60) thrown at [./src/hotspot/share/prims/jni.cpp, line 615]
Event: 20.434 Thread 0x000001b5f5362000 Exception <a 'sun/nio/fs/WindowsException'{0x000000008afa1200}> (0x000000008afa1200) thrown at [./src/hotspot/share/prims/jni.cpp, line 615]
Event: 20.434 Thread 0x000001b5f5362000 Exception <a 'sun/nio/fs/WindowsException'{0x000000008afa1480}> (0x000000008afa1480) thrown at [./src/hotspot/share/prims/jni.cpp, line 615]
Event: 20.434 Thread 0x000001b5f5362000 Exception <a 'sun/nio/fs/WindowsException'{0x000000008afa2820}> (0x000000008afa2820) thrown at [./src/hotspot/share/prims/jni.cpp, line 615]
Event: 20.440 Thread 0x000001b5f5362000 Exception <a 'sun/nio/fs/WindowsException'{0x000000008aff59f8}> (0x000000008aff59f8) thrown at [./src/hotspot/share/prims/jni.cpp, line 615]
Event: 20.491 Thread 0x000001b5f5362000 Exception <a 'java/lang/NoSuchMethodError'{0x000000008ad049f0}: 'void java.lang.invoke.DirectMethodHandle$Holder.invokeSpecial(java.lang.Object, java.lang.Object, int)'> (0x000000008ad049f0) thrown at [./src/hotspot/share/interpreter/linkResolver.cpp, line 773]
Event: 20.493 Thread 0x000001b5f5362000 Exception <a 'sun/nio/fs/WindowsException'{0x000000008ad10f30}> (0x000000008ad10f30) thrown at [./src/hotspot/share/prims/jni.cpp, line 615]
Event: 20.496 Thread 0x000001b5f5362000 Exception <a 'sun/nio/fs/WindowsException'{0x000000008ad366a8}> (0x000000008ad366a8) thrown at [./src/hotspot/share/prims/jni.cpp, line 615]
Event: 20.496 Thread 0x000001b5f5362000 Exception <a 'sun/nio/fs/WindowsException'{0x000000008ad36780}> (0x000000008ad36780) thrown at [./src/hotspot/share/prims/jni.cpp, line 615]
Event: 20.496 Thread 0x000001b5f5362000 Exception <a 'sun/nio/fs/WindowsException'{0x000000008ad36858}> (0x000000008ad36858) thrown at [./src/hotspot/share/prims/jni.cpp, line 615]
Event: 20.496 Thread 0x000001b5f5362000 Exception <a 'sun/nio/fs/WindowsException'{0x000000008ad36940}> (0x000000008ad36940) thrown at [./src/hotspot/share/prims/jni.cpp, line 615]
Event: 20.496 Thread 0x000001b5f5362000 Exception <a 'sun/nio/fs/WindowsException'{0x000000008ad36ab0}> (0x000000008ad36ab0) thrown at [./src/hotspot/share/prims/jni.cpp, line 615]
Event: 20.761 Thread 0x000001b5f5362000 Exception <a 'java/lang/IncompatibleClassChangeError'{0x000000008ad71880}: Found class java.lang.Object, but interface was expected> (0x000000008ad71880) thrown at [./src/hotspot/share/interpreter/linkResolver.cpp, line 839]
Event: 20.828 Thread 0x000001b5fc929800 Exception <a 'java/lang/NoSuchMethodError'{0x000000008aab82f0}: 'long java.lang.invoke.DirectMethodHandle$Holder.invokeStatic(java.lang.Object, java.lang.Object)'> (0x000000008aab82f0) thrown at [./src/hotspot/share/interpreter/linkResolver.cpp, line 773]
Event: 20.828 Thread 0x000001b5fc929800 Exception <a 'java/lang/NoSuchMethodError'{0x000000008aabae70}: 'long java.lang.invoke.DirectMethodHandle$Holder.invokeStaticInit(java.lang.Object, java.lang.Object)'> (0x000000008aabae70) thrown at [./src/hotspot/share/interpreter/linkResolver.cpp, line 773]
Event: 20.828 Thread 0x000001b5fc928000 Exception <a 'java/lang/NoSuchMethodError'{0x000000008aa6ab70}: 'long java.lang.invoke.DirectMethodHandle$Holder.invokeStatic(java.lang.Object, java.lang.Object)'> (0x000000008aa6ab70) thrown at [./src/hotspot/share/interpreter/linkResolver.cpp, line 773]
Event: 20.828 Thread 0x000001b5fc927000 Exception <a 'java/lang/NoSuchMethodError'{0x000000008aa1c970}: 'long java.lang.invoke.DirectMethodHandle$Holder.invokeStaticInit(java.lang.Object, java.lang.Object)'> (0x000000008aa1c970) thrown at [./src/hotspot/share/interpreter/linkResolver.cpp, line 773]

Events (20 events):
Event: 21.267 loading class com/android/tools/r8/utils/I done
Event: 21.268 loading class com/android/tools/r8/graph/C
Event: 21.268 loading class com/android/tools/r8/graph/C done
Event: 21.268 loading class com/android/tools/r8/graph/C
Event: 21.268 loading class com/android/tools/r8/graph/C done
Event: 21.268 loading class com/android/tools/r8/utils/I
Event: 21.268 loading class com/android/tools/r8/utils/I done
Event: 21.269 loading class com/android/tools/r8/ProgramResource
Event: 21.269 loading class com/android/tools/r8/ProgramResource done
Event: 21.269 loading class com/android/tools/r8/ProgramResource
Event: 21.269 loading class com/android/tools/r8/ProgramResource done
Event: 21.269 loading class com/android/builder/dexing/r8/CachingArchiveClassFileProvider
Event: 21.269 loading class com/android/builder/dexing/r8/CachingArchiveClassFileProvider done
Event: 21.319 Executing VM operation: CGC_Operation
Event: 21.328 Executing VM operation: CGC_Operation done
Event: 21.356 Executing VM operation: G1CollectForAllocation
Event: 21.370 Executing VM operation: G1CollectForAllocation done
Event: 21.433 Executing VM operation: CGC_Operation
Event: 21.433 Executing VM operation: CGC_Operation done
Event: 21.442 Executing VM operation: G1CollectForAllocation


Dynamic libraries:
0x00007ff726470000 - 0x00007ff72647a000 	D:\Program Files\Android\jre\bin\java.exe
0x00007ffd67be0000 - 0x00007ffd67dd0000 	C:\Windows\SYSTEM32\ntdll.dll
0x00007ffd670d0000 - 0x00007ffd67182000 	C:\Windows\System32\KERNEL32.DLL
0x00007ffd65500000 - 0x00007ffd657a3000 	C:\Windows\System32\KERNELBASE.dll
0x00007ffd65a30000 - 0x00007ffd65b2a000 	C:\Windows\System32\ucrtbase.dll
0x00007ffd54210000 - 0x00007ffd54229000 	D:\Program Files\Android\jre\bin\jli.dll
0x00007ffd5c910000 - 0x00007ffd5c927000 	D:\Program Files\Android\jre\bin\VCRUNTIME140.dll
0x00007ffd67430000 - 0x00007ffd675c4000 	C:\Windows\System32\USER32.dll
0x00007ffd65480000 - 0x00007ffd654a1000 	C:\Windows\System32\win32u.dll
0x00007ffd663f0000 - 0x00007ffd66416000 	C:\Windows\System32\GDI32.dll
0x00007ffd51f40000 - 0x00007ffd521c5000 	C:\Windows\WinSxS\amd64_microsoft.windows.common-controls_6595b64144ccf1df_6.0.18362.535_none_e6c3b34713100821\COMCTL32.dll
0x00007ffd65b30000 - 0x00007ffd65cc4000 	C:\Windows\System32\gdi32full.dll
0x00007ffd64bb0000 - 0x00007ffd64c4e000 	C:\Windows\System32\msvcp_win.dll
0x00007ffd67030000 - 0x00007ffd670ce000 	C:\Windows\System32\msvcrt.dll
0x00007ffd675d0000 - 0x00007ffd67906000 	C:\Windows\System32\combase.dll
0x00007ffd67310000 - 0x00007ffd67430000 	C:\Windows\System32\RPCRT4.dll
0x00007ffd65900000 - 0x00007ffd65980000 	C:\Windows\System32\bcryptPrimitives.dll
0x00007ffd663c0000 - 0x00007ffd663ee000 	C:\Windows\System32\IMM32.DLL
0x00007ffd54170000 - 0x00007ffd5420d000 	D:\Program Files\Android\jre\bin\msvcp140.dll
0x00007ffd21c60000 - 0x00007ffd2271c000 	D:\Program Files\Android\jre\bin\server\jvm.dll
0x00007ffd67910000 - 0x00007ffd679b3000 	C:\Windows\System32\ADVAPI32.dll
0x00007ffd67270000 - 0x00007ffd67307000 	C:\Windows\System32\sechost.dll
0x00007ffd66700000 - 0x00007ffd66708000 	C:\Windows\System32\PSAPI.DLL
0x00007ffd626c0000 - 0x00007ffd626e4000 	C:\Windows\SYSTEM32\WINMM.dll
0x00007ffd61170000 - 0x00007ffd61179000 	C:\Windows\SYSTEM32\WSOCK32.dll
0x00007ffd67b70000 - 0x00007ffd67bdf000 	C:\Windows\System32\WS2_32.dll
0x00007ffd62690000 - 0x00007ffd626bd000 	C:\Windows\SYSTEM32\WINMMBASE.dll
0x00007ffd5e980000 - 0x00007ffd5e98a000 	C:\Windows\SYSTEM32\VERSION.dll
0x00007ffd654b0000 - 0x00007ffd654fa000 	C:\Windows\System32\cfgmgr32.dll
0x00007ffd64b00000 - 0x00007ffd64b11000 	C:\Windows\System32\kernel.appcore.dll
0x00007ffd61150000 - 0x00007ffd61161000 	D:\Program Files\Android\jre\bin\verify.dll
0x00007ffd63410000 - 0x00007ffd63604000 	C:\Windows\SYSTEM32\DBGHELP.DLL
0x00007ffd377f0000 - 0x00007ffd3781a000 	C:\Windows\SYSTEM32\dbgcore.DLL
0x00007ffd61120000 - 0x00007ffd61149000 	D:\Program Files\Android\jre\bin\java.dll
0x00007ffd61110000 - 0x00007ffd6111b000 	D:\Program Files\Android\jre\bin\jimage.dll
0x00007ffd60490000 - 0x00007ffd604a8000 	D:\Program Files\Android\jre\bin\zip.dll
0x00007ffd65cd0000 - 0x00007ffd663b5000 	C:\Windows\System32\SHELL32.dll
0x00007ffd66420000 - 0x00007ffd664c9000 	C:\Windows\System32\shcore.dll
0x00007ffd64c80000 - 0x00007ffd653ff000 	C:\Windows\System32\windows.storage.dll
0x00007ffd64b20000 - 0x00007ffd64b3f000 	C:\Windows\System32\profapi.dll
0x00007ffd64b60000 - 0x00007ffd64baa000 	C:\Windows\System32\powrprof.dll
0x00007ffd64af0000 - 0x00007ffd64b00000 	C:\Windows\System32\UMPDC.dll
0x00007ffd66dd0000 - 0x00007ffd66e22000 	C:\Windows\System32\shlwapi.dll
0x00007ffd65460000 - 0x00007ffd65477000 	C:\Windows\System32\cryptsp.dll
0x00007ffd60470000 - 0x00007ffd6048a000 	D:\Program Files\Android\jre\bin\net.dll
0x00007ffd57050000 - 0x00007ffd57140000 	C:\Windows\SYSTEM32\WINHTTP.dll
0x00007ffd64360000 - 0x00007ffd643c7000 	C:\Windows\system32\mswsock.dll
0x00007ffd60110000 - 0x00007ffd60124000 	D:\Program Files\Android\jre\bin\nio.dll
0x00007ffd4b270000 - 0x00007ffd4b297000 	C:\Users\asus\.gradle\native\f6784746aeab05261644944871eae4fe03e0ef1612fff0a4a95f87b438bc6780\windows-amd64\native-platform.dll
0x00007ffd61100000 - 0x00007ffd6110a000 	D:\Program Files\Android\jre\bin\management.dll
0x00007ffd610c0000 - 0x00007ffd610cc000 	D:\Program Files\Android\jre\bin\management_ext.dll
0x00007ffd63ed0000 - 0x00007ffd63f03000 	C:\Windows\system32\rsaenh.dll
0x00007ffd64c50000 - 0x00007ffd64c76000 	C:\Windows\System32\bcrypt.dll
0x00007ffd649e0000 - 0x00007ffd64a05000 	C:\Windows\SYSTEM32\USERENV.dll
0x00007ffd64530000 - 0x00007ffd6453c000 	C:\Windows\SYSTEM32\CRYPTBASE.dll
0x00007ffd64070000 - 0x00007ffd640aa000 	C:\Windows\SYSTEM32\IPHLPAPI.DLL
0x00007ffd67190000 - 0x00007ffd67198000 	C:\Windows\System32\NSI.dll
0x00007ffd5aa00000 - 0x00007ffd5aa16000 	C:\Windows\SYSTEM32\dhcpcsvc6.DLL
0x00007ffd5c5f0000 - 0x00007ffd5c60c000 	C:\Windows\SYSTEM32\dhcpcsvc.DLL
0x00007ffd640b0000 - 0x00007ffd6417a000 	C:\Windows\SYSTEM32\DNSAPI.dll
0x00007ffd5c900000 - 0x00007ffd5c90b000 	C:\Windows\SYSTEM32\WINNSI.DLL
0x00007ffd53ca0000 - 0x00007ffd53cc7000 	D:\Program Files\Android\jre\bin\sunec.dll

dbghelp: loaded successfully - version: 4.0.5 - missing functions: none
symbol engine: initialized successfully - sym options: 0x614 - pdb path: .;D:\Program Files\Android\jre\bin;C:\Windows\SYSTEM32;C:\Windows\WinSxS\amd64_microsoft.windows.common-controls_6595b64144ccf1df_6.0.18362.535_none_e6c3b34713100821;D:\Program Files\Android\jre\bin\server;C:\Users\asus\.gradle\native\f6784746aeab05261644944871eae4fe03e0ef1612fff0a4a95f87b438bc6780\windows-amd64

VM Arguments:
jvm_args: --add-opens=java.base/java.util=ALL-UNNAMED --add-opens=java.base/java.lang=ALL-UNNAMED --add-opens=java.base/java.lang.invoke=ALL-UNNAMED --add-opens=java.prefs/java.util.prefs=ALL-UNNAMED -Xmx2048m -Dfile.encoding=UTF-8 -Duser.country=RU -Duser.language=ru -Duser.variant 
java_command: org.gradle.launcher.daemon.bootstrap.GradleDaemon 6.5
java_class_path (initial): C:\Users\asus\.gradle\wrapper\dists\gradle-6.5-bin\6nifqtx7604sqp1q6g8wikw7p\gradle-6.5\lib\gradle-launcher-6.5.jar
Launcher Type: SUN_STANDARD

[Global flags]
     intx CICompilerCount                          = 4                                         {product} {ergonomic}
     uint ConcGCThreads                            = 2                                         {product} {ergonomic}
     uint G1ConcRefinementThreads                  = 8                                         {product} {ergonomic}
   size_t G1HeapRegionSize                         = 1048576                                   {product} {ergonomic}
    uintx GCDrainStackTargetSize                   = 64                                        {product} {ergonomic}
   size_t InitialHeapSize                          = 132120576                                 {product} {ergonomic}
   size_t MarkStackSize                            = 4194304                                   {product} {ergonomic}
   size_t MaxHeapSize                              = 2147483648                                {product} {command line}
   size_t MaxNewSize                               = 1287651328                                {product} {ergonomic}
   size_t MinHeapDeltaBytes                        = 1048576                                   {product} {ergonomic}
    uintx NonNMethodCodeHeapSize                   = 5836300                                {pd product} {ergonomic}
    uintx NonProfiledCodeHeapSize                  = 122910970                              {pd product} {ergonomic}
    uintx ProfiledCodeHeapSize                     = 122910970                              {pd product} {ergonomic}
    uintx ReservedCodeCacheSize                    = 251658240                              {pd product} {ergonomic}
     bool SegmentedCodeCache                       = true                                      {product} {ergonomic}
     bool UseCompressedClassPointers               = true                                 {lp64_product} {ergonomic}
     bool UseCompressedOops                        = true                                 {lp64_product} {ergonomic}
     bool UseG1GC                                  = true                                      {product} {ergonomic}
     bool UseLargePagesIndividualAllocation        = false                                  {pd product} {ergonomic}

Logging:
Log output configuration:
 #0: stdout all=warning uptime,level,tags
 #1: stderr all=off uptime,level,tags

Environment Variables:
JAVA_HOME=D:\Program Files\Java
PATH=C:\PROGRA~2\Borland\CBUILD~1\Bin;C:\PROGRA~2\Borland\CBUILD~1\Projects\Bpl;C:\Program Files\Common Files\Oracle\Java\javapath;C:\Windows\system32;C:\Windows;C:\Windows\System32\Wbem;C:\Windows\System32\WindowsPowerShell\v1.0\;C:\Program Files (x86)\NVIDIA Corporation\PhysX\Common;C:\Program Files\NVIDIA Corporation\NVIDIA NvDLISR;C:\Program Files\Microsoft\Web Platform Installer\;C:\Program Files (x86)\Microsoft ASP.NET\ASP.NET Web Pages\v1.0\;C:\Program Files\Microsoft SQL Server\110\Tools\Binn\;C:\Program Files\Git\cmd;C:\Users\asus\AppData\Local\Microsoft\WindowsApps;;D:\Program Files\JetBrains\IntelliJ IDEA Community Edition 2020.3\bin;
USERNAME=asus
OS=Windows_NT
PROCESSOR_IDENTIFIER=Intel64 Family 6 Model 126 Stepping 5, GenuineIntel



---------------  S Y S T E M  ---------------

OS: Windows 10 , 64 bit Build 18362 (10.0.18362.329)
OS uptime: 0 days 3:14 hours

CPU:total 8 (initial active 8) (4 cores per cpu, 2 threads per core) family 6 model 126 stepping 5, cmov, cx8, fxsr, mmx, sse, sse2, sse3, ssse3, sse4.1, sse4.2, popcnt, avx, avx2, aes, clmul, erms, 3dnowpref, lzcnt, ht, tsc, tscinvbit, bmi1, bmi2, adx, evex, sha, fma

Memory: 4k page, system-wide physical 7997M (875M free)
TotalPageFile size 7997M (AvailPageFile size 9M)
current process WorkingSet (physical memory assigned to process): 538M, peak: 541M
current process commit charge ("private bytes"): 577M, peak: 665M

vm_info: OpenJDK 64-Bit Server VM (11.0.8+10-b944.6842174) for windows-amd64 JRE (11.0.8+10-b944.6842174), built on Sep 19 2020 01:11:42 by "builder" with MS VC++ 14.0 (VS2015)

END.
